#
# A fatal error has been detected by the Java Runtime Environment:
#
#  SIGSEGV (0xb) at pc=0x0000000000020a36, pid=8400, tid=0x00007f5961cd8700
#
# JRE version: Java(TM) SE Runtime Environment (8.0_144-b01) (build 1.8.0_144-b01)
# Java VM: Java HotSpot(TM) 64-Bit Server VM (25.144-b01 mixed mode linux-amd64 compressed oops)
# Problematic frame:
# C  0x0000000000020a36
#
# Failed to write core dump. Core dumps have been disabled. To enable core dumping, try "ulimit -c unlimited" before starting Java again
#
# If you would like to submit a bug report, please visit:
#   http://bugreport.java.com/bugreport/crash.jsp
# The crash happened outside the Java Virtual Machine in native code.
# See problematic frame for where to report the bug.
#

---------------  T H R E A D  ---------------

Current thread (0x00007f5958012800):  JavaThread "main" [_thread_in_native, id=8406, stack(0x00007f5961bd8000,0x00007f5961cd9000)]

siginfo: si_signo: 11 (SIGSEGV), si_code: 1 (SEGV_MAPERR), si_addr: 0x0000000000020a36

Registers:
RAX=0x0000000000000000, RBX=0x00007f592948c878, RCX=0x000000000000001c, RDX=0x000000000000001c
RSP=0x00007f5961cd7418, RBP=0x00007f5961cd7470, RSI=0x000000000000001c, RDI=0x0000000000000000
R8 =0x000000000000003f, R9 =0x00000000ed7d57ab, R10=0x00007f5949017a08, R11=0x00007f5960aadfa0
R12=0x0000000000000000, R13=0x00007f592948c870, R14=0x00007f5961cd74f8, R15=0x00007f5958012800
RIP=0x0000000000020a36, EFLAGS=0x0000000000010202, CSGSFS=0x0000000000000033, ERR=0x0000000000000014
  TRAPNO=0x000000000000000e

Top of Stack: (sp=0x00007f5961cd7418)
0x00007f5961cd7418:   00007f59290cdeda 00007f5961cd7488
0x00007f5961cd7428:   000000000000001c 00007f5961cd74e0
0x00007f5961cd7438:   00007f59580129f8 00007f5961cd74b0
0x00007f5961cd7448:   00007f5961cd7448 0000000000000000
0x00007f5961cd7458:   0000000000000000 00007f5929484428
0x00007f5961cd7468:   00007f592948c878 00007f5961cd74d0
0x00007f5961cd7478:   00007f5949017a34 00007f5961cd7498
0x00007f5961cd7488:   00007f5961cd74e0 00007f5961cd7490
0x00007f5961cd7498:   0000000000000000 00007f5961cd74f8
0x00007f5961cd74a8:   00007f5929495dd0 0000000000000000
0x00007f5961cd74b8:   00007f592948c878 0000000000000000
0x00007f5961cd74c8:   00007f5961cd74f0 00007f5961cd7548
0x00007f5961cd74d8:   00007f5949008040 00000007b5d193c0
0x00007f5961cd74e8:   00007f594901153b 000000000000001c
0x00007f5961cd74f8:   0000000000000000 00000007b5d0cf88
0x00007f5961cd7508:   00007f5961cd7508 00007f592947ec69
0x00007f5961cd7518:   00007f5961cd7580 00007f592947f668
0x00007f5961cd7528:   0000000000000000 00007f592947ef40
0x00007f5961cd7538:   00007f5961cd74f0 00007f5961cd7578
0x00007f5961cd7548:   00007f5961cd75c8 00007f5949008114
0x00007f5961cd7558:   0000000000000000 0000000000000000
0x00007f5961cd7568:   0000000000000000 0000000000000000
0x00007f5961cd7578:   000000076beac078 00000007b5d0cf88
0x00007f5961cd7588:   00007f5961cd7588 00007f5929478707
0x00007f5961cd7598:   00007f5961cd75f8 00007f59294792e8
0x00007f5961cd75a8:   0000000000000000 00007f5929478720
0x00007f5961cd75b8:   00007f5961cd7578 00007f5961cd75f0
0x00007f5961cd75c8:   00007f5961cd7640 00007f5949008040
0x00007f5961cd75d8:   0000000000000000 0000000000000000
0x00007f5961cd75e8:   000000076beac078 00000007b5d0cf88
0x00007f5961cd75f8:   000000076ac4d010 00007f5961cd7600
0x00007f5961cd7608:   00007f59294787ac 00007f5961cd7650 

Instructions: (pc=0x0000000000020a36)
0x0000000000020a16:   
[error occurred during error reporting (printing registers, top of stack, instructions near pc), id 0xb]

Register to memory mapping:

RAX=0x0000000000000000 is an unknown value
RBX={method} {0x00007f592948c878} 'makeLp' '(II)Llpsolve/LpSolve;' in 'lpsolve/LpSolve'
RCX=0x000000000000001c is an unknown value
RDX=0x000000000000001c is an unknown value
RSP=0x00007f5961cd7418 is pointing into the stack for thread: 0x00007f5958012800
RBP=0x00007f5961cd7470 is pointing into the stack for thread: 0x00007f5958012800
RSI=0x000000000000001c is an unknown value
RDI=0x0000000000000000 is an unknown value
R8 =0x000000000000003f is an unknown value
R9 =0x00000000ed7d57ab is an unknown value
R10=0x00007f5949017a08 is at code_begin+808 in an Interpreter codelet
method entry point (kind = native)  [0x00007f59490176e0, 0x00007f5949017fe0]  2304 bytes
R11=0x00007f5960aadfa0: <offset 0x9c7fa0> in /home/bcostes/Documents/IGN/HmmMatching/eclipse/jdk1.8.0_144/jre/lib/amd64/server/libjvm.so at 0x00007f59600e6000
R12=0x0000000000000000 is an unknown value
R13=0x00007f592948c870 is pointing into metadata
R14=0x00007f5961cd74f8 is pointing into the stack for thread: 0x00007f5958012800
R15=0x00007f5958012800 is a thread


Stack: [0x00007f5961bd8000,0x00007f5961cd9000],  sp=0x00007f5961cd7418,  free space=1021k
Native frames: (J=compiled Java code, j=interpreted, Vv=VM code, C=native code)
C  0x0000000000020a36
j  lpsolve.LpSolve.makeLp(II)Llpsolve/LpSolve;+0
j  scpsolver.lpsolver.LPSOLVESolver.solve(Lscpsolver/problems/LinearProgram;)[D+33
j  scpsolver.problems.LPWizard.solve(Lscpsolver/lpsolver/LinearProgramSolver;)Lscpsolver/problems/LPSolution;+7
j  scpsolver.problems.LPWizard.solve()Lscpsolver/problems/LPSolution;+4
j  fr.ign.cogit.HMMSpatialNetworkMatcher.matching.postProcessStrategy.OptimizationPostStratregy.simplify(Ljava/util/Map;)Ljava/util/Map;+2132
j  fr.ign.cogit.HMMSpatialNetworkMatcher.matching.core.HMMMatchingProcess.match()V+258
j  fr.ign.cogit.HMMSpatialNetworkMatcher.matching.HMMMatchingLauncher.lauchMatchingProcess()V+138
j  fr.ign.cogit.HMMSpatialNetworkMatcher.matching.TempTest.main([Ljava/lang/String;)V+96
v  ~StubRoutines::call_stub
V  [libjvm.so+0x693e96]  JavaCalls::call_helper(JavaValue*, methodHandle*, JavaCallArguments*, Thread*)+0x1056
V  [libjvm.so+0x6d52b2]  jni_invoke_static(JNIEnv_*, JavaValue*, _jobject*, JNICallType, _jmethodID*, JNI_ArgumentPusher*, Thread*)+0x362
V  [libjvm.so+0x6f1b1a]  jni_CallStaticVoidMethod+0x17a
C  [libjli.so+0x7bdf]  JavaMain+0x81f
C  [libpthread.so.0+0x76ba]  start_thread+0xca

Java frames: (J=compiled Java code, j=interpreted, Vv=VM code)
j  lpsolve.LpSolve.makeLp(II)Llpsolve/LpSolve;+0
j  scpsolver.lpsolver.LPSOLVESolver.solve(Lscpsolver/problems/LinearProgram;)[D+33
j  scpsolver.problems.LPWizard.solve(Lscpsolver/lpsolver/LinearProgramSolver;)Lscpsolver/problems/LPSolution;+7
j  scpsolver.problems.LPWizard.solve()Lscpsolver/problems/LPSolution;+4
j  fr.ign.cogit.HMMSpatialNetworkMatcher.matching.postProcessStrategy.OptimizationPostStratregy.simplify(Ljava/util/Map;)Ljava/util/Map;+2132
j  fr.ign.cogit.HMMSpatialNetworkMatcher.matching.core.HMMMatchingProcess.match()V+258
j  fr.ign.cogit.HMMSpatialNetworkMatcher.matching.HMMMatchingLauncher.lauchMatchingProcess()V+138
j  fr.ign.cogit.HMMSpatialNetworkMatcher.matching.TempTest.main([Ljava/lang/String;)V+96
v  ~StubRoutines::call_stub

---------------  P R O C E S S  ---------------

Java Threads: ( => current thread )
  0x00007f59580c9800 JavaThread "Service Thread" daemon [_thread_blocked, id=8418, stack(0x00007f592ba20000,0x00007f592bb21000)]
  0x00007f59580c6800 JavaThread "C1 CompilerThread2" daemon [_thread_blocked, id=8417, stack(0x00007f592bb21000,0x00007f592bc22000)]
  0x00007f59580c4800 JavaThread "C2 CompilerThread1" daemon [_thread_in_native, id=8416, stack(0x00007f592bc22000,0x00007f592bd23000)]
  0x00007f59580c1800 JavaThread "C2 CompilerThread0" daemon [_thread_in_native, id=8415, stack(0x00007f59400af000,0x00007f59401b0000)]
  0x00007f59580c0000 JavaThread "Signal Dispatcher" daemon [_thread_blocked, id=8414, stack(0x00007f59401b0000,0x00007f59402b1000)]
  0x00007f595808d000 JavaThread "Finalizer" daemon [_thread_blocked, id=8413, stack(0x00007f59402b1000,0x00007f59403b2000)]
  0x00007f5958088000 JavaThread "Reference Handler" daemon [_thread_blocked, id=8412, stack(0x00007f59403b2000,0x00007f59404b3000)]
=>0x00007f5958012800 JavaThread "main" [_thread_in_native, id=8406, stack(0x00007f5961bd8000,0x00007f5961cd9000)]

Other Threads:
  0x00007f5958080800 VMThread [stack: 0x00007f59404b3000,0x00007f59405b4000] [id=8411]
  0x00007f59580cc800 WatcherThread [stack: 0x00007f592b91f000,0x00007f592ba20000] [id=8419]

VM state:not at safepoint (normal execution)

VM Mutex/Monitor currently owned by a thread: None

Heap:
 PSYoungGen      total 130048K, used 23784K [0x000000076ab00000, 0x00000007b6200000, 0x00000007c0000000)
  eden space 127488K, 16% used [0x000000076ab00000,0x000000076bfc20d0,0x0000000772780000)
  from space 2560K, 98% used [0x00000007b5d00000,0x00000007b5f78040,0x00000007b5f80000)
  to   space 2560K, 0% used [0x00000007b5f80000,0x00000007b5f80000,0x00000007b6200000)
 ParOldGen       total 81920K, used 47895K [0x00000006c0000000, 0x00000006c5000000, 0x000000076ab00000)
  object space 81920K, 58% used [0x00000006c0000000,0x00000006c2ec5c48,0x00000006c5000000)
 Metaspace       used 14266K, capacity 14514K, committed 14848K, reserved 1062912K
  class space    used 1636K, capacity 1737K, committed 1792K, reserved 1048576K

Card table byte_map: [0x00007f595e17e000,0x00007f595e97f000] byte_map_base: 0x00007f595ab7e000

Marking Bits: (ParMarkBitMap*) 0x00007f59610afdc0
 Begin Bits: [0x00007f5941000000, 0x00007f5945000000)
 End Bits:   [0x00007f5945000000, 0x00007f5949000000)

Polling page: 0x00007f5961d02000

CodeCache: size=245760Kb used=9927Kb max_used=12070Kb free=235832Kb
 bounds [0x00007f5949000000, 0x00007f5949c40000, 0x00007f5958000000]
 total_blobs=2861 nmethods=2452 adapters=321
 compilation: enabled

Compilation events (10 events):
Event: 81,796 Thread 0x00007f59580c1800 nmethod 3721% 0x00007f5949173f90 code [0x00007f5949174360, 0x00007f5949175bf0]
Event: 81,796 Thread 0x00007f59580c1800 3675       4       java.util.regex.Pattern$CharProperty::match (56 bytes)
Event: 81,799 Thread 0x00007f59580c6800 nmethod 3722% 0x00007f59499cc6d0 code [0x00007f59499cd600, 0x00007f59499d8fc8]
Event: 81,799 Thread 0x00007f59580c6800 3723       2       sun.misc.PerfCounter::increment (6 bytes)
Event: 81,799 Thread 0x00007f59580c6800 nmethod 3723 0x00007f59494c8c90 code [0x00007f59494c8e20, 0x00007f59494c9318]
Event: 81,801 Thread 0x00007f59580c1800 nmethod 3675 0x00007f5949992350 code [0x00007f5949992520, 0x00007f5949992af8]
Event: 81,801 Thread 0x00007f59580c1800 3676       4       java.lang.Character::codePointAt (51 bytes)
Event: 81,802 Thread 0x00007f59580c1800 nmethod 3676 0x00007f59494c87d0 code [0x00007f59494c8920, 0x00007f59494c8a58]
Event: 81,802 Thread 0x00007f59580c1800 3679       4       java.util.regex.Pattern$Dot::isSatisfiedBy (34 bytes)
Event: 81,802 Thread 0x00007f59580c6800 3725   !   2       scpsolver.util.SparseVector::getIndex (292 bytes)

GC Heap History (10 events):
Event: 79,823 GC heap before
{Heap before GC invocations=69 (full 0):
 PSYoungGen      total 156160K, used 155776K [0x000000076ab00000, 0x00000007b6680000, 0x00000007c0000000)
  eden space 155648K, 100% used [0x000000076ab00000,0x0000000774300000,0x0000000774300000)
  from space 512K, 25% used [0x00000007b6600000,0x00000007b6620010,0x00000007b6680000)
  to   space 3072K, 0% used [0x00000007b6080000,0x00000007b6080000,0x00000007b6380000)
 ParOldGen       total 81920K, used 47079K [0x00000006c0000000, 0x00000006c5000000, 0x000000076ab00000)
  object space 81920K, 57% used [0x00000006c0000000,0x00000006c2df9d90,0x00000006c5000000)
 Metaspace       used 13977K, capacity 14256K, committed 14592K, reserved 1062912K
  class space    used 1605K, capacity 1672K, committed 1792K, reserved 1048576K
Event: 79,826 GC heap after
Heap after GC invocations=69 (full 0):
 PSYoungGen      total 152576K, used 320K [0x000000076ab00000, 0x00000007b6680000, 0x00000007c0000000)
  eden space 149504K, 0% used [0x000000076ab00000,0x000000076ab00000,0x0000000773d00000)
  from space 3072K, 10% used [0x00000007b6080000,0x00000007b60d0000,0x00000007b6380000)
  to   space 3072K, 0% used [0x00000007b6380000,0x00000007b6380000,0x00000007b6680000)
 ParOldGen       total 81920K, used 47127K [0x00000006c0000000, 0x00000006c5000000, 0x000000076ab00000)
  object space 81920K, 57% used [0x00000006c0000000,0x00000006c2e05da0,0x00000006c5000000)
 Metaspace       used 13977K, capacity 14256K, committed 14592K, reserved 1062912K
  class space    used 1605K, capacity 1672K, committed 1792K, reserved 1048576K
}
Event: 80,224 GC heap before
{Heap before GC invocations=70 (full 0):
 PSYoungGen      total 152576K, used 149824K [0x000000076ab00000, 0x00000007b6680000, 0x00000007c0000000)
  eden space 149504K, 100% used [0x000000076ab00000,0x0000000773d00000,0x0000000773d00000)
  from space 3072K, 10% used [0x00000007b6080000,0x00000007b60d0000,0x00000007b6380000)
  to   space 3072K, 0% used [0x00000007b6380000,0x00000007b6380000,0x00000007b6680000)
 ParOldGen       total 81920K, used 47127K [0x00000006c0000000, 0x00000006c5000000, 0x000000076ab00000)
  object space 81920K, 57% used [0x00000006c0000000,0x00000006c2e05da0,0x00000006c5000000)
 Metaspace       used 13977K, capacity 14256K, committed 14592K, reserved 1062912K
  class space    used 1605K, capacity 1672K, committed 1792K, reserved 1048576K
Event: 80,226 GC heap after
Heap after GC invocations=70 (full 0):
 PSYoungGen      total 143872K, used 320K [0x000000076ab00000, 0x00000007b6400000, 0x00000007c0000000)
  eden space 143360K, 0% used [0x000000076ab00000,0x000000076ab00000,0x0000000773700000)
  from space 512K, 62% used [0x00000007b6380000,0x00000007b63d0000,0x00000007b6400000)
  to   space 2560K, 0% used [0x00000007b5f00000,0x00000007b5f00000,0x00000007b6180000)
 ParOldGen       total 81920K, used 47151K [0x00000006c0000000, 0x00000006c5000000, 0x000000076ab00000)
  object space 81920K, 57% used [0x00000006c0000000,0x00000006c2e0bda0,0x00000006c5000000)
 Metaspace       used 13977K, capacity 14256K, committed 14592K, reserved 1062912K
  class space    used 1605K, capacity 1672K, committed 1792K, reserved 1048576K
}
Event: 80,627 GC heap before
{Heap before GC invocations=71 (full 0):
 PSYoungGen      total 143872K, used 143680K [0x000000076ab00000, 0x00000007b6400000, 0x00000007c0000000)
  eden space 143360K, 100% used [0x000000076ab00000,0x0000000773700000,0x0000000773700000)
  from space 512K, 62% used [0x00000007b6380000,0x00000007b63d0000,0x00000007b6400000)
  to   space 2560K, 0% used [0x00000007b5f00000,0x00000007b5f00000,0x00000007b6180000)
 ParOldGen       total 81920K, used 47151K [0x00000006c0000000, 0x00000006c5000000, 0x000000076ab00000)
  object space 81920K, 57% used [0x00000006c0000000,0x00000006c2e0bda0,0x00000006c5000000)
 Metaspace       used 13977K, capacity 14256K, committed 14592K, reserved 1062912K
  class space    used 1605K, capacity 1672K, committed 1792K, reserved 1048576K
Event: 80,629 GC heap after
Heap after GC invocations=71 (full 0):
 PSYoungGen      total 140288K, used 96K [0x000000076ab00000, 0x00000007b6400000, 0x00000007c0000000)
  eden space 137728K, 0% used [0x000000076ab00000,0x000000076ab00000,0x0000000773180000)
  from space 2560K, 3% used [0x00000007b5f00000,0x00000007b5f18000,0x00000007b6180000)
  to   space 2560K, 0% used [0x00000007b6180000,0x00000007b6180000,0x00000007b6400000)
 ParOldGen       total 81920K, used 47167K [0x00000006c0000000, 0x00000006c5000000, 0x000000076ab00000)
  object space 81920K, 57% used [0x00000006c0000000,0x00000006c2e0fda0,0x00000006c5000000)
 Metaspace       used 13977K, capacity 14256K, committed 14592K, reserved 1062912K
  class space    used 1605K, capacity 1672K, committed 1792K, reserved 1048576K
}
Event: 81,012 GC heap before
{Heap before GC invocations=72 (full 0):
 PSYoungGen      total 140288K, used 137824K [0x000000076ab00000, 0x00000007b6400000, 0x00000007c0000000)
  eden space 137728K, 100% used [0x000000076ab00000,0x0000000773180000,0x0000000773180000)
  from space 2560K, 3% used [0x00000007b5f00000,0x00000007b5f18000,0x00000007b6180000)
  to   space 2560K, 0% used [0x00000007b6180000,0x00000007b6180000,0x00000007b6400000)
 ParOldGen       total 81920K, used 47167K [0x00000006c0000000, 0x00000006c5000000, 0x000000076ab00000)
  object space 81920K, 57% used [0x00000006c0000000,0x00000006c2e0fda0,0x00000006c5000000)
 Metaspace       used 13977K, capacity 14256K, committed 14592K, reserved 1062912K
  class space    used 1605K, capacity 1672K, committed 1792K, reserved 1048576K
Event: 81,014 GC heap after
Heap after GC invocations=72 (full 0):
 PSYoungGen      total 133120K, used 64K [0x000000076ab00000, 0x00000007b6200000, 0x00000007c0000000)
  eden space 132608K, 0% used [0x000000076ab00000,0x000000076ab00000,0x0000000772c80000)
  from space 512K, 12% used [0x00000007b6180000,0x00000007b6190000,0x00000007b6200000)
  to   space 2560K, 0% used [0x00000007b5d00000,0x00000007b5d00000,0x00000007b5f80000)
 ParOldGen       total 81920K, used 47191K [0x00000006c0000000, 0x00000006c5000000, 0x000000076ab00000)
  object space 81920K, 57% used [0x00000006c0000000,0x00000006c2e15da0,0x00000006c5000000)
 Metaspace       used 13977K, capacity 14256K, committed 14592K, reserved 1062912K
  class space    used 1605K, capacity 1672K, committed 1792K, reserved 1048576K
}
Event: 81,742 GC heap before
{Heap before GC invocations=73 (full 0):
 PSYoungGen      total 133120K, used 132672K [0x000000076ab00000, 0x00000007b6200000, 0x00000007c0000000)
  eden space 132608K, 100% used [0x000000076ab00000,0x0000000772c80000,0x0000000772c80000)
  from space 512K, 12% used [0x00000007b6180000,0x00000007b6190000,0x00000007b6200000)
  to   space 2560K, 0% used [0x00000007b5d00000,0x00000007b5d00000,0x00000007b5f80000)
 ParOldGen       total 81920K, used 47191K [0x00000006c0000000, 0x00000006c5000000, 0x000000076ab00000)
  object space 81920K, 57% used [0x00000006c0000000,0x00000006c2e15da0,0x00000006c5000000)
 Metaspace       used 14244K, capacity 14514K, committed 14848K, reserved 1062912K
  class space    used 1636K, capacity 1737K, committed 1792K, reserved 1048576K
Event: 81,747 GC heap after
Heap after GC invocations=73 (full 0):
 PSYoungGen      total 130048K, used 2528K [0x000000076ab00000, 0x00000007b6200000, 0x00000007c0000000)
  eden space 127488K, 0% used [0x000000076ab00000,0x000000076ab00000,0x0000000772780000)
  from space 2560K, 98% used [0x00000007b5d00000,0x00000007b5f78040,0x00000007b5f80000)
  to   space 2560K, 0% used [0x00000007b5f80000,0x00000007b5f80000,0x00000007b6200000)
 ParOldGen       total 81920K, used 47895K [0x00000006c0000000, 0x00000006c5000000, 0x000000076ab00000)
  object space 81920K, 58% used [0x00000006c0000000,0x00000006c2ec5c48,0x00000006c5000000)
 Metaspace       used 14244K, capacity 14514K, committed 14848K, reserved 1062912K
  class space    used 1636K, capacity 1737K, committed 1792K, reserved 1048576K
}

Deoptimization events (10 events):
Event: 81,734 Thread 0x00007f5958012800 Uncommon trap: reason=unstable_if action=reinterpret pc=0x00007f5949a66cd4 method=java.util.AbstractCollection.addAll(Ljava/util/Collection;)Z @ 32
Event: 81,734 Thread 0x00007f5958012800 Uncommon trap: reason=class_check action=maybe_recompile pc=0x00007f59492fdee8 method=java.util.HashMap.putVal(ILjava/lang/Object;Ljava/lang/Object;ZZ)Ljava/lang/Object; @ 203
Event: 81,734 Thread 0x00007f5958012800 Uncommon trap: reason=class_check action=maybe_recompile pc=0x00007f59492fdee8 method=java.util.HashMap.putVal(ILjava/lang/Object;Ljava/lang/Object;ZZ)Ljava/lang/Object; @ 203
Event: 81,734 Thread 0x00007f5958012800 Uncommon trap: reason=class_check action=maybe_recompile pc=0x00007f59492fdee8 method=java.util.HashMap.putVal(ILjava/lang/Object;Ljava/lang/Object;ZZ)Ljava/lang/Object; @ 203
Event: 81,736 Thread 0x00007f5958012800 Uncommon trap: reason=unstable_if action=reinterpret pc=0x00007f59494cf538 method=java.util.HashMap.entrySet()Ljava/util/Set; @ 6
Event: 81,740 Thread 0x00007f5958012800 Uncommon trap: reason=class_check action=maybe_recompile pc=0x00007f594910bfbc method=java.util.Collections$UnmodifiableCollection$1.<init>(Ljava/util/Collections$UnmodifiableCollection;)V @ 17
Event: 81,740 Thread 0x00007f5958012800 Uncommon trap: reason=class_check action=maybe_recompile pc=0x00007f5949911f58 method=fr.ign.cogit.HMMSpatialNetworkMatcher.matching.utils.Combinations.getAllCombinations(Ljava/util/Collection;)Ljava/util/List; @ 9
Event: 81,741 Thread 0x00007f5958012800 Uncommon trap: reason=class_check action=maybe_recompile pc=0x00007f5949911f58 method=fr.ign.cogit.HMMSpatialNetworkMatcher.matching.utils.Combinations.getAllCombinations(Ljava/util/Collection;)Ljava/util/List; @ 9
Event: 81,794 Thread 0x00007f5958012800 Uncommon trap: reason=class_check action=maybe_recompile pc=0x00007f59494433c8 method=java.util.regex.Pattern$Slice.match(Ljava/util/regex/Matcher;ILjava/lang/CharSequence;)Z @ 75
Event: 81,794 Thread 0x00007f5958012800 Uncommon trap: reason=class_check action=maybe_recompile pc=0x00007f59494433c8 method=java.util.regex.Pattern$Slice.match(Ljava/util/regex/Matcher;ILjava/lang/CharSequence;)Z @ 75

Internal exceptions (10 events):
Event: 81,726 Thread 0x00007f5958012800 Exception <a 'java/io/FileNotFoundException'> (0x0000000772a05138) thrown at [/HUDSON3/workspace/8-2-build-linux-amd64/jdk8u144/9417/hotspot/src/share/vm/prims/jni.cpp, line 709]
Event: 81,726 Thread 0x00007f5958012800 Exception <a 'java/io/FileNotFoundException'> (0x0000000772a05cc8) thrown at [/HUDSON3/workspace/8-2-build-linux-amd64/jdk8u144/9417/hotspot/src/share/vm/prims/jni.cpp, line 709]
Event: 81,726 Thread 0x00007f5958012800 Exception <a 'java/io/FileNotFoundException'> (0x0000000772a06758) thrown at [/HUDSON3/workspace/8-2-build-linux-amd64/jdk8u144/9417/hotspot/src/share/vm/prims/jni.cpp, line 709]
Event: 81,726 Thread 0x00007f5958012800 Exception <a 'java/io/FileNotFoundException'> (0x0000000772a070f0) thrown at [/HUDSON3/workspace/8-2-build-linux-amd64/jdk8u144/9417/hotspot/src/share/vm/prims/jni.cpp, line 709]
Event: 81,726 Thread 0x00007f5958012800 Exception <a 'java/io/FileNotFoundException'> (0x0000000772a07a90) thrown at [/HUDSON3/workspace/8-2-build-linux-amd64/jdk8u144/9417/hotspot/src/share/vm/prims/jni.cpp, line 709]
Event: 81,794 Thread 0x00007f5958012800 Exception <a 'java/io/FileNotFoundException'> (0x000000076bea4ae0) thrown at [/HUDSON3/workspace/8-2-build-linux-amd64/jdk8u144/9417/hotspot/src/share/vm/prims/jni.cpp, line 709]
Event: 81,794 Thread 0x00007f5958012800 Exception <a 'java/io/FileNotFoundException'> (0x000000076bea5610) thrown at [/HUDSON3/workspace/8-2-build-linux-amd64/jdk8u144/9417/hotspot/src/share/vm/prims/jni.cpp, line 709]
Event: 81,794 Thread 0x00007f5958012800 Exception <a 'java/io/FileNotFoundException'> (0x000000076bea60a0) thrown at [/HUDSON3/workspace/8-2-build-linux-amd64/jdk8u144/9417/hotspot/src/share/vm/prims/jni.cpp, line 709]
Event: 81,794 Thread 0x00007f5958012800 Exception <a 'java/io/FileNotFoundException'> (0x000000076bea6a38) thrown at [/HUDSON3/workspace/8-2-build-linux-amd64/jdk8u144/9417/hotspot/src/share/vm/prims/jni.cpp, line 709]
Event: 81,794 Thread 0x00007f5958012800 Exception <a 'java/io/FileNotFoundException'> (0x000000076bea73d8) thrown at [/HUDSON3/workspace/8-2-build-linux-amd64/jdk8u144/9417/hotspot/src/share/vm/prims/jni.cpp, line 709]

Events (10 events):
Event: 81,794 Thread 0x00007f5958012800 DEOPT UNPACKING pc=0x00007f5949047633 sp=0x00007f5961cd6f30 mode 0
Event: 81,794 Thread 0x00007f5958012800 Uncommon trap: trap_request=0xffffffde fr.pc=0x00007f59494433c8
Event: 81,794 Thread 0x00007f5958012800 DEOPT PACKING pc=0x00007f59494433c8 sp=0x00007f5961cd7360
Event: 81,794 Thread 0x00007f5958012800 DEOPT UNPACKING pc=0x00007f5949005229 sp=0x00007f5961cd71b8 mode 2
Event: 81,794 Thread 0x00007f5958012800 Uncommon trap: trap_request=0xffffffde fr.pc=0x00007f59494433c8
Event: 81,794 Thread 0x00007f5958012800 DEOPT PACKING pc=0x00007f59494433c8 sp=0x00007f5961cd7360
Event: 81,794 Thread 0x00007f5958012800 DEOPT UNPACKING pc=0x00007f5949005229 sp=0x00007f5961cd71b8 mode 2
Event: 81,796 Thread 0x00007f59580c1800 flushing nmethod 0x00007f5949496bd0
Event: 81,799 Thread 0x00007f59580c6800 flushing nmethod 0x00007f5949516550
Event: 81,802 Thread 0x00007f59580c1800 flushing nmethod 0x00007f594971fe10


Dynamic libraries:
00400000-00401000 r-xp 00000000 08:01 10228731                           /home/bcostes/Documents/IGN/HmmMatching/eclipse/jdk1.8.0_144/bin/java
00600000-00601000 rw-p 00000000 08:01 10228731                           /home/bcostes/Documents/IGN/HmmMatching/eclipse/jdk1.8.0_144/bin/java
00d9a000-00dbb000 rw-p 00000000 00:00 0                                  [heap]
6c0000000-6c5000000 rw-p 00000000 00:00 0 
6c5000000-76ab00000 ---p 00000000 00:00 0 
76ab00000-7b6200000 rw-p 00000000 00:00 0 
7b6200000-7c0000000 ---p 00000000 00:00 0 
7c0000000-7c01c0000 rw-p 00000000 00:00 0 
7c01c0000-800000000 ---p 00000000 00:00 0 
7f5904fff000-7f5908000000 rw-p 00000000 00:00 0 
7f5908000000-7f5908021000 rw-p 00000000 00:00 0 
7f5908021000-7f590c000000 ---p 00000000 00:00 0 
7f590c000000-7f590c021000 rw-p 00000000 00:00 0 
7f590c021000-7f5910000000 ---p 00000000 00:00 0 
7f5910000000-7f591135a000 rw-p 00000000 00:00 0 
7f591135a000-7f5914000000 ---p 00000000 00:00 0 
7f5914000000-7f5914b2e000 rw-p 00000000 00:00 0 
7f5914b2e000-7f5918000000 ---p 00000000 00:00 0 
7f5918000000-7f5918021000 rw-p 00000000 00:00 0 
7f5918021000-7f591c000000 ---p 00000000 00:00 0 
7f591c000000-7f591d95f000 rw-p 00000000 00:00 0 
7f591d95f000-7f5920000000 ---p 00000000 00:00 0 
7f5920000000-7f5920021000 rw-p 00000000 00:00 0 
7f5920021000-7f5924000000 ---p 00000000 00:00 0 
7f5924000000-7f5924021000 rw-p 00000000 00:00 0 
7f5924021000-7f5928000000 ---p 00000000 00:00 0 
7f5928aef000-7f5928b05000 r-xp 00000000 08:01 4723114                    /lib/x86_64-linux-gnu/libgcc_s.so.1
7f5928b05000-7f5928d04000 ---p 00016000 08:01 4723114                    /lib/x86_64-linux-gnu/libgcc_s.so.1
7f5928d04000-7f5928d05000 rw-p 00015000 08:01 4723114                    /lib/x86_64-linux-gnu/libgcc_s.so.1
7f5928d05000-7f5928e77000 r-xp 00000000 08:01 11534365                   /usr/lib/x86_64-linux-gnu/libstdc++.so.6.0.21
7f5928e77000-7f5929077000 ---p 00172000 08:01 11534365                   /usr/lib/x86_64-linux-gnu/libstdc++.so.6.0.21
7f5929077000-7f5929081000 r--p 00172000 08:01 11534365                   /usr/lib/x86_64-linux-gnu/libstdc++.so.6.0.21
7f5929081000-7f5929083000 rw-p 0017c000 08:01 11534365                   /usr/lib/x86_64-linux-gnu/libstdc++.so.6.0.21
7f5929083000-7f5929087000 rw-p 00000000 00:00 0 
7f59290ab000-7f59290ac000 r--p 00000000 00:00 0 
7f59290ac000-7f5929161000 r-xp 00000000 08:01 6688183                    /home/bcostes/workspace_hmmmatching/HMMSpatialNetworkMatcher/HMMSpatialNetworkMatcher/liblpsolve55j_x64.so
7f5929161000-7f5929361000 ---p 000b5000 08:01 6688183                    /home/bcostes/workspace_hmmmatching/HMMSpatialNetworkMatcher/HMMSpatialNetworkMatcher/liblpsolve55j_x64.so
7f5929361000-7f5929363000 r--p 000b5000 08:01 6688183                    /home/bcostes/workspace_hmmmatching/HMMSpatialNetworkMatcher/HMMSpatialNetworkMatcher/liblpsolve55j_x64.so
7f5929363000-7f5929366000 rw-p 000b7000 08:01 6688183                    /home/bcostes/workspace_hmmmatching/HMMSpatialNetworkMatcher/HMMSpatialNetworkMatcher/liblpsolve55j_x64.so
7f5929366000-7f592936a000 r--s 0003a000 08:01 10228888                   /home/bcostes/Documents/IGN/HmmMatching/eclipse/jdk1.8.0_144/jre/lib/ext/sunpkcs11.jar
7f592936a000-7f592936c000 r--s 00009000 08:01 10228890                   /home/bcostes/Documents/IGN/HmmMatching/eclipse/jdk1.8.0_144/jre/lib/ext/sunec.jar
7f592936c000-7f5929387000 r--s 001d3000 08:01 10228892                   /home/bcostes/Documents/IGN/HmmMatching/eclipse/jdk1.8.0_144/jre/lib/ext/nashorn.jar
7f5929387000-7f592938d000 r--s 0003f000 08:01 10228891                   /home/bcostes/Documents/IGN/HmmMatching/eclipse/jdk1.8.0_144/jre/lib/ext/sunjce_provider.jar
7f592938d000-7f592938f000 r--s 00001000 08:01 10228887                   /home/bcostes/Documents/IGN/HmmMatching/eclipse/jdk1.8.0_144/jre/lib/ext/dnsns.jar
7f592938f000-7f5929424000 r--s 01110000 08:01 10228889                   /home/bcostes/Documents/IGN/HmmMatching/eclipse/jdk1.8.0_144/jre/lib/ext/jfxrt.jar
7f5929424000-7f59294e4000 rw-p 00000000 00:00 0 
7f59294e4000-7f5929624000 ---p 00000000 00:00 0 
7f5929624000-7f5929824000 rw-p 00000000 00:00 0 
7f5929824000-7f5929835000 r-xp 00000000 08:01 10228838                   /home/bcostes/Documents/IGN/HmmMatching/eclipse/jdk1.8.0_144/jre/lib/amd64/libnio.so
7f5929835000-7f5929a34000 ---p 00011000 08:01 10228838                   /home/bcostes/Documents/IGN/HmmMatching/eclipse/jdk1.8.0_144/jre/lib/amd64/libnio.so
7f5929a34000-7f5929a35000 rw-p 00010000 08:01 10228838                   /home/bcostes/Documents/IGN/HmmMatching/eclipse/jdk1.8.0_144/jre/lib/amd64/libnio.so
7f5929a35000-7f5929a4b000 r-xp 00000000 08:01 10228813                   /home/bcostes/Documents/IGN/HmmMatching/eclipse/jdk1.8.0_144/jre/lib/amd64/libnet.so
7f5929a4b000-7f5929c4b000 ---p 00016000 08:01 10228813                   /home/bcostes/Documents/IGN/HmmMatching/eclipse/jdk1.8.0_144/jre/lib/amd64/libnet.so
7f5929c4b000-7f5929c4c000 rw-p 00016000 08:01 10228813                   /home/bcostes/Documents/IGN/HmmMatching/eclipse/jdk1.8.0_144/jre/lib/amd64/libnet.so
7f5929c4c000-7f5929e4c000 rw-p 00000000 00:00 0 
7f5929e4c000-7f5929e56000 r--s 00116000 08:01 10228893                   /home/bcostes/Documents/IGN/HmmMatching/eclipse/jdk1.8.0_144/jre/lib/ext/localedata.jar
7f5929e56000-7f5929e7c000 r--p 00000000 08:01 13244171                   /usr/share/locale-langpack/fr/LC_MESSAGES/libc.mo
7f5929e7c000-7f5929e81000 r-xp 00000000 08:01 11542345                   /usr/lib/x86_64-linux-gnu/libXdmcp.so.6.0.0
7f5929e81000-7f592a080000 ---p 00005000 08:01 11542345                   /usr/lib/x86_64-linux-gnu/libXdmcp.so.6.0.0
7f592a080000-7f592a081000 r--p 00004000 08:01 11542345                   /usr/lib/x86_64-linux-gnu/libXdmcp.so.6.0.0
7f592a081000-7f592a082000 rw-p 00005000 08:01 11542345                   /usr/lib/x86_64-linux-gnu/libXdmcp.so.6.0.0
7f592a082000-7f592a084000 r-xp 00000000 08:01 11542334                   /usr/lib/x86_64-linux-gnu/libXau.so.6.0.0
7f592a084000-7f592a284000 ---p 00002000 08:01 11542334                   /usr/lib/x86_64-linux-gnu/libXau.so.6.0.0
7f592a284000-7f592a285000 r--p 00002000 08:01 11542334                   /usr/lib/x86_64-linux-gnu/libXau.so.6.0.0
7f592a285000-7f592a286000 rw-p 00003000 08:01 11542334                   /usr/lib/x86_64-linux-gnu/libXau.so.6.0.0
7f592a286000-7f592a2a7000 r-xp 00000000 08:01 11543712                   /usr/lib/x86_64-linux-gnu/libxcb.so.1.1.0
7f592a2a7000-7f592a4a6000 ---p 00021000 08:01 11543712                   /usr/lib/x86_64-linux-gnu/libxcb.so.1.1.0
7f592a4a6000-7f592a4a7000 r--p 00020000 08:01 11543712                   /usr/lib/x86_64-linux-gnu/libxcb.so.1.1.0
7f592a4a7000-7f592a4a8000 rw-p 00021000 08:01 11543712                   /usr/lib/x86_64-linux-gnu/libxcb.so.1.1.0
7f592a4a8000-7f592a4b7000 r-xp 00000000 08:01 11542355                   /usr/lib/x86_64-linux-gnu/libXi.so.6.1.0
7f592a4b7000-7f592a6b6000 ---p 0000f000 08:01 11542355                   /usr/lib/x86_64-linux-gnu/libXi.so.6.1.0
7f592a6b6000-7f592a6b7000 r--p 0000e000 08:01 11542355                   /usr/lib/x86_64-linux-gnu/libXi.so.6.1.0
7f592a6b7000-7f592a6b8000 rw-p 0000f000 08:01 11542355                   /usr/lib/x86_64-linux-gnu/libXi.so.6.1.0
7f592a6b8000-7f592a6bd000 r-xp 00000000 08:01 11542373                   /usr/lib/x86_64-linux-gnu/libXtst.so.6.1.0
7f592a6bd000-7f592a8bc000 ---p 00005000 08:01 11542373                   /usr/lib/x86_64-linux-gnu/libXtst.so.6.1.0
7f592a8bc000-7f592a8bd000 r--p 00004000 08:01 11542373                   /usr/lib/x86_64-linux-gnu/libXtst.so.6.1.0
7f592a8bd000-7f592a8be000 rw-p 00005000 08:01 11542373                   /usr/lib/x86_64-linux-gnu/libXtst.so.6.1.0
7f592a8be000-7f592a8c7000 r-xp 00000000 08:01 11542367                   /usr/lib/x86_64-linux-gnu/libXrender.so.1.3.0
7f592a8c7000-7f592aac6000 ---p 00009000 08:01 11542367                   /usr/lib/x86_64-linux-gnu/libXrender.so.1.3.0
7f592aac6000-7f592aac7000 r--p 00008000 08:01 11542367                   /usr/lib/x86_64-linux-gnu/libXrender.so.1.3.0
7f592aac7000-7f592aac8000 rw-p 00009000 08:01 11542367                   /usr/lib/x86_64-linux-gnu/libXrender.so.1.3.0
7f592aac8000-7f592abfd000 r-xp 00000000 08:01 11542330                   /usr/lib/x86_64-linux-gnu/libX11.so.6.3.0
7f592abfd000-7f592adfd000 ---p 00135000 08:01 11542330                   /usr/lib/x86_64-linux-gnu/libX11.so.6.3.0
7f592adfd000-7f592adfe000 r--p 00135000 08:01 11542330                   /usr/lib/x86_64-linux-gnu/libX11.so.6.3.0
7f592adfe000-7f592ae02000 rw-p 00136000 08:01 11542330                   /usr/lib/x86_64-linux-gnu/libX11.so.6.3.0
7f592ae02000-7f592ae13000 r-xp 00000000 08:01 11542347                   /usr/lib/x86_64-linux-gnu/libXext.so.6.4.0
7f592ae13000-7f592b012000 ---p 00011000 08:01 11542347                   /usr/lib/x86_64-linux-gnu/libXext.so.6.4.0
7f592b012000-7f592b013000 r--p 00010000 08:01 11542347                   /usr/lib/x86_64-linux-gnu/libXext.so.6.4.0
7f592b013000-7f592b014000 rw-p 00011000 08:01 11542347                   /usr/lib/x86_64-linux-gnu/libXext.so.6.4.0
7f592b014000-7f592b015000 r--s 00010000 08:01 10228897                   /home/bcostes/Documents/IGN/HmmMatching/eclipse/jdk1.8.0_144/jre/lib/ext/zipfs.jar
7f592b015000-7f592b016000 r--s 0000a000 08:01 10228895                   /home/bcostes/Documents/IGN/HmmMatching/eclipse/jdk1.8.0_144/jre/lib/ext/jaccess.jar
7f592b016000-7f592b032000 r--s 00393000 08:01 10228896                   /home/bcostes/Documents/IGN/HmmMatching/eclipse/jdk1.8.0_144/jre/lib/ext/cldrdata.jar
7f592b032000-7f592b039000 r--s 00000000 08:01 11812804                   /usr/lib/x86_64-linux-gnu/gconv/gconv-modules.cache
7f592b039000-7f592b08d000 r-xp 00000000 08:01 10228840                   /home/bcostes/Documents/IGN/HmmMatching/eclipse/jdk1.8.0_144/jre/lib/amd64/libawt_xawt.so
7f592b08d000-7f592b28d000 ---p 00054000 08:01 10228840                   /home/bcostes/Documents/IGN/HmmMatching/eclipse/jdk1.8.0_144/jre/lib/amd64/libawt_xawt.so
7f592b28d000-7f592b291000 rw-p 00054000 08:01 10228840                   /home/bcostes/Documents/IGN/HmmMatching/eclipse/jdk1.8.0_144/jre/lib/amd64/libawt_xawt.so
7f592b291000-7f592b292000 rw-p 00000000 00:00 0 
7f592b292000-7f592b334000 r-xp 00000000 08:01 10228873                   /home/bcostes/Documents/IGN/HmmMatching/eclipse/jdk1.8.0_144/jre/lib/amd64/libawt.so
7f592b334000-7f592b534000 ---p 000a2000 08:01 10228873                   /home/bcostes/Documents/IGN/HmmMatching/eclipse/jdk1.8.0_144/jre/lib/amd64/libawt.so
7f592b534000-7f592b540000 rw-p 000a2000 08:01 10228873                   /home/bcostes/Documents/IGN/HmmMatching/eclipse/jdk1.8.0_144/jre/lib/amd64/libawt.so
7f592b540000-7f592b564000 rw-p 00000000 00:00 0 
7f592b564000-7f592b567000 r--s 00008000 08:01 10618954                   /home/bcostes/.m2/repository/net/sf/jung/jung-api/2.0.1/jung-api-2.0.1.jar
7f592b567000-7f592b569000 r--s 0000e000 08:01 10618945                   /home/bcostes/.m2/repository/net/sf/jung/jung-graph-impl/2.0.1/jung-graph-impl-2.0.1.jar
7f592b569000-7f592b582000 r--s 00135000 08:01 10751970                   /home/bcostes/.m2/repository/xerces/xercesImpl/2.11.0/xercesImpl-2.11.0.jar
7f592b582000-7f592b5a9000 r--s 001f6000 08:01 10487300                   /home/bcostes/.m2/repository/org/apache/commons/commons-math3/3.6/commons-math3-3.6.jar
7f592b5a9000-7f592b5aa000 r--s 00003000 08:01 10487359                   /home/bcostes/.m2/repository/org/apache/geronimo/specs/geronimo-jta_1.1_spec/1.1.1/geronimo-jta_1.1_spec-1.1.1.jar
7f592b5aa000-7f592b5b4000 r--s 000ae000 08:01 10489017                   /home/bcostes/.m2/repository/org/javassist/javassist/3.20.0-GA/javassist-3.20.0-GA.jar
7f592b5b4000-7f592b5b7000 r--s 00010000 08:01 10488339                   /home/bcostes/.m2/repository/org/hibernate/common/hibernate-commons-annotations/5.0.1.Final/hibernate-commons-annotations-5.0.1.Final.jar
7f592b5b7000-7f592b5bc000 r--s 00048000 08:01 10619851                   /home/bcostes/.m2/repository/dom4j/dom4j/1.6.1/dom4j-1.6.1.jar
7f592b5bc000-7f592b5be000 r--s 0000f000 08:01 10488984                   /home/bcostes/.m2/repository/org/jboss/logging/jboss-logging/3.3.0.Final/jboss-logging-3.3.0.Final.jar
7f592b5be000-7f592b5ca000 r--s 00082000 08:01 10488316                   /home/bcostes/.m2/repository/org/hibernate/hibernate-entitymanager/5.1.0.Final/hibernate-entitymanager-5.1.0.Final.jar
7f592b5ca000-7f592b5da000 r--s 0011d000 08:01 10620832                   /home/bcostes/.m2/repository/org/eclipse/emf/ecore/2.6.1/ecore-2.6.1.jar
7f592b5da000-7f592b5de000 r--s 00030000 08:01 10616902                   /home/bcostes/.m2/repository/org/eclipse/emf/common/2.6.0/common-2.6.0.jar
7f592b5de000-7f592b5e2000 r--s 00035000 08:01 10493690                   /home/bcostes/.m2/repository/org/geotools/ogc/net.opengis.fes/17.2/net.opengis.fes-17.2.jar
7f592b5e2000-7f592b5e3000 r--s 0000c000 08:01 10493688                   /home/bcostes/.m2/repository/org/geotools/ogc/org.w3.xlink/17.2/org.w3.xlink-17.2.jar
7f592b5e3000-7f592b5e9000 r--s 00063000 08:01 10493686                   /home/bcostes/.m2/repository/org/geotools/ogc/net.opengis.wfs/17.2/net.opengis.wfs-17.2.jar
7f592b5e9000-7f592b5eb000 r--s 00013000 08:01 10487427                   /home/bcostes/.m2/repository/org/apache/xml/xml-commons-resolver/1.2/xml-commons-resolver-1.2.jar
7f592b5eb000-7f592b5f3000 r--s 0007a000 08:01 10493684                   /home/bcostes/.m2/repository/org/geotools/ogc/net.opengis.ows/17.2/net.opengis.ows-17.2.jar
7f592b5f3000-7f592b5f6000 r--s 0001b000 08:01 10493682                   /home/bcostes/.m2/repository/org/geotools/xsd/gt-xsd-ows/17.2/gt-xsd-ows-17.2.jar
7f592b5f6000-7f592b5f9000 r--s 0000f000 08:01 10493680                   /home/bcostes/.m2/repository/org/geotools/xsd/gt-xsd-fes/17.2/gt-xsd-fes-17.2.jar
7f592b5f9000-7f592b612000 r--s 00163000 08:01 10493678                   /home/bcostes/.m2/repository/org/geotools/xsd/gt-xsd-gml3/17.2/gt-xsd-gml3-17.2.jar
7f592b612000-7f592b615000 r--s 0001a000 08:01 10493676                   /home/bcostes/.m2/repository/org/geotools/xsd/gt-xsd-gml2/17.2/gt-xsd-gml2-17.2.jar
7f592b615000-7f592b61c000 r--s 000ec000 08:01 10620839                   /home/bcostes/.m2/repository/org/eclipse/xsd/xsd/2.6.0/xsd-2.6.0.jar
7f592b61c000-7f592b622000 r--s 00044000 08:01 10747949                   /home/bcostes/.m2/repository/commons-jxpath/commons-jxpath/1.3/commons-jxpath-1.3.jar
7f592b622000-7f592b626000 r--s 00018000 08:01 10747932                   /home/bcostes/.m2/repository/picocontainer/picocontainer/1.2/picocontainer-1.2.jar
7f592b626000-7f592b62b000 r--s 00025000 08:01 10493674                   /home/bcostes/.m2/repository/org/geotools/gt-graph/17.2/gt-graph-17.2.jar
7f592b62b000-7f592b631000 r--s 00047000 08:01 10493672                   /home/bcostes/.m2/repository/org/geotools/xsd/gt-xsd-core/17.2/gt-xsd-core-17.2.jar
7f592b631000-7f592b635000 r--s 00017000 08:01 10493670                   /home/bcostes/.m2/repository/org/geotools/xsd/gt-xsd-filter/17.2/gt-xsd-filter-17.2.jar
7f592b635000-7f592b639000 r--s 00021000 08:01 10493668                   /home/bcostes/.m2/repository/org/geotools/xsd/gt-xsd-wfs/17.2/gt-xsd-wfs-17.2.jar
7f592b639000-7f592b643000 r--s 00096000 08:01 10493666                   /home/bcostes/.m2/repository/org/geotools/gt-xml/17.2/gt-xml-17.2.jar
7f592b643000-7f592b64d000 r--s 0006e000 08:01 10749265                   /home/bcostes/.m2/repository/jfree/jcommon/1.0.16/jcommon-1.0.16.jar
7f592b64d000-7f592b65e000 r--s 0014c000 08:01 10620109                   /home/bcostes/.m2/repository/jfree/jfreechart/1.0.13/jfreechart-1.0.13.jar
7f592b65e000-7f592b66a000 r--s 00076000 08:01 10619107                   /home/bcostes/.m2/repository/net/sourceforge/collections/collections-generic/4.01/collections-generic-4.01.jar
7f592b66a000-7f592b670000 r--s 00081000 08:01 10619859                   /home/bcostes/.m2/repository/postgresql/postgresql/9.1-901-1.jdbc4/postgresql-9.1-901-1.jdbc4.jar
7f592b670000-7f592b676000 r--s 00033000 08:01 10617890                   /home/bcostes/.m2/repository/com/google/code/gson/gson/2.6.2/gson-2.6.2.jar
7f592b676000-7f592b67b000 r--s 00040000 08:01 10486316                   /home/bcostes/.m2/repository/org/twitter4j/twitter4j-core/4.0.2/twitter4j-core-4.0.2.jar
7f592b67b000-7f592b683000 r--s 00048000 08:01 10493631                   /home/bcostes/.m2/repository/org/apache/httpcomponents/httpcore/4.4.6/httpcore-4.4.6.jar
7f592b683000-7f592b690000 r--s 000aa000 08:01 10493629                   /home/bcostes/.m2/repository/org/apache/httpcomponents/httpclient/4.5.3/httpclient-4.5.3.jar
7f592b690000-7f592b694000 r--s 00013000 08:01 10485877                   /home/bcostes/.m2/repository/org/scribe/scribe/1.3.5/scribe-1.3.5.jar
7f592b694000-7f592b69a000 r--s 00042000 08:01 10624881                   /home/bcostes/.m2/repository/com/flickr4java/flickr4java/2.17/flickr4java-2.17.jar
7f592b69a000-7f592b6a7000 r--s 00083000 08:01 10619996                   /home/bcostes/.m2/repository/commons-collections/commons-collections/3.2.2/commons-collections-3.2.2.jar
7f592b6a7000-7f592b6aa000 r--s 00025000 08:01 10619953                   /home/bcostes/.m2/repository/commons-dbcp/commons-dbcp/1.4/commons-dbcp-1.4.jar
7f592b6aa000-7f592b6ad000 r--s 00034000 08:01 10493658                   /home/bcostes/.m2/repository/org/geotools/gt-jdbc/17.2/gt-jdbc-17.2.jar
7f592b6ad000-7f592b6af000 r--s 0000b000 08:01 10493656                   /home/bcostes/.m2/repository/org/geotools/jdbc/gt-jdbc-postgis/17.2/gt-jdbc-postgis-17.2.jar
7f592b6af000-7f592b6b2000 r--s 0002e000 08:01 10493654                   /home/bcostes/.m2/repository/org/geotools/gt-cql/17.2/gt-cql-17.2.jar
7f592b6b2000-7f592b6b4000 r--s 00007000 08:01 10488141                   /home/bcostes/.m2/repository/org/slf4j/slf4j-api/1.7.13/slf4j-api-1.7.13.jar
7f592b6b4000-7f592b6bf000 r--s 00065000 08:01 10619917                   /home/bcostes/.m2/repository/ch/qos/logback/logback-core/1.1.3/logback-core-1.1.3.jar
7f592b6bf000-7f592b6c5000 r--s 0003f000 08:01 10619900                   /home/bcostes/.m2/repository/ch/qos/logback/logback-classic/1.1.3/logback-classic-1.1.3.jar
7f592b6c5000-7f592b6c7000 r--s 0000c000 08:01 10618996                   /home/bcostes/.m2/repository/net/postgis/postgis-jdbc/2.2.0/postgis-jdbc-2.2.0.jar
7f592b6c7000-7f592b6d0000 r--s 00071000 08:01 10489060                   /home/bcostes/.m2/repository/org/apfloat/apfloat/1.8.2/apfloat-1.8.2.jar
7f592b6d0000-7f592b6d7000 r--s 00065000 08:01 10489047                   /home/bcostes/.m2/repository/org/geolatte/geolatte-geom/1.0.1/geolatte-geom-1.0.1.jar
7f592b6d7000-7f592b6d8000 r--s 00002000 08:01 10488179                   /home/bcostes/.m2/repository/org/slf4j/slf4j-simple/1.7.7/slf4j-simple-1.7.7.jar
7f592b6d8000-7f592b6e9000 r--s 00155000 08:01 10618767                   /home/bcostes/.m2/repository/net/java/dev/jna/jna-platform/4.1.0/jna-platform-4.1.0.jar
7f592b6e9000-7f592b6ed000 r--s 000dc000 08:01 10618755                   /home/bcostes/.m2/repository/net/java/dev/jna/jna/4.1.0/jna-4.1.0.jar
7f592b6ed000-7f592b6ef000 r--s 0000d000 08:01 10618077                   /home/bcostes/.m2/repository/com/github/dblock/waffle/waffle-jna/1.7/waffle-jna-1.7.jar
7f592b6ef000-7f592b6f7000 r--s 00097000 08:01 10489030                   /home/bcostes/.m2/repository/org/postgresql/postgresql/9.4-1200-jdbc41/postgresql-9.4-1200-jdbc41.jar
7f592b6f7000-7f592b6fb000 r--s 00018000 08:01 10488350                   /home/bcostes/.m2/repository/org/hibernate/hibernate-spatial/5.1.0.Final/hibernate-spatial-5.1.0.Final.jar
7f592b6fb000-7f592b6fd000 r--s 0000e000 08:01 10618057                   /home/bcostes/.m2/repository/com/fasterxml/classmate/1.3.0/classmate-1.3.0.jar
7f592b6fd000-7f592b700000 r--s 0002b000 08:01 10489005                   /home/bcostes/.m2/repository/org/jboss/jandex/2.0.0.Final/jandex-2.0.0.Final.jar
7f592b700000-7f592b705000 r--s 00068000 08:01 10620119                   /home/bcostes/.m2/repository/antlr/antlr/2.7.7/antlr-2.7.7.jar
7f592b705000-7f592b770000 r--s 00500000 08:01 10488327                   /home/bcostes/.m2/repository/org/hibernate/hibernate-core/5.1.0.Final/hibernate-core-5.1.0.Final.jar
7f592b770000-7f592b773000 r--s 00006000 08:01 10487227                   /home/bcostes/.m2/repository/org/apache/avalon/framework/avalon-framework-api/4.3.1/avalon-framework-api-4.3.1.jar
7f592b773000-7f592b775000 r--s 0000f000 08:01 10489487                   /home/bcostes/.m2/repository/org/apache/xmlgraphics/batik-extension/1.7/batik-extension-1.7.jar
7f592b775000-7f592b782000 r--s 00086000 08:01 10489461                   /home/bcostes/.m2/repository/org/apache/xmlgraphics/batik-svg-dom/1.7/batik-svg-dom-1.7.jar
7f592b782000-7f592b78c000 r--s 00075000 08:01 10487125                   /home/bcostes/.m2/repository/org/apache/xmlgraphics/xmlgraphics-commons/1.3.1/xmlgraphics-commons-1.3.1.jar
7f592b78c000-7f592b7ae000 r--s 00206000 08:01 10487113                   /home/bcostes/.m2/repository/org/apache/xmlgraphics/fop/0.95/fop-0.95.jar
7f592b7ae000-7f592b7b2000 r--s 0002b000 08:01 10493627                   /home/bcostes/.m2/repository/org/apache/xmlgraphics/batik-gvt/1.9/batik-gvt-1.9.jar
7f592b7b2000-7f592b7b4000 r--s 00005000 08:01 10493625                   /home/bcostes/.m2/repository/org/apache/xmlgraphics/batik-script/1.9/batik-script-1.9.jar
7f592b7b4000-7f592b7c0000 r--s 0009e000 08:01 10493623                   /home/bcostes/.m2/repository/org/apache/xmlgraphics/batik-bridge/1.9/batik-bridge-1.9.jar
7f592b7c0000-7f592b7c2000 r--s 00011000 08:01 10493621                   /home/bcostes/.m2/repository/org/apache/xmlgraphics/batik-parser/1.9/batik-parser-1.9.jar
7f592b7c2000-7f592b7cd000 r--s 0006a000 08:01 10493619                   /home/bcostes/.m2/repository/org/apache/xmlgraphics/batik-anim/1.9/batik-anim-1.9.jar
7f592b7cd000-7f592b7d0000 r--s 0001d000 08:01 10493589                   /home/bcostes/.m2/repository/org/apache/xmlgraphics/batik-transcoder/1.9/batik-transcoder-1.9.jar
7f592b7d0000-7f592b7d7000 r--s 00060000 08:01 10493617                   /home/bcostes/.m2/repository/org/apache/xmlgraphics/batik-awt-util/1.9/batik-awt-util-1.9.jar
7f592b7d7000-7f592b7dc000 r--s 00032000 08:01 10493587                   /home/bcostes/.m2/repository/org/apache/xmlgraphics/batik-svggen/1.9/batik-svggen-1.9.jar
7f592b7dc000-7f592b7dd000 r--s 00002000 08:01 10493585                   /home/bcostes/.m2/repository/org/apache/xmlgraphics/batik-i18n/1.9/batik-i18n-1.9.jar
7f592b7dd000-7f592b7df000 r--s 00001000 08:01 10493583                   /home/bcostes/.m2/repository/org/apache/xmlgraphics/batik-constants/1.9/batik-constants-1.9.jar
7f592b7df000-7f592b7e4000 r--s 00010000 08:01 10618653                   /home/bcostes/.m2/repository/xml-apis/xml-apis-ext/1.3.04/xml-apis-ext-1.3.04.jar
7f592b7e4000-7f592b7e8000 r--s 00040000 08:01 14044216                   /home/bcostes/.m2/repository/xalan/serializer/2.7.2/serializer-2.7.2.jar
7f592b7e8000-7f592b80d000 r--s 002de000 08:01 10624879                   /home/bcostes/.m2/repository/xalan/xalan/2.7.2/xalan-2.7.2.jar
7f592b80d000-7f592b80f000 r--s 00007000 08:01 10493615                   /home/bcostes/.m2/repository/org/apache/xmlgraphics/batik-xml/1.9/batik-xml-1.9.jar
7f592b80f000-7f592b812000 r--s 0001c000 08:01 10493613                   /home/bcostes/.m2/repository/org/apache/xmlgraphics/batik-util/1.9/batik-util-1.9.jar
7f592b812000-7f592b814000 r--s 00002000 08:01 10493611                   /home/bcostes/.m2/repository/org/apache/xmlgraphics/batik-ext/1.9/batik-ext-1.9.jar
7f592b814000-7f592b81c000 r--s 00048000 08:01 10493609                   /home/bcostes/.m2/repository/org/apache/xmlgraphics/batik-css/1.9/batik-css-1.9.jar
7f592b81c000-7f592b820000 r--s 00029000 08:01 10493581                   /home/bcostes/.m2/repository/org/apache/xmlgraphics/batik-dom/1.9/batik-dom-1.9.jar
7f592b820000-7f592b822000 r--s 00009000 08:01 10618577                   /home/bcostes/.m2/repository/gov/nist/math/jama/gov.nist.math.jama/1.1.1/gov.nist.math.jama-1.1.1.jar
7f592b822000-7f592b826000 r--s 00027000 08:01 10618570                   /home/bcostes/.m2/repository/jmathplot/jmathplot/1.0/jmathplot-1.0.jar
7f592b826000-7f592b829000 r--s 00010000 08:01 10619017                   /home/bcostes/.m2/repository/net/sourceforge/jeval/jeval/0.9.4/jeval-0.9.4.jar
7f592b829000-7f592b830000 r--s 00057000 08:01 10618160                   /home/bcostes/.m2/repository/com/jhlabs/filters/2.0.235-1/filters-2.0.235-1.jar
7f592b830000-7f592b832000 r--s 00045000 08:01 10620060                   /home/bcostes/.m2/repository/java3d/vecmath/1.3.1/vecmath-1.3.1.jar
7f592b832000-7f592b836000 r--s 00027000 08:01 10616876                   /home/bcostes/.m2/repository/org/lwjgl/lwjgl/lwjgl_util/2.9.0/lwjgl_util-2.9.0.jar
7f592b836000-7f592b837000 r--s 00002000 08:01 10618800                   /home/bcostes/.m2/repository/net/java/jinput/jinput-platform/2.0.5/jinput-platform-2.0.5-natives-osx.jar
7f592b837000-7f592b838000 r--s 00025000 08:01 10620608                   /home/bcostes/.m2/repository/net/java/jinput/jinput-platform/2.0.5/jinput-platform-2.0.5-natives-windows.jar
7f592b838000-7f592b839000 r--s 00002000 08:01 10618797                   /home/bcostes/.m2/repository/net/java/jinput/jinput-platform/2.0.5/jinput-platform-2.0.5-natives-linux.jar
7f592b839000-7f592b83a000 r--s 00001000 08:01 10618813                   /home/bcostes/.m2/repository/net/java/jutils/jutils/1.0.0/jutils-1.0.0.jar
7f592b83a000-7f592b83e000 r--s 0002f000 08:01 10620599                   /home/bcostes/.m2/repository/net/java/jinput/jinput/2.0.5/jinput-2.0.5.jar
7f592b83e000-7f592b83f000 r--s 0007e000 08:01 10616848                   /home/bcostes/.m2/repository/org/lwjgl/lwjgl/lwjgl-platform/2.9.0/lwjgl-platform-2.9.0-natives-osx.jar
7f592b83f000-7f592b840000 r--s 0008a000 08:01 10616852                   /home/bcostes/.m2/repository/org/lwjgl/lwjgl/lwjgl-platform/2.9.0/lwjgl-platform-2.9.0-natives-linux.jar
7f592b840000-7f592b841000 r--s 00094000 08:01 10616845                   /home/bcostes/.m2/repository/org/lwjgl/lwjgl/lwjgl-platform/2.9.0/lwjgl-platform-2.9.0-natives-windows.jar
7f592b841000-7f592b84e000 r--s 000e6000 08:01 10489141                   /home/bcostes/.m2/repository/org/lwjgl/lwjgl/lwjgl/2.9.0/lwjgl-2.9.0.jar
7f592b84e000-7f592b853000 r--s 00041000 08:01 10620039                   /home/bcostes/.m2/repository/commons-lang/commons-lang/2.6/commons-lang-2.6.jar
7f592b853000-7f592b859000 r--s 00033000 08:01 10620353                   /home/bcostes/.m2/repository/commons-codec/commons-codec/1.6/commons-codec-1.6.jar
7f592b859000-7f592b85c000 r--s 00023000 08:01 10620476                   /home/bcostes/.m2/repository/jdom/jdom/1.0/jdom-1.0.jar
7f592b85c000-7f592b85e000 r--s 00004000 08:01 10489131                   /home/bcostes/.m2/repository/org/geonames/geonames/1.0/geonames-1.0.jar
7f592b85e000-7f592b860000 r--s 00008000 08:01 10618543                   /home/bcostes/.m2/repository/commons-logging/commons-logging/1.0.4/commons-logging-1.0.4.jar
7f592b860000-7f592b866000 r--s 00045000 08:01 10619983                   /home/bcostes/.m2/repository/commons-httpclient/commons-httpclient/3.1/commons-httpclient-3.1.jar
7f592b866000-7f592b867000 r--s 00005000 08:01 10489751                   /home/bcostes/.m2/repository/org/pentaho/pentaho-commons/pentaho-package-manager/0.9.9/pentaho-package-manager-0.9.9.jar
7f592b867000-7f592b869000 r--s 00016000 08:01 10620579                   /home/bcostes/.m2/repository/net/sf/squirrel-sql/thirdparty-non-maven/java-cup/0.11a/java-cup-0.11a.jar
7f592b869000-7f592b8a8000 r--s 005d2000 08:01 10619970                   /home/bcostes/.m2/repository/nz/ac/waikato/cms/weka/weka-dev/3.7.5/weka-dev-3.7.5.jar
7f592b8a8000-7f592b8bc000 r--s 001bd000 08:01 10619161                   /home/bcostes/.m2/repository/javax/media/jai_core/1.1.3/jai_core-1.1.3.jar
7f592b8bc000-7f592b8cb000 r--s 00158000 08:01 10489104                   /home/bcostes/.m2/repository/org/hsqldb/hsqldb/2.3.0/hsqldb-2.3.0.jar
7f592b8cb000-7f592b8cc000 r--s 00238000 08:01 10493664                   /home/bcostes/.m2/repository/org/geotools/gt-epsg-hsql/17.2/gt-epsg-hsql-17.2.jar
7f592b8cc000-7f592b8d5000 r--s 00075000 08:01 10493607                   /home/bcostes/.m2/repository/org/geotools/gt-metadata/17.2/gt-metadata-17.2.jar
7f592b8d5000-7f592b8d7000 r--s 0000b000 08:01 10624817                   /home/bcostes/.m2/repository/it/geosolutions/imageio-ext/imageio-ext-streams/1.1.17/imageio-ext-streams-1.1.17.jar
7f592b8d7000-7f592b8d9000 r--s 00008000 08:01 10624884                   /home/bcostes/.m2/repository/it/geosolutions/imageio-ext/imageio-ext-arcgrid/1.1.17/imageio-ext-arcgrid-1.1.17.jar
7f592b8d9000-7f592b8da000 r--s 00005000 08:01 10493662                   /home/bcostes/.m2/repository/org/geotools/gt-arcgrid/17.2/gt-arcgrid-17.2.jar
7f592b8da000-7f592b8db000 r--s 00007000 08:01 10493660                   /home/bcostes/.m2/repository/org/geotools/gt-geotiff/17.2/gt-geotiff-17.2.jar
7f592b8db000-7f592b8dd000 r--s 00015000 08:01 10493694                   /home/bcostes/.m2/repository/org/geotools/gt-data/17.2/gt-data-17.2.jar
7f592b8dd000-7f592b8e1000 r--s 00032000 08:01 10493692                   /home/bcostes/.m2/repository/org/geotools/gt-shapefile/17.2/gt-shapefile-17.2.jar
7f592b8e1000-7f592b8e3000 r--s 00023000 08:01 10488909                   /home/bcostes/.m2/repository/org/jdom/jdom/1.1.3/jdom-1.1.3.jar
7f592b8e3000-7f592b8fe000 r--s 00193000 08:01 10493601                   /home/bcostes/.m2/repository/org/geotools/gt-main/17.2/gt-main-17.2.jar
7f592b8fe000-7f592b904000 r--s 0002e000 08:01 10493599                   /home/bcostes/.m2/repository/org/geotools/gt-api/17.2/gt-api-17.2.jar
7f592b904000-7f592b915000 r--s 000b2000 08:01 10617967                   /home/bcostes/.m2/repository/com/vividsolutions/jts/1.13/jts-1.13.jar
7f592b915000-7f592b91d000 r--s 00028000 08:01 10620883                   /home/bcostes/.m2/repository/xml-apis/xml-apis/1.3.04/xml-apis-1.3.04.jar
7f592b91d000-7f592b91e000 r--s 00007000 08:01 10618821                   /home/bcostes/.m2/repository/net/sf/geographiclib/GeographicLib-Java/1.44/GeographicLib-Java-1.44.jar
7f592b91e000-7f592b91f000 r--s 00002000 08:01 10619252                   /home/bcostes/.m2/repository/jgridshift/jgridshift/1.0/jgridshift-1.0.jar
7f592b91f000-7f592b920000 ---p 00000000 00:00 0 
7f592b920000-7f592ba20000 rw-p 00000000 00:00 0 
7f592ba20000-7f592ba23000 ---p 00000000 00:00 0 
7f592ba23000-7f592bb21000 rw-p 00000000 00:00 0 
7f592bb21000-7f592bb24000 ---p 00000000 00:00 0 
7f592bb24000-7f592bc22000 rw-p 00000000 00:00 0 
7f592bc22000-7f592bc25000 ---p 00000000 00:00 0 
7f592bc25000-7f592bd23000 rw-p 00000000 00:00 0 
7f592bd23000-7f592c000000 r--p 00000000 08:01 11535545                   /usr/lib/locale/locale-archive
7f592c000000-7f592c021000 rw-p 00000000 00:00 0 
7f592c021000-7f5930000000 ---p 00000000 00:00 0 
7f5930000000-7f5930021000 rw-p 00000000 00:00 0 
7f5930021000-7f5934000000 ---p 00000000 00:00 0 
7f5934000000-7f5934021000 rw-p 00000000 00:00 0 
7f5934021000-7f5938000000 ---p 00000000 00:00 0 
7f5938000000-7f5938021000 rw-p 00000000 00:00 0 
7f5938021000-7f593c000000 ---p 00000000 00:00 0 
7f593c000000-7f593c021000 rw-p 00000000 00:00 0 
7f593c021000-7f5940000000 ---p 00000000 00:00 0 
7f5940000000-7f5940005000 r--s 0004f000 08:01 10617980                   /home/bcostes/.m2/repository/com/googlecode/efficient-java-matrix-library/core/0.26/core-0.26.jar
7f5940005000-7f5940015000 r--s 00116000 08:01 10493605                   /home/bcostes/.m2/repository/org/geotools/gt-referencing/17.2/gt-referencing-17.2.jar
7f5940015000-7f5940018000 r--s 00015000 08:01 10618733                   /home/bcostes/.m2/repository/commons-pool/commons-pool/1.5.4/commons-pool-1.5.4.jar
7f5940018000-7f594001b000 r--s 00014000 08:01 10618741                   /home/bcostes/.m2/repository/net/java/dev/jsr-275/jsr-275/1.0-beta-2/jsr-275-1.0-beta-2.jar
7f594001b000-7f5940029000 r--s 00048000 08:01 10493603                   /home/bcostes/.m2/repository/org/geotools/gt-opengis/17.2/gt-opengis-17.2.jar
7f5940029000-7f594002c000 r--s 00025000 08:01 10618701                   /home/bcostes/.m2/repository/commons-io/commons-io/2.1/commons-io-2.1.jar
7f594002c000-7f594002e000 r--s 00003000 08:01 10624877                   /home/bcostes/.m2/repository/it/geosolutions/jaiext/vectorbin/jt-vectorbin/1.0.15/jt-vectorbin-1.0.15.jar
7f594002e000-7f594002f000 r--s 00004000 08:01 10624875                   /home/bcostes/.m2/repository/it/geosolutions/jaiext/rlookup/jt-rlookup/1.0.15/jt-rlookup-1.0.15.jar
7f594002f000-7f5940030000 r--s 00004000 08:01 10624873                   /home/bcostes/.m2/repository/it/geosolutions/jaiext/classifier/jt-classifier/1.0.15/jt-classifier-1.0.15.jar
7f5940030000-7f5940031000 r--s 00008000 08:01 10624871                   /home/bcostes/.m2/repository/it/geosolutions/jaiext/piecewise/jt-piecewise/1.0.15/jt-piecewise-1.0.15.jar
7f5940031000-7f5940033000 r--s 00002000 08:01 10624869                   /home/bcostes/.m2/repository/it/geosolutions/jaiext/imagefunction/jt-imagefunction/1.0.15/jt-imagefunction-1.0.15.jar
7f5940033000-7f5940035000 r--s 00008000 08:01 10624867                   /home/bcostes/.m2/repository/it/geosolutions/jaiext/colorindexer/jt-colorindexer/1.0.15/jt-colorindexer-1.0.15.jar
7f5940035000-7f5940037000 r--s 00005000 08:01 10624865                   /home/bcostes/.m2/repository/it/geosolutions/jaiext/orderdither/jt-orderdither/1.0.15/jt-orderdither-1.0.15.jar
7f5940037000-7f5940038000 r--s 00004000 08:01 10624863                   /home/bcostes/.m2/repository/it/geosolutions/jaiext/errordiffusion/jt-errordiffusion/1.0.15/jt-errordiffusion-1.0.15.jar
7f5940038000-7f5940039000 r--s 0000f000 08:01 10624861                   /home/bcostes/.m2/repository/it/geosolutions/jaiext/colorconvert/jt-colorconvert/1.0.15/jt-colorconvert-1.0.15.jar
7f5940039000-7f594003a000 r--s 00001000 08:01 10624859                   /home/bcostes/.m2/repository/it/geosolutions/jaiext/format/jt-format/1.0.15/jt-format-1.0.15.jar
7f594003a000-7f594003b000 r--s 00003000 08:01 10624857                   /home/bcostes/.m2/repository/it/geosolutions/jaiext/binarize/jt-binarize/1.0.15/jt-binarize-1.0.15.jar
7f594003b000-7f594003d000 r--s 00007000 08:01 10624855                   /home/bcostes/.m2/repository/it/geosolutions/jaiext/zonal/jt-zonal/1.0.15/jt-zonal-1.0.15.jar
7f594003d000-7f594003e000 r--s 0000f000 08:01 10624853                   /home/bcostes/.m2/repository/it/geosolutions/jaiext/warp/jt-warp/1.0.15/jt-warp-1.0.15.jar
7f594003e000-7f5940041000 r--s 0001e000 08:01 10624851                   /home/bcostes/.m2/repository/it/geosolutions/jaiext/utilities/jt-utilities/1.0.15/jt-utilities-1.0.15.jar
7f5940041000-7f5940042000 r--s 00002000 08:01 10624849                   /home/bcostes/.m2/repository/it/geosolutions/jaiext/translate/jt-translate/1.0.15/jt-translate-1.0.15.jar
7f5940042000-7f594006d000 r--s 001f9000 08:01 10617919                   /home/bcostes/.m2/repository/com/google/guava/guava/17.0/guava-17.0.jar
7f594006d000-7f594006f000 r--s 00007000 08:01 10624847                   /home/bcostes/.m2/repository/it/geosolutions/jaiext/stats/jt-stats/1.0.15/jt-stats-1.0.15.jar
7f594006f000-7f5940071000 r--s 00014000 08:01 10624845                   /home/bcostes/.m2/repository/it/geosolutions/jaiext/scale/jt-scale/1.0.15/jt-scale-1.0.15.jar
7f5940071000-7f5940072000 r--s 00004000 08:01 10624843                   /home/bcostes/.m2/repository/it/geosolutions/jaiext/rescale/jt-rescale/1.0.15/jt-rescale-1.0.15.jar
7f5940072000-7f5940073000 r--s 00001000 08:01 10624841                   /home/bcostes/.m2/repository/it/geosolutions/jaiext/nullop/jt-nullop/1.0.15/jt-nullop-1.0.15.jar
7f5940073000-7f5940074000 r--s 00007000 08:01 10624839                   /home/bcostes/.m2/repository/it/geosolutions/jaiext/mosaic/jt-mosaic/1.0.15/jt-mosaic-1.0.15.jar
7f5940074000-7f5940075000 r--s 00009000 08:01 10624837                   /home/bcostes/.m2/repository/it/geosolutions/jaiext/lookup/jt-lookup/1.0.15/jt-lookup-1.0.15.jar
7f5940075000-7f5940076000 r--s 00005000 08:01 10624835                   /home/bcostes/.m2/repository/it/geosolutions/jaiext/iterators/jt-iterators/1.0.15/jt-iterators-1.0.15.jar
7f5940076000-7f5940077000 r--s 00002000 08:01 10624833                   /home/bcostes/.m2/repository/it/geosolutions/jaiext/crop/jt-crop/1.0.15/jt-crop-1.0.15.jar
7f5940077000-7f5940078000 r--s 00004000 08:01 10624831                   /home/bcostes/.m2/repository/it/geosolutions/jaiext/buffer/jt-buffer/1.0.15/jt-buffer-1.0.15.jar
7f5940078000-7f5940079000 r--s 00003000 08:01 10624829                   /home/bcostes/.m2/repository/it/geosolutions/jaiext/border/jt-border/1.0.15/jt-border-1.0.15.jar
7f5940079000-7f594007a000 r--s 00003000 08:01 10624827                   /home/bcostes/.m2/repository/it/geosolutions/jaiext/bandcombine/jt-bandcombine/1.0.15/jt-bandcombine-1.0.15.jar
7f594007a000-7f594007c000 r--s 00001000 08:01 10624825                   /home/bcostes/.m2/repository/it/geosolutions/jaiext/bandselect/jt-bandselect/1.0.15/jt-bandselect-1.0.15.jar
7f594007c000-7f594007e000 r--s 00007000 08:01 10624823                   /home/bcostes/.m2/repository/it/geosolutions/jaiext/bandmerge/jt-bandmerge/1.0.15/jt-bandmerge-1.0.15.jar
7f594007e000-7f5940080000 r--s 0000b000 08:01 10624821                   /home/bcostes/.m2/repository/it/geosolutions/jaiext/algebra/jt-algebra/1.0.15/jt-algebra-1.0.15.jar
7f5940080000-7f5940081000 r--s 0001c000 08:01 10624819                   /home/bcostes/.m2/repository/it/geosolutions/jaiext/affine/jt-affine/1.0.15/jt-affine-1.0.15.jar
7f5940081000-7f5940085000 r--s 0002e000 08:01 10488962                   /home/bcostes/.m2/repository/org/jaitools/jt-utils/1.4.0/jt-utils-1.4.0.jar
7f5940085000-7f5940086000 r--s 00004000 08:01 10488924                   /home/bcostes/.m2/repository/org/jaitools/jt-zonalstats/1.4.0/jt-zonalstats-1.4.0.jar
7f5940086000-7f594008a000 r--s 0003c000 08:01 10619186                   /home/bcostes/.m2/repository/javax/media/jai_codec/1.1.3/jai_codec-1.1.3.jar
7f594008a000-7f594008c000 r--s 00005000 08:01 10624815                   /home/bcostes/.m2/repository/it/geosolutions/imageio-ext/imageio-ext-geocore/1.1.17/imageio-ext-geocore-1.1.17.jar
7f594008c000-7f594008d000 r--s 00009000 08:01 10624813                   /home/bcostes/.m2/repository/it/geosolutions/imageio-ext/imageio-ext-utilities/1.1.17/imageio-ext-utilities-1.1.17.jar
7f594008d000-7f5940096000 r--s 0004a000 08:01 10624811                   /home/bcostes/.m2/repository/it/geosolutions/imageio-ext/imageio-ext-tiff/1.1.17/imageio-ext-tiff-1.1.17.jar
7f5940096000-7f59400a7000 r--s 00106000 08:01 10619179                   /home/bcostes/.m2/repository/javax/media/jai_imageio/1.1/jai_imageio-1.1.jar
7f59400a7000-7f59400af000 r--s 00089000 08:01 10493597                   /home/bcostes/.m2/repository/org/geotools/gt-coverage/17.2/gt-coverage-17.2.jar
7f59400af000-7f59400b2000 ---p 00000000 00:00 0 
7f59400b2000-7f59401b0000 rw-p 00000000 00:00 0 
7f59401b0000-7f59401b3000 ---p 00000000 00:00 0 
7f59401b3000-7f59402b1000 rw-p 00000000 00:00 0 
7f59402b1000-7f59402b4000 ---p 00000000 00:00 0 
7f59402b4000-7f59403b2000 rw-p 00000000 00:00 0 
7f59403b2000-7f59403b5000 ---p 00000000 00:00 0 
7f59403b5000-7f59404b3000 rw-p 00000000 00:00 0 
7f59404b3000-7f59404b4000 ---p 00000000 00:00 0 
7f59404b4000-7f5949000000 rw-p 00000000 00:00 0 
7f5949000000-7f5949c40000 rwxp 00000000 00:00 0 
7f5949c40000-7f5958000000 ---p 00000000 00:00 0 
7f5958000000-7f59590d9000 rw-p 00000000 00:00 0 
7f59590d9000-7f595c000000 ---p 00000000 00:00 0 
7f595c000000-7f595c005000 r--s 00017000 08:01 10488293                   /home/bcostes/.m2/repository/org/hibernate/javax/persistence/hibernate-jpa-2.1-api/1.0.0.Final/hibernate-jpa-2.1-api-1.0.0.Final.jar
7f595c005000-7f595c00e000 r--s 0006d000 08:01 10618505                   /home/bcostes/.m2/repository/log4j/log4j/1.2.16/log4j-1.2.16.jar
7f595c00e000-7f595c00f000 r--s 00002000 08:01 10618306                   /home/bcostes/.m2/repository/com/graphhopper/external/hmm-lib/1.0.0/hmm-lib-1.0.0.jar
7f595c00f000-7f595c013000 r--s 00021000 08:01 6820284                    /home/bcostes/workspace_hmmmatching/HMMSpatialNetworkMatcher/HMMSpatialNetworkMatcher/lib/SCPSolver.jar
7f595c013000-7f595c018000 r--s 00084000 08:01 10228912                   /home/bcostes/Documents/IGN/HmmMatching/eclipse/jdk1.8.0_144/jre/lib/jfr.jar
7f595c018000-7f595c01d000 r--s 002f9000 08:01 10228758                   /home/bcostes/Documents/IGN/HmmMatching/eclipse/jdk1.8.0_144/jre/lib/charsets.jar
7f595c01d000-7f595c5d4000 rw-p 00000000 00:00 0 
7f595c5d4000-7f595c7ae000 r--s 03d4d000 08:01 10228805                   /home/bcostes/Documents/IGN/HmmMatching/eclipse/jdk1.8.0_144/jre/lib/rt.jar
7f595c7ae000-7f595d824000 rw-p 00000000 00:00 0 
7f595d824000-7f595d825000 ---p 00000000 00:00 0 
7f595d825000-7f595d925000 rw-p 00000000 00:00 0 
7f595d925000-7f595d926000 ---p 00000000 00:00 0 
7f595d926000-7f595da26000 rw-p 00000000 00:00 0 
7f595da26000-7f595da27000 ---p 00000000 00:00 0 
7f595da27000-7f595db27000 rw-p 00000000 00:00 0 
7f595db27000-7f595db28000 ---p 00000000 00:00 0 
7f595db28000-7f595dc50000 rw-p 00000000 00:00 0 
7f595dc50000-7f595e17e000 ---p 00000000 00:00 0 
7f595e17e000-7f595e1a6000 rw-p 00000000 00:00 0 
7f595e1a6000-7f595e6d3000 ---p 00000000 00:00 0 
7f595e6d3000-7f595e92f000 rw-p 00000000 00:00 0 
7f595e92f000-7f595e97e000 ---p 00000000 00:00 0 
7f595e97e000-7f595e9b0000 rw-p 00000000 00:00 0 
7f595e9b0000-7f595ed3f000 ---p 00000000 00:00 0 
7f595ed3f000-7f595ed59000 r-xp 00000000 08:01 10228836                   /home/bcostes/Documents/IGN/HmmMatching/eclipse/jdk1.8.0_144/jre/lib/amd64/libzip.so
7f595ed59000-7f595ef59000 ---p 0001a000 08:01 10228836                   /home/bcostes/Documents/IGN/HmmMatching/eclipse/jdk1.8.0_144/jre/lib/amd64/libzip.so
7f595ef59000-7f595ef5a000 rw-p 0001a000 08:01 10228836                   /home/bcostes/Documents/IGN/HmmMatching/eclipse/jdk1.8.0_144/jre/lib/amd64/libzip.so
7f595ef5a000-7f595ef65000 r-xp 00000000 08:01 4725881                    /lib/x86_64-linux-gnu/libnss_files-2.23.so
7f595ef65000-7f595f164000 ---p 0000b000 08:01 4725881                    /lib/x86_64-linux-gnu/libnss_files-2.23.so
7f595f164000-7f595f165000 r--p 0000a000 08:01 4725881                    /lib/x86_64-linux-gnu/libnss_files-2.23.so
7f595f165000-7f595f166000 rw-p 0000b000 08:01 4725881                    /lib/x86_64-linux-gnu/libnss_files-2.23.so
7f595f166000-7f595f16c000 rw-p 00000000 00:00 0 
7f595f16c000-7f595f177000 r-xp 00000000 08:01 4725885                    /lib/x86_64-linux-gnu/libnss_nis-2.23.so
7f595f177000-7f595f376000 ---p 0000b000 08:01 4725885                    /lib/x86_64-linux-gnu/libnss_nis-2.23.so
7f595f376000-7f595f377000 r--p 0000a000 08:01 4725885                    /lib/x86_64-linux-gnu/libnss_nis-2.23.so
7f595f377000-7f595f378000 rw-p 0000b000 08:01 4725885                    /lib/x86_64-linux-gnu/libnss_nis-2.23.so
7f595f378000-7f595f38e000 r-xp 00000000 08:01 4723433                    /lib/x86_64-linux-gnu/libnsl-2.23.so
7f595f38e000-7f595f58d000 ---p 00016000 08:01 4723433                    /lib/x86_64-linux-gnu/libnsl-2.23.so
7f595f58d000-7f595f58e000 r--p 00015000 08:01 4723433                    /lib/x86_64-linux-gnu/libnsl-2.23.so
7f595f58e000-7f595f58f000 rw-p 00016000 08:01 4723433                    /lib/x86_64-linux-gnu/libnsl-2.23.so
7f595f58f000-7f595f591000 rw-p 00000000 00:00 0 
7f595f591000-7f595f599000 r-xp 00000000 08:01 4725876                    /lib/x86_64-linux-gnu/libnss_compat-2.23.so
7f595f599000-7f595f798000 ---p 00008000 08:01 4725876                    /lib/x86_64-linux-gnu/libnss_compat-2.23.so
7f595f798000-7f595f799000 r--p 00007000 08:01 4725876                    /lib/x86_64-linux-gnu/libnss_compat-2.23.so
7f595f799000-7f595f79a000 rw-p 00008000 08:01 4725876                    /lib/x86_64-linux-gnu/libnss_compat-2.23.so
7f595f79a000-7f595f7c5000 r-xp 00000000 08:01 10228863                   /home/bcostes/Documents/IGN/HmmMatching/eclipse/jdk1.8.0_144/jre/lib/amd64/libjava.so
7f595f7c5000-7f595f9c4000 ---p 0002b000 08:01 10228863                   /home/bcostes/Documents/IGN/HmmMatching/eclipse/jdk1.8.0_144/jre/lib/amd64/libjava.so
7f595f9c4000-7f595f9c6000 rw-p 0002a000 08:01 10228863                   /home/bcostes/Documents/IGN/HmmMatching/eclipse/jdk1.8.0_144/jre/lib/amd64/libjava.so
7f595f9c6000-7f595f9d3000 r-xp 00000000 08:01 10228814                   /home/bcostes/Documents/IGN/HmmMatching/eclipse/jdk1.8.0_144/jre/lib/amd64/libverify.so
7f595f9d3000-7f595fbd3000 ---p 0000d000 08:01 10228814                   /home/bcostes/Documents/IGN/HmmMatching/eclipse/jdk1.8.0_144/jre/lib/amd64/libverify.so
7f595fbd3000-7f595fbd5000 rw-p 0000d000 08:01 10228814                   /home/bcostes/Documents/IGN/HmmMatching/eclipse/jdk1.8.0_144/jre/lib/amd64/libverify.so
7f595fbd5000-7f595fbdc000 r-xp 00000000 08:01 4725886                    /lib/x86_64-linux-gnu/librt-2.23.so
7f595fbdc000-7f595fddb000 ---p 00007000 08:01 4725886                    /lib/x86_64-linux-gnu/librt-2.23.so
7f595fddb000-7f595fddc000 r--p 00006000 08:01 4725886                    /lib/x86_64-linux-gnu/librt-2.23.so
7f595fddc000-7f595fddd000 rw-p 00007000 08:01 4725886                    /lib/x86_64-linux-gnu/librt-2.23.so
7f595fddd000-7f595fee5000 r-xp 00000000 08:01 4723429                    /lib/x86_64-linux-gnu/libm-2.23.so
7f595fee5000-7f59600e4000 ---p 00108000 08:01 4723429                    /lib/x86_64-linux-gnu/libm-2.23.so
7f59600e4000-7f59600e5000 r--p 00107000 08:01 4723429                    /lib/x86_64-linux-gnu/libm-2.23.so
7f59600e5000-7f59600e6000 rw-p 00108000 08:01 4723429                    /lib/x86_64-linux-gnu/libm-2.23.so
7f59600e6000-7f5960db9000 r-xp 00000000 08:01 10228867                   /home/bcostes/Documents/IGN/HmmMatching/eclipse/jdk1.8.0_144/jre/lib/amd64/server/libjvm.so
7f5960db9000-7f5960fb8000 ---p 00cd3000 08:01 10228867                   /home/bcostes/Documents/IGN/HmmMatching/eclipse/jdk1.8.0_144/jre/lib/amd64/server/libjvm.so
7f5960fb8000-7f5961092000 rw-p 00cd2000 08:01 10228867                   /home/bcostes/Documents/IGN/HmmMatching/eclipse/jdk1.8.0_144/jre/lib/amd64/server/libjvm.so
7f5961092000-7f59610dd000 rw-p 00000000 00:00 0 
7f59610dd000-7f596129d000 r-xp 00000000 08:01 4725868                    /lib/x86_64-linux-gnu/libc-2.23.so
7f596129d000-7f596149d000 ---p 001c0000 08:01 4725868                    /lib/x86_64-linux-gnu/libc-2.23.so
7f596149d000-7f59614a1000 r--p 001c0000 08:01 4725868                    /lib/x86_64-linux-gnu/libc-2.23.so
7f59614a1000-7f59614a3000 rw-p 001c4000 08:01 4725868                    /lib/x86_64-linux-gnu/libc-2.23.so
7f59614a3000-7f59614a7000 rw-p 00000000 00:00 0 
7f59614a7000-7f59614aa000 r-xp 00000000 08:01 4725870                    /lib/x86_64-linux-gnu/libdl-2.23.so
7f59614aa000-7f59616a9000 ---p 00003000 08:01 4725870                    /lib/x86_64-linux-gnu/libdl-2.23.so
7f59616a9000-7f59616aa000 r--p 00002000 08:01 4725870                    /lib/x86_64-linux-gnu/libdl-2.23.so
7f59616aa000-7f59616ab000 rw-p 00003000 08:01 4725870                    /lib/x86_64-linux-gnu/libdl-2.23.so
7f59616ab000-7f59616c0000 r-xp 00000000 08:01 10227842                   /home/bcostes/Documents/IGN/HmmMatching/eclipse/jdk1.8.0_144/lib/amd64/jli/libjli.so
7f59616c0000-7f59618c0000 ---p 00015000 08:01 10227842                   /home/bcostes/Documents/IGN/HmmMatching/eclipse/jdk1.8.0_144/lib/amd64/jli/libjli.so
7f59618c0000-7f59618c1000 rw-p 00015000 08:01 10227842                   /home/bcostes/Documents/IGN/HmmMatching/eclipse/jdk1.8.0_144/lib/amd64/jli/libjli.so
7f59618c1000-7f59618d9000 r-xp 00000000 08:01 4725867                    /lib/x86_64-linux-gnu/libpthread-2.23.so
7f59618d9000-7f5961ad8000 ---p 00018000 08:01 4725867                    /lib/x86_64-linux-gnu/libpthread-2.23.so
7f5961ad8000-7f5961ad9000 r--p 00017000 08:01 4725867                    /lib/x86_64-linux-gnu/libpthread-2.23.so
7f5961ad9000-7f5961ada000 rw-p 00018000 08:01 4725867                    /lib/x86_64-linux-gnu/libpthread-2.23.so
7f5961ada000-7f5961ade000 rw-p 00000000 00:00 0 
7f5961ade000-7f5961b04000 r-xp 00000000 08:01 4725866                    /lib/x86_64-linux-gnu/ld-2.23.so
7f5961b04000-7f5961b05000 r--s 00151000 08:01 6820282                    /home/bcostes/workspace_hmmmatching/HMMSpatialNetworkMatcher/HMMSpatialNetworkMatcher/lib/LPSOLVESolverPack.jar
7f5961b05000-7f5961bd8000 rw-p 00000000 00:00 0 
7f5961bd8000-7f5961bdb000 ---p 00000000 00:00 0 
7f5961bdb000-7f5961cde000 rw-p 00000000 00:00 0 
7f5961cde000-7f5961ce1000 r--s 0001a000 08:01 10229067                   /home/bcostes/Documents/IGN/HmmMatching/eclipse/jdk1.8.0_144/jre/lib/jce.jar
7f5961ce1000-7f5961ce6000 r--s 0009a000 08:01 10228757                   /home/bcostes/Documents/IGN/HmmMatching/eclipse/jdk1.8.0_144/jre/lib/jsse.jar
7f5961ce6000-7f5961cf9000 r--s 00345000 08:01 10229037                   /home/bcostes/Documents/IGN/HmmMatching/eclipse/jdk1.8.0_144/jre/lib/resources.jar
7f5961cf9000-7f5961d01000 rw-s 00000000 08:01 395949                     /tmp/hsperfdata_bcostes/8400
7f5961d01000-7f5961d02000 rw-p 00000000 00:00 0 
7f5961d02000-7f5961d03000 r--p 00000000 00:00 0 
7f5961d03000-7f5961d04000 r--p 00025000 08:01 4725866                    /lib/x86_64-linux-gnu/ld-2.23.so
7f5961d04000-7f5961d05000 rw-p 00026000 08:01 4725866                    /lib/x86_64-linux-gnu/ld-2.23.so
7f5961d05000-7f5961d06000 rw-p 00000000 00:00 0 
7fff9917f000-7fff991a4000 rw-p 00000000 00:00 0                          [stack]
7fff991a4000-7fff991a7000 r--p 00000000 00:00 0                          [vvar]
7fff991a7000-7fff991a9000 r-xp 00000000 00:00 0                          [vdso]
ffffffffff600000-ffffffffff601000 r-xp 00000000 00:00 0                  [vsyscall]

VM Arguments:
jvm_args: -Djavax.net.ssl.trustStore=/home/bcostes/Documents/IGN/HmmMatching/eclipse/trust.jks -Djavax.net.ssl.keyStorePassword=leschiensaboient -Xmx4096M -Dfile.encoding=UTF-8 
java_command: fr.ign.cogit.HMMSpatialNetworkMatcher.matching.TempTest
java_class_path (initial): /home/bcostes/Documents/IGN/HmmMatching/eclipse/jdk1.8.0_144/jre/lib/resources.jar:/home/bcostes/Documents/IGN/HmmMatching/eclipse/jdk1.8.0_144/jre/lib/rt.jar:/home/bcostes/Documents/IGN/HmmMatching/eclipse/jdk1.8.0_144/jre/lib/jsse.jar:/home/bcostes/Documents/IGN/HmmMatching/eclipse/jdk1.8.0_144/jre/lib/jce.jar:/home/bcostes/Documents/IGN/HmmMatching/eclipse/jdk1.8.0_144/jre/lib/charsets.jar:/home/bcostes/Documents/IGN/HmmMatching/eclipse/jdk1.8.0_144/jre/lib/jfr.jar:/home/bcostes/Documents/IGN/HmmMatching/eclipse/jdk1.8.0_144/jre/lib/ext/jfxrt.jar:/home/bcostes/Documents/IGN/HmmMatching/eclipse/jdk1.8.0_144/jre/lib/ext/jaccess.jar:/home/bcostes/Documents/IGN/HmmMatching/eclipse/jdk1.8.0_144/jre/lib/ext/dnsns.jar:/home/bcostes/Documents/IGN/HmmMatching/eclipse/jdk1.8.0_144/jre/lib/ext/sunjce_provider.jar:/home/bcostes/Documents/IGN/HmmMatching/eclipse/jdk1.8.0_144/jre/lib/ext/nashorn.jar:/home/bcostes/Documents/IGN/HmmMatching/eclipse/jdk1.8.0_144/jre/lib/ext/sunec.jar:/home/bcostes/Documents/IGN/HmmMatching/eclipse/jdk1.8.0_144/jre/lib/ext/cldrdata.jar:/home/bcostes/Documents/IGN/HmmMatching/eclipse/jdk1.8.0_144/jre/lib/ext/sunpkcs11.jar:/home/bcostes/Documents/IGN/HmmMatching/eclipse/jdk1.8.0_144/jre/lib/ext/zipfs.jar:/home/bcostes/Documents/IGN/HmmMatching/eclipse/jdk1.8.0_144/jre/lib/ext/localedata.jar:/home/bcostes/workspace_hmmmatching/HMMSpatialNetworkMatcher/HMMSpatialNetworkMatcher/target/classes:/home/bcostes/workspace_hmmmatching/HMMSpatialNetworkMatcher/HMMSpatialNetworkMatcher/lib/LPSOLVESolverPack.jar:/home/bcostes/workspace_hmmmatching/HMMSpatialNetworkMatcher/HMMSpatialNetworkMatcher/lib/SCPSolver.jar:/home/bcostes/.m2/repository/com/graphhopper/external/hmm-lib/1.0.0/hmm-lib-1.0.0.jar:/home/bcostes/workspace_hmmmatching/geoxygene/geoxygene-feature/target/classes:/home/bcostes/.m2/repository/log4j/log4j/1.2.16/log4j-1.2.16.jar:/home/bcostes/.m2/repository/org/hibernate/javax/persistence/hibernate-jpa-2.1-api/1.0.0.Final/
Launcher Type: SUN_STANDARD

Environment Variables:
PATH=/home/bcostes/bin:/home/bcostes/.local/bin:/usr/local/sbin:/usr/local/bin:/usr/sbin:/usr/bin:/sbin:/bin:/usr/games:/usr/local/games:/snap/bin
SHELL=/bin/bash
DISPLAY=:0

Signal Handlers:
SIGSEGV: [libjvm.so+0xacba10], sa_mask[0]=11111111011111111101111111111110, sa_flags=SA_RESTART|SA_SIGINFO
SIGBUS: [libjvm.so+0xacba10], sa_mask[0]=11111111011111111101111111111110, sa_flags=SA_RESTART|SA_SIGINFO
SIGFPE: [libjvm.so+0x924ba0], sa_mask[0]=11111111011111111101111111111110, sa_flags=SA_RESTART|SA_SIGINFO
SIGPIPE: [libjvm.so+0x924ba0], sa_mask[0]=11111111011111111101111111111110, sa_flags=SA_RESTART|SA_SIGINFO
SIGXFSZ: [libjvm.so+0x924ba0], sa_mask[0]=11111111011111111101111111111110, sa_flags=SA_RESTART|SA_SIGINFO
SIGILL: [libjvm.so+0x924ba0], sa_mask[0]=11111111011111111101111111111110, sa_flags=SA_RESTART|SA_SIGINFO
SIGUSR1: SIG_DFL, sa_mask[0]=00000000000000000000000000000000, sa_flags=none
SIGUSR2: [libjvm.so+0x9263e0], sa_mask[0]=00100000000000000000000000000000, sa_flags=SA_RESTART|SA_SIGINFO
SIGHUP: [libjvm.so+0x9277e0], sa_mask[0]=11111111011111111101111111111110, sa_flags=SA_RESTART|SA_SIGINFO
SIGINT: [libjvm.so+0x9277e0], sa_mask[0]=11111111011111111101111111111110, sa_flags=SA_RESTART|SA_SIGINFO
SIGTERM: [libjvm.so+0x9277e0], sa_mask[0]=11111111011111111101111111111110, sa_flags=SA_RESTART|SA_SIGINFO
SIGQUIT: [libjvm.so+0x9277e0], sa_mask[0]=11111111011111111101111111111110, sa_flags=SA_RESTART|SA_SIGINFO


---------------  S Y S T E M  ---------------

OS:DISTRIB_ID=Ubuntu
DISTRIB_RELEASE=16.04
DISTRIB_CODENAME=xenial
DISTRIB_DESCRIPTION="Ubuntu 16.04.4 LTS"

uname:Linux 4.4.0-119-generic #143-Ubuntu SMP Mon Apr 2 16:08:24 UTC 2018 x86_64
libc:glibc 2.23 NPTL 2.23 
rlimit: STACK 8192k, CORE 0k, NPROC 30485, NOFILE 1048576, AS infinity
load average:1,79 1,62 1,38

/proc/meminfo:
MemTotal:        7845404 kB
MemFree:          627256 kB
MemAvailable:    2203988 kB
Buffers:          145416 kB
Cached:          1955880 kB
SwapCached:            0 kB
Active:          5669320 kB
Inactive:        1265764 kB
Active(anon):    4844108 kB
Inactive(anon):   336408 kB
Active(file):     825212 kB
Inactive(file):   929356 kB
Unevictable:          80 kB
Mlocked:              80 kB
SwapTotal:       8052732 kB
SwapFree:        8052732 kB
Dirty:               744 kB
Writeback:             0 kB
AnonPages:       4834088 kB
Mapped:           574880 kB
Shmem:            346560 kB
Slab:             135872 kB
SReclaimable:      91156 kB
SUnreclaim:        44716 kB
KernelStack:       12832 kB
PageTables:        52888 kB
NFS_Unstable:          0 kB
Bounce:                0 kB
WritebackTmp:          0 kB
CommitLimit:    11975432 kB
Committed_AS:   11527760 kB
VmallocTotal:   34359738367 kB
VmallocUsed:           0 kB
VmallocChunk:          0 kB
HardwareCorrupted:     0 kB
AnonHugePages:         0 kB
CmaTotal:              0 kB
CmaFree:               0 kB
HugePages_Total:       0
HugePages_Free:        0
HugePages_Rsvd:        0
HugePages_Surp:        0
Hugepagesize:       2048 kB
DirectMap4k:      131244 kB
DirectMap2M:     3729408 kB
DirectMap1G:     5242880 kB


CPU:total 4 (initial active 4) (4 cores per cpu, 1 threads per core) family 6 model 94 stepping 3, cmov, cx8, fxsr, mmx, sse, sse2, sse3, ssse3, sse4.1, sse4.2, popcnt, avx, avx2, aes, clmul, erms, rtm, 3dnowpref, lzcnt, tsc, tscinvbit, bmi1, bmi2, adx

/proc/cpuinfo:
processor	: 0
vendor_id	: GenuineIntel
cpu family	: 6
model		: 94
model name	: Intel(R) Core(TM) i5-6440HQ CPU @ 2.60GHz
stepping	: 3
microcode	: 0xc2
cpu MHz		: 3055.203
cache size	: 6144 KB
physical id	: 0
siblings	: 4
core id		: 0
cpu cores	: 4
apicid		: 0
initial apicid	: 0
fpu		: yes
fpu_exception	: yes
cpuid level	: 22
wp		: yes
flags		: fpu vme de pse tsc msr pae mce cx8 apic sep mtrr pge mca cmov pat pse36 clflush dts acpi mmx fxsr sse sse2 ss ht tm pbe syscall nx pdpe1gb rdtscp lm constant_tsc art arch_perfmon pebs bts rep_good nopl xtopology nonstop_tsc aperfmperf eagerfpu pni pclmulqdq dtes64 monitor ds_cpl vmx smx est tm2 ssse3 sdbg fma cx16 xtpr pdcm pcid sse4_1 sse4_2 x2apic movbe popcnt tsc_deadline_timer aes xsave avx f16c rdrand lahf_lm abm 3dnowprefetch epb invpcid_single intel_pt rsb_ctxsw spec_ctrl retpoline kaiser tpr_shadow vnmi flexpriority ept vpid fsgsbase tsc_adjust bmi1 hle avx2 smep bmi2 erms invpcid rtm mpx rdseed adx smap clflushopt xsaveopt xsavec xgetbv1 dtherm ida arat pln pts hwp hwp_notify hwp_act_window hwp_epp
bugs		: cpu_meltdown spectre_v1 spectre_v2
bogomips	: 5184.12
clflush size	: 64
cache_alignment	: 64
address sizes	: 39 bits physical, 48 bits virtual
power management:

processor	: 1
vendor_id	: GenuineIntel
cpu family	: 6
model		: 94
model name	: Intel(R) Core(TM) i5-6440HQ CPU @ 2.60GHz
stepping	: 3
microcode	: 0xc2
cpu MHz		: 3049.109
cache size	: 6144 KB
physical id	: 0
siblings	: 4
core id		: 1
cpu cores	: 4
apicid		: 2
initial apicid	: 2
fpu		: yes
fpu_exception	: yes
cpuid level	: 22
wp		: yes
flags		: fpu vme de pse tsc msr pae mce cx8 apic sep mtrr pge mca cmov pat pse36 clflush dts acpi mmx fxsr sse sse2 ss ht tm pbe syscall nx pdpe1gb rdtscp lm constant_tsc art arch_perfmon pebs bts rep_good nopl xtopology nonstop_tsc aperfmperf eagerfpu pni pclmulqdq dtes64 monitor ds_cpl vmx smx est tm2 ssse3 sdbg fma cx16 xtpr pdcm pcid sse4_1 sse4_2 x2apic movbe popcnt tsc_deadline_timer aes xsave avx f16c rdrand lahf_lm abm 3dnowprefetch epb invpcid_single intel_pt rsb_ctxsw spec_ctrl retpoline kaiser tpr_shadow vnmi flexpriority ept vpid fsgsbase tsc_adjust bmi1 hle avx2 smep bmi2 erms invpcid rtm mpx rdseed adx smap clflushopt xsaveopt xsavec xgetbv1 dtherm ida arat pln pts hwp hwp_notify hwp_act_window hwp_epp
bugs		: cpu_meltdown spectre_v1 spectre_v2
bogomips	: 5184.12
clflush size	: 64
cache_alignment	: 64
address sizes	: 39 bits physical, 48 bits virtual
power management:

processor	: 2
vendor_id	: GenuineIntel
cpu family	: 6
model		: 94
model name	: Intel(R) Core(TM) i5-6440HQ CPU @ 2.60GHz
stepping	: 3
microcode	: 0xc2
cpu MHz		: 3077.851
cache size	: 6144 KB
physical id	: 0
siblings	: 4
core id		: 2
cpu cores	: 4
apicid		: 4
initial apicid	: 4
fpu		: yes
fpu_exception	: yes
cpuid level	: 22
wp		: yes
flags		: fpu vme de pse tsc msr pae mce cx8 apic sep mtrr pge mca cmov pat pse36 clflush dts acpi mmx fxsr sse sse2 ss ht tm pbe syscall nx pdpe1gb rdtscp lm constant_tsc art arch_perfmon pebs bts rep_good nopl xtopology nonstop_tsc aperfmperf eagerfpu pni pclmulqdq dtes64 monitor ds_cpl vmx smx est tm2 ssse3 sdbg fma cx16 xtpr pdcm pcid sse4_1 sse4_2 x2apic movbe popcnt tsc_deadline_timer aes xsave avx f16c rdrand lahf_lm abm 3dnowprefetch epb invpcid_single intel_pt rsb_ctxsw spec_ctrl retpoline kaiser tpr_shadow vnmi flexpriority ept vpid fsgsbase tsc_adjust bmi1 hle avx2 smep bmi2 erms invpcid rtm mpx rdseed adx smap clflushopt xsaveopt xsavec xgetbv1 dtherm ida arat pln pts hwp hwp_notify hwp_act_window hwp_epp
bugs		: cpu_meltdown spectre_v1 spectre_v2
bogomips	: 5184.12
clflush size	: 64
cache_alignment	: 64
address sizes	: 39 bits physical, 48 bits virtual
power management:

processor	: 3
vendor_id	: GenuineIntel
cpu family	: 6
model		: 94
model name	: Intel(R) Core(TM) i5-6440HQ CPU @ 2.60GHz
stepping	: 3
microcode	: 0xc2
cpu MHz		: 3071.453
cache size	: 6144 KB
physical id	: 0
siblings	: 4
core id		: 3
cpu cores	: 4
apicid		: 6
initial apicid	: 6
fpu		: yes
fpu_exception	: yes
cpuid level	: 22
wp		: yes
flags		: fpu vme de pse tsc msr pae mce cx8 apic sep mtrr pge mca cmov pat pse36 clflush dts acpi mmx fxsr sse sse2 ss ht tm pbe syscall nx pdpe1gb rdtscp lm constant_tsc art arch_perfmon pebs bts rep_good nopl xtopology nonstop_tsc aperfmperf eagerfpu pni pclmulqdq dtes64 monitor ds_cpl vmx smx est tm2 ssse3 sdbg fma cx16 xtpr pdcm pcid sse4_1 sse4_2 x2apic movbe popcnt tsc_deadline_timer aes xsave avx f16c rdrand lahf_lm abm 3dnowprefetch epb invpcid_single intel_pt rsb_ctxsw spec_ctrl retpoline kaiser tpr_shadow vnmi flexpriority ept vpid fsgsbase tsc_adjust bmi1 hle avx2 smep bmi2 erms invpcid rtm mpx rdseed adx smap clflushopt xsaveopt xsavec xgetbv1 dtherm ida arat pln pts hwp hwp_notify hwp_act_window hwp_epp
bugs		: cpu_meltdown spectre_v1 spectre_v2
bogomips	: 5184.12
clflush size	: 64
cache_alignment	: 64
address sizes	: 39 bits physical, 48 bits virtual
power management:



Memory: 4k page, physical 7845404k(627256k free), swap 8052732k(8052732k free)

vm_info: Java HotSpot(TM) 64-Bit Server VM (25.144-b01) for linux-amd64 JRE (1.8.0_144-b01), built on Jul 21 2017 21:57:33 by "java_re" with gcc 4.3.0 20080428 (Red Hat 4.3.0-8)

time: Thu Apr 12 10:54:52 2018
elapsed time: 81 seconds (0d 0h 1m 21s)

