#
# A fatal error has been detected by the Java Runtime Environment:
#
#  SIGSEGV (0xb) at pc=0x0000000000020a36, pid=7991, tid=0x00007fbe3e1d7700
#
# JRE version: Java(TM) SE Runtime Environment (8.0_144-b01) (build 1.8.0_144-b01)
# Java VM: Java HotSpot(TM) 64-Bit Server VM (25.144-b01 mixed mode linux-amd64 compressed oops)
# Problematic frame:
# C  0x0000000000020a36
#
# Failed to write core dump. Core dumps have been disabled. To enable core dumping, try "ulimit -c unlimited" before starting Java again
#
# If you would like to submit a bug report, please visit:
#   http://bugreport.java.com/bugreport/crash.jsp
# The crash happened outside the Java Virtual Machine in native code.
# See problematic frame for where to report the bug.
#

---------------  T H R E A D  ---------------

Current thread (0x00007fbe38012800):  JavaThread "main" [_thread_in_native, id=7996, stack(0x00007fbe3e0d7000,0x00007fbe3e1d8000)]

siginfo: si_signo: 11 (SIGSEGV), si_code: 1 (SEGV_MAPERR), si_addr: 0x0000000000020a36

Registers:
RAX=0x0000000000000000, RBX=0x00007fbde7450ce8, RCX=0x0000000000000031, RDX=0x0000000000000031
RSP=0x00007fbe3e1d6418, RBP=0x00007fbe3e1d6470, RSI=0x0000000000000031, RDI=0x0000000000000000
R8 =0x000000000000007d, R9 =0x00000000d835dd20, R10=0x00007fbe28181a08, R11=0x00007fbe3cfacfa0
R12=0x0000000000000000, R13=0x00007fbde7450ce0, R14=0x00007fbe3e1d64f8, R15=0x00007fbe38012800
RIP=0x0000000000020a36, EFLAGS=0x0000000000010202, CSGSFS=0x0000000000000033, ERR=0x0000000000000014
  TRAPNO=0x000000000000000e

Top of Stack: (sp=0x00007fbe3e1d6418)
0x00007fbe3e1d6418:   00007fbde709deda 00007fbe3e1d6488
0x00007fbe3e1d6428:   0000000000000031 00007fbe3e1d64e0
0x00007fbe3e1d6438:   00007fbe380129f8 00007fbe3e1d64b0
0x00007fbe3e1d6448:   00007fbe3e1d6448 0000000000000000
0x00007fbe3e1d6458:   0000000000000000 00007fbde7448310
0x00007fbe3e1d6468:   00007fbde7450ce8 00007fbe3e1d64d0
0x00007fbe3e1d6478:   00007fbe28181a34 00007fbe3e1d6498
0x00007fbe3e1d6488:   00007fbe3e1d64e0 00007fbe3e1d6490
0x00007fbe3e1d6498:   0000000000000000 00007fbe3e1d64f8
0x00007fbe3e1d64a8:   00007fbde745a428 0000000000000000
0x00007fbe3e1d64b8:   00007fbde7450ce8 0000000000000000
0x00007fbe3e1d64c8:   00007fbe3e1d64f0 00007fbe3e1d6548
0x00007fbe3e1d64d8:   00007fbe28172040 00000000d6309588
0x00007fbe3e1d64e8:   00007fbe2817b53b 0000000000000031
0x00007fbe3e1d64f8:   0000000000000000 00000000f4b10528
0x00007fbe3e1d6508:   00007fbe3e1d6508 00007fbde74430c1
0x00007fbe3e1d6518:   00007fbe3e1d6580 00007fbde7443ac0
0x00007fbe3e1d6528:   0000000000000000 00007fbde7443398
0x00007fbe3e1d6538:   00007fbe3e1d64f0 00007fbe3e1d6578
0x00007fbe3e1d6548:   00007fbe3e1d65c8 00007fbe28172114
0x00007fbe3e1d6558:   0000000000000000 0000000000000000
0x00007fbe3e1d6568:   0000000000000000 0000000000000000
0x00007fbe3e1d6578:   00000000d835e450 00000000f4b10528
0x00007fbe3e1d6588:   00007fbe3e1d6588 00007fbde743cb5f
0x00007fbe3e1d6598:   00007fbe3e1d65f8 00007fbde743d740
0x00007fbe3e1d65a8:   0000000000000000 00007fbde743cb78
0x00007fbe3e1d65b8:   00007fbe3e1d6578 00007fbe3e1d65f0
0x00007fbe3e1d65c8:   00007fbe3e1d6640 00007fbe28172040
0x00007fbe3e1d65d8:   0000000000000000 0000000000000000
0x00007fbe3e1d65e8:   00000000d835e450 00000000f4b10528
0x00007fbe3e1d65f8:   00000000d71bf028 00007fbe3e1d6600
0x00007fbe3e1d6608:   00007fbde743cc04 00007fbe3e1d6650 

Instructions: (pc=0x0000000000020a36)
0x0000000000020a16:   
[error occurred during error reporting (printing registers, top of stack, instructions near pc), id 0xb]

Register to memory mapping:

RAX=0x0000000000000000 is an unknown value
RBX={method} {0x00007fbde7450ce8} 'makeLp' '(II)Llpsolve/LpSolve;' in 'lpsolve/LpSolve'
RCX=0x0000000000000031 is an unknown value
RDX=0x0000000000000031 is an unknown value
RSP=0x00007fbe3e1d6418 is pointing into the stack for thread: 0x00007fbe38012800
RBP=0x00007fbe3e1d6470 is pointing into the stack for thread: 0x00007fbe38012800
RSI=0x0000000000000031 is an unknown value
RDI=0x0000000000000000 is an unknown value
R8 =0x000000000000007d is an unknown value
R9 =0x00000000d835dd20 is an oop
java.util.HashMap$Node 
 - klass: 'java/util/HashMap$Node'
R10=0x00007fbe28181a08 is at code_begin+808 in an Interpreter codelet
method entry point (kind = native)  [0x00007fbe281816e0, 0x00007fbe28181fe0]  2304 bytes
R11=0x00007fbe3cfacfa0: <offset 0x9c7fa0> in /home/bcostes/Documents/IGN/HmmMatching/eclipse/jdk1.8.0_144/jre/lib/amd64/server/libjvm.so at 0x00007fbe3c5e5000
R12=0x0000000000000000 is an unknown value
R13=0x00007fbde7450ce0 is pointing into metadata
R14=0x00007fbe3e1d64f8 is pointing into the stack for thread: 0x00007fbe38012800
R15=0x00007fbe38012800 is a thread


Stack: [0x00007fbe3e0d7000,0x00007fbe3e1d8000],  sp=0x00007fbe3e1d6418,  free space=1021k
Native frames: (J=compiled Java code, j=interpreted, Vv=VM code, C=native code)
C  0x0000000000020a36
j  lpsolve.LpSolve.makeLp(II)Llpsolve/LpSolve;+0
j  scpsolver.lpsolver.LPSOLVESolver.solve(Lscpsolver/problems/LinearProgram;)[D+33
j  scpsolver.problems.LPWizard.solve(Lscpsolver/lpsolver/LinearProgramSolver;)Lscpsolver/problems/LPSolution;+7
j  scpsolver.problems.LPWizard.solve()Lscpsolver/problems/LPSolution;+4
j  fr.ign.cogit.HMMSpatialNetworkMatcher.matching.postProcessStrategy.OptimizationPostStratregy.simplify(Ljava/util/Map;)Ljava/util/Map;+2124
j  fr.ign.cogit.HMMSpatialNetworkMatcher.matching.core.HMMMatchingProcess.match()V+258
j  fr.ign.cogit.HMMSpatialNetworkMatcher.matching.HMMMatchingLauncher.lauchMatchingProcess()V+138
j  fr.ign.cogit.HMMSpatialNetworkMatcher.matching.TempTest.main([Ljava/lang/String;)V+96
v  ~StubRoutines::call_stub
V  [libjvm.so+0x693e96]  JavaCalls::call_helper(JavaValue*, methodHandle*, JavaCallArguments*, Thread*)+0x1056
V  [libjvm.so+0x6d52b2]  jni_invoke_static(JNIEnv_*, JavaValue*, _jobject*, JNICallType, _jmethodID*, JNI_ArgumentPusher*, Thread*)+0x362
V  [libjvm.so+0x6f1b1a]  jni_CallStaticVoidMethod+0x17a
C  [libjli.so+0x7bdf]  JavaMain+0x81f
C  [libpthread.so.0+0x76ba]  start_thread+0xca

Java frames: (J=compiled Java code, j=interpreted, Vv=VM code)
j  lpsolve.LpSolve.makeLp(II)Llpsolve/LpSolve;+0
j  scpsolver.lpsolver.LPSOLVESolver.solve(Lscpsolver/problems/LinearProgram;)[D+33
j  scpsolver.problems.LPWizard.solve(Lscpsolver/lpsolver/LinearProgramSolver;)Lscpsolver/problems/LPSolution;+7
j  scpsolver.problems.LPWizard.solve()Lscpsolver/problems/LPSolution;+4
j  fr.ign.cogit.HMMSpatialNetworkMatcher.matching.postProcessStrategy.OptimizationPostStratregy.simplify(Ljava/util/Map;)Ljava/util/Map;+2124
j  fr.ign.cogit.HMMSpatialNetworkMatcher.matching.core.HMMMatchingProcess.match()V+258
j  fr.ign.cogit.HMMSpatialNetworkMatcher.matching.HMMMatchingLauncher.lauchMatchingProcess()V+138
j  fr.ign.cogit.HMMSpatialNetworkMatcher.matching.TempTest.main([Ljava/lang/String;)V+96
v  ~StubRoutines::call_stub

---------------  P R O C E S S  ---------------

Java Threads: ( => current thread )
  0x00007fbe380db800 JavaThread "Service Thread" daemon [_thread_blocked, id=8008, stack(0x00007fbe20aa8000,0x00007fbe20ba9000)]
  0x00007fbe380c6800 JavaThread "C1 CompilerThread2" daemon [_thread_blocked, id=8007, stack(0x00007fbe20ba9000,0x00007fbe20caa000)]
  0x00007fbe380c4800 JavaThread "C2 CompilerThread1" daemon [_thread_blocked, id=8006, stack(0x00007fbe20caa000,0x00007fbe20dab000)]
  0x00007fbe380c1800 JavaThread "C2 CompilerThread0" daemon [_thread_blocked, id=8005, stack(0x00007fbe20dab000,0x00007fbe20eac000)]
  0x00007fbe380c0000 JavaThread "Signal Dispatcher" daemon [_thread_blocked, id=8004, stack(0x00007fbe20eac000,0x00007fbe20fad000)]
  0x00007fbe3808d000 JavaThread "Finalizer" daemon [_thread_blocked, id=8003, stack(0x00007fbe2128a000,0x00007fbe2138b000)]
  0x00007fbe38088000 JavaThread "Reference Handler" daemon [_thread_blocked, id=8002, stack(0x00007fbe2138b000,0x00007fbe2148c000)]
=>0x00007fbe38012800 JavaThread "main" [_thread_in_native, id=7996, stack(0x00007fbe3e0d7000,0x00007fbe3e1d8000)]

Other Threads:
  0x00007fbe38080800 VMThread [stack: 0x00007fbe2148c000,0x00007fbe2158d000] [id=8001]
  0x00007fbe380e7000 WatcherThread [stack: 0x00007fbe209a7000,0x00007fbe20aa8000] [id=8009]

VM state:not at safepoint (normal execution)

VM Mutex/Monitor currently owned by a thread: None

Heap:
 PSYoungGen      total 93184K, used 49779K [0x00000000d5580000, 0x00000000f4d00000, 0x0000000100000000)
  eden space 91648K, 52% used [0x00000000d5580000,0x00000000d84a4c18,0x00000000daf00000)
  from space 1536K, 97% used [0x00000000f4b00000,0x00000000f4c78020,0x00000000f4c80000)
  to   space 512K, 0% used [0x00000000f4c80000,0x00000000f4c80000,0x00000000f4d00000)
 ParOldGen       total 81920K, used 78711K [0x0000000080000000, 0x0000000085000000, 0x00000000d5580000)
  object space 81920K, 96% used [0x0000000080000000,0x0000000084cddcb0,0x0000000085000000)
 Metaspace       used 14266K, capacity 14578K, committed 14848K, reserved 1062912K
  class space    used 1636K, capacity 1737K, committed 1792K, reserved 1048576K

Card table byte_map: [0x00007fbe279a9000,0x00007fbe27daa000] byte_map_base: 0x00007fbe275a9000

Marking Bits: (ParMarkBitMap*) 0x00007fbe3d5aedc0
 Begin Bits: [0x00007fbe232fa000, 0x00007fbe252fa000)
 End Bits:   [0x00007fbe252fa000, 0x00007fbe272fa000)

Polling page: 0x00007fbe3e201000

CodeCache: size=245760Kb used=10071Kb max_used=12937Kb free=235688Kb
 bounds [0x00007fbe2816a000, 0x00007fbe28eda000, 0x00007fbe3716a000]
 total_blobs=2786 nmethods=2378 adapters=321
 compilation: enabled

Compilation events (10 events):
Event: 78,229 Thread 0x00007fbe380c6800 nmethod 3485 0x00007fbe2871e5d0 code [0x00007fbe2871e740, 0x00007fbe2871e8c8]
Event: 78,229 Thread 0x00007fbe380c6800 3487       3       java.util.ArrayList$SubList$1::hasNext (20 bytes)
Event: 78,230 Thread 0x00007fbe380c6800 nmethod 3487 0x00007fbe28b76190 code [0x00007fbe28b76300, 0x00007fbe28b764b0]
Event: 78,230 Thread 0x00007fbe380c6800 3488       3       java.util.ArrayList$SubList$1::next (79 bytes)
Event: 78,230 Thread 0x00007fbe380c6800 nmethod 3488 0x00007fbe28c58150 code [0x00007fbe28c58300, 0x00007fbe28c58868]
Event: 78,243 Thread 0x00007fbe380c4800 nmethod 3489 0x00007fbe289cc790 code [0x00007fbe289ccae0, 0x00007fbe289cde10]
Event: 78,248 Thread 0x00007fbe380c1800 nmethod 3483 0x00007fbe28b78c10 code [0x00007fbe28b78f00, 0x00007fbe28b7a348]
Event: 78,254 Thread 0x00007fbe380c6800 3490 % !   3       scpsolver.lpsolver.SolverFactory::loadLibrary @ 363 (865 bytes)
Event: 78,259 Thread 0x00007fbe380c6800 nmethod 3490% 0x00007fbe28bf7010 code [0x00007fbe28bf7f40, 0x00007fbe28c03888]
Event: 78,262 Thread 0x00007fbe380c6800 3492   !   3       scpsolver.util.SparseVector::getIndex (292 bytes)

GC Heap History (10 events):
Event: 76,974 GC heap before
{Heap before GC invocations=179 (full 0):
 PSYoungGen      total 110080K, used 109664K [0x00000000d5580000, 0x00000000f4e80000, 0x0000000100000000)
  eden space 109568K, 100% used [0x00000000d5580000,0x00000000dc080000,0x00000000dc080000)
  from space 512K, 18% used [0x00000000f4e00000,0x00000000f4e18000,0x00000000f4e80000)
  to   space 1536K, 0% used [0x00000000f4b80000,0x00000000f4b80000,0x00000000f4d00000)
 ParOldGen       total 81920K, used 76899K [0x0000000080000000, 0x0000000085000000, 0x00000000d5580000)
  object space 81920K, 93% used [0x0000000080000000,0x0000000084b18d80,0x0000000085000000)
 Metaspace       used 13976K, capacity 14256K, committed 14592K, reserved 1062912K
  class space    used 1605K, capacity 1672K, committed 1792K, reserved 1048576K
Event: 76,975 GC heap after
Heap after GC invocations=179 (full 0):
 PSYoungGen      total 107008K, used 304K [0x00000000d5580000, 0x00000000f4e80000, 0x0000000100000000)
  eden space 105472K, 0% used [0x00000000d5580000,0x00000000d5580000,0x00000000dbc80000)
  from space 1536K, 19% used [0x00000000f4b80000,0x00000000f4bcc010,0x00000000f4d00000)
  to   space 1024K, 0% used [0x00000000f4d80000,0x00000000f4d80000,0x00000000f4e80000)
 ParOldGen       total 81920K, used 76915K [0x0000000080000000, 0x0000000085000000, 0x00000000d5580000)
  object space 81920K, 93% used [0x0000000080000000,0x0000000084b1cd80,0x0000000085000000)
 Metaspace       used 13976K, capacity 14256K, committed 14592K, reserved 1062912K
  class space    used 1605K, capacity 1672K, committed 1792K, reserved 1048576K
}
Event: 77,166 GC heap before
{Heap before GC invocations=180 (full 0):
 PSYoungGen      total 107008K, used 105776K [0x00000000d5580000, 0x00000000f4e80000, 0x0000000100000000)
  eden space 105472K, 100% used [0x00000000d5580000,0x00000000dbc80000,0x00000000dbc80000)
  from space 1536K, 19% used [0x00000000f4b80000,0x00000000f4bcc010,0x00000000f4d00000)
  to   space 1024K, 0% used [0x00000000f4d80000,0x00000000f4d80000,0x00000000f4e80000)
 ParOldGen       total 81920K, used 76915K [0x0000000080000000, 0x0000000085000000, 0x00000000d5580000)
  object space 81920K, 93% used [0x0000000080000000,0x0000000084b1cd80,0x0000000085000000)
 Metaspace       used 13976K, capacity 14256K, committed 14592K, reserved 1062912K
  class space    used 1605K, capacity 1672K, committed 1792K, reserved 1048576K
Event: 77,168 GC heap after
Heap after GC invocations=180 (full 0):
 PSYoungGen      total 102912K, used 768K [0x00000000d5580000, 0x00000000f4e80000, 0x0000000100000000)
  eden space 101888K, 0% used [0x00000000d5580000,0x00000000d5580000,0x00000000db900000)
  from space 1024K, 75% used [0x00000000f4d80000,0x00000000f4e40010,0x00000000f4e80000)
  to   space 1536K, 0% used [0x00000000f4b80000,0x00000000f4b80000,0x00000000f4d00000)
 ParOldGen       total 81920K, used 76931K [0x0000000080000000, 0x0000000085000000, 0x00000000d5580000)
  object space 81920K, 93% used [0x0000000080000000,0x0000000084b20d80,0x0000000085000000)
 Metaspace       used 13976K, capacity 14256K, committed 14592K, reserved 1062912K
  class space    used 1605K, capacity 1672K, committed 1792K, reserved 1048576K
}
Event: 77,404 GC heap before
{Heap before GC invocations=181 (full 0):
 PSYoungGen      total 102912K, used 102656K [0x00000000d5580000, 0x00000000f4e80000, 0x0000000100000000)
  eden space 101888K, 99% used [0x00000000d5580000,0x00000000db8ffff8,0x00000000db900000)
  from space 1024K, 75% used [0x00000000f4d80000,0x00000000f4e40010,0x00000000f4e80000)
  to   space 1536K, 0% used [0x00000000f4b80000,0x00000000f4b80000,0x00000000f4d00000)
 ParOldGen       total 81920K, used 76931K [0x0000000080000000, 0x0000000085000000, 0x00000000d5580000)
  object space 81920K, 93% used [0x0000000080000000,0x0000000084b20d80,0x0000000085000000)
 Metaspace       used 13976K, capacity 14256K, committed 14592K, reserved 1062912K
  class space    used 1605K, capacity 1672K, committed 1792K, reserved 1048576K
Event: 77,405 GC heap after
Heap after GC invocations=181 (full 0):
 PSYoungGen      total 98816K, used 96K [0x00000000d5580000, 0x00000000f4e00000, 0x0000000100000000)
  eden space 98304K, 0% used [0x00000000d5580000,0x00000000d5580000,0x00000000db580000)
  from space 512K, 18% used [0x00000000f4b80000,0x00000000f4b98000,0x00000000f4c00000)
  to   space 1536K, 0% used [0x00000000f4c80000,0x00000000f4c80000,0x00000000f4e00000)
 ParOldGen       total 81920K, used 76955K [0x0000000080000000, 0x0000000085000000, 0x00000000d5580000)
  object space 81920K, 93% used [0x0000000080000000,0x0000000084b26d80,0x0000000085000000)
 Metaspace       used 13976K, capacity 14256K, committed 14592K, reserved 1062912K
  class space    used 1605K, capacity 1672K, committed 1792K, reserved 1048576K
}
Event: 77,679 GC heap before
{Heap before GC invocations=182 (full 0):
 PSYoungGen      total 98816K, used 98400K [0x00000000d5580000, 0x00000000f4e00000, 0x0000000100000000)
  eden space 98304K, 100% used [0x00000000d5580000,0x00000000db580000,0x00000000db580000)
  from space 512K, 18% used [0x00000000f4b80000,0x00000000f4b98000,0x00000000f4c00000)
  to   space 1536K, 0% used [0x00000000f4c80000,0x00000000f4c80000,0x00000000f4e00000)
 ParOldGen       total 81920K, used 76955K [0x0000000080000000, 0x0000000085000000, 0x00000000d5580000)
  object space 81920K, 93% used [0x0000000080000000,0x0000000084b26d80,0x0000000085000000)
 Metaspace       used 13977K, capacity 14256K, committed 14592K, reserved 1062912K
  class space    used 1605K, capacity 1672K, committed 1792K, reserved 1048576K
Event: 77,681 GC heap after
Heap after GC invocations=182 (full 0):
 PSYoungGen      total 96256K, used 1168K [0x00000000d5580000, 0x00000000f4e00000, 0x0000000100000000)
  eden space 94720K, 0% used [0x00000000d5580000,0x00000000d5580000,0x00000000db200000)
  from space 1536K, 76% used [0x00000000f4c80000,0x00000000f4da4020,0x00000000f4e00000)
  to   space 1536K, 0% used [0x00000000f4b00000,0x00000000f4b00000,0x00000000f4c80000)
 ParOldGen       total 81920K, used 76995K [0x0000000080000000, 0x0000000085000000, 0x00000000d5580000)
  object space 81920K, 93% used [0x0000000080000000,0x0000000084b30d80,0x0000000085000000)
 Metaspace       used 13977K, capacity 14256K, committed 14592K, reserved 1062912K
  class space    used 1605K, capacity 1672K, committed 1792K, reserved 1048576K
}
Event: 78,165 GC heap before
{Heap before GC invocations=183 (full 0):
 PSYoungGen      total 96256K, used 95888K [0x00000000d5580000, 0x00000000f4e00000, 0x0000000100000000)
  eden space 94720K, 100% used [0x00000000d5580000,0x00000000db200000,0x00000000db200000)
  from space 1536K, 76% used [0x00000000f4c80000,0x00000000f4da4020,0x00000000f4e00000)
  to   space 1536K, 0% used [0x00000000f4b00000,0x00000000f4b00000,0x00000000f4c80000)
 ParOldGen       total 81920K, used 76995K [0x0000000080000000, 0x0000000085000000, 0x00000000d5580000)
  object space 81920K, 93% used [0x0000000080000000,0x0000000084b30d80,0x0000000085000000)
 Metaspace       used 14129K, capacity 14354K, committed 14592K, reserved 1062912K
  class space    used 1624K, capacity 1705K, committed 1792K, reserved 1048576K
Event: 78,171 GC heap after
Heap after GC invocations=183 (full 0):
 PSYoungGen      total 93184K, used 1504K [0x00000000d5580000, 0x00000000f4d00000, 0x0000000100000000)
  eden space 91648K, 0% used [0x00000000d5580000,0x00000000d5580000,0x00000000daf00000)
  from space 1536K, 97% used [0x00000000f4b00000,0x00000000f4c78020,0x00000000f4c80000)
  to   space 512K, 0% used [0x00000000f4c80000,0x00000000f4c80000,0x00000000f4d00000)
 ParOldGen       total 81920K, used 78711K [0x0000000080000000, 0x0000000085000000, 0x00000000d5580000)
  object space 81920K, 96% used [0x0000000080000000,0x0000000084cddcb0,0x0000000085000000)
 Metaspace       used 14129K, capacity 14354K, committed 14592K, reserved 1062912K
  class space    used 1624K, capacity 1705K, committed 1792K, reserved 1048576K
}

Deoptimization events (10 events):
Event: 78,202 Thread 0x00007fbe38012800 Uncommon trap: reason=class_check action=maybe_recompile pc=0x00007fbe2871a098 method=java.util.HashMap.putVal(ILjava/lang/Object;Ljava/lang/Object;ZZ)Ljava/lang/Object; @ 203
Event: 78,202 Thread 0x00007fbe38012800 Uncommon trap: reason=class_check action=maybe_recompile pc=0x00007fbe2871a098 method=java.util.HashMap.putVal(ILjava/lang/Object;Ljava/lang/Object;ZZ)Ljava/lang/Object; @ 203
Event: 78,203 Thread 0x00007fbe38012800 Uncommon trap: reason=unstable_if action=reinterpret pc=0x00007fbe2872b178 method=java.util.HashMap.entrySet()Ljava/util/Set; @ 6
Event: 78,207 Thread 0x00007fbe38012800 Uncommon trap: reason=class_check action=maybe_recompile pc=0x00007fbe285e195c method=java.util.Collections$UnmodifiableCollection$1.<init>(Ljava/util/Collections$UnmodifiableCollection;)V @ 17
Event: 78,207 Thread 0x00007fbe38012800 Uncommon trap: reason=class_check action=maybe_recompile pc=0x00007fbe28767734 method=fr.ign.cogit.HMMSpatialNetworkMatcher.matching.utils.Combinations.getAllCombinations(Ljava/util/Collection;)Ljava/util/List; @ 9
Event: 78,207 Thread 0x00007fbe38012800 Uncommon trap: reason=class_check action=maybe_recompile pc=0x00007fbe28767734 method=fr.ign.cogit.HMMSpatialNetworkMatcher.matching.utils.Combinations.getAllCombinations(Ljava/util/Collection;)Ljava/util/List; @ 9
Event: 78,255 Thread 0x00007fbe38012800 Uncommon trap: reason=class_check action=maybe_recompile pc=0x00007fbe288cad20 method=java.util.regex.Pattern$Slice.match(Ljava/util/regex/Matcher;ILjava/lang/CharSequence;)Z @ 75
Event: 78,255 Thread 0x00007fbe38012800 Uncommon trap: reason=class_check action=maybe_recompile pc=0x00007fbe28b0b088 method=java.util.regex.Pattern$CharProperty.match(Ljava/util/regex/Matcher;ILjava/lang/CharSequence;)Z @ 37
Event: 78,255 Thread 0x00007fbe38012800 Uncommon trap: reason=class_check action=maybe_recompile pc=0x00007fbe288cad20 method=java.util.regex.Pattern$Slice.match(Ljava/util/regex/Matcher;ILjava/lang/CharSequence;)Z @ 75
Event: 78,255 Thread 0x00007fbe38012800 Uncommon trap: reason=class_check action=maybe_recompile pc=0x00007fbe28b0b088 method=java.util.regex.Pattern$CharProperty.match(Ljava/util/regex/Matcher;ILjava/lang/CharSequence;)Z @ 37

Internal exceptions (10 events):
Event: 78,193 Thread 0x00007fbe38012800 Exception <a 'java/io/FileNotFoundException'> (0x00000000d62adeb0) thrown at [/HUDSON3/workspace/8-2-build-linux-amd64/jdk8u144/9417/hotspot/src/share/vm/prims/jni.cpp, line 709]
Event: 78,193 Thread 0x00007fbe38012800 Exception <a 'java/io/FileNotFoundException'> (0x00000000d62aea40) thrown at [/HUDSON3/workspace/8-2-build-linux-amd64/jdk8u144/9417/hotspot/src/share/vm/prims/jni.cpp, line 709]
Event: 78,193 Thread 0x00007fbe38012800 Exception <a 'java/io/FileNotFoundException'> (0x00000000d62af4d0) thrown at [/HUDSON3/workspace/8-2-build-linux-amd64/jdk8u144/9417/hotspot/src/share/vm/prims/jni.cpp, line 709]
Event: 78,193 Thread 0x00007fbe38012800 Exception <a 'java/io/FileNotFoundException'> (0x00000000d62afe68) thrown at [/HUDSON3/workspace/8-2-build-linux-amd64/jdk8u144/9417/hotspot/src/share/vm/prims/jni.cpp, line 709]
Event: 78,193 Thread 0x00007fbe38012800 Exception <a 'java/io/FileNotFoundException'> (0x00000000d62b0808) thrown at [/HUDSON3/workspace/8-2-build-linux-amd64/jdk8u144/9417/hotspot/src/share/vm/prims/jni.cpp, line 709]
Event: 78,255 Thread 0x00007fbe38012800 Exception <a 'java/io/FileNotFoundException'> (0x00000000d8355c18) thrown at [/HUDSON3/workspace/8-2-build-linux-amd64/jdk8u144/9417/hotspot/src/share/vm/prims/jni.cpp, line 709]
Event: 78,255 Thread 0x00007fbe38012800 Exception <a 'java/io/FileNotFoundException'> (0x00000000d8356748) thrown at [/HUDSON3/workspace/8-2-build-linux-amd64/jdk8u144/9417/hotspot/src/share/vm/prims/jni.cpp, line 709]
Event: 78,255 Thread 0x00007fbe38012800 Exception <a 'java/io/FileNotFoundException'> (0x00000000d83571d8) thrown at [/HUDSON3/workspace/8-2-build-linux-amd64/jdk8u144/9417/hotspot/src/share/vm/prims/jni.cpp, line 709]
Event: 78,255 Thread 0x00007fbe38012800 Exception <a 'java/io/FileNotFoundException'> (0x00000000d8357b70) thrown at [/HUDSON3/workspace/8-2-build-linux-amd64/jdk8u144/9417/hotspot/src/share/vm/prims/jni.cpp, line 709]
Event: 78,255 Thread 0x00007fbe38012800 Exception <a 'java/io/FileNotFoundException'> (0x00000000d8358510) thrown at [/HUDSON3/workspace/8-2-build-linux-amd64/jdk8u144/9417/hotspot/src/share/vm/prims/jni.cpp, line 709]

Events (10 events):
Event: 78,255 Thread 0x00007fbe38012800 DEOPT UNPACKING pc=0x00007fbe2816f229 sp=0x00007fbe3e1d61d8 mode 2
Event: 78,255 Thread 0x00007fbe38012800 Uncommon trap: trap_request=0xffffffde fr.pc=0x00007fbe28b0b088
Event: 78,255 Thread 0x00007fbe38012800 DEOPT PACKING pc=0x00007fbe28b0b088 sp=0x00007fbe3e1d6180
Event: 78,255 Thread 0x00007fbe38012800 DEOPT UNPACKING pc=0x00007fbe2816f229 sp=0x00007fbe3e1d6158 mode 2
Event: 78,255 Thread 0x00007fbe38012800 Uncommon trap: trap_request=0xffffffde fr.pc=0x00007fbe288cad20
Event: 78,255 Thread 0x00007fbe38012800 DEOPT PACKING pc=0x00007fbe288cad20 sp=0x00007fbe3e1d6380
Event: 78,255 Thread 0x00007fbe38012800 DEOPT UNPACKING pc=0x00007fbe2816f229 sp=0x00007fbe3e1d61d8 mode 2
Event: 78,255 Thread 0x00007fbe38012800 Uncommon trap: trap_request=0xffffffde fr.pc=0x00007fbe28b0b088
Event: 78,255 Thread 0x00007fbe38012800 DEOPT PACKING pc=0x00007fbe28b0b088 sp=0x00007fbe3e1d6180
Event: 78,255 Thread 0x00007fbe38012800 DEOPT UNPACKING pc=0x00007fbe2816f229 sp=0x00007fbe3e1d6158 mode 2


Dynamic libraries:
00400000-00401000 r-xp 00000000 08:01 10228731                           /home/bcostes/Documents/IGN/HmmMatching/eclipse/jdk1.8.0_144/bin/java
00600000-00601000 rw-p 00000000 08:01 10228731                           /home/bcostes/Documents/IGN/HmmMatching/eclipse/jdk1.8.0_144/bin/java
02008000-02029000 rw-p 00000000 00:00 0                                  [heap]
80000000-85000000 rw-p 00000000 00:00 0 
85000000-d5580000 ---p 00000000 00:00 0 
d5580000-f4d00000 rw-p 00000000 00:00 0 
f4d00000-100000000 ---p 00000000 00:00 0 
100000000-1001c0000 rw-p 00000000 00:00 0 
1001c0000-140000000 ---p 00000000 00:00 0 
7fbde6abf000-7fbde6ad5000 r-xp 00000000 08:01 4723114                    /lib/x86_64-linux-gnu/libgcc_s.so.1
7fbde6ad5000-7fbde6cd4000 ---p 00016000 08:01 4723114                    /lib/x86_64-linux-gnu/libgcc_s.so.1
7fbde6cd4000-7fbde6cd5000 rw-p 00015000 08:01 4723114                    /lib/x86_64-linux-gnu/libgcc_s.so.1
7fbde6cd5000-7fbde6e47000 r-xp 00000000 08:01 11534365                   /usr/lib/x86_64-linux-gnu/libstdc++.so.6.0.21
7fbde6e47000-7fbde7047000 ---p 00172000 08:01 11534365                   /usr/lib/x86_64-linux-gnu/libstdc++.so.6.0.21
7fbde7047000-7fbde7051000 r--p 00172000 08:01 11534365                   /usr/lib/x86_64-linux-gnu/libstdc++.so.6.0.21
7fbde7051000-7fbde7053000 rw-p 0017c000 08:01 11534365                   /usr/lib/x86_64-linux-gnu/libstdc++.so.6.0.21
7fbde7053000-7fbde7057000 rw-p 00000000 00:00 0 
7fbde707c000-7fbde7131000 r-xp 00000000 08:01 6688183                    /home/bcostes/workspace_hmmmatching/HMMSpatialNetworkMatcher/HMMSpatialNetworkMatcher/liblpsolve55j_x64.so
7fbde7131000-7fbde7331000 ---p 000b5000 08:01 6688183                    /home/bcostes/workspace_hmmmatching/HMMSpatialNetworkMatcher/HMMSpatialNetworkMatcher/liblpsolve55j_x64.so
7fbde7331000-7fbde7333000 r--p 000b5000 08:01 6688183                    /home/bcostes/workspace_hmmmatching/HMMSpatialNetworkMatcher/HMMSpatialNetworkMatcher/liblpsolve55j_x64.so
7fbde7333000-7fbde7336000 rw-p 000b7000 08:01 6688183                    /home/bcostes/workspace_hmmmatching/HMMSpatialNetworkMatcher/HMMSpatialNetworkMatcher/liblpsolve55j_x64.so
7fbde7336000-7fbde733a000 r--s 0003a000 08:01 10228888                   /home/bcostes/Documents/IGN/HmmMatching/eclipse/jdk1.8.0_144/jre/lib/ext/sunpkcs11.jar
7fbde733a000-7fbde7355000 r--s 001d3000 08:01 10228892                   /home/bcostes/Documents/IGN/HmmMatching/eclipse/jdk1.8.0_144/jre/lib/ext/nashorn.jar
7fbde7355000-7fbde73ea000 r--s 01110000 08:01 10228889                   /home/bcostes/Documents/IGN/HmmMatching/eclipse/jdk1.8.0_144/jre/lib/ext/jfxrt.jar
7fbde73ea000-7fbde74aa000 rw-p 00000000 00:00 0 
7fbde74aa000-7fbde75ea000 ---p 00000000 00:00 0 
7fbde75ea000-7fbde77ea000 rw-p 00000000 00:00 0 
7fbde77ea000-7fbde77fb000 r-xp 00000000 08:01 10228838                   /home/bcostes/Documents/IGN/HmmMatching/eclipse/jdk1.8.0_144/jre/lib/amd64/libnio.so
7fbde77fb000-7fbde79fa000 ---p 00011000 08:01 10228838                   /home/bcostes/Documents/IGN/HmmMatching/eclipse/jdk1.8.0_144/jre/lib/amd64/libnio.so
7fbde79fa000-7fbde79fb000 rw-p 00010000 08:01 10228838                   /home/bcostes/Documents/IGN/HmmMatching/eclipse/jdk1.8.0_144/jre/lib/amd64/libnio.so
7fbde79fb000-7fbdea9fc000 rw-p 00000000 00:00 0 
7fbdea9fc000-7fbdeaa12000 r-xp 00000000 08:01 10228813                   /home/bcostes/Documents/IGN/HmmMatching/eclipse/jdk1.8.0_144/jre/lib/amd64/libnet.so
7fbdeaa12000-7fbdeac12000 ---p 00016000 08:01 10228813                   /home/bcostes/Documents/IGN/HmmMatching/eclipse/jdk1.8.0_144/jre/lib/amd64/libnet.so
7fbdeac12000-7fbdeac13000 rw-p 00016000 08:01 10228813                   /home/bcostes/Documents/IGN/HmmMatching/eclipse/jdk1.8.0_144/jre/lib/amd64/libnet.so
7fbdeac13000-7fbdeae13000 rw-p 00000000 00:00 0 
7fbdeae13000-7fbdeae1d000 r--s 00116000 08:01 10228893                   /home/bcostes/Documents/IGN/HmmMatching/eclipse/jdk1.8.0_144/jre/lib/ext/localedata.jar
7fbdeae1d000-7fbdeae43000 r--p 00000000 08:01 13244171                   /usr/share/locale-langpack/fr/LC_MESSAGES/libc.mo
7fbdeae43000-7fbdeae48000 r-xp 00000000 08:01 11542345                   /usr/lib/x86_64-linux-gnu/libXdmcp.so.6.0.0
7fbdeae48000-7fbdeb047000 ---p 00005000 08:01 11542345                   /usr/lib/x86_64-linux-gnu/libXdmcp.so.6.0.0
7fbdeb047000-7fbdeb048000 r--p 00004000 08:01 11542345                   /usr/lib/x86_64-linux-gnu/libXdmcp.so.6.0.0
7fbdeb048000-7fbdeb049000 rw-p 00005000 08:01 11542345                   /usr/lib/x86_64-linux-gnu/libXdmcp.so.6.0.0
7fbdeb049000-7fbdeb04b000 r-xp 00000000 08:01 11542334                   /usr/lib/x86_64-linux-gnu/libXau.so.6.0.0
7fbdeb04b000-7fbdeb24b000 ---p 00002000 08:01 11542334                   /usr/lib/x86_64-linux-gnu/libXau.so.6.0.0
7fbdeb24b000-7fbdeb24c000 r--p 00002000 08:01 11542334                   /usr/lib/x86_64-linux-gnu/libXau.so.6.0.0
7fbdeb24c000-7fbdeb24d000 rw-p 00003000 08:01 11542334                   /usr/lib/x86_64-linux-gnu/libXau.so.6.0.0
7fbdeb24d000-7fbdeb26e000 r-xp 00000000 08:01 11543712                   /usr/lib/x86_64-linux-gnu/libxcb.so.1.1.0
7fbdeb26e000-7fbdeb46d000 ---p 00021000 08:01 11543712                   /usr/lib/x86_64-linux-gnu/libxcb.so.1.1.0
7fbdeb46d000-7fbdeb46e000 r--p 00020000 08:01 11543712                   /usr/lib/x86_64-linux-gnu/libxcb.so.1.1.0
7fbdeb46e000-7fbdeb46f000 rw-p 00021000 08:01 11543712                   /usr/lib/x86_64-linux-gnu/libxcb.so.1.1.0
7fbdeb46f000-7fbdeb47e000 r-xp 00000000 08:01 11542355                   /usr/lib/x86_64-linux-gnu/libXi.so.6.1.0
7fbdeb47e000-7fbdeb67d000 ---p 0000f000 08:01 11542355                   /usr/lib/x86_64-linux-gnu/libXi.so.6.1.0
7fbdeb67d000-7fbdeb67e000 r--p 0000e000 08:01 11542355                   /usr/lib/x86_64-linux-gnu/libXi.so.6.1.0
7fbdeb67e000-7fbdeb67f000 rw-p 0000f000 08:01 11542355                   /usr/lib/x86_64-linux-gnu/libXi.so.6.1.0
7fbdeb67f000-7fbdeb684000 r-xp 00000000 08:01 11542373                   /usr/lib/x86_64-linux-gnu/libXtst.so.6.1.0
7fbdeb684000-7fbdeb883000 ---p 00005000 08:01 11542373                   /usr/lib/x86_64-linux-gnu/libXtst.so.6.1.0
7fbdeb883000-7fbdeb884000 r--p 00004000 08:01 11542373                   /usr/lib/x86_64-linux-gnu/libXtst.so.6.1.0
7fbdeb884000-7fbdeb885000 rw-p 00005000 08:01 11542373                   /usr/lib/x86_64-linux-gnu/libXtst.so.6.1.0
7fbdeb885000-7fbdeb88e000 r-xp 00000000 08:01 11542367                   /usr/lib/x86_64-linux-gnu/libXrender.so.1.3.0
7fbdeb88e000-7fbdeba8d000 ---p 00009000 08:01 11542367                   /usr/lib/x86_64-linux-gnu/libXrender.so.1.3.0
7fbdeba8d000-7fbdeba8e000 r--p 00008000 08:01 11542367                   /usr/lib/x86_64-linux-gnu/libXrender.so.1.3.0
7fbdeba8e000-7fbdeba8f000 rw-p 00009000 08:01 11542367                   /usr/lib/x86_64-linux-gnu/libXrender.so.1.3.0
7fbdeba8f000-7fbdebbc4000 r-xp 00000000 08:01 11542330                   /usr/lib/x86_64-linux-gnu/libX11.so.6.3.0
7fbdebbc4000-7fbdebdc4000 ---p 00135000 08:01 11542330                   /usr/lib/x86_64-linux-gnu/libX11.so.6.3.0
7fbdebdc4000-7fbdebdc5000 r--p 00135000 08:01 11542330                   /usr/lib/x86_64-linux-gnu/libX11.so.6.3.0
7fbdebdc5000-7fbdebdc9000 rw-p 00136000 08:01 11542330                   /usr/lib/x86_64-linux-gnu/libX11.so.6.3.0
7fbdebdc9000-7fbdebdda000 r-xp 00000000 08:01 11542347                   /usr/lib/x86_64-linux-gnu/libXext.so.6.4.0
7fbdebdda000-7fbdebfd9000 ---p 00011000 08:01 11542347                   /usr/lib/x86_64-linux-gnu/libXext.so.6.4.0
7fbdebfd9000-7fbdebfda000 r--p 00010000 08:01 11542347                   /usr/lib/x86_64-linux-gnu/libXext.so.6.4.0
7fbdebfda000-7fbdebfdb000 rw-p 00011000 08:01 11542347                   /usr/lib/x86_64-linux-gnu/libXext.so.6.4.0
7fbdebfdb000-7fbdebfdc000 r--p 00000000 00:00 0 
7fbdebfdc000-7fbdebfde000 r--s 00009000 08:01 10228890                   /home/bcostes/Documents/IGN/HmmMatching/eclipse/jdk1.8.0_144/jre/lib/ext/sunec.jar
7fbdebfde000-7fbdebfe4000 r--s 0003f000 08:01 10228891                   /home/bcostes/Documents/IGN/HmmMatching/eclipse/jdk1.8.0_144/jre/lib/ext/sunjce_provider.jar
7fbdebfe4000-7fbdec000000 r--s 00393000 08:01 10228896                   /home/bcostes/Documents/IGN/HmmMatching/eclipse/jdk1.8.0_144/jre/lib/ext/cldrdata.jar
7fbdec000000-7fbdec021000 rw-p 00000000 00:00 0 
7fbdec021000-7fbdf0000000 ---p 00000000 00:00 0 
7fbdf0000000-7fbdf0021000 rw-p 00000000 00:00 0 
7fbdf0021000-7fbdf4000000 ---p 00000000 00:00 0 
7fbdf4000000-7fbdf61ca000 rw-p 00000000 00:00 0 
7fbdf61ca000-7fbdf8000000 ---p 00000000 00:00 0 
7fbdf8000000-7fbdf88e1000 rw-p 00000000 00:00 0 
7fbdf88e1000-7fbdfc000000 ---p 00000000 00:00 0 
7fbdfc000000-7fbdfc021000 rw-p 00000000 00:00 0 
7fbdfc021000-7fbe00000000 ---p 00000000 00:00 0 
7fbe00000000-7fbe01aa2000 rw-p 00000000 00:00 0 
7fbe01aa2000-7fbe04000000 ---p 00000000 00:00 0 
7fbe04000000-7fbe04021000 rw-p 00000000 00:00 0 
7fbe04021000-7fbe08000000 ---p 00000000 00:00 0 
7fbe08000000-7fbe08021000 rw-p 00000000 00:00 0 
7fbe08021000-7fbe0c000000 ---p 00000000 00:00 0 
7fbe0c000000-7fbe0c021000 rw-p 00000000 00:00 0 
7fbe0c021000-7fbe10000000 ---p 00000000 00:00 0 
7fbe10000000-7fbe10021000 rw-p 00000000 00:00 0 
7fbe10021000-7fbe14000000 ---p 00000000 00:00 0 
7fbe14000000-7fbe14021000 rw-p 00000000 00:00 0 
7fbe14021000-7fbe18000000 ---p 00000000 00:00 0 
7fbe18000000-7fbe18021000 rw-p 00000000 00:00 0 
7fbe18021000-7fbe1c000000 ---p 00000000 00:00 0 
7fbe1c000000-7fbe1c021000 rw-p 00000000 00:00 0 
7fbe1c021000-7fbe20000000 ---p 00000000 00:00 0 
7fbe20000000-7fbe20001000 r--s 00010000 08:01 10228897                   /home/bcostes/Documents/IGN/HmmMatching/eclipse/jdk1.8.0_144/jre/lib/ext/zipfs.jar
7fbe20001000-7fbe20003000 r--s 00001000 08:01 10228887                   /home/bcostes/Documents/IGN/HmmMatching/eclipse/jdk1.8.0_144/jre/lib/ext/dnsns.jar
7fbe20003000-7fbe20004000 r--s 0000a000 08:01 10228895                   /home/bcostes/Documents/IGN/HmmMatching/eclipse/jdk1.8.0_144/jre/lib/ext/jaccess.jar
7fbe20004000-7fbe2000b000 r--s 00000000 08:01 11812804                   /usr/lib/x86_64-linux-gnu/gconv/gconv-modules.cache
7fbe2000b000-7fbe2005f000 r-xp 00000000 08:01 10228840                   /home/bcostes/Documents/IGN/HmmMatching/eclipse/jdk1.8.0_144/jre/lib/amd64/libawt_xawt.so
7fbe2005f000-7fbe2025f000 ---p 00054000 08:01 10228840                   /home/bcostes/Documents/IGN/HmmMatching/eclipse/jdk1.8.0_144/jre/lib/amd64/libawt_xawt.so
7fbe2025f000-7fbe20263000 rw-p 00054000 08:01 10228840                   /home/bcostes/Documents/IGN/HmmMatching/eclipse/jdk1.8.0_144/jre/lib/amd64/libawt_xawt.so
7fbe20263000-7fbe20264000 rw-p 00000000 00:00 0 
7fbe20264000-7fbe20306000 r-xp 00000000 08:01 10228873                   /home/bcostes/Documents/IGN/HmmMatching/eclipse/jdk1.8.0_144/jre/lib/amd64/libawt.so
7fbe20306000-7fbe20506000 ---p 000a2000 08:01 10228873                   /home/bcostes/Documents/IGN/HmmMatching/eclipse/jdk1.8.0_144/jre/lib/amd64/libawt.so
7fbe20506000-7fbe20512000 rw-p 000a2000 08:01 10228873                   /home/bcostes/Documents/IGN/HmmMatching/eclipse/jdk1.8.0_144/jre/lib/amd64/libawt.so
7fbe20512000-7fbe20536000 rw-p 00000000 00:00 0 
7fbe20536000-7fbe20539000 r--s 00008000 08:01 10618954                   /home/bcostes/.m2/repository/net/sf/jung/jung-api/2.0.1/jung-api-2.0.1.jar
7fbe20539000-7fbe2053b000 r--s 0000e000 08:01 10618945                   /home/bcostes/.m2/repository/net/sf/jung/jung-graph-impl/2.0.1/jung-graph-impl-2.0.1.jar
7fbe2053b000-7fbe20554000 r--s 00135000 08:01 10751970                   /home/bcostes/.m2/repository/xerces/xercesImpl/2.11.0/xercesImpl-2.11.0.jar
7fbe20554000-7fbe2057b000 r--s 001f6000 08:01 10487300                   /home/bcostes/.m2/repository/org/apache/commons/commons-math3/3.6/commons-math3-3.6.jar
7fbe2057b000-7fbe2057c000 r--s 00003000 08:01 10487359                   /home/bcostes/.m2/repository/org/apache/geronimo/specs/geronimo-jta_1.1_spec/1.1.1/geronimo-jta_1.1_spec-1.1.1.jar
7fbe2057c000-7fbe20586000 r--s 000ae000 08:01 10489017                   /home/bcostes/.m2/repository/org/javassist/javassist/3.20.0-GA/javassist-3.20.0-GA.jar
7fbe20586000-7fbe20589000 r--s 00010000 08:01 10488339                   /home/bcostes/.m2/repository/org/hibernate/common/hibernate-commons-annotations/5.0.1.Final/hibernate-commons-annotations-5.0.1.Final.jar
7fbe20589000-7fbe2058e000 r--s 00048000 08:01 10619851                   /home/bcostes/.m2/repository/dom4j/dom4j/1.6.1/dom4j-1.6.1.jar
7fbe2058e000-7fbe20590000 r--s 0000f000 08:01 10488984                   /home/bcostes/.m2/repository/org/jboss/logging/jboss-logging/3.3.0.Final/jboss-logging-3.3.0.Final.jar
7fbe20590000-7fbe2059c000 r--s 00082000 08:01 10488316                   /home/bcostes/.m2/repository/org/hibernate/hibernate-entitymanager/5.1.0.Final/hibernate-entitymanager-5.1.0.Final.jar
7fbe2059c000-7fbe205ac000 r--s 0011d000 08:01 10620832                   /home/bcostes/.m2/repository/org/eclipse/emf/ecore/2.6.1/ecore-2.6.1.jar
7fbe205ac000-7fbe205b0000 r--s 00030000 08:01 10616902                   /home/bcostes/.m2/repository/org/eclipse/emf/common/2.6.0/common-2.6.0.jar
7fbe205b0000-7fbe205b4000 r--s 00035000 08:01 10493690                   /home/bcostes/.m2/repository/org/geotools/ogc/net.opengis.fes/17.2/net.opengis.fes-17.2.jar
7fbe205b4000-7fbe205b5000 r--s 0000c000 08:01 10493688                   /home/bcostes/.m2/repository/org/geotools/ogc/org.w3.xlink/17.2/org.w3.xlink-17.2.jar
7fbe205b5000-7fbe205bb000 r--s 00063000 08:01 10493686                   /home/bcostes/.m2/repository/org/geotools/ogc/net.opengis.wfs/17.2/net.opengis.wfs-17.2.jar
7fbe205bb000-7fbe205bd000 r--s 00013000 08:01 10487427                   /home/bcostes/.m2/repository/org/apache/xml/xml-commons-resolver/1.2/xml-commons-resolver-1.2.jar
7fbe205bd000-7fbe205c5000 r--s 0007a000 08:01 10493684                   /home/bcostes/.m2/repository/org/geotools/ogc/net.opengis.ows/17.2/net.opengis.ows-17.2.jar
7fbe205c5000-7fbe205c8000 r--s 0001b000 08:01 10493682                   /home/bcostes/.m2/repository/org/geotools/xsd/gt-xsd-ows/17.2/gt-xsd-ows-17.2.jar
7fbe205c8000-7fbe205cb000 r--s 0000f000 08:01 10493680                   /home/bcostes/.m2/repository/org/geotools/xsd/gt-xsd-fes/17.2/gt-xsd-fes-17.2.jar
7fbe205cb000-7fbe205e4000 r--s 00163000 08:01 10493678                   /home/bcostes/.m2/repository/org/geotools/xsd/gt-xsd-gml3/17.2/gt-xsd-gml3-17.2.jar
7fbe205e4000-7fbe205e7000 r--s 0001a000 08:01 10493676                   /home/bcostes/.m2/repository/org/geotools/xsd/gt-xsd-gml2/17.2/gt-xsd-gml2-17.2.jar
7fbe205e7000-7fbe205ee000 r--s 000ec000 08:01 10620839                   /home/bcostes/.m2/repository/org/eclipse/xsd/xsd/2.6.0/xsd-2.6.0.jar
7fbe205ee000-7fbe205f4000 r--s 00044000 08:01 10747949                   /home/bcostes/.m2/repository/commons-jxpath/commons-jxpath/1.3/commons-jxpath-1.3.jar
7fbe205f4000-7fbe205f8000 r--s 00018000 08:01 10747932                   /home/bcostes/.m2/repository/picocontainer/picocontainer/1.2/picocontainer-1.2.jar
7fbe205f8000-7fbe205fd000 r--s 00025000 08:01 10493674                   /home/bcostes/.m2/repository/org/geotools/gt-graph/17.2/gt-graph-17.2.jar
7fbe205fd000-7fbe20603000 r--s 00047000 08:01 10493672                   /home/bcostes/.m2/repository/org/geotools/xsd/gt-xsd-core/17.2/gt-xsd-core-17.2.jar
7fbe20603000-7fbe20607000 r--s 00017000 08:01 10493670                   /home/bcostes/.m2/repository/org/geotools/xsd/gt-xsd-filter/17.2/gt-xsd-filter-17.2.jar
7fbe20607000-7fbe2060b000 r--s 00021000 08:01 10493668                   /home/bcostes/.m2/repository/org/geotools/xsd/gt-xsd-wfs/17.2/gt-xsd-wfs-17.2.jar
7fbe2060b000-7fbe20615000 r--s 00096000 08:01 10493666                   /home/bcostes/.m2/repository/org/geotools/gt-xml/17.2/gt-xml-17.2.jar
7fbe20615000-7fbe2061f000 r--s 0006e000 08:01 10749265                   /home/bcostes/.m2/repository/jfree/jcommon/1.0.16/jcommon-1.0.16.jar
7fbe2061f000-7fbe20630000 r--s 0014c000 08:01 10620109                   /home/bcostes/.m2/repository/jfree/jfreechart/1.0.13/jfreechart-1.0.13.jar
7fbe20630000-7fbe2063c000 r--s 00076000 08:01 10619107                   /home/bcostes/.m2/repository/net/sourceforge/collections/collections-generic/4.01/collections-generic-4.01.jar
7fbe2063c000-7fbe20642000 r--s 00081000 08:01 10619859                   /home/bcostes/.m2/repository/postgresql/postgresql/9.1-901-1.jdbc4/postgresql-9.1-901-1.jdbc4.jar
7fbe20642000-7fbe20648000 r--s 00033000 08:01 10617890                   /home/bcostes/.m2/repository/com/google/code/gson/gson/2.6.2/gson-2.6.2.jar
7fbe20648000-7fbe2064d000 r--s 00040000 08:01 10486316                   /home/bcostes/.m2/repository/org/twitter4j/twitter4j-core/4.0.2/twitter4j-core-4.0.2.jar
7fbe2064d000-7fbe20655000 r--s 00048000 08:01 10493631                   /home/bcostes/.m2/repository/org/apache/httpcomponents/httpcore/4.4.6/httpcore-4.4.6.jar
7fbe20655000-7fbe20662000 r--s 000aa000 08:01 10493629                   /home/bcostes/.m2/repository/org/apache/httpcomponents/httpclient/4.5.3/httpclient-4.5.3.jar
7fbe20662000-7fbe20666000 r--s 00013000 08:01 10485877                   /home/bcostes/.m2/repository/org/scribe/scribe/1.3.5/scribe-1.3.5.jar
7fbe20666000-7fbe2066c000 r--s 00042000 08:01 10624881                   /home/bcostes/.m2/repository/com/flickr4java/flickr4java/2.17/flickr4java-2.17.jar
7fbe2066c000-7fbe20679000 r--s 00083000 08:01 10619996                   /home/bcostes/.m2/repository/commons-collections/commons-collections/3.2.2/commons-collections-3.2.2.jar
7fbe20679000-7fbe2067c000 r--s 00025000 08:01 10619953                   /home/bcostes/.m2/repository/commons-dbcp/commons-dbcp/1.4/commons-dbcp-1.4.jar
7fbe2067c000-7fbe2067f000 r--s 00034000 08:01 10493658                   /home/bcostes/.m2/repository/org/geotools/gt-jdbc/17.2/gt-jdbc-17.2.jar
7fbe2067f000-7fbe20681000 r--s 0000b000 08:01 10493656                   /home/bcostes/.m2/repository/org/geotools/jdbc/gt-jdbc-postgis/17.2/gt-jdbc-postgis-17.2.jar
7fbe20681000-7fbe20684000 r--s 0002e000 08:01 10493654                   /home/bcostes/.m2/repository/org/geotools/gt-cql/17.2/gt-cql-17.2.jar
7fbe20684000-7fbe20686000 r--s 00007000 08:01 10488141                   /home/bcostes/.m2/repository/org/slf4j/slf4j-api/1.7.13/slf4j-api-1.7.13.jar
7fbe20686000-7fbe20691000 r--s 00065000 08:01 10619917                   /home/bcostes/.m2/repository/ch/qos/logback/logback-core/1.1.3/logback-core-1.1.3.jar
7fbe20691000-7fbe20697000 r--s 0003f000 08:01 10619900                   /home/bcostes/.m2/repository/ch/qos/logback/logback-classic/1.1.3/logback-classic-1.1.3.jar
7fbe20697000-7fbe20699000 r--s 0000c000 08:01 10618996                   /home/bcostes/.m2/repository/net/postgis/postgis-jdbc/2.2.0/postgis-jdbc-2.2.0.jar
7fbe20699000-7fbe206a2000 r--s 00071000 08:01 10489060                   /home/bcostes/.m2/repository/org/apfloat/apfloat/1.8.2/apfloat-1.8.2.jar
7fbe206a2000-7fbe206a9000 r--s 00065000 08:01 10489047                   /home/bcostes/.m2/repository/org/geolatte/geolatte-geom/1.0.1/geolatte-geom-1.0.1.jar
7fbe206a9000-7fbe206aa000 r--s 00002000 08:01 10488179                   /home/bcostes/.m2/repository/org/slf4j/slf4j-simple/1.7.7/slf4j-simple-1.7.7.jar
7fbe206aa000-7fbe206bb000 r--s 00155000 08:01 10618767                   /home/bcostes/.m2/repository/net/java/dev/jna/jna-platform/4.1.0/jna-platform-4.1.0.jar
7fbe206bb000-7fbe206bf000 r--s 000dc000 08:01 10618755                   /home/bcostes/.m2/repository/net/java/dev/jna/jna/4.1.0/jna-4.1.0.jar
7fbe206bf000-7fbe206c1000 r--s 0000d000 08:01 10618077                   /home/bcostes/.m2/repository/com/github/dblock/waffle/waffle-jna/1.7/waffle-jna-1.7.jar
7fbe206c1000-7fbe206c9000 r--s 00097000 08:01 10489030                   /home/bcostes/.m2/repository/org/postgresql/postgresql/9.4-1200-jdbc41/postgresql-9.4-1200-jdbc41.jar
7fbe206c9000-7fbe206cd000 r--s 00018000 08:01 10488350                   /home/bcostes/.m2/repository/org/hibernate/hibernate-spatial/5.1.0.Final/hibernate-spatial-5.1.0.Final.jar
7fbe206cd000-7fbe206cf000 r--s 0000e000 08:01 10618057                   /home/bcostes/.m2/repository/com/fasterxml/classmate/1.3.0/classmate-1.3.0.jar
7fbe206cf000-7fbe206d2000 r--s 0002b000 08:01 10489005                   /home/bcostes/.m2/repository/org/jboss/jandex/2.0.0.Final/jandex-2.0.0.Final.jar
7fbe206d2000-7fbe206d7000 r--s 00068000 08:01 10620119                   /home/bcostes/.m2/repository/antlr/antlr/2.7.7/antlr-2.7.7.jar
7fbe206d7000-7fbe20742000 r--s 00500000 08:01 10488327                   /home/bcostes/.m2/repository/org/hibernate/hibernate-core/5.1.0.Final/hibernate-core-5.1.0.Final.jar
7fbe20742000-7fbe20745000 r--s 00006000 08:01 10487227                   /home/bcostes/.m2/repository/org/apache/avalon/framework/avalon-framework-api/4.3.1/avalon-framework-api-4.3.1.jar
7fbe20745000-7fbe20747000 r--s 0000f000 08:01 10489487                   /home/bcostes/.m2/repository/org/apache/xmlgraphics/batik-extension/1.7/batik-extension-1.7.jar
7fbe20747000-7fbe20754000 r--s 00086000 08:01 10489461                   /home/bcostes/.m2/repository/org/apache/xmlgraphics/batik-svg-dom/1.7/batik-svg-dom-1.7.jar
7fbe20754000-7fbe2075e000 r--s 00075000 08:01 10487125                   /home/bcostes/.m2/repository/org/apache/xmlgraphics/xmlgraphics-commons/1.3.1/xmlgraphics-commons-1.3.1.jar
7fbe2075e000-7fbe20780000 r--s 00206000 08:01 10487113                   /home/bcostes/.m2/repository/org/apache/xmlgraphics/fop/0.95/fop-0.95.jar
7fbe20780000-7fbe20784000 r--s 0002b000 08:01 10493627                   /home/bcostes/.m2/repository/org/apache/xmlgraphics/batik-gvt/1.9/batik-gvt-1.9.jar
7fbe20784000-7fbe20786000 r--s 00005000 08:01 10493625                   /home/bcostes/.m2/repository/org/apache/xmlgraphics/batik-script/1.9/batik-script-1.9.jar
7fbe20786000-7fbe20792000 r--s 0009e000 08:01 10493623                   /home/bcostes/.m2/repository/org/apache/xmlgraphics/batik-bridge/1.9/batik-bridge-1.9.jar
7fbe20792000-7fbe20794000 r--s 00011000 08:01 10493621                   /home/bcostes/.m2/repository/org/apache/xmlgraphics/batik-parser/1.9/batik-parser-1.9.jar
7fbe20794000-7fbe2079f000 r--s 0006a000 08:01 10493619                   /home/bcostes/.m2/repository/org/apache/xmlgraphics/batik-anim/1.9/batik-anim-1.9.jar
7fbe2079f000-7fbe207a2000 r--s 0001d000 08:01 10493589                   /home/bcostes/.m2/repository/org/apache/xmlgraphics/batik-transcoder/1.9/batik-transcoder-1.9.jar
7fbe207a2000-7fbe207a9000 r--s 00060000 08:01 10493617                   /home/bcostes/.m2/repository/org/apache/xmlgraphics/batik-awt-util/1.9/batik-awt-util-1.9.jar
7fbe207a9000-7fbe207ae000 r--s 00032000 08:01 10493587                   /home/bcostes/.m2/repository/org/apache/xmlgraphics/batik-svggen/1.9/batik-svggen-1.9.jar
7fbe207ae000-7fbe207af000 r--s 00002000 08:01 10493585                   /home/bcostes/.m2/repository/org/apache/xmlgraphics/batik-i18n/1.9/batik-i18n-1.9.jar
7fbe207af000-7fbe207b1000 r--s 00001000 08:01 10493583                   /home/bcostes/.m2/repository/org/apache/xmlgraphics/batik-constants/1.9/batik-constants-1.9.jar
7fbe207b1000-7fbe207b6000 r--s 00010000 08:01 10618653                   /home/bcostes/.m2/repository/xml-apis/xml-apis-ext/1.3.04/xml-apis-ext-1.3.04.jar
7fbe207b6000-7fbe207ba000 r--s 00040000 08:01 14044216                   /home/bcostes/.m2/repository/xalan/serializer/2.7.2/serializer-2.7.2.jar
7fbe207ba000-7fbe207df000 r--s 002de000 08:01 10624879                   /home/bcostes/.m2/repository/xalan/xalan/2.7.2/xalan-2.7.2.jar
7fbe207df000-7fbe207e1000 r--s 00007000 08:01 10493615                   /home/bcostes/.m2/repository/org/apache/xmlgraphics/batik-xml/1.9/batik-xml-1.9.jar
7fbe207e1000-7fbe207e4000 r--s 0001c000 08:01 10493613                   /home/bcostes/.m2/repository/org/apache/xmlgraphics/batik-util/1.9/batik-util-1.9.jar
7fbe207e4000-7fbe207e6000 r--s 00002000 08:01 10493611                   /home/bcostes/.m2/repository/org/apache/xmlgraphics/batik-ext/1.9/batik-ext-1.9.jar
7fbe207e6000-7fbe207ee000 r--s 00048000 08:01 10493609                   /home/bcostes/.m2/repository/org/apache/xmlgraphics/batik-css/1.9/batik-css-1.9.jar
7fbe207ee000-7fbe207f2000 r--s 00029000 08:01 10493581                   /home/bcostes/.m2/repository/org/apache/xmlgraphics/batik-dom/1.9/batik-dom-1.9.jar
7fbe207f2000-7fbe207f4000 r--s 00009000 08:01 10618577                   /home/bcostes/.m2/repository/gov/nist/math/jama/gov.nist.math.jama/1.1.1/gov.nist.math.jama-1.1.1.jar
7fbe207f4000-7fbe207f8000 r--s 00027000 08:01 10618570                   /home/bcostes/.m2/repository/jmathplot/jmathplot/1.0/jmathplot-1.0.jar
7fbe207f8000-7fbe207fb000 r--s 00010000 08:01 10619017                   /home/bcostes/.m2/repository/net/sourceforge/jeval/jeval/0.9.4/jeval-0.9.4.jar
7fbe207fb000-7fbe20802000 r--s 00057000 08:01 10618160                   /home/bcostes/.m2/repository/com/jhlabs/filters/2.0.235-1/filters-2.0.235-1.jar
7fbe20802000-7fbe20804000 r--s 00045000 08:01 10620060                   /home/bcostes/.m2/repository/java3d/vecmath/1.3.1/vecmath-1.3.1.jar
7fbe20804000-7fbe20808000 r--s 00027000 08:01 10616876                   /home/bcostes/.m2/repository/org/lwjgl/lwjgl/lwjgl_util/2.9.0/lwjgl_util-2.9.0.jar
7fbe20808000-7fbe20809000 r--s 00002000 08:01 10618800                   /home/bcostes/.m2/repository/net/java/jinput/jinput-platform/2.0.5/jinput-platform-2.0.5-natives-osx.jar
7fbe20809000-7fbe2080a000 r--s 00025000 08:01 10620608                   /home/bcostes/.m2/repository/net/java/jinput/jinput-platform/2.0.5/jinput-platform-2.0.5-natives-windows.jar
7fbe2080a000-7fbe2080b000 r--s 00002000 08:01 10618797                   /home/bcostes/.m2/repository/net/java/jinput/jinput-platform/2.0.5/jinput-platform-2.0.5-natives-linux.jar
7fbe2080b000-7fbe2080c000 r--s 00001000 08:01 10618813                   /home/bcostes/.m2/repository/net/java/jutils/jutils/1.0.0/jutils-1.0.0.jar
7fbe2080c000-7fbe20810000 r--s 0002f000 08:01 10620599                   /home/bcostes/.m2/repository/net/java/jinput/jinput/2.0.5/jinput-2.0.5.jar
7fbe20810000-7fbe20811000 r--s 0007e000 08:01 10616848                   /home/bcostes/.m2/repository/org/lwjgl/lwjgl/lwjgl-platform/2.9.0/lwjgl-platform-2.9.0-natives-osx.jar
7fbe20811000-7fbe20812000 r--s 0008a000 08:01 10616852                   /home/bcostes/.m2/repository/org/lwjgl/lwjgl/lwjgl-platform/2.9.0/lwjgl-platform-2.9.0-natives-linux.jar
7fbe20812000-7fbe20813000 r--s 00094000 08:01 10616845                   /home/bcostes/.m2/repository/org/lwjgl/lwjgl/lwjgl-platform/2.9.0/lwjgl-platform-2.9.0-natives-windows.jar
7fbe20813000-7fbe20820000 r--s 000e6000 08:01 10489141                   /home/bcostes/.m2/repository/org/lwjgl/lwjgl/lwjgl/2.9.0/lwjgl-2.9.0.jar
7fbe20820000-7fbe20825000 r--s 00041000 08:01 10620039                   /home/bcostes/.m2/repository/commons-lang/commons-lang/2.6/commons-lang-2.6.jar
7fbe20825000-7fbe2082b000 r--s 00033000 08:01 10620353                   /home/bcostes/.m2/repository/commons-codec/commons-codec/1.6/commons-codec-1.6.jar
7fbe2082b000-7fbe2082e000 r--s 00023000 08:01 10620476                   /home/bcostes/.m2/repository/jdom/jdom/1.0/jdom-1.0.jar
7fbe2082e000-7fbe20830000 r--s 00004000 08:01 10489131                   /home/bcostes/.m2/repository/org/geonames/geonames/1.0/geonames-1.0.jar
7fbe20830000-7fbe20832000 r--s 00008000 08:01 10618543                   /home/bcostes/.m2/repository/commons-logging/commons-logging/1.0.4/commons-logging-1.0.4.jar
7fbe20832000-7fbe20838000 r--s 00045000 08:01 10619983                   /home/bcostes/.m2/repository/commons-httpclient/commons-httpclient/3.1/commons-httpclient-3.1.jar
7fbe20838000-7fbe20839000 r--s 00005000 08:01 10489751                   /home/bcostes/.m2/repository/org/pentaho/pentaho-commons/pentaho-package-manager/0.9.9/pentaho-package-manager-0.9.9.jar
7fbe20839000-7fbe2083b000 r--s 00016000 08:01 10620579                   /home/bcostes/.m2/repository/net/sf/squirrel-sql/thirdparty-non-maven/java-cup/0.11a/java-cup-0.11a.jar
7fbe2083b000-7fbe2087a000 r--s 005d2000 08:01 10619970                   /home/bcostes/.m2/repository/nz/ac/waikato/cms/weka/weka-dev/3.7.5/weka-dev-3.7.5.jar
7fbe2087a000-7fbe2088e000 r--s 001bd000 08:01 10619161                   /home/bcostes/.m2/repository/javax/media/jai_core/1.1.3/jai_core-1.1.3.jar
7fbe2088e000-7fbe2089d000 r--s 00158000 08:01 10489104                   /home/bcostes/.m2/repository/org/hsqldb/hsqldb/2.3.0/hsqldb-2.3.0.jar
7fbe2089d000-7fbe2089e000 r--s 00238000 08:01 10493664                   /home/bcostes/.m2/repository/org/geotools/gt-epsg-hsql/17.2/gt-epsg-hsql-17.2.jar
7fbe2089e000-7fbe208a7000 r--s 00075000 08:01 10493607                   /home/bcostes/.m2/repository/org/geotools/gt-metadata/17.2/gt-metadata-17.2.jar
7fbe208a7000-7fbe208a9000 r--s 0000b000 08:01 10624817                   /home/bcostes/.m2/repository/it/geosolutions/imageio-ext/imageio-ext-streams/1.1.17/imageio-ext-streams-1.1.17.jar
7fbe208a9000-7fbe208ab000 r--s 00008000 08:01 10624884                   /home/bcostes/.m2/repository/it/geosolutions/imageio-ext/imageio-ext-arcgrid/1.1.17/imageio-ext-arcgrid-1.1.17.jar
7fbe208ab000-7fbe208ac000 r--s 00005000 08:01 10493662                   /home/bcostes/.m2/repository/org/geotools/gt-arcgrid/17.2/gt-arcgrid-17.2.jar
7fbe208ac000-7fbe208ad000 r--s 00007000 08:01 10493660                   /home/bcostes/.m2/repository/org/geotools/gt-geotiff/17.2/gt-geotiff-17.2.jar
7fbe208ad000-7fbe208af000 r--s 00015000 08:01 10493694                   /home/bcostes/.m2/repository/org/geotools/gt-data/17.2/gt-data-17.2.jar
7fbe208af000-7fbe208b3000 r--s 00032000 08:01 10493692                   /home/bcostes/.m2/repository/org/geotools/gt-shapefile/17.2/gt-shapefile-17.2.jar
7fbe208b3000-7fbe208b5000 r--s 00023000 08:01 10488909                   /home/bcostes/.m2/repository/org/jdom/jdom/1.1.3/jdom-1.1.3.jar
7fbe208b5000-7fbe208d0000 r--s 00193000 08:01 10493601                   /home/bcostes/.m2/repository/org/geotools/gt-main/17.2/gt-main-17.2.jar
7fbe208d0000-7fbe208d6000 r--s 0002e000 08:01 10493599                   /home/bcostes/.m2/repository/org/geotools/gt-api/17.2/gt-api-17.2.jar
7fbe208d6000-7fbe208e7000 r--s 000b2000 08:01 10617967                   /home/bcostes/.m2/repository/com/vividsolutions/jts/1.13/jts-1.13.jar
7fbe208e7000-7fbe208ef000 r--s 00028000 08:01 10620883                   /home/bcostes/.m2/repository/xml-apis/xml-apis/1.3.04/xml-apis-1.3.04.jar
7fbe208ef000-7fbe208f0000 r--s 00007000 08:01 10618821                   /home/bcostes/.m2/repository/net/sf/geographiclib/GeographicLib-Java/1.44/GeographicLib-Java-1.44.jar
7fbe208f0000-7fbe208f1000 r--s 00002000 08:01 10619252                   /home/bcostes/.m2/repository/jgridshift/jgridshift/1.0/jgridshift-1.0.jar
7fbe208f1000-7fbe208f6000 r--s 0004f000 08:01 10617980                   /home/bcostes/.m2/repository/com/googlecode/efficient-java-matrix-library/core/0.26/core-0.26.jar
7fbe208f6000-7fbe20906000 r--s 00116000 08:01 10493605                   /home/bcostes/.m2/repository/org/geotools/gt-referencing/17.2/gt-referencing-17.2.jar
7fbe20906000-7fbe20909000 r--s 00015000 08:01 10618733                   /home/bcostes/.m2/repository/commons-pool/commons-pool/1.5.4/commons-pool-1.5.4.jar
7fbe20909000-7fbe2090c000 r--s 00014000 08:01 10618741                   /home/bcostes/.m2/repository/net/java/dev/jsr-275/jsr-275/1.0-beta-2/jsr-275-1.0-beta-2.jar
7fbe2090c000-7fbe2091a000 r--s 00048000 08:01 10493603                   /home/bcostes/.m2/repository/org/geotools/gt-opengis/17.2/gt-opengis-17.2.jar
7fbe2091a000-7fbe2091d000 r--s 00025000 08:01 10618701                   /home/bcostes/.m2/repository/commons-io/commons-io/2.1/commons-io-2.1.jar
7fbe2091d000-7fbe2091f000 r--s 00003000 08:01 10624877                   /home/bcostes/.m2/repository/it/geosolutions/jaiext/vectorbin/jt-vectorbin/1.0.15/jt-vectorbin-1.0.15.jar
7fbe2091f000-7fbe20920000 r--s 00004000 08:01 10624875                   /home/bcostes/.m2/repository/it/geosolutions/jaiext/rlookup/jt-rlookup/1.0.15/jt-rlookup-1.0.15.jar
7fbe20920000-7fbe20921000 r--s 00004000 08:01 10624873                   /home/bcostes/.m2/repository/it/geosolutions/jaiext/classifier/jt-classifier/1.0.15/jt-classifier-1.0.15.jar
7fbe20921000-7fbe20922000 r--s 00008000 08:01 10624871                   /home/bcostes/.m2/repository/it/geosolutions/jaiext/piecewise/jt-piecewise/1.0.15/jt-piecewise-1.0.15.jar
7fbe20922000-7fbe20924000 r--s 00002000 08:01 10624869                   /home/bcostes/.m2/repository/it/geosolutions/jaiext/imagefunction/jt-imagefunction/1.0.15/jt-imagefunction-1.0.15.jar
7fbe20924000-7fbe20926000 r--s 00008000 08:01 10624867                   /home/bcostes/.m2/repository/it/geosolutions/jaiext/colorindexer/jt-colorindexer/1.0.15/jt-colorindexer-1.0.15.jar
7fbe20926000-7fbe20928000 r--s 00005000 08:01 10624865                   /home/bcostes/.m2/repository/it/geosolutions/jaiext/orderdither/jt-orderdither/1.0.15/jt-orderdither-1.0.15.jar
7fbe20928000-7fbe20929000 r--s 00004000 08:01 10624863                   /home/bcostes/.m2/repository/it/geosolutions/jaiext/errordiffusion/jt-errordiffusion/1.0.15/jt-errordiffusion-1.0.15.jar
7fbe20929000-7fbe2092a000 r--s 0000f000 08:01 10624861                   /home/bcostes/.m2/repository/it/geosolutions/jaiext/colorconvert/jt-colorconvert/1.0.15/jt-colorconvert-1.0.15.jar
7fbe2092a000-7fbe2092b000 r--s 00001000 08:01 10624859                   /home/bcostes/.m2/repository/it/geosolutions/jaiext/format/jt-format/1.0.15/jt-format-1.0.15.jar
7fbe2092b000-7fbe2092c000 r--s 00003000 08:01 10624857                   /home/bcostes/.m2/repository/it/geosolutions/jaiext/binarize/jt-binarize/1.0.15/jt-binarize-1.0.15.jar
7fbe2092c000-7fbe2092e000 r--s 00007000 08:01 10624855                   /home/bcostes/.m2/repository/it/geosolutions/jaiext/zonal/jt-zonal/1.0.15/jt-zonal-1.0.15.jar
7fbe2092e000-7fbe2092f000 r--s 0000f000 08:01 10624853                   /home/bcostes/.m2/repository/it/geosolutions/jaiext/warp/jt-warp/1.0.15/jt-warp-1.0.15.jar
7fbe2092f000-7fbe20932000 r--s 0001e000 08:01 10624851                   /home/bcostes/.m2/repository/it/geosolutions/jaiext/utilities/jt-utilities/1.0.15/jt-utilities-1.0.15.jar
7fbe20932000-7fbe20933000 r--s 00002000 08:01 10624849                   /home/bcostes/.m2/repository/it/geosolutions/jaiext/translate/jt-translate/1.0.15/jt-translate-1.0.15.jar
7fbe20933000-7fbe2095e000 r--s 001f9000 08:01 10617919                   /home/bcostes/.m2/repository/com/google/guava/guava/17.0/guava-17.0.jar
7fbe2095e000-7fbe20960000 r--s 00007000 08:01 10624847                   /home/bcostes/.m2/repository/it/geosolutions/jaiext/stats/jt-stats/1.0.15/jt-stats-1.0.15.jar
7fbe20960000-7fbe20962000 r--s 00014000 08:01 10624845                   /home/bcostes/.m2/repository/it/geosolutions/jaiext/scale/jt-scale/1.0.15/jt-scale-1.0.15.jar
7fbe20962000-7fbe20963000 r--s 00004000 08:01 10624843                   /home/bcostes/.m2/repository/it/geosolutions/jaiext/rescale/jt-rescale/1.0.15/jt-rescale-1.0.15.jar
7fbe20963000-7fbe20964000 r--s 00001000 08:01 10624841                   /home/bcostes/.m2/repository/it/geosolutions/jaiext/nullop/jt-nullop/1.0.15/jt-nullop-1.0.15.jar
7fbe20964000-7fbe20965000 r--s 00007000 08:01 10624839                   /home/bcostes/.m2/repository/it/geosolutions/jaiext/mosaic/jt-mosaic/1.0.15/jt-mosaic-1.0.15.jar
7fbe20965000-7fbe20966000 r--s 00009000 08:01 10624837                   /home/bcostes/.m2/repository/it/geosolutions/jaiext/lookup/jt-lookup/1.0.15/jt-lookup-1.0.15.jar
7fbe20966000-7fbe20967000 r--s 00005000 08:01 10624835                   /home/bcostes/.m2/repository/it/geosolutions/jaiext/iterators/jt-iterators/1.0.15/jt-iterators-1.0.15.jar
7fbe20967000-7fbe20968000 r--s 00002000 08:01 10624833                   /home/bcostes/.m2/repository/it/geosolutions/jaiext/crop/jt-crop/1.0.15/jt-crop-1.0.15.jar
7fbe20968000-7fbe20969000 r--s 00004000 08:01 10624831                   /home/bcostes/.m2/repository/it/geosolutions/jaiext/buffer/jt-buffer/1.0.15/jt-buffer-1.0.15.jar
7fbe20969000-7fbe2096a000 r--s 00003000 08:01 10624829                   /home/bcostes/.m2/repository/it/geosolutions/jaiext/border/jt-border/1.0.15/jt-border-1.0.15.jar
7fbe2096a000-7fbe2096b000 r--s 00003000 08:01 10624827                   /home/bcostes/.m2/repository/it/geosolutions/jaiext/bandcombine/jt-bandcombine/1.0.15/jt-bandcombine-1.0.15.jar
7fbe2096b000-7fbe2096d000 r--s 00001000 08:01 10624825                   /home/bcostes/.m2/repository/it/geosolutions/jaiext/bandselect/jt-bandselect/1.0.15/jt-bandselect-1.0.15.jar
7fbe2096d000-7fbe2096f000 r--s 00007000 08:01 10624823                   /home/bcostes/.m2/repository/it/geosolutions/jaiext/bandmerge/jt-bandmerge/1.0.15/jt-bandmerge-1.0.15.jar
7fbe2096f000-7fbe20971000 r--s 0000b000 08:01 10624821                   /home/bcostes/.m2/repository/it/geosolutions/jaiext/algebra/jt-algebra/1.0.15/jt-algebra-1.0.15.jar
7fbe20971000-7fbe20972000 r--s 0001c000 08:01 10624819                   /home/bcostes/.m2/repository/it/geosolutions/jaiext/affine/jt-affine/1.0.15/jt-affine-1.0.15.jar
7fbe20972000-7fbe20976000 r--s 0002e000 08:01 10488962                   /home/bcostes/.m2/repository/org/jaitools/jt-utils/1.4.0/jt-utils-1.4.0.jar
7fbe20976000-7fbe2097a000 r--s 0003c000 08:01 10619186                   /home/bcostes/.m2/repository/javax/media/jai_codec/1.1.3/jai_codec-1.1.3.jar
7fbe2097a000-7fbe2097c000 r--s 00005000 08:01 10624815                   /home/bcostes/.m2/repository/it/geosolutions/imageio-ext/imageio-ext-geocore/1.1.17/imageio-ext-geocore-1.1.17.jar
7fbe2097c000-7fbe20985000 r--s 0004a000 08:01 10624811                   /home/bcostes/.m2/repository/it/geosolutions/imageio-ext/imageio-ext-tiff/1.1.17/imageio-ext-tiff-1.1.17.jar
7fbe20985000-7fbe20996000 r--s 00106000 08:01 10619179                   /home/bcostes/.m2/repository/javax/media/jai_imageio/1.1/jai_imageio-1.1.jar
7fbe20996000-7fbe2099e000 r--s 00089000 08:01 10493597                   /home/bcostes/.m2/repository/org/geotools/gt-coverage/17.2/gt-coverage-17.2.jar
7fbe2099e000-7fbe209a7000 r--s 0006d000 08:01 10618505                   /home/bcostes/.m2/repository/log4j/log4j/1.2.16/log4j-1.2.16.jar
7fbe209a7000-7fbe209a8000 ---p 00000000 00:00 0 
7fbe209a8000-7fbe20aa8000 rw-p 00000000 00:00 0 
7fbe20aa8000-7fbe20aab000 ---p 00000000 00:00 0 
7fbe20aab000-7fbe20ba9000 rw-p 00000000 00:00 0 
7fbe20ba9000-7fbe20bac000 ---p 00000000 00:00 0 
7fbe20bac000-7fbe20caa000 rw-p 00000000 00:00 0 
7fbe20caa000-7fbe20cad000 ---p 00000000 00:00 0 
7fbe20cad000-7fbe20dab000 rw-p 00000000 00:00 0 
7fbe20dab000-7fbe20dae000 ---p 00000000 00:00 0 
7fbe20dae000-7fbe20eac000 rw-p 00000000 00:00 0 
7fbe20eac000-7fbe20eaf000 ---p 00000000 00:00 0 
7fbe20eaf000-7fbe20fad000 rw-p 00000000 00:00 0 
7fbe20fad000-7fbe2128a000 r--p 00000000 08:01 11535545                   /usr/lib/locale/locale-archive
7fbe2128a000-7fbe2128d000 ---p 00000000 00:00 0 
7fbe2128d000-7fbe2138b000 rw-p 00000000 00:00 0 
7fbe2138b000-7fbe2138e000 ---p 00000000 00:00 0 
7fbe2138e000-7fbe2148c000 rw-p 00000000 00:00 0 
7fbe2148c000-7fbe2148d000 ---p 00000000 00:00 0 
7fbe2148d000-7fbe22520000 rw-p 00000000 00:00 0 
7fbe22520000-7fbe226fa000 r--s 03d4d000 08:01 10228805                   /home/bcostes/Documents/IGN/HmmMatching/eclipse/jdk1.8.0_144/jre/lib/rt.jar
7fbe226fa000-7fbe272fa000 rw-p 00000000 00:00 0 
7fbe272fa000-7fbe272fb000 ---p 00000000 00:00 0 
7fbe272fb000-7fbe273fb000 rw-p 00000000 00:00 0 
7fbe273fb000-7fbe273fc000 ---p 00000000 00:00 0 
7fbe273fc000-7fbe274fc000 rw-p 00000000 00:00 0 
7fbe274fc000-7fbe274fd000 ---p 00000000 00:00 0 
7fbe274fd000-7fbe275fd000 rw-p 00000000 00:00 0 
7fbe275fd000-7fbe275fe000 ---p 00000000 00:00 0 
7fbe275fe000-7fbe27726000 rw-p 00000000 00:00 0 
7fbe27726000-7fbe279a9000 ---p 00000000 00:00 0 
7fbe279a9000-7fbe279d1000 rw-p 00000000 00:00 0 
7fbe279d1000-7fbe27c53000 ---p 00000000 00:00 0 
7fbe27c53000-7fbe27d50000 rw-p 00000000 00:00 0 
7fbe27d50000-7fbe27da9000 ---p 00000000 00:00 0 
7fbe27da9000-7fbe27de0000 rw-p 00000000 00:00 0 
7fbe27de0000-7fbe2816a000 ---p 00000000 00:00 0 
7fbe2816a000-7fbe28eda000 rwxp 00000000 00:00 0 
7fbe28eda000-7fbe3716a000 ---p 00000000 00:00 0 
7fbe3716a000-7fbe37184000 r-xp 00000000 08:01 10228836                   /home/bcostes/Documents/IGN/HmmMatching/eclipse/jdk1.8.0_144/jre/lib/amd64/libzip.so
7fbe37184000-7fbe37384000 ---p 0001a000 08:01 10228836                   /home/bcostes/Documents/IGN/HmmMatching/eclipse/jdk1.8.0_144/jre/lib/amd64/libzip.so
7fbe37384000-7fbe37385000 rw-p 0001a000 08:01 10228836                   /home/bcostes/Documents/IGN/HmmMatching/eclipse/jdk1.8.0_144/jre/lib/amd64/libzip.so
7fbe37385000-7fbe37390000 r-xp 00000000 08:01 4725881                    /lib/x86_64-linux-gnu/libnss_files-2.23.so
7fbe37390000-7fbe3758f000 ---p 0000b000 08:01 4725881                    /lib/x86_64-linux-gnu/libnss_files-2.23.so
7fbe3758f000-7fbe37590000 r--p 0000a000 08:01 4725881                    /lib/x86_64-linux-gnu/libnss_files-2.23.so
7fbe37590000-7fbe37591000 rw-p 0000b000 08:01 4725881                    /lib/x86_64-linux-gnu/libnss_files-2.23.so
7fbe37591000-7fbe37597000 rw-p 00000000 00:00 0 
7fbe37597000-7fbe375a2000 r-xp 00000000 08:01 4725885                    /lib/x86_64-linux-gnu/libnss_nis-2.23.so
7fbe375a2000-7fbe377a1000 ---p 0000b000 08:01 4725885                    /lib/x86_64-linux-gnu/libnss_nis-2.23.so
7fbe377a1000-7fbe377a2000 r--p 0000a000 08:01 4725885                    /lib/x86_64-linux-gnu/libnss_nis-2.23.so
7fbe377a2000-7fbe377a3000 rw-p 0000b000 08:01 4725885                    /lib/x86_64-linux-gnu/libnss_nis-2.23.so
7fbe377a3000-7fbe377b9000 r-xp 00000000 08:01 4723433                    /lib/x86_64-linux-gnu/libnsl-2.23.so
7fbe377b9000-7fbe379b8000 ---p 00016000 08:01 4723433                    /lib/x86_64-linux-gnu/libnsl-2.23.so
7fbe379b8000-7fbe379b9000 r--p 00015000 08:01 4723433                    /lib/x86_64-linux-gnu/libnsl-2.23.so
7fbe379b9000-7fbe379ba000 rw-p 00016000 08:01 4723433                    /lib/x86_64-linux-gnu/libnsl-2.23.so
7fbe379ba000-7fbe379bc000 rw-p 00000000 00:00 0 
7fbe379bc000-7fbe379c4000 r-xp 00000000 08:01 4725876                    /lib/x86_64-linux-gnu/libnss_compat-2.23.so
7fbe379c4000-7fbe37bc3000 ---p 00008000 08:01 4725876                    /lib/x86_64-linux-gnu/libnss_compat-2.23.so
7fbe37bc3000-7fbe37bc4000 r--p 00007000 08:01 4725876                    /lib/x86_64-linux-gnu/libnss_compat-2.23.so
7fbe37bc4000-7fbe37bc5000 rw-p 00008000 08:01 4725876                    /lib/x86_64-linux-gnu/libnss_compat-2.23.so
7fbe37bc5000-7fbe37bf0000 r-xp 00000000 08:01 10228863                   /home/bcostes/Documents/IGN/HmmMatching/eclipse/jdk1.8.0_144/jre/lib/amd64/libjava.so
7fbe37bf0000-7fbe37def000 ---p 0002b000 08:01 10228863                   /home/bcostes/Documents/IGN/HmmMatching/eclipse/jdk1.8.0_144/jre/lib/amd64/libjava.so
7fbe37def000-7fbe37df1000 rw-p 0002a000 08:01 10228863                   /home/bcostes/Documents/IGN/HmmMatching/eclipse/jdk1.8.0_144/jre/lib/amd64/libjava.so
7fbe37df1000-7fbe37dfe000 r-xp 00000000 08:01 10228814                   /home/bcostes/Documents/IGN/HmmMatching/eclipse/jdk1.8.0_144/jre/lib/amd64/libverify.so
7fbe37dfe000-7fbe37ffe000 ---p 0000d000 08:01 10228814                   /home/bcostes/Documents/IGN/HmmMatching/eclipse/jdk1.8.0_144/jre/lib/amd64/libverify.so
7fbe37ffe000-7fbe38000000 rw-p 0000d000 08:01 10228814                   /home/bcostes/Documents/IGN/HmmMatching/eclipse/jdk1.8.0_144/jre/lib/amd64/libverify.so
7fbe38000000-7fbe38fda000 rw-p 00000000 00:00 0 
7fbe38fda000-7fbe3c000000 ---p 00000000 00:00 0 
7fbe3c000000-7fbe3c001000 r--s 00004000 08:01 10488924                   /home/bcostes/.m2/repository/org/jaitools/jt-zonalstats/1.4.0/jt-zonalstats-1.4.0.jar
7fbe3c001000-7fbe3c006000 r--s 00017000 08:01 10488293                   /home/bcostes/.m2/repository/org/hibernate/javax/persistence/hibernate-jpa-2.1-api/1.0.0.Final/hibernate-jpa-2.1-api-1.0.0.Final.jar
7fbe3c006000-7fbe3c00a000 r--s 00021000 08:01 6820284                    /home/bcostes/workspace_hmmmatching/HMMSpatialNetworkMatcher/HMMSpatialNetworkMatcher/lib/SCPSolver.jar
7fbe3c00a000-7fbe3c00f000 r--s 00084000 08:01 10228912                   /home/bcostes/Documents/IGN/HmmMatching/eclipse/jdk1.8.0_144/jre/lib/jfr.jar
7fbe3c00f000-7fbe3c0d4000 rw-p 00000000 00:00 0 
7fbe3c0d4000-7fbe3c0db000 r-xp 00000000 08:01 4725886                    /lib/x86_64-linux-gnu/librt-2.23.so
7fbe3c0db000-7fbe3c2da000 ---p 00007000 08:01 4725886                    /lib/x86_64-linux-gnu/librt-2.23.so
7fbe3c2da000-7fbe3c2db000 r--p 00006000 08:01 4725886                    /lib/x86_64-linux-gnu/librt-2.23.so
7fbe3c2db000-7fbe3c2dc000 rw-p 00007000 08:01 4725886                    /lib/x86_64-linux-gnu/librt-2.23.so
7fbe3c2dc000-7fbe3c3e4000 r-xp 00000000 08:01 4723429                    /lib/x86_64-linux-gnu/libm-2.23.so
7fbe3c3e4000-7fbe3c5e3000 ---p 00108000 08:01 4723429                    /lib/x86_64-linux-gnu/libm-2.23.so
7fbe3c5e3000-7fbe3c5e4000 r--p 00107000 08:01 4723429                    /lib/x86_64-linux-gnu/libm-2.23.so
7fbe3c5e4000-7fbe3c5e5000 rw-p 00108000 08:01 4723429                    /lib/x86_64-linux-gnu/libm-2.23.so
7fbe3c5e5000-7fbe3d2b8000 r-xp 00000000 08:01 10228867                   /home/bcostes/Documents/IGN/HmmMatching/eclipse/jdk1.8.0_144/jre/lib/amd64/server/libjvm.so
7fbe3d2b8000-7fbe3d4b7000 ---p 00cd3000 08:01 10228867                   /home/bcostes/Documents/IGN/HmmMatching/eclipse/jdk1.8.0_144/jre/lib/amd64/server/libjvm.so
7fbe3d4b7000-7fbe3d591000 rw-p 00cd2000 08:01 10228867                   /home/bcostes/Documents/IGN/HmmMatching/eclipse/jdk1.8.0_144/jre/lib/amd64/server/libjvm.so
7fbe3d591000-7fbe3d5dc000 rw-p 00000000 00:00 0 
7fbe3d5dc000-7fbe3d79c000 r-xp 00000000 08:01 4725868                    /lib/x86_64-linux-gnu/libc-2.23.so
7fbe3d79c000-7fbe3d99c000 ---p 001c0000 08:01 4725868                    /lib/x86_64-linux-gnu/libc-2.23.so
7fbe3d99c000-7fbe3d9a0000 r--p 001c0000 08:01 4725868                    /lib/x86_64-linux-gnu/libc-2.23.so
7fbe3d9a0000-7fbe3d9a2000 rw-p 001c4000 08:01 4725868                    /lib/x86_64-linux-gnu/libc-2.23.so
7fbe3d9a2000-7fbe3d9a6000 rw-p 00000000 00:00 0 
7fbe3d9a6000-7fbe3d9a9000 r-xp 00000000 08:01 4725870                    /lib/x86_64-linux-gnu/libdl-2.23.so
7fbe3d9a9000-7fbe3dba8000 ---p 00003000 08:01 4725870                    /lib/x86_64-linux-gnu/libdl-2.23.so
7fbe3dba8000-7fbe3dba9000 r--p 00002000 08:01 4725870                    /lib/x86_64-linux-gnu/libdl-2.23.so
7fbe3dba9000-7fbe3dbaa000 rw-p 00003000 08:01 4725870                    /lib/x86_64-linux-gnu/libdl-2.23.so
7fbe3dbaa000-7fbe3dbbf000 r-xp 00000000 08:01 10227842                   /home/bcostes/Documents/IGN/HmmMatching/eclipse/jdk1.8.0_144/lib/amd64/jli/libjli.so
7fbe3dbbf000-7fbe3ddbf000 ---p 00015000 08:01 10227842                   /home/bcostes/Documents/IGN/HmmMatching/eclipse/jdk1.8.0_144/lib/amd64/jli/libjli.so
7fbe3ddbf000-7fbe3ddc0000 rw-p 00015000 08:01 10227842                   /home/bcostes/Documents/IGN/HmmMatching/eclipse/jdk1.8.0_144/lib/amd64/jli/libjli.so
7fbe3ddc0000-7fbe3ddd8000 r-xp 00000000 08:01 4725867                    /lib/x86_64-linux-gnu/libpthread-2.23.so
7fbe3ddd8000-7fbe3dfd7000 ---p 00018000 08:01 4725867                    /lib/x86_64-linux-gnu/libpthread-2.23.so
7fbe3dfd7000-7fbe3dfd8000 r--p 00017000 08:01 4725867                    /lib/x86_64-linux-gnu/libpthread-2.23.so
7fbe3dfd8000-7fbe3dfd9000 rw-p 00018000 08:01 4725867                    /lib/x86_64-linux-gnu/libpthread-2.23.so
7fbe3dfd9000-7fbe3dfdd000 rw-p 00000000 00:00 0 
7fbe3dfdd000-7fbe3e003000 r-xp 00000000 08:01 4725866                    /lib/x86_64-linux-gnu/ld-2.23.so
7fbe3e003000-7fbe3e004000 r--s 00009000 08:01 10624813                   /home/bcostes/.m2/repository/it/geosolutions/imageio-ext/imageio-ext-utilities/1.1.17/imageio-ext-utilities-1.1.17.jar
7fbe3e004000-7fbe3e005000 r--s 00002000 08:01 10618306                   /home/bcostes/.m2/repository/com/graphhopper/external/hmm-lib/1.0.0/hmm-lib-1.0.0.jar
7fbe3e005000-7fbe3e006000 r--s 00151000 08:01 6820282                    /home/bcostes/workspace_hmmmatching/HMMSpatialNetworkMatcher/HMMSpatialNetworkMatcher/lib/LPSOLVESolverPack.jar
7fbe3e006000-7fbe3e00b000 r--s 002f9000 08:01 10228758                   /home/bcostes/Documents/IGN/HmmMatching/eclipse/jdk1.8.0_144/jre/lib/charsets.jar
7fbe3e00b000-7fbe3e0d7000 rw-p 00000000 00:00 0 
7fbe3e0d7000-7fbe3e0da000 ---p 00000000 00:00 0 
7fbe3e0da000-7fbe3e1dd000 rw-p 00000000 00:00 0 
7fbe3e1dd000-7fbe3e1e0000 r--s 0001a000 08:01 10229067                   /home/bcostes/Documents/IGN/HmmMatching/eclipse/jdk1.8.0_144/jre/lib/jce.jar
7fbe3e1e0000-7fbe3e1e5000 r--s 0009a000 08:01 10228757                   /home/bcostes/Documents/IGN/HmmMatching/eclipse/jdk1.8.0_144/jre/lib/jsse.jar
7fbe3e1e5000-7fbe3e1f8000 r--s 00345000 08:01 10229037                   /home/bcostes/Documents/IGN/HmmMatching/eclipse/jdk1.8.0_144/jre/lib/resources.jar
7fbe3e1f8000-7fbe3e200000 rw-s 00000000 08:01 395949                     /tmp/hsperfdata_bcostes/7991
7fbe3e200000-7fbe3e201000 rw-p 00000000 00:00 0 
7fbe3e201000-7fbe3e202000 r--p 00000000 00:00 0 
7fbe3e202000-7fbe3e203000 r--p 00025000 08:01 4725866                    /lib/x86_64-linux-gnu/ld-2.23.so
7fbe3e203000-7fbe3e204000 rw-p 00026000 08:01 4725866                    /lib/x86_64-linux-gnu/ld-2.23.so
7fbe3e204000-7fbe3e205000 rw-p 00000000 00:00 0 
7ffd9c04d000-7ffd9c072000 rw-p 00000000 00:00 0                          [stack]
7ffd9c1b0000-7ffd9c1b3000 r--p 00000000 00:00 0                          [vvar]
7ffd9c1b3000-7ffd9c1b5000 r-xp 00000000 00:00 0                          [vdso]
ffffffffff600000-ffffffffff601000 r-xp 00000000 00:00 0                  [vsyscall]

VM Arguments:
jvm_args: -Djavax.net.ssl.trustStore=/home/bcostes/Documents/IGN/HmmMatching/eclipse/trust.jks -Djavax.net.ssl.keyStorePassword=leschiensaboient -Xmx2048M -Dfile.encoding=UTF-8 
java_command: fr.ign.cogit.HMMSpatialNetworkMatcher.matching.TempTest
java_class_path (initial): /home/bcostes/Documents/IGN/HmmMatching/eclipse/jdk1.8.0_144/jre/lib/resources.jar:/home/bcostes/Documents/IGN/HmmMatching/eclipse/jdk1.8.0_144/jre/lib/rt.jar:/home/bcostes/Documents/IGN/HmmMatching/eclipse/jdk1.8.0_144/jre/lib/jsse.jar:/home/bcostes/Documents/IGN/HmmMatching/eclipse/jdk1.8.0_144/jre/lib/jce.jar:/home/bcostes/Documents/IGN/HmmMatching/eclipse/jdk1.8.0_144/jre/lib/charsets.jar:/home/bcostes/Documents/IGN/HmmMatching/eclipse/jdk1.8.0_144/jre/lib/jfr.jar:/home/bcostes/Documents/IGN/HmmMatching/eclipse/jdk1.8.0_144/jre/lib/ext/jfxrt.jar:/home/bcostes/Documents/IGN/HmmMatching/eclipse/jdk1.8.0_144/jre/lib/ext/jaccess.jar:/home/bcostes/Documents/IGN/HmmMatching/eclipse/jdk1.8.0_144/jre/lib/ext/dnsns.jar:/home/bcostes/Documents/IGN/HmmMatching/eclipse/jdk1.8.0_144/jre/lib/ext/sunjce_provider.jar:/home/bcostes/Documents/IGN/HmmMatching/eclipse/jdk1.8.0_144/jre/lib/ext/nashorn.jar:/home/bcostes/Documents/IGN/HmmMatching/eclipse/jdk1.8.0_144/jre/lib/ext/sunec.jar:/home/bcostes/Documents/IGN/HmmMatching/eclipse/jdk1.8.0_144/jre/lib/ext/cldrdata.jar:/home/bcostes/Documents/IGN/HmmMatching/eclipse/jdk1.8.0_144/jre/lib/ext/sunpkcs11.jar:/home/bcostes/Documents/IGN/HmmMatching/eclipse/jdk1.8.0_144/jre/lib/ext/zipfs.jar:/home/bcostes/Documents/IGN/HmmMatching/eclipse/jdk1.8.0_144/jre/lib/ext/localedata.jar:/home/bcostes/workspace_hmmmatching/HMMSpatialNetworkMatcher/HMMSpatialNetworkMatcher/target/classes:/home/bcostes/workspace_hmmmatching/HMMSpatialNetworkMatcher/HMMSpatialNetworkMatcher/lib/LPSOLVESolverPack.jar:/home/bcostes/workspace_hmmmatching/HMMSpatialNetworkMatcher/HMMSpatialNetworkMatcher/lib/SCPSolver.jar:/home/bcostes/.m2/repository/com/graphhopper/external/hmm-lib/1.0.0/hmm-lib-1.0.0.jar:/home/bcostes/workspace_hmmmatching/geoxygene/geoxygene-feature/target/classes:/home/bcostes/.m2/repository/log4j/log4j/1.2.16/log4j-1.2.16.jar:/home/bcostes/.m2/repository/org/hibernate/javax/persistence/hibernate-jpa-2.1-api/1.0.0.Final/
Launcher Type: SUN_STANDARD

Environment Variables:
PATH=/home/bcostes/bin:/home/bcostes/.local/bin:/usr/local/sbin:/usr/local/bin:/usr/sbin:/usr/bin:/sbin:/bin:/usr/games:/usr/local/games:/snap/bin
SHELL=/bin/bash
DISPLAY=:0

Signal Handlers:
SIGSEGV: [libjvm.so+0xacba10], sa_mask[0]=11111111011111111101111111111110, sa_flags=SA_RESTART|SA_SIGINFO
SIGBUS: [libjvm.so+0xacba10], sa_mask[0]=11111111011111111101111111111110, sa_flags=SA_RESTART|SA_SIGINFO
SIGFPE: [libjvm.so+0x924ba0], sa_mask[0]=11111111011111111101111111111110, sa_flags=SA_RESTART|SA_SIGINFO
SIGPIPE: [libjvm.so+0x924ba0], sa_mask[0]=11111111011111111101111111111110, sa_flags=SA_RESTART|SA_SIGINFO
SIGXFSZ: [libjvm.so+0x924ba0], sa_mask[0]=11111111011111111101111111111110, sa_flags=SA_RESTART|SA_SIGINFO
SIGILL: [libjvm.so+0x924ba0], sa_mask[0]=11111111011111111101111111111110, sa_flags=SA_RESTART|SA_SIGINFO
SIGUSR1: SIG_DFL, sa_mask[0]=00000000000000000000000000000000, sa_flags=none
SIGUSR2: [libjvm.so+0x9263e0], sa_mask[0]=00100000000000000000000000000000, sa_flags=SA_RESTART|SA_SIGINFO
SIGHUP: [libjvm.so+0x9277e0], sa_mask[0]=11111111011111111101111111111110, sa_flags=SA_RESTART|SA_SIGINFO
SIGINT: [libjvm.so+0x9277e0], sa_mask[0]=11111111011111111101111111111110, sa_flags=SA_RESTART|SA_SIGINFO
SIGTERM: [libjvm.so+0x9277e0], sa_mask[0]=11111111011111111101111111111110, sa_flags=SA_RESTART|SA_SIGINFO
SIGQUIT: [libjvm.so+0x9277e0], sa_mask[0]=11111111011111111101111111111110, sa_flags=SA_RESTART|SA_SIGINFO


---------------  S Y S T E M  ---------------

OS:DISTRIB_ID=Ubuntu
DISTRIB_RELEASE=16.04
DISTRIB_CODENAME=xenial
DISTRIB_DESCRIPTION="Ubuntu 16.04.4 LTS"

uname:Linux 4.4.0-119-generic #143-Ubuntu SMP Mon Apr 2 16:08:24 UTC 2018 x86_64
libc:glibc 2.23 NPTL 2.23 
rlimit: STACK 8192k, CORE 0k, NPROC 30485, NOFILE 1048576, AS infinity
load average:1,59 1,32 1,11

/proc/meminfo:
MemTotal:        7845404 kB
MemFree:         1244652 kB
MemAvailable:    2798912 kB
Buffers:          143152 kB
Cached:          1943476 kB
SwapCached:            0 kB
Active:          5055440 kB
Inactive:        1266328 kB
Active(anon):    4245136 kB
Inactive(anon):   343628 kB
Active(file):     810304 kB
Inactive(file):   922700 kB
Unevictable:          80 kB
Mlocked:              80 kB
SwapTotal:       8052732 kB
SwapFree:        8052732 kB
Dirty:              1368 kB
Writeback:             0 kB
AnonPages:       4235292 kB
Mapped:           585584 kB
Shmem:            353628 kB
Slab:             133688 kB
SReclaimable:      89344 kB
SUnreclaim:        44344 kB
KernelStack:       12752 kB
PageTables:        51520 kB
NFS_Unstable:          0 kB
Bounce:                0 kB
WritebackTmp:          0 kB
CommitLimit:    11975432 kB
Committed_AS:   10704820 kB
VmallocTotal:   34359738367 kB
VmallocUsed:           0 kB
VmallocChunk:          0 kB
HardwareCorrupted:     0 kB
AnonHugePages:         0 kB
CmaTotal:              0 kB
CmaFree:               0 kB
HugePages_Total:       0
HugePages_Free:        0
HugePages_Rsvd:        0
HugePages_Surp:        0
Hugepagesize:       2048 kB
DirectMap4k:      129196 kB
DirectMap2M:     3731456 kB
DirectMap1G:     5242880 kB


CPU:total 4 (initial active 4) (4 cores per cpu, 1 threads per core) family 6 model 94 stepping 3, cmov, cx8, fxsr, mmx, sse, sse2, sse3, ssse3, sse4.1, sse4.2, popcnt, avx, avx2, aes, clmul, erms, rtm, 3dnowpref, lzcnt, tsc, tscinvbit, bmi1, bmi2, adx

/proc/cpuinfo:
processor	: 0
vendor_id	: GenuineIntel
cpu family	: 6
model		: 94
model name	: Intel(R) Core(TM) i5-6440HQ CPU @ 2.60GHz
stepping	: 3
microcode	: 0xc2
cpu MHz		: 3127.210
cache size	: 6144 KB
physical id	: 0
siblings	: 4
core id		: 0
cpu cores	: 4
apicid		: 0
initial apicid	: 0
fpu		: yes
fpu_exception	: yes
cpuid level	: 22
wp		: yes
flags		: fpu vme de pse tsc msr pae mce cx8 apic sep mtrr pge mca cmov pat pse36 clflush dts acpi mmx fxsr sse sse2 ss ht tm pbe syscall nx pdpe1gb rdtscp lm constant_tsc art arch_perfmon pebs bts rep_good nopl xtopology nonstop_tsc aperfmperf eagerfpu pni pclmulqdq dtes64 monitor ds_cpl vmx smx est tm2 ssse3 sdbg fma cx16 xtpr pdcm pcid sse4_1 sse4_2 x2apic movbe popcnt tsc_deadline_timer aes xsave avx f16c rdrand lahf_lm abm 3dnowprefetch epb invpcid_single intel_pt rsb_ctxsw spec_ctrl retpoline kaiser tpr_shadow vnmi flexpriority ept vpid fsgsbase tsc_adjust bmi1 hle avx2 smep bmi2 erms invpcid rtm mpx rdseed adx smap clflushopt xsaveopt xsavec xgetbv1 dtherm ida arat pln pts hwp hwp_notify hwp_act_window hwp_epp
bugs		: cpu_meltdown spectre_v1 spectre_v2
bogomips	: 5184.12
clflush size	: 64
cache_alignment	: 64
address sizes	: 39 bits physical, 48 bits virtual
power management:

processor	: 1
vendor_id	: GenuineIntel
cpu family	: 6
model		: 94
model name	: Intel(R) Core(TM) i5-6440HQ CPU @ 2.60GHz
stepping	: 3
microcode	: 0xc2
cpu MHz		: 3057.640
cache size	: 6144 KB
physical id	: 0
siblings	: 4
core id		: 1
cpu cores	: 4
apicid		: 2
initial apicid	: 2
fpu		: yes
fpu_exception	: yes
cpuid level	: 22
wp		: yes
flags		: fpu vme de pse tsc msr pae mce cx8 apic sep mtrr pge mca cmov pat pse36 clflush dts acpi mmx fxsr sse sse2 ss ht tm pbe syscall nx pdpe1gb rdtscp lm constant_tsc art arch_perfmon pebs bts rep_good nopl xtopology nonstop_tsc aperfmperf eagerfpu pni pclmulqdq dtes64 monitor ds_cpl vmx smx est tm2 ssse3 sdbg fma cx16 xtpr pdcm pcid sse4_1 sse4_2 x2apic movbe popcnt tsc_deadline_timer aes xsave avx f16c rdrand lahf_lm abm 3dnowprefetch epb invpcid_single intel_pt rsb_ctxsw spec_ctrl retpoline kaiser tpr_shadow vnmi flexpriority ept vpid fsgsbase tsc_adjust bmi1 hle avx2 smep bmi2 erms invpcid rtm mpx rdseed adx smap clflushopt xsaveopt xsavec xgetbv1 dtherm ida arat pln pts hwp hwp_notify hwp_act_window hwp_epp
bugs		: cpu_meltdown spectre_v1 spectre_v2
bogomips	: 5184.12
clflush size	: 64
cache_alignment	: 64
address sizes	: 39 bits physical, 48 bits virtual
power management:

processor	: 2
vendor_id	: GenuineIntel
cpu family	: 6
model		: 94
model name	: Intel(R) Core(TM) i5-6440HQ CPU @ 2.60GHz
stepping	: 3
microcode	: 0xc2
cpu MHz		: 3151.078
cache size	: 6144 KB
physical id	: 0
siblings	: 4
core id		: 2
cpu cores	: 4
apicid		: 4
initial apicid	: 4
fpu		: yes
fpu_exception	: yes
cpuid level	: 22
wp		: yes
flags		: fpu vme de pse tsc msr pae mce cx8 apic sep mtrr pge mca cmov pat pse36 clflush dts acpi mmx fxsr sse sse2 ss ht tm pbe syscall nx pdpe1gb rdtscp lm constant_tsc art arch_perfmon pebs bts rep_good nopl xtopology nonstop_tsc aperfmperf eagerfpu pni pclmulqdq dtes64 monitor ds_cpl vmx smx est tm2 ssse3 sdbg fma cx16 xtpr pdcm pcid sse4_1 sse4_2 x2apic movbe popcnt tsc_deadline_timer aes xsave avx f16c rdrand lahf_lm abm 3dnowprefetch epb invpcid_single intel_pt rsb_ctxsw spec_ctrl retpoline kaiser tpr_shadow vnmi flexpriority ept vpid fsgsbase tsc_adjust bmi1 hle avx2 smep bmi2 erms invpcid rtm mpx rdseed adx smap clflushopt xsaveopt xsavec xgetbv1 dtherm ida arat pln pts hwp hwp_notify hwp_act_window hwp_epp
bugs		: cpu_meltdown spectre_v1 spectre_v2
bogomips	: 5184.12
clflush size	: 64
cache_alignment	: 64
address sizes	: 39 bits physical, 48 bits virtual
power management:

processor	: 3
vendor_id	: GenuineIntel
cpu family	: 6
model		: 94
model name	: Intel(R) Core(TM) i5-6440HQ CPU @ 2.60GHz
stepping	: 3
microcode	: 0xc2
cpu MHz		: 3122.031
cache size	: 6144 KB
physical id	: 0
siblings	: 4
core id		: 3
cpu cores	: 4
apicid		: 6
initial apicid	: 6
fpu		: yes
fpu_exception	: yes
cpuid level	: 22
wp		: yes
flags		: fpu vme de pse tsc msr pae mce cx8 apic sep mtrr pge mca cmov pat pse36 clflush dts acpi mmx fxsr sse sse2 ss ht tm pbe syscall nx pdpe1gb rdtscp lm constant_tsc art arch_perfmon pebs bts rep_good nopl xtopology nonstop_tsc aperfmperf eagerfpu pni pclmulqdq dtes64 monitor ds_cpl vmx smx est tm2 ssse3 sdbg fma cx16 xtpr pdcm pcid sse4_1 sse4_2 x2apic movbe popcnt tsc_deadline_timer aes xsave avx f16c rdrand lahf_lm abm 3dnowprefetch epb invpcid_single intel_pt rsb_ctxsw spec_ctrl retpoline kaiser tpr_shadow vnmi flexpriority ept vpid fsgsbase tsc_adjust bmi1 hle avx2 smep bmi2 erms invpcid rtm mpx rdseed adx smap clflushopt xsaveopt xsavec xgetbv1 dtherm ida arat pln pts hwp hwp_notify hwp_act_window hwp_epp
bugs		: cpu_meltdown spectre_v1 spectre_v2
bogomips	: 5184.12
clflush size	: 64
cache_alignment	: 64
address sizes	: 39 bits physical, 48 bits virtual
power management:



Memory: 4k page, physical 7845404k(1244652k free), swap 8052732k(8052732k free)

vm_info: Java HotSpot(TM) 64-Bit Server VM (25.144-b01) for linux-amd64 JRE (1.8.0_144-b01), built on Jul 21 2017 21:57:33 by "java_re" with gcc 4.3.0 20080428 (Red Hat 4.3.0-8)

time: Thu Apr 12 10:42:31 2018
elapsed time: 78 seconds (0d 0h 1m 18s)

