#
# A fatal error has been detected by the Java Runtime Environment:
#
#  SIGSEGV (0xb) at pc=0x0000000000020a36, pid=8246, tid=0x00007fef7a2a6700
#
# JRE version: Java(TM) SE Runtime Environment (8.0_144-b01) (build 1.8.0_144-b01)
# Java VM: Java HotSpot(TM) 64-Bit Server VM (25.144-b01 mixed mode linux-amd64 compressed oops)
# Problematic frame:
# C  0x0000000000020a36
#
# Failed to write core dump. Core dumps have been disabled. To enable core dumping, try "ulimit -c unlimited" before starting Java again
#
# If you would like to submit a bug report, please visit:
#   http://bugreport.java.com/bugreport/crash.jsp
# The crash happened outside the Java Virtual Machine in native code.
# See problematic frame for where to report the bug.
#

---------------  T H R E A D  ---------------

Current thread (0x00007fef74012800):  JavaThread "main" [_thread_in_native, id=8248, stack(0x00007fef7a1a6000,0x00007fef7a2a7000)]

siginfo: si_signo: 11 (SIGSEGV), si_code: 1 (SEGV_MAPERR), si_addr: 0x0000000000020a36

Registers:
RAX=0x0000000000000000, RBX=0x00007fef234a59c8, RCX=0x0000000000000031, RDX=0x0000000000000031
RSP=0x00007fef7a2a5418, RBP=0x00007fef7a2a5470, RSI=0x0000000000000031, RDI=0x0000000000000000
R8 =0x000000000000007d, R9 =0x00000000d7686878, R10=0x00007fef64181a08, R11=0x00007fef7907bfa0
R12=0x0000000000000000, R13=0x00007fef234a59c0, R14=0x00007fef7a2a54f8, R15=0x00007fef74012800
RIP=0x0000000000020a36, EFLAGS=0x0000000000010202, CSGSFS=0x0000000000000033, ERR=0x0000000000000014
  TRAPNO=0x000000000000000e

Top of Stack: (sp=0x00007fef7a2a5418)
0x00007fef7a2a5418:   00007fef231a6eda 00007fef7a2a5488
0x00007fef7a2a5428:   0000000000000031 00007fef7a2a54e0
0x00007fef7a2a5438:   00007fef740129f8 00007fef7a2a54b0
0x00007fef7a2a5448:   00007fef7a2a5448 0000000000000000
0x00007fef7a2a5458:   0000000000000000 00007fef2349cfa8
0x00007fef7a2a5468:   00007fef234a59c8 00007fef7a2a54d0
0x00007fef7a2a5478:   00007fef64181a34 00007fef7a2a5498
0x00007fef7a2a5488:   00007fef7a2a54e0 00007fef7a2a5490
0x00007fef7a2a5498:   0000000000000000 00007fef7a2a54f8
0x00007fef7a2a54a8:   00007fef234aeee8 0000000000000000
0x00007fef7a2a54b8:   00007fef234a59c8 0000000000000000
0x00007fef7a2a54c8:   00007fef7a2a54f0 00007fef7a2a5548
0x00007fef7a2a54d8:   00007fef64172040 00000000d573d1f8
0x00007fef7a2a54e8:   00007fef6417b53b 0000000000000031
0x00007fef7a2a54f8:   0000000000000000 00000000f9b0b2d0
0x00007fef7a2a5508:   00007fef7a2a5508 00007fef23497d59
0x00007fef7a2a5518:   00007fef7a2a5580 00007fef23498758
0x00007fef7a2a5528:   0000000000000000 00007fef23498030
0x00007fef7a2a5538:   00007fef7a2a54f0 00007fef7a2a5578
0x00007fef7a2a5548:   00007fef7a2a55c8 00007fef64172114
0x00007fef7a2a5558:   0000000000000000 0000000000000000
0x00007fef7a2a5568:   0000000000000000 0000000000000000
0x00007fef7a2a5578:   00000000d7686fa8 00000000f9b0b2d0
0x00007fef7a2a5588:   00007fef7a2a5588 00007fef234917f7
0x00007fef7a2a5598:   00007fef7a2a55f8 00007fef234923d8
0x00007fef7a2a55a8:   0000000000000000 00007fef23491810
0x00007fef7a2a55b8:   00007fef7a2a5578 00007fef7a2a55f0
0x00007fef7a2a55c8:   00007fef7a2a5640 00007fef64172040
0x00007fef7a2a55d8:   0000000000000000 0000000000000000
0x00007fef7a2a55e8:   00000000d7686fa8 00000000f9b0b2d0
0x00007fef7a2a55f8:   00000000d64ed360 00007fef7a2a5600
0x00007fef7a2a5608:   00007fef2349189c 00007fef7a2a5650 

Instructions: (pc=0x0000000000020a36)
0x0000000000020a16:   
[error occurred during error reporting (printing registers, top of stack, instructions near pc), id 0xb]

Register to memory mapping:

RAX=0x0000000000000000 is an unknown value
RBX={method} {0x00007fef234a59c8} 'makeLp' '(II)Llpsolve/LpSolve;' in 'lpsolve/LpSolve'
RCX=0x0000000000000031 is an unknown value
RDX=0x0000000000000031 is an unknown value
RSP=0x00007fef7a2a5418 is pointing into the stack for thread: 0x00007fef74012800
RBP=0x00007fef7a2a5470 is pointing into the stack for thread: 0x00007fef74012800
RSI=0x0000000000000031 is an unknown value
RDI=0x0000000000000000 is an unknown value
R8 =0x000000000000007d is an unknown value
R9 =0x00000000d7686878 is an oop
java.util.HashMap$Node 
 - klass: 'java/util/HashMap$Node'
R10=0x00007fef64181a08 is at code_begin+808 in an Interpreter codelet
method entry point (kind = native)  [0x00007fef641816e0, 0x00007fef64181fe0]  2304 bytes
R11=0x00007fef7907bfa0: <offset 0x9c7fa0> in /home/bcostes/Documents/IGN/HmmMatching/eclipse/jdk1.8.0_144/jre/lib/amd64/server/libjvm.so at 0x00007fef786b4000
R12=0x0000000000000000 is an unknown value
R13=0x00007fef234a59c0 is pointing into metadata
R14=0x00007fef7a2a54f8 is pointing into the stack for thread: 0x00007fef74012800
R15=0x00007fef74012800 is a thread


Stack: [0x00007fef7a1a6000,0x00007fef7a2a7000],  sp=0x00007fef7a2a5418,  free space=1021k
Native frames: (J=compiled Java code, j=interpreted, Vv=VM code, C=native code)
C  0x0000000000020a36
j  lpsolve.LpSolve.makeLp(II)Llpsolve/LpSolve;+0
j  scpsolver.lpsolver.LPSOLVESolver.solve(Lscpsolver/problems/LinearProgram;)[D+33
j  scpsolver.problems.LPWizard.solve(Lscpsolver/lpsolver/LinearProgramSolver;)Lscpsolver/problems/LPSolution;+7
j  scpsolver.problems.LPWizard.solve()Lscpsolver/problems/LPSolution;+4
j  fr.ign.cogit.HMMSpatialNetworkMatcher.matching.postProcessStrategy.OptimizationPostStratregy.simplify(Ljava/util/Map;)Ljava/util/Map;+2132
j  fr.ign.cogit.HMMSpatialNetworkMatcher.matching.core.HMMMatchingProcess.match()V+258
j  fr.ign.cogit.HMMSpatialNetworkMatcher.matching.HMMMatchingLauncher.lauchMatchingProcess()V+138
j  fr.ign.cogit.HMMSpatialNetworkMatcher.matching.TempTest.main([Ljava/lang/String;)V+96
v  ~StubRoutines::call_stub
V  [libjvm.so+0x693e96]  JavaCalls::call_helper(JavaValue*, methodHandle*, JavaCallArguments*, Thread*)+0x1056
V  [libjvm.so+0x6d52b2]  jni_invoke_static(JNIEnv_*, JavaValue*, _jobject*, JNICallType, _jmethodID*, JNI_ArgumentPusher*, Thread*)+0x362
V  [libjvm.so+0x6f1b1a]  jni_CallStaticVoidMethod+0x17a
C  [libjli.so+0x7bdf]  JavaMain+0x81f
C  [libpthread.so.0+0x76ba]  start_thread+0xca

Java frames: (J=compiled Java code, j=interpreted, Vv=VM code)
j  lpsolve.LpSolve.makeLp(II)Llpsolve/LpSolve;+0
j  scpsolver.lpsolver.LPSOLVESolver.solve(Lscpsolver/problems/LinearProgram;)[D+33
j  scpsolver.problems.LPWizard.solve(Lscpsolver/lpsolver/LinearProgramSolver;)Lscpsolver/problems/LPSolution;+7
j  scpsolver.problems.LPWizard.solve()Lscpsolver/problems/LPSolution;+4
j  fr.ign.cogit.HMMSpatialNetworkMatcher.matching.postProcessStrategy.OptimizationPostStratregy.simplify(Ljava/util/Map;)Ljava/util/Map;+2132
j  fr.ign.cogit.HMMSpatialNetworkMatcher.matching.core.HMMMatchingProcess.match()V+258
j  fr.ign.cogit.HMMSpatialNetworkMatcher.matching.HMMMatchingLauncher.lauchMatchingProcess()V+138
j  fr.ign.cogit.HMMSpatialNetworkMatcher.matching.TempTest.main([Ljava/lang/String;)V+96
v  ~StubRoutines::call_stub

---------------  P R O C E S S  ---------------

Java Threads: ( => current thread )
  0x00007fef740c9800 JavaThread "Service Thread" daemon [_thread_blocked, id=8264, stack(0x00007fef5cb7b000,0x00007fef5cc7c000)]
  0x00007fef740c6800 JavaThread "C1 CompilerThread2" daemon [_thread_blocked, id=8263, stack(0x00007fef5cc7c000,0x00007fef5cd7d000)]
  0x00007fef740c4800 JavaThread "C2 CompilerThread1" daemon [_thread_in_native, id=8262, stack(0x00007fef5cd7d000,0x00007fef5ce7e000)]
  0x00007fef740c1800 JavaThread "C2 CompilerThread0" daemon [_thread_blocked, id=8261, stack(0x00007fef5ce7e000,0x00007fef5cf7f000)]
  0x00007fef740c0000 JavaThread "Signal Dispatcher" daemon [_thread_blocked, id=8260, stack(0x00007fef5cf7f000,0x00007fef5d080000)]
  0x00007fef7408d000 JavaThread "Finalizer" daemon [_thread_blocked, id=8259, stack(0x00007fef5d35d000,0x00007fef5d45e000)]
  0x00007fef74088000 JavaThread "Reference Handler" daemon [_thread_blocked, id=8258, stack(0x00007fef5d45e000,0x00007fef5d55f000)]
=>0x00007fef74012800 JavaThread "main" [_thread_in_native, id=8248, stack(0x00007fef7a1a6000,0x00007fef7a2a7000)]

Other Threads:
  0x00007fef74080800 VMThread [stack: 0x00007fef5d55f000,0x00007fef5d660000] [id=8257]
  0x00007fef740cc800 WatcherThread [stack: 0x00007fef5ca7a000,0x00007fef5cb7b000] [id=8265]

VM state:not at safepoint (normal execution)

VM Mutex/Monitor currently owned by a thread: None

Heap:
 PSYoungGen      total 124928K, used 37235K [0x00000000d5580000, 0x00000000f9f00000, 0x0000000100000000)
  eden space 122880K, 28% used [0x00000000d5580000,0x00000000d77e4e68,0x00000000dcd80000)
  from space 2048K, 98% used [0x00000000f9b00000,0x00000000f9cf8040,0x00000000f9d00000)
  to   space 2048K, 0% used [0x00000000f9d00000,0x00000000f9d00000,0x00000000f9f00000)
 ParOldGen       total 81920K, used 69885K [0x0000000080000000, 0x0000000085000000, 0x00000000d5580000)
  object space 81920K, 85% used [0x0000000080000000,0x000000008443f4f8,0x0000000085000000)
 Metaspace       used 14259K, capacity 14518K, committed 14848K, reserved 1062912K
  class space    used 1636K, capacity 1737K, committed 1792K, reserved 1048576K

Card table byte_map: [0x00007fef639a9000,0x00007fef63daa000] byte_map_base: 0x00007fef635a9000

Marking Bits: (ParMarkBitMap*) 0x00007fef7967ddc0
 Begin Bits: [0x00007fef5f3fb000, 0x00007fef613fb000)
 End Bits:   [0x00007fef613fb000, 0x00007fef633fb000)

Polling page: 0x00007fef7a2d0000

CodeCache: size=245760Kb used=9959Kb max_used=12975Kb free=235800Kb
 bounds [0x00007fef6416a000, 0x00007fef64e2a000, 0x00007fef7316a000]
 total_blobs=2830 nmethods=2422 adapters=321
 compilation: enabled

Compilation events (10 events):
Event: 82,577 Thread 0x00007fef740c6800 nmethod 3589 0x00007fef646d1a50 code [0x00007fef646d1c00, 0x00007fef646d2168]
Event: 82,578 Thread 0x00007fef740c6800 3590       3       java.util.ArrayList$SubList$1::checkForComodification (26 bytes)
Event: 82,578 Thread 0x00007fef740c6800 nmethod 3590 0x00007fef648c4790 code [0x00007fef648c4900, 0x00007fef648c4b68]
Event: 82,581 Thread 0x00007fef740c1800 nmethod 3584 0x00007fef64836a90 code [0x00007fef64836c00, 0x00007fef64836f78]
Event: 82,581 Thread 0x00007fef740c1800 3591       4       sun.nio.cs.UTF_8$Decoder::decode (779 bytes)
Event: 82,599 Thread 0x00007fef740c1800 nmethod 3591 0x00007fef64441750 code [0x00007fef64441aa0, 0x00007fef64442dd0]
Event: 82,610 Thread 0x00007fef740c6800 3592 % !   3       scpsolver.lpsolver.SolverFactory::loadLibrary @ 363 (865 bytes)
Event: 82,616 Thread 0x00007fef740c6800 nmethod 3592% 0x00007fef64de6f90 code [0x00007fef64de7ec0, 0x00007fef64df3808]
Event: 82,616 Thread 0x00007fef740c6800 3593       3       sun.misc.PerfCounter::increment (6 bytes)
Event: 82,617 Thread 0x00007fef740c6800 nmethod 3593 0x00007fef6473bb50 code [0x00007fef6473bd00, 0x00007fef6473c3f8]

GC Heap History (10 events):
Event: 80,645 GC heap before
{Heap before GC invocations=137 (full 0):
 PSYoungGen      total 151040K, used 150720K [0x00000000d5580000, 0x00000000fa300000, 0x0000000100000000)
  eden space 150528K, 100% used [0x00000000d5580000,0x00000000de880000,0x00000000de880000)
  from space 512K, 37% used [0x00000000fa280000,0x00000000fa2b0000,0x00000000fa300000)
  to   space 2560K, 0% used [0x00000000f9e00000,0x00000000f9e00000,0x00000000fa080000)
 ParOldGen       total 81920K, used 68521K [0x0000000080000000, 0x0000000085000000, 0x00000000d5580000)
  object space 81920K, 83% used [0x0000000080000000,0x00000000842ea5e8,0x0000000085000000)
 Metaspace       used 13972K, capacity 14256K, committed 14592K, reserved 1062912K
  class space    used 1605K, capacity 1672K, committed 1792K, reserved 1048576K
Event: 80,647 GC heap after
Heap after GC invocations=137 (full 0):
 PSYoungGen      total 146944K, used 672K [0x00000000d5580000, 0x00000000fa300000, 0x0000000100000000)
  eden space 144384K, 0% used [0x00000000d5580000,0x00000000d5580000,0x00000000de280000)
  from space 2560K, 26% used [0x00000000f9e00000,0x00000000f9ea8010,0x00000000fa080000)
  to   space 2560K, 0% used [0x00000000fa080000,0x00000000fa080000,0x00000000fa300000)
 ParOldGen       total 81920K, used 68561K [0x0000000080000000, 0x0000000085000000, 0x00000000d5580000)
  object space 81920K, 83% used [0x0000000080000000,0x00000000842f45e8,0x0000000085000000)
 Metaspace       used 13972K, capacity 14256K, committed 14592K, reserved 1062912K
  class space    used 1605K, capacity 1672K, committed 1792K, reserved 1048576K
}
Event: 80,988 GC heap before
{Heap before GC invocations=138 (full 0):
 PSYoungGen      total 146944K, used 145056K [0x00000000d5580000, 0x00000000fa300000, 0x0000000100000000)
  eden space 144384K, 100% used [0x00000000d5580000,0x00000000de280000,0x00000000de280000)
  from space 2560K, 26% used [0x00000000f9e00000,0x00000000f9ea8010,0x00000000fa080000)
  to   space 2560K, 0% used [0x00000000fa080000,0x00000000fa080000,0x00000000fa300000)
 ParOldGen       total 81920K, used 68561K [0x0000000080000000, 0x0000000085000000, 0x00000000d5580000)
  object space 81920K, 83% used [0x0000000080000000,0x00000000842f45e8,0x0000000085000000)
 Metaspace       used 13972K, capacity 14256K, committed 14592K, reserved 1062912K
  class space    used 1605K, capacity 1672K, committed 1792K, reserved 1048576K
Event: 80,989 GC heap after
Heap after GC invocations=138 (full 0):
 PSYoungGen      total 139264K, used 128K [0x00000000d5580000, 0x00000000fa100000, 0x0000000100000000)
  eden space 138752K, 0% used [0x00000000d5580000,0x00000000d5580000,0x00000000ddd00000)
  from space 512K, 25% used [0x00000000fa080000,0x00000000fa0a0000,0x00000000fa100000)
  to   space 2560K, 0% used [0x00000000f9c00000,0x00000000f9c00000,0x00000000f9e80000)
 ParOldGen       total 81920K, used 68569K [0x0000000080000000, 0x0000000085000000, 0x00000000d5580000)
  object space 81920K, 83% used [0x0000000080000000,0x00000000842f65e8,0x0000000085000000)
 Metaspace       used 13972K, capacity 14256K, committed 14592K, reserved 1062912K
  class space    used 1605K, capacity 1672K, committed 1792K, reserved 1048576K
}
Event: 81,356 GC heap before
{Heap before GC invocations=139 (full 0):
 PSYoungGen      total 139264K, used 138880K [0x00000000d5580000, 0x00000000fa100000, 0x0000000100000000)
  eden space 138752K, 100% used [0x00000000d5580000,0x00000000ddd00000,0x00000000ddd00000)
  from space 512K, 25% used [0x00000000fa080000,0x00000000fa0a0000,0x00000000fa100000)
  to   space 2560K, 0% used [0x00000000f9c00000,0x00000000f9c00000,0x00000000f9e80000)
 ParOldGen       total 81920K, used 68569K [0x0000000080000000, 0x0000000085000000, 0x00000000d5580000)
  object space 81920K, 83% used [0x0000000080000000,0x00000000842f65e8,0x0000000085000000)
 Metaspace       used 13972K, capacity 14256K, committed 14592K, reserved 1062912K
  class space    used 1605K, capacity 1672K, committed 1792K, reserved 1048576K
Event: 81,358 GC heap after
Heap after GC invocations=139 (full 0):
 PSYoungGen      total 135680K, used 128K [0x00000000d5580000, 0x00000000fa100000, 0x0000000100000000)
  eden space 133120K, 0% used [0x00000000d5580000,0x00000000d5580000,0x00000000dd780000)
  from space 2560K, 5% used [0x00000000f9c00000,0x00000000f9c20000,0x00000000f9e80000)
  to   space 2560K, 0% used [0x00000000f9e80000,0x00000000f9e80000,0x00000000fa100000)
 ParOldGen       total 81920K, used 68585K [0x0000000080000000, 0x0000000085000000, 0x00000000d5580000)
  object space 81920K, 83% used [0x0000000080000000,0x00000000842fa5e8,0x0000000085000000)
 Metaspace       used 13972K, capacity 14256K, committed 14592K, reserved 1062912K
  class space    used 1605K, capacity 1672K, committed 1792K, reserved 1048576K
}
Event: 81,753 GC heap before
{Heap before GC invocations=140 (full 0):
 PSYoungGen      total 135680K, used 133248K [0x00000000d5580000, 0x00000000fa100000, 0x0000000100000000)
  eden space 133120K, 100% used [0x00000000d5580000,0x00000000dd780000,0x00000000dd780000)
  from space 2560K, 5% used [0x00000000f9c00000,0x00000000f9c20000,0x00000000f9e80000)
  to   space 2560K, 0% used [0x00000000f9e80000,0x00000000f9e80000,0x00000000fa100000)
 ParOldGen       total 81920K, used 68585K [0x0000000080000000, 0x0000000085000000, 0x00000000d5580000)
  object space 81920K, 83% used [0x0000000080000000,0x00000000842fa5e8,0x0000000085000000)
 Metaspace       used 13972K, capacity 14256K, committed 14592K, reserved 1062912K
  class space    used 1605K, capacity 1672K, committed 1792K, reserved 1048576K
Event: 81,756 GC heap after
Heap after GC invocations=140 (full 0):
 PSYoungGen      total 128512K, used 96K [0x00000000d5580000, 0x00000000f9f00000, 0x0000000100000000)
  eden space 128000K, 0% used [0x00000000d5580000,0x00000000d5580000,0x00000000dd280000)
  from space 512K, 18% used [0x00000000f9e80000,0x00000000f9e98000,0x00000000f9f00000)
  to   space 2048K, 0% used [0x00000000f9b00000,0x00000000f9b00000,0x00000000f9d00000)
 ParOldGen       total 81920K, used 68609K [0x0000000080000000, 0x0000000085000000, 0x00000000d5580000)
  object space 81920K, 83% used [0x0000000080000000,0x00000000843005e8,0x0000000085000000)
 Metaspace       used 13972K, capacity 14256K, committed 14592K, reserved 1062912K
  class space    used 1605K, capacity 1672K, committed 1792K, reserved 1048576K
}
Event: 82,530 GC heap before
{Heap before GC invocations=141 (full 0):
 PSYoungGen      total 128512K, used 128096K [0x00000000d5580000, 0x00000000f9f00000, 0x0000000100000000)
  eden space 128000K, 100% used [0x00000000d5580000,0x00000000dd280000,0x00000000dd280000)
  from space 512K, 18% used [0x00000000f9e80000,0x00000000f9e98000,0x00000000f9f00000)
  to   space 2048K, 0% used [0x00000000f9b00000,0x00000000f9b00000,0x00000000f9d00000)
 ParOldGen       total 81920K, used 68609K [0x0000000080000000, 0x0000000085000000, 0x00000000d5580000)
  object space 81920K, 83% used [0x0000000080000000,0x00000000843005e8,0x0000000085000000)
 Metaspace       used 14126K, capacity 14358K, committed 14592K, reserved 1062912K
  class space    used 1624K, capacity 1705K, committed 1792K, reserved 1048576K
Event: 82,535 GC heap after
Heap after GC invocations=141 (full 0):
 PSYoungGen      total 124928K, used 2016K [0x00000000d5580000, 0x00000000f9f00000, 0x0000000100000000)
  eden space 122880K, 0% used [0x00000000d5580000,0x00000000d5580000,0x00000000dcd80000)
  from space 2048K, 98% used [0x00000000f9b00000,0x00000000f9cf8040,0x00000000f9d00000)
  to   space 2048K, 0% used [0x00000000f9d00000,0x00000000f9d00000,0x00000000f9f00000)
 ParOldGen       total 81920K, used 69885K [0x0000000080000000, 0x0000000085000000, 0x00000000d5580000)
  object space 81920K, 85% used [0x0000000080000000,0x000000008443f4f8,0x0000000085000000)
 Metaspace       used 14126K, capacity 14358K, committed 14592K, reserved 1062912K
  class space    used 1624K, capacity 1705K, committed 1792K, reserved 1048576K
}

Deoptimization events (10 events):
Event: 82,552 Thread 0x00007fef74012800 Uncommon trap: reason=class_check action=maybe_recompile pc=0x00007fef64654d9c method=java.util.HashMap.putVal(ILjava/lang/Object;Ljava/lang/Object;ZZ)Ljava/lang/Object; @ 203
Event: 82,552 Thread 0x00007fef74012800 Uncommon trap: reason=class_check action=maybe_recompile pc=0x00007fef64654d9c method=java.util.HashMap.putVal(ILjava/lang/Object;Ljava/lang/Object;ZZ)Ljava/lang/Object; @ 203
Event: 82,552 Thread 0x00007fef74012800 Uncommon trap: reason=class_check action=maybe_recompile pc=0x00007fef64654d9c method=java.util.HashMap.putVal(ILjava/lang/Object;Ljava/lang/Object;ZZ)Ljava/lang/Object; @ 203
Event: 82,558 Thread 0x00007fef74012800 Uncommon trap: reason=class_check action=maybe_recompile pc=0x00007fef648a44a8 method=java.util.Collections$UnmodifiableCollection$1.<init>(Ljava/util/Collections$UnmodifiableCollection;)V @ 17
Event: 82,558 Thread 0x00007fef74012800 Uncommon trap: reason=class_check action=maybe_recompile pc=0x00007fef648dbb30 method=fr.ign.cogit.HMMSpatialNetworkMatcher.matching.utils.Combinations.getAllCombinations(Ljava/util/Collection;)Ljava/util/List; @ 9
Event: 82,558 Thread 0x00007fef74012800 Uncommon trap: reason=class_check action=maybe_recompile pc=0x00007fef648dbb30 method=fr.ign.cogit.HMMSpatialNetworkMatcher.matching.utils.Combinations.getAllCombinations(Ljava/util/Collection;)Ljava/util/List; @ 9
Event: 82,612 Thread 0x00007fef74012800 Uncommon trap: reason=class_check action=maybe_recompile pc=0x00007fef646e53a0 method=java.util.regex.Pattern$Slice.match(Ljava/util/regex/Matcher;ILjava/lang/CharSequence;)Z @ 75
Event: 82,612 Thread 0x00007fef74012800 Uncommon trap: reason=class_check action=maybe_recompile pc=0x00007fef64da0788 method=java.util.regex.Pattern$CharProperty.match(Ljava/util/regex/Matcher;ILjava/lang/CharSequence;)Z @ 37
Event: 82,612 Thread 0x00007fef74012800 Uncommon trap: reason=class_check action=maybe_recompile pc=0x00007fef646e53a0 method=java.util.regex.Pattern$Slice.match(Ljava/util/regex/Matcher;ILjava/lang/CharSequence;)Z @ 75
Event: 82,612 Thread 0x00007fef74012800 Uncommon trap: reason=class_check action=maybe_recompile pc=0x00007fef64da0788 method=java.util.regex.Pattern$CharProperty.match(Ljava/util/regex/Matcher;ILjava/lang/CharSequence;)Z @ 37

Internal exceptions (10 events):
Event: 82,542 Thread 0x00007fef74012800 Exception <a 'java/io/FileNotFoundException'> (0x00000000d56dde50) thrown at [/HUDSON3/workspace/8-2-build-linux-amd64/jdk8u144/9417/hotspot/src/share/vm/prims/jni.cpp, line 709]
Event: 82,542 Thread 0x00007fef74012800 Exception <a 'java/io/FileNotFoundException'> (0x00000000d56de9e0) thrown at [/HUDSON3/workspace/8-2-build-linux-amd64/jdk8u144/9417/hotspot/src/share/vm/prims/jni.cpp, line 709]
Event: 82,542 Thread 0x00007fef74012800 Exception <a 'java/io/FileNotFoundException'> (0x00000000d56df470) thrown at [/HUDSON3/workspace/8-2-build-linux-amd64/jdk8u144/9417/hotspot/src/share/vm/prims/jni.cpp, line 709]
Event: 82,542 Thread 0x00007fef74012800 Exception <a 'java/io/FileNotFoundException'> (0x00000000d56dfe08) thrown at [/HUDSON3/workspace/8-2-build-linux-amd64/jdk8u144/9417/hotspot/src/share/vm/prims/jni.cpp, line 709]
Event: 82,542 Thread 0x00007fef74012800 Exception <a 'java/io/FileNotFoundException'> (0x00000000d56e07a8) thrown at [/HUDSON3/workspace/8-2-build-linux-amd64/jdk8u144/9417/hotspot/src/share/vm/prims/jni.cpp, line 709]
Event: 82,612 Thread 0x00007fef74012800 Exception <a 'java/io/FileNotFoundException'> (0x00000000d767e890) thrown at [/HUDSON3/workspace/8-2-build-linux-amd64/jdk8u144/9417/hotspot/src/share/vm/prims/jni.cpp, line 709]
Event: 82,612 Thread 0x00007fef74012800 Exception <a 'java/io/FileNotFoundException'> (0x00000000d767f3c0) thrown at [/HUDSON3/workspace/8-2-build-linux-amd64/jdk8u144/9417/hotspot/src/share/vm/prims/jni.cpp, line 709]
Event: 82,612 Thread 0x00007fef74012800 Exception <a 'java/io/FileNotFoundException'> (0x00000000d767fe50) thrown at [/HUDSON3/workspace/8-2-build-linux-amd64/jdk8u144/9417/hotspot/src/share/vm/prims/jni.cpp, line 709]
Event: 82,612 Thread 0x00007fef74012800 Exception <a 'java/io/FileNotFoundException'> (0x00000000d76807e8) thrown at [/HUDSON3/workspace/8-2-build-linux-amd64/jdk8u144/9417/hotspot/src/share/vm/prims/jni.cpp, line 709]
Event: 82,612 Thread 0x00007fef74012800 Exception <a 'java/io/FileNotFoundException'> (0x00000000d7681188) thrown at [/HUDSON3/workspace/8-2-build-linux-amd64/jdk8u144/9417/hotspot/src/share/vm/prims/jni.cpp, line 709]

Events (10 events):
Event: 82,612 Thread 0x00007fef74012800 DEOPT UNPACKING pc=0x00007fef6416f229 sp=0x00007fef7a2a51d8 mode 2
Event: 82,612 Thread 0x00007fef74012800 Uncommon trap: trap_request=0xffffffde fr.pc=0x00007fef64da0788
Event: 82,612 Thread 0x00007fef74012800 DEOPT PACKING pc=0x00007fef64da0788 sp=0x00007fef7a2a5180
Event: 82,612 Thread 0x00007fef74012800 DEOPT UNPACKING pc=0x00007fef6416f229 sp=0x00007fef7a2a5158 mode 2
Event: 82,612 Thread 0x00007fef74012800 Uncommon trap: trap_request=0xffffffde fr.pc=0x00007fef646e53a0
Event: 82,612 Thread 0x00007fef74012800 DEOPT PACKING pc=0x00007fef646e53a0 sp=0x00007fef7a2a5380
Event: 82,612 Thread 0x00007fef74012800 DEOPT UNPACKING pc=0x00007fef6416f229 sp=0x00007fef7a2a51d8 mode 2
Event: 82,612 Thread 0x00007fef74012800 Uncommon trap: trap_request=0xffffffde fr.pc=0x00007fef64da0788
Event: 82,612 Thread 0x00007fef74012800 DEOPT PACKING pc=0x00007fef64da0788 sp=0x00007fef7a2a5180
Event: 82,612 Thread 0x00007fef74012800 DEOPT UNPACKING pc=0x00007fef6416f229 sp=0x00007fef7a2a5158 mode 2


Dynamic libraries:
00400000-00401000 r-xp 00000000 08:01 10228731                           /home/bcostes/Documents/IGN/HmmMatching/eclipse/jdk1.8.0_144/bin/java
00600000-00601000 rw-p 00000000 08:01 10228731                           /home/bcostes/Documents/IGN/HmmMatching/eclipse/jdk1.8.0_144/bin/java
0104e000-0106f000 rw-p 00000000 00:00 0                                  [heap]
80000000-85000000 rw-p 00000000 00:00 0 
85000000-d5580000 ---p 00000000 00:00 0 
d5580000-f9f00000 rw-p 00000000 00:00 0 
f9f00000-100000000 ---p 00000000 00:00 0 
100000000-1001c0000 rw-p 00000000 00:00 0 
1001c0000-140000000 ---p 00000000 00:00 0 
7fef22b58000-7fef22bed000 r--s 01110000 08:01 10228889                   /home/bcostes/Documents/IGN/HmmMatching/eclipse/jdk1.8.0_144/jre/lib/ext/jfxrt.jar
7fef22bed000-7fef22c03000 r-xp 00000000 08:01 4723114                    /lib/x86_64-linux-gnu/libgcc_s.so.1
7fef22c03000-7fef22e02000 ---p 00016000 08:01 4723114                    /lib/x86_64-linux-gnu/libgcc_s.so.1
7fef22e02000-7fef22e03000 rw-p 00015000 08:01 4723114                    /lib/x86_64-linux-gnu/libgcc_s.so.1
7fef22e03000-7fef22f75000 r-xp 00000000 08:01 11534365                   /usr/lib/x86_64-linux-gnu/libstdc++.so.6.0.21
7fef22f75000-7fef23175000 ---p 00172000 08:01 11534365                   /usr/lib/x86_64-linux-gnu/libstdc++.so.6.0.21
7fef23175000-7fef2317f000 r--p 00172000 08:01 11534365                   /usr/lib/x86_64-linux-gnu/libstdc++.so.6.0.21
7fef2317f000-7fef23181000 rw-p 0017c000 08:01 11534365                   /usr/lib/x86_64-linux-gnu/libstdc++.so.6.0.21
7fef23181000-7fef23185000 rw-p 00000000 00:00 0 
7fef23185000-7fef2323a000 r-xp 00000000 08:01 6688183                    /home/bcostes/workspace_hmmmatching/HMMSpatialNetworkMatcher/HMMSpatialNetworkMatcher/liblpsolve55j_x64.so
7fef2323a000-7fef2343a000 ---p 000b5000 08:01 6688183                    /home/bcostes/workspace_hmmmatching/HMMSpatialNetworkMatcher/HMMSpatialNetworkMatcher/liblpsolve55j_x64.so
7fef2343a000-7fef2343c000 r--p 000b5000 08:01 6688183                    /home/bcostes/workspace_hmmmatching/HMMSpatialNetworkMatcher/HMMSpatialNetworkMatcher/liblpsolve55j_x64.so
7fef2343c000-7fef2343f000 rw-p 000b7000 08:01 6688183                    /home/bcostes/workspace_hmmmatching/HMMSpatialNetworkMatcher/HMMSpatialNetworkMatcher/liblpsolve55j_x64.so
7fef2343f000-7fef234ff000 rw-p 00000000 00:00 0 
7fef234ff000-7fef2363f000 ---p 00000000 00:00 0 
7fef2363f000-7fef2383f000 rw-p 00000000 00:00 0 
7fef2383f000-7fef23850000 r-xp 00000000 08:01 10228838                   /home/bcostes/Documents/IGN/HmmMatching/eclipse/jdk1.8.0_144/jre/lib/amd64/libnio.so
7fef23850000-7fef23a4f000 ---p 00011000 08:01 10228838                   /home/bcostes/Documents/IGN/HmmMatching/eclipse/jdk1.8.0_144/jre/lib/amd64/libnio.so
7fef23a4f000-7fef23a50000 rw-p 00010000 08:01 10228838                   /home/bcostes/Documents/IGN/HmmMatching/eclipse/jdk1.8.0_144/jre/lib/amd64/libnio.so
7fef23a50000-7fef26a51000 rw-p 00000000 00:00 0 
7fef26a51000-7fef26a67000 r-xp 00000000 08:01 10228813                   /home/bcostes/Documents/IGN/HmmMatching/eclipse/jdk1.8.0_144/jre/lib/amd64/libnet.so
7fef26a67000-7fef26c67000 ---p 00016000 08:01 10228813                   /home/bcostes/Documents/IGN/HmmMatching/eclipse/jdk1.8.0_144/jre/lib/amd64/libnet.so
7fef26c67000-7fef26c68000 rw-p 00016000 08:01 10228813                   /home/bcostes/Documents/IGN/HmmMatching/eclipse/jdk1.8.0_144/jre/lib/amd64/libnet.so
7fef26c68000-7fef26e68000 rw-p 00000000 00:00 0 
7fef26e68000-7fef26e6d000 r-xp 00000000 08:01 11542345                   /usr/lib/x86_64-linux-gnu/libXdmcp.so.6.0.0
7fef26e6d000-7fef2706c000 ---p 00005000 08:01 11542345                   /usr/lib/x86_64-linux-gnu/libXdmcp.so.6.0.0
7fef2706c000-7fef2706d000 r--p 00004000 08:01 11542345                   /usr/lib/x86_64-linux-gnu/libXdmcp.so.6.0.0
7fef2706d000-7fef2706e000 rw-p 00005000 08:01 11542345                   /usr/lib/x86_64-linux-gnu/libXdmcp.so.6.0.0
7fef2706e000-7fef27070000 r-xp 00000000 08:01 11542334                   /usr/lib/x86_64-linux-gnu/libXau.so.6.0.0
7fef27070000-7fef27270000 ---p 00002000 08:01 11542334                   /usr/lib/x86_64-linux-gnu/libXau.so.6.0.0
7fef27270000-7fef27271000 r--p 00002000 08:01 11542334                   /usr/lib/x86_64-linux-gnu/libXau.so.6.0.0
7fef27271000-7fef27272000 rw-p 00003000 08:01 11542334                   /usr/lib/x86_64-linux-gnu/libXau.so.6.0.0
7fef27272000-7fef27293000 r-xp 00000000 08:01 11543712                   /usr/lib/x86_64-linux-gnu/libxcb.so.1.1.0
7fef27293000-7fef27492000 ---p 00021000 08:01 11543712                   /usr/lib/x86_64-linux-gnu/libxcb.so.1.1.0
7fef27492000-7fef27493000 r--p 00020000 08:01 11543712                   /usr/lib/x86_64-linux-gnu/libxcb.so.1.1.0
7fef27493000-7fef27494000 rw-p 00021000 08:01 11543712                   /usr/lib/x86_64-linux-gnu/libxcb.so.1.1.0
7fef27494000-7fef274a3000 r-xp 00000000 08:01 11542355                   /usr/lib/x86_64-linux-gnu/libXi.so.6.1.0
7fef274a3000-7fef276a2000 ---p 0000f000 08:01 11542355                   /usr/lib/x86_64-linux-gnu/libXi.so.6.1.0
7fef276a2000-7fef276a3000 r--p 0000e000 08:01 11542355                   /usr/lib/x86_64-linux-gnu/libXi.so.6.1.0
7fef276a3000-7fef276a4000 rw-p 0000f000 08:01 11542355                   /usr/lib/x86_64-linux-gnu/libXi.so.6.1.0
7fef276a4000-7fef276a9000 r-xp 00000000 08:01 11542373                   /usr/lib/x86_64-linux-gnu/libXtst.so.6.1.0
7fef276a9000-7fef278a8000 ---p 00005000 08:01 11542373                   /usr/lib/x86_64-linux-gnu/libXtst.so.6.1.0
7fef278a8000-7fef278a9000 r--p 00004000 08:01 11542373                   /usr/lib/x86_64-linux-gnu/libXtst.so.6.1.0
7fef278a9000-7fef278aa000 rw-p 00005000 08:01 11542373                   /usr/lib/x86_64-linux-gnu/libXtst.so.6.1.0
7fef278aa000-7fef278b3000 r-xp 00000000 08:01 11542367                   /usr/lib/x86_64-linux-gnu/libXrender.so.1.3.0
7fef278b3000-7fef27ab2000 ---p 00009000 08:01 11542367                   /usr/lib/x86_64-linux-gnu/libXrender.so.1.3.0
7fef27ab2000-7fef27ab3000 r--p 00008000 08:01 11542367                   /usr/lib/x86_64-linux-gnu/libXrender.so.1.3.0
7fef27ab3000-7fef27ab4000 rw-p 00009000 08:01 11542367                   /usr/lib/x86_64-linux-gnu/libXrender.so.1.3.0
7fef27ab4000-7fef27be9000 r-xp 00000000 08:01 11542330                   /usr/lib/x86_64-linux-gnu/libX11.so.6.3.0
7fef27be9000-7fef27de9000 ---p 00135000 08:01 11542330                   /usr/lib/x86_64-linux-gnu/libX11.so.6.3.0
7fef27de9000-7fef27dea000 r--p 00135000 08:01 11542330                   /usr/lib/x86_64-linux-gnu/libX11.so.6.3.0
7fef27dea000-7fef27dee000 rw-p 00136000 08:01 11542330                   /usr/lib/x86_64-linux-gnu/libX11.so.6.3.0
7fef27dee000-7fef27dff000 r-xp 00000000 08:01 11542347                   /usr/lib/x86_64-linux-gnu/libXext.so.6.4.0
7fef27dff000-7fef27ffe000 ---p 00011000 08:01 11542347                   /usr/lib/x86_64-linux-gnu/libXext.so.6.4.0
7fef27ffe000-7fef27fff000 r--p 00010000 08:01 11542347                   /usr/lib/x86_64-linux-gnu/libXext.so.6.4.0
7fef27fff000-7fef28000000 rw-p 00011000 08:01 11542347                   /usr/lib/x86_64-linux-gnu/libXext.so.6.4.0
7fef28000000-7fef28021000 rw-p 00000000 00:00 0 
7fef28021000-7fef2c000000 ---p 00000000 00:00 0 
7fef2c000000-7fef2c021000 rw-p 00000000 00:00 0 
7fef2c021000-7fef30000000 ---p 00000000 00:00 0 
7fef30000000-7fef31db0000 rw-p 00000000 00:00 0 
7fef31db0000-7fef34000000 ---p 00000000 00:00 0 
7fef34000000-7fef34946000 rw-p 00000000 00:00 0 
7fef34946000-7fef38000000 ---p 00000000 00:00 0 
7fef38000000-7fef38021000 rw-p 00000000 00:00 0 
7fef38021000-7fef3c000000 ---p 00000000 00:00 0 
7fef3c000000-7fef3e174000 rw-p 00000000 00:00 0 
7fef3e174000-7fef40000000 ---p 00000000 00:00 0 
7fef40000000-7fef40021000 rw-p 00000000 00:00 0 
7fef40021000-7fef44000000 ---p 00000000 00:00 0 
7fef44000000-7fef44021000 rw-p 00000000 00:00 0 
7fef44021000-7fef48000000 ---p 00000000 00:00 0 
7fef48000000-7fef48021000 rw-p 00000000 00:00 0 
7fef48021000-7fef4c000000 ---p 00000000 00:00 0 
7fef4c000000-7fef4c021000 rw-p 00000000 00:00 0 
7fef4c021000-7fef50000000 ---p 00000000 00:00 0 
7fef50000000-7fef50021000 rw-p 00000000 00:00 0 
7fef50021000-7fef54000000 ---p 00000000 00:00 0 
7fef54000000-7fef54021000 rw-p 00000000 00:00 0 
7fef54021000-7fef58000000 ---p 00000000 00:00 0 
7fef58000000-7fef58021000 rw-p 00000000 00:00 0 
7fef58021000-7fef5c000000 ---p 00000000 00:00 0 
7fef5c05b000-7fef5c05d000 r--s 00009000 08:01 10228890                   /home/bcostes/Documents/IGN/HmmMatching/eclipse/jdk1.8.0_144/jre/lib/ext/sunec.jar
7fef5c05d000-7fef5c078000 r--s 001d3000 08:01 10228892                   /home/bcostes/Documents/IGN/HmmMatching/eclipse/jdk1.8.0_144/jre/lib/ext/nashorn.jar
7fef5c078000-7fef5c07e000 r--s 0003f000 08:01 10228891                   /home/bcostes/Documents/IGN/HmmMatching/eclipse/jdk1.8.0_144/jre/lib/ext/sunjce_provider.jar
7fef5c07e000-7fef5c080000 r--s 00001000 08:01 10228887                   /home/bcostes/Documents/IGN/HmmMatching/eclipse/jdk1.8.0_144/jre/lib/ext/dnsns.jar
7fef5c080000-7fef5c081000 r--s 0000a000 08:01 10228895                   /home/bcostes/Documents/IGN/HmmMatching/eclipse/jdk1.8.0_144/jre/lib/ext/jaccess.jar
7fef5c081000-7fef5c082000 r--p 00000000 00:00 0 
7fef5c082000-7fef5c083000 r--s 00010000 08:01 10228897                   /home/bcostes/Documents/IGN/HmmMatching/eclipse/jdk1.8.0_144/jre/lib/ext/zipfs.jar
7fef5c083000-7fef5c087000 r--s 0003a000 08:01 10228888                   /home/bcostes/Documents/IGN/HmmMatching/eclipse/jdk1.8.0_144/jre/lib/ext/sunpkcs11.jar
7fef5c087000-7fef5c091000 r--s 00116000 08:01 10228893                   /home/bcostes/Documents/IGN/HmmMatching/eclipse/jdk1.8.0_144/jre/lib/ext/localedata.jar
7fef5c091000-7fef5c0ad000 r--s 00393000 08:01 10228896                   /home/bcostes/Documents/IGN/HmmMatching/eclipse/jdk1.8.0_144/jre/lib/ext/cldrdata.jar
7fef5c0ad000-7fef5c0b4000 r--s 00000000 08:01 11812804                   /usr/lib/x86_64-linux-gnu/gconv/gconv-modules.cache
7fef5c0b4000-7fef5c0da000 r--p 00000000 08:01 13244171                   /usr/share/locale-langpack/fr/LC_MESSAGES/libc.mo
7fef5c0da000-7fef5c12e000 r-xp 00000000 08:01 10228840                   /home/bcostes/Documents/IGN/HmmMatching/eclipse/jdk1.8.0_144/jre/lib/amd64/libawt_xawt.so
7fef5c12e000-7fef5c32e000 ---p 00054000 08:01 10228840                   /home/bcostes/Documents/IGN/HmmMatching/eclipse/jdk1.8.0_144/jre/lib/amd64/libawt_xawt.so
7fef5c32e000-7fef5c332000 rw-p 00054000 08:01 10228840                   /home/bcostes/Documents/IGN/HmmMatching/eclipse/jdk1.8.0_144/jre/lib/amd64/libawt_xawt.so
7fef5c332000-7fef5c333000 rw-p 00000000 00:00 0 
7fef5c333000-7fef5c3d5000 r-xp 00000000 08:01 10228873                   /home/bcostes/Documents/IGN/HmmMatching/eclipse/jdk1.8.0_144/jre/lib/amd64/libawt.so
7fef5c3d5000-7fef5c5d5000 ---p 000a2000 08:01 10228873                   /home/bcostes/Documents/IGN/HmmMatching/eclipse/jdk1.8.0_144/jre/lib/amd64/libawt.so
7fef5c5d5000-7fef5c5e1000 rw-p 000a2000 08:01 10228873                   /home/bcostes/Documents/IGN/HmmMatching/eclipse/jdk1.8.0_144/jre/lib/amd64/libawt.so
7fef5c5e1000-7fef5c605000 rw-p 00000000 00:00 0 
7fef5c605000-7fef5c608000 r--s 00008000 08:01 10618954                   /home/bcostes/.m2/repository/net/sf/jung/jung-api/2.0.1/jung-api-2.0.1.jar
7fef5c608000-7fef5c60a000 r--s 0000e000 08:01 10618945                   /home/bcostes/.m2/repository/net/sf/jung/jung-graph-impl/2.0.1/jung-graph-impl-2.0.1.jar
7fef5c60a000-7fef5c623000 r--s 00135000 08:01 10751970                   /home/bcostes/.m2/repository/xerces/xercesImpl/2.11.0/xercesImpl-2.11.0.jar
7fef5c623000-7fef5c64a000 r--s 001f6000 08:01 10487300                   /home/bcostes/.m2/repository/org/apache/commons/commons-math3/3.6/commons-math3-3.6.jar
7fef5c64a000-7fef5c64b000 r--s 00003000 08:01 10487359                   /home/bcostes/.m2/repository/org/apache/geronimo/specs/geronimo-jta_1.1_spec/1.1.1/geronimo-jta_1.1_spec-1.1.1.jar
7fef5c64b000-7fef5c655000 r--s 000ae000 08:01 10489017                   /home/bcostes/.m2/repository/org/javassist/javassist/3.20.0-GA/javassist-3.20.0-GA.jar
7fef5c655000-7fef5c658000 r--s 00010000 08:01 10488339                   /home/bcostes/.m2/repository/org/hibernate/common/hibernate-commons-annotations/5.0.1.Final/hibernate-commons-annotations-5.0.1.Final.jar
7fef5c658000-7fef5c65d000 r--s 00048000 08:01 10619851                   /home/bcostes/.m2/repository/dom4j/dom4j/1.6.1/dom4j-1.6.1.jar
7fef5c65d000-7fef5c65f000 r--s 0000f000 08:01 10488984                   /home/bcostes/.m2/repository/org/jboss/logging/jboss-logging/3.3.0.Final/jboss-logging-3.3.0.Final.jar
7fef5c65f000-7fef5c66b000 r--s 00082000 08:01 10488316                   /home/bcostes/.m2/repository/org/hibernate/hibernate-entitymanager/5.1.0.Final/hibernate-entitymanager-5.1.0.Final.jar
7fef5c66b000-7fef5c67b000 r--s 0011d000 08:01 10620832                   /home/bcostes/.m2/repository/org/eclipse/emf/ecore/2.6.1/ecore-2.6.1.jar
7fef5c67b000-7fef5c67f000 r--s 00030000 08:01 10616902                   /home/bcostes/.m2/repository/org/eclipse/emf/common/2.6.0/common-2.6.0.jar
7fef5c67f000-7fef5c683000 r--s 00035000 08:01 10493690                   /home/bcostes/.m2/repository/org/geotools/ogc/net.opengis.fes/17.2/net.opengis.fes-17.2.jar
7fef5c683000-7fef5c684000 r--s 0000c000 08:01 10493688                   /home/bcostes/.m2/repository/org/geotools/ogc/org.w3.xlink/17.2/org.w3.xlink-17.2.jar
7fef5c684000-7fef5c68a000 r--s 00063000 08:01 10493686                   /home/bcostes/.m2/repository/org/geotools/ogc/net.opengis.wfs/17.2/net.opengis.wfs-17.2.jar
7fef5c68a000-7fef5c68c000 r--s 00013000 08:01 10487427                   /home/bcostes/.m2/repository/org/apache/xml/xml-commons-resolver/1.2/xml-commons-resolver-1.2.jar
7fef5c68c000-7fef5c694000 r--s 0007a000 08:01 10493684                   /home/bcostes/.m2/repository/org/geotools/ogc/net.opengis.ows/17.2/net.opengis.ows-17.2.jar
7fef5c694000-7fef5c697000 r--s 0001b000 08:01 10493682                   /home/bcostes/.m2/repository/org/geotools/xsd/gt-xsd-ows/17.2/gt-xsd-ows-17.2.jar
7fef5c697000-7fef5c69a000 r--s 0000f000 08:01 10493680                   /home/bcostes/.m2/repository/org/geotools/xsd/gt-xsd-fes/17.2/gt-xsd-fes-17.2.jar
7fef5c69a000-7fef5c6b3000 r--s 00163000 08:01 10493678                   /home/bcostes/.m2/repository/org/geotools/xsd/gt-xsd-gml3/17.2/gt-xsd-gml3-17.2.jar
7fef5c6b3000-7fef5c6b6000 r--s 0001a000 08:01 10493676                   /home/bcostes/.m2/repository/org/geotools/xsd/gt-xsd-gml2/17.2/gt-xsd-gml2-17.2.jar
7fef5c6b6000-7fef5c6bd000 r--s 000ec000 08:01 10620839                   /home/bcostes/.m2/repository/org/eclipse/xsd/xsd/2.6.0/xsd-2.6.0.jar
7fef5c6bd000-7fef5c6c3000 r--s 00044000 08:01 10747949                   /home/bcostes/.m2/repository/commons-jxpath/commons-jxpath/1.3/commons-jxpath-1.3.jar
7fef5c6c3000-7fef5c6c7000 r--s 00018000 08:01 10747932                   /home/bcostes/.m2/repository/picocontainer/picocontainer/1.2/picocontainer-1.2.jar
7fef5c6c7000-7fef5c6cc000 r--s 00025000 08:01 10493674                   /home/bcostes/.m2/repository/org/geotools/gt-graph/17.2/gt-graph-17.2.jar
7fef5c6cc000-7fef5c6d2000 r--s 00047000 08:01 10493672                   /home/bcostes/.m2/repository/org/geotools/xsd/gt-xsd-core/17.2/gt-xsd-core-17.2.jar
7fef5c6d2000-7fef5c6d6000 r--s 00017000 08:01 10493670                   /home/bcostes/.m2/repository/org/geotools/xsd/gt-xsd-filter/17.2/gt-xsd-filter-17.2.jar
7fef5c6d6000-7fef5c6da000 r--s 00021000 08:01 10493668                   /home/bcostes/.m2/repository/org/geotools/xsd/gt-xsd-wfs/17.2/gt-xsd-wfs-17.2.jar
7fef5c6da000-7fef5c6e4000 r--s 00096000 08:01 10493666                   /home/bcostes/.m2/repository/org/geotools/gt-xml/17.2/gt-xml-17.2.jar
7fef5c6e4000-7fef5c6ee000 r--s 0006e000 08:01 10749265                   /home/bcostes/.m2/repository/jfree/jcommon/1.0.16/jcommon-1.0.16.jar
7fef5c6ee000-7fef5c6ff000 r--s 0014c000 08:01 10620109                   /home/bcostes/.m2/repository/jfree/jfreechart/1.0.13/jfreechart-1.0.13.jar
7fef5c6ff000-7fef5c70b000 r--s 00076000 08:01 10619107                   /home/bcostes/.m2/repository/net/sourceforge/collections/collections-generic/4.01/collections-generic-4.01.jar
7fef5c70b000-7fef5c711000 r--s 00081000 08:01 10619859                   /home/bcostes/.m2/repository/postgresql/postgresql/9.1-901-1.jdbc4/postgresql-9.1-901-1.jdbc4.jar
7fef5c711000-7fef5c717000 r--s 00033000 08:01 10617890                   /home/bcostes/.m2/repository/com/google/code/gson/gson/2.6.2/gson-2.6.2.jar
7fef5c717000-7fef5c71c000 r--s 00040000 08:01 10486316                   /home/bcostes/.m2/repository/org/twitter4j/twitter4j-core/4.0.2/twitter4j-core-4.0.2.jar
7fef5c71c000-7fef5c724000 r--s 00048000 08:01 10493631                   /home/bcostes/.m2/repository/org/apache/httpcomponents/httpcore/4.4.6/httpcore-4.4.6.jar
7fef5c724000-7fef5c731000 r--s 000aa000 08:01 10493629                   /home/bcostes/.m2/repository/org/apache/httpcomponents/httpclient/4.5.3/httpclient-4.5.3.jar
7fef5c731000-7fef5c735000 r--s 00013000 08:01 10485877                   /home/bcostes/.m2/repository/org/scribe/scribe/1.3.5/scribe-1.3.5.jar
7fef5c735000-7fef5c73b000 r--s 00042000 08:01 10624881                   /home/bcostes/.m2/repository/com/flickr4java/flickr4java/2.17/flickr4java-2.17.jar
7fef5c73b000-7fef5c748000 r--s 00083000 08:01 10619996                   /home/bcostes/.m2/repository/commons-collections/commons-collections/3.2.2/commons-collections-3.2.2.jar
7fef5c748000-7fef5c74b000 r--s 00025000 08:01 10619953                   /home/bcostes/.m2/repository/commons-dbcp/commons-dbcp/1.4/commons-dbcp-1.4.jar
7fef5c74b000-7fef5c74e000 r--s 00034000 08:01 10493658                   /home/bcostes/.m2/repository/org/geotools/gt-jdbc/17.2/gt-jdbc-17.2.jar
7fef5c74e000-7fef5c750000 r--s 0000b000 08:01 10493656                   /home/bcostes/.m2/repository/org/geotools/jdbc/gt-jdbc-postgis/17.2/gt-jdbc-postgis-17.2.jar
7fef5c750000-7fef5c753000 r--s 0002e000 08:01 10493654                   /home/bcostes/.m2/repository/org/geotools/gt-cql/17.2/gt-cql-17.2.jar
7fef5c753000-7fef5c755000 r--s 00007000 08:01 10488141                   /home/bcostes/.m2/repository/org/slf4j/slf4j-api/1.7.13/slf4j-api-1.7.13.jar
7fef5c755000-7fef5c760000 r--s 00065000 08:01 10619917                   /home/bcostes/.m2/repository/ch/qos/logback/logback-core/1.1.3/logback-core-1.1.3.jar
7fef5c760000-7fef5c766000 r--s 0003f000 08:01 10619900                   /home/bcostes/.m2/repository/ch/qos/logback/logback-classic/1.1.3/logback-classic-1.1.3.jar
7fef5c766000-7fef5c768000 r--s 0000c000 08:01 10618996                   /home/bcostes/.m2/repository/net/postgis/postgis-jdbc/2.2.0/postgis-jdbc-2.2.0.jar
7fef5c768000-7fef5c771000 r--s 00071000 08:01 10489060                   /home/bcostes/.m2/repository/org/apfloat/apfloat/1.8.2/apfloat-1.8.2.jar
7fef5c771000-7fef5c778000 r--s 00065000 08:01 10489047                   /home/bcostes/.m2/repository/org/geolatte/geolatte-geom/1.0.1/geolatte-geom-1.0.1.jar
7fef5c778000-7fef5c779000 r--s 00002000 08:01 10488179                   /home/bcostes/.m2/repository/org/slf4j/slf4j-simple/1.7.7/slf4j-simple-1.7.7.jar
7fef5c779000-7fef5c78a000 r--s 00155000 08:01 10618767                   /home/bcostes/.m2/repository/net/java/dev/jna/jna-platform/4.1.0/jna-platform-4.1.0.jar
7fef5c78a000-7fef5c78e000 r--s 000dc000 08:01 10618755                   /home/bcostes/.m2/repository/net/java/dev/jna/jna/4.1.0/jna-4.1.0.jar
7fef5c78e000-7fef5c790000 r--s 0000d000 08:01 10618077                   /home/bcostes/.m2/repository/com/github/dblock/waffle/waffle-jna/1.7/waffle-jna-1.7.jar
7fef5c790000-7fef5c798000 r--s 00097000 08:01 10489030                   /home/bcostes/.m2/repository/org/postgresql/postgresql/9.4-1200-jdbc41/postgresql-9.4-1200-jdbc41.jar
7fef5c798000-7fef5c79c000 r--s 00018000 08:01 10488350                   /home/bcostes/.m2/repository/org/hibernate/hibernate-spatial/5.1.0.Final/hibernate-spatial-5.1.0.Final.jar
7fef5c79c000-7fef5c79e000 r--s 0000e000 08:01 10618057                   /home/bcostes/.m2/repository/com/fasterxml/classmate/1.3.0/classmate-1.3.0.jar
7fef5c79e000-7fef5c7a1000 r--s 0002b000 08:01 10489005                   /home/bcostes/.m2/repository/org/jboss/jandex/2.0.0.Final/jandex-2.0.0.Final.jar
7fef5c7a1000-7fef5c7a6000 r--s 00068000 08:01 10620119                   /home/bcostes/.m2/repository/antlr/antlr/2.7.7/antlr-2.7.7.jar
7fef5c7a6000-7fef5c811000 r--s 00500000 08:01 10488327                   /home/bcostes/.m2/repository/org/hibernate/hibernate-core/5.1.0.Final/hibernate-core-5.1.0.Final.jar
7fef5c811000-7fef5c814000 r--s 00006000 08:01 10487227                   /home/bcostes/.m2/repository/org/apache/avalon/framework/avalon-framework-api/4.3.1/avalon-framework-api-4.3.1.jar
7fef5c814000-7fef5c816000 r--s 0000f000 08:01 10489487                   /home/bcostes/.m2/repository/org/apache/xmlgraphics/batik-extension/1.7/batik-extension-1.7.jar
7fef5c816000-7fef5c823000 r--s 00086000 08:01 10489461                   /home/bcostes/.m2/repository/org/apache/xmlgraphics/batik-svg-dom/1.7/batik-svg-dom-1.7.jar
7fef5c823000-7fef5c82d000 r--s 00075000 08:01 10487125                   /home/bcostes/.m2/repository/org/apache/xmlgraphics/xmlgraphics-commons/1.3.1/xmlgraphics-commons-1.3.1.jar
7fef5c82d000-7fef5c84f000 r--s 00206000 08:01 10487113                   /home/bcostes/.m2/repository/org/apache/xmlgraphics/fop/0.95/fop-0.95.jar
7fef5c84f000-7fef5c853000 r--s 0002b000 08:01 10493627                   /home/bcostes/.m2/repository/org/apache/xmlgraphics/batik-gvt/1.9/batik-gvt-1.9.jar
7fef5c853000-7fef5c855000 r--s 00005000 08:01 10493625                   /home/bcostes/.m2/repository/org/apache/xmlgraphics/batik-script/1.9/batik-script-1.9.jar
7fef5c855000-7fef5c861000 r--s 0009e000 08:01 10493623                   /home/bcostes/.m2/repository/org/apache/xmlgraphics/batik-bridge/1.9/batik-bridge-1.9.jar
7fef5c861000-7fef5c863000 r--s 00011000 08:01 10493621                   /home/bcostes/.m2/repository/org/apache/xmlgraphics/batik-parser/1.9/batik-parser-1.9.jar
7fef5c863000-7fef5c86e000 r--s 0006a000 08:01 10493619                   /home/bcostes/.m2/repository/org/apache/xmlgraphics/batik-anim/1.9/batik-anim-1.9.jar
7fef5c86e000-7fef5c871000 r--s 0001d000 08:01 10493589                   /home/bcostes/.m2/repository/org/apache/xmlgraphics/batik-transcoder/1.9/batik-transcoder-1.9.jar
7fef5c871000-7fef5c878000 r--s 00060000 08:01 10493617                   /home/bcostes/.m2/repository/org/apache/xmlgraphics/batik-awt-util/1.9/batik-awt-util-1.9.jar
7fef5c878000-7fef5c87d000 r--s 00032000 08:01 10493587                   /home/bcostes/.m2/repository/org/apache/xmlgraphics/batik-svggen/1.9/batik-svggen-1.9.jar
7fef5c87d000-7fef5c87e000 r--s 00002000 08:01 10493585                   /home/bcostes/.m2/repository/org/apache/xmlgraphics/batik-i18n/1.9/batik-i18n-1.9.jar
7fef5c87e000-7fef5c880000 r--s 00001000 08:01 10493583                   /home/bcostes/.m2/repository/org/apache/xmlgraphics/batik-constants/1.9/batik-constants-1.9.jar
7fef5c880000-7fef5c885000 r--s 00010000 08:01 10618653                   /home/bcostes/.m2/repository/xml-apis/xml-apis-ext/1.3.04/xml-apis-ext-1.3.04.jar
7fef5c885000-7fef5c889000 r--s 00040000 08:01 14044216                   /home/bcostes/.m2/repository/xalan/serializer/2.7.2/serializer-2.7.2.jar
7fef5c889000-7fef5c8ae000 r--s 002de000 08:01 10624879                   /home/bcostes/.m2/repository/xalan/xalan/2.7.2/xalan-2.7.2.jar
7fef5c8ae000-7fef5c8b0000 r--s 00007000 08:01 10493615                   /home/bcostes/.m2/repository/org/apache/xmlgraphics/batik-xml/1.9/batik-xml-1.9.jar
7fef5c8b0000-7fef5c8b3000 r--s 0001c000 08:01 10493613                   /home/bcostes/.m2/repository/org/apache/xmlgraphics/batik-util/1.9/batik-util-1.9.jar
7fef5c8b3000-7fef5c8b5000 r--s 00002000 08:01 10493611                   /home/bcostes/.m2/repository/org/apache/xmlgraphics/batik-ext/1.9/batik-ext-1.9.jar
7fef5c8b5000-7fef5c8bd000 r--s 00048000 08:01 10493609                   /home/bcostes/.m2/repository/org/apache/xmlgraphics/batik-css/1.9/batik-css-1.9.jar
7fef5c8bd000-7fef5c8c1000 r--s 00029000 08:01 10493581                   /home/bcostes/.m2/repository/org/apache/xmlgraphics/batik-dom/1.9/batik-dom-1.9.jar
7fef5c8c1000-7fef5c8c3000 r--s 00009000 08:01 10618577                   /home/bcostes/.m2/repository/gov/nist/math/jama/gov.nist.math.jama/1.1.1/gov.nist.math.jama-1.1.1.jar
7fef5c8c3000-7fef5c8c7000 r--s 00027000 08:01 10618570                   /home/bcostes/.m2/repository/jmathplot/jmathplot/1.0/jmathplot-1.0.jar
7fef5c8c7000-7fef5c8ca000 r--s 00010000 08:01 10619017                   /home/bcostes/.m2/repository/net/sourceforge/jeval/jeval/0.9.4/jeval-0.9.4.jar
7fef5c8ca000-7fef5c8d1000 r--s 00057000 08:01 10618160                   /home/bcostes/.m2/repository/com/jhlabs/filters/2.0.235-1/filters-2.0.235-1.jar
7fef5c8d1000-7fef5c8d3000 r--s 00045000 08:01 10620060                   /home/bcostes/.m2/repository/java3d/vecmath/1.3.1/vecmath-1.3.1.jar
7fef5c8d3000-7fef5c8d7000 r--s 00027000 08:01 10616876                   /home/bcostes/.m2/repository/org/lwjgl/lwjgl/lwjgl_util/2.9.0/lwjgl_util-2.9.0.jar
7fef5c8d7000-7fef5c8d8000 r--s 00002000 08:01 10618800                   /home/bcostes/.m2/repository/net/java/jinput/jinput-platform/2.0.5/jinput-platform-2.0.5-natives-osx.jar
7fef5c8d8000-7fef5c8d9000 r--s 00025000 08:01 10620608                   /home/bcostes/.m2/repository/net/java/jinput/jinput-platform/2.0.5/jinput-platform-2.0.5-natives-windows.jar
7fef5c8d9000-7fef5c8da000 r--s 00002000 08:01 10618797                   /home/bcostes/.m2/repository/net/java/jinput/jinput-platform/2.0.5/jinput-platform-2.0.5-natives-linux.jar
7fef5c8da000-7fef5c8db000 r--s 00001000 08:01 10618813                   /home/bcostes/.m2/repository/net/java/jutils/jutils/1.0.0/jutils-1.0.0.jar
7fef5c8db000-7fef5c8df000 r--s 0002f000 08:01 10620599                   /home/bcostes/.m2/repository/net/java/jinput/jinput/2.0.5/jinput-2.0.5.jar
7fef5c8df000-7fef5c8e0000 r--s 0007e000 08:01 10616848                   /home/bcostes/.m2/repository/org/lwjgl/lwjgl/lwjgl-platform/2.9.0/lwjgl-platform-2.9.0-natives-osx.jar
7fef5c8e0000-7fef5c8e1000 r--s 0008a000 08:01 10616852                   /home/bcostes/.m2/repository/org/lwjgl/lwjgl/lwjgl-platform/2.9.0/lwjgl-platform-2.9.0-natives-linux.jar
7fef5c8e1000-7fef5c8e2000 r--s 00094000 08:01 10616845                   /home/bcostes/.m2/repository/org/lwjgl/lwjgl/lwjgl-platform/2.9.0/lwjgl-platform-2.9.0-natives-windows.jar
7fef5c8e2000-7fef5c8ef000 r--s 000e6000 08:01 10489141                   /home/bcostes/.m2/repository/org/lwjgl/lwjgl/lwjgl/2.9.0/lwjgl-2.9.0.jar
7fef5c8ef000-7fef5c8f4000 r--s 00041000 08:01 10620039                   /home/bcostes/.m2/repository/commons-lang/commons-lang/2.6/commons-lang-2.6.jar
7fef5c8f4000-7fef5c8fa000 r--s 00033000 08:01 10620353                   /home/bcostes/.m2/repository/commons-codec/commons-codec/1.6/commons-codec-1.6.jar
7fef5c8fa000-7fef5c8fd000 r--s 00023000 08:01 10620476                   /home/bcostes/.m2/repository/jdom/jdom/1.0/jdom-1.0.jar
7fef5c8fd000-7fef5c8ff000 r--s 00004000 08:01 10489131                   /home/bcostes/.m2/repository/org/geonames/geonames/1.0/geonames-1.0.jar
7fef5c8ff000-7fef5c901000 r--s 00008000 08:01 10618543                   /home/bcostes/.m2/repository/commons-logging/commons-logging/1.0.4/commons-logging-1.0.4.jar
7fef5c901000-7fef5c907000 r--s 00045000 08:01 10619983                   /home/bcostes/.m2/repository/commons-httpclient/commons-httpclient/3.1/commons-httpclient-3.1.jar
7fef5c907000-7fef5c908000 r--s 00005000 08:01 10489751                   /home/bcostes/.m2/repository/org/pentaho/pentaho-commons/pentaho-package-manager/0.9.9/pentaho-package-manager-0.9.9.jar
7fef5c908000-7fef5c90a000 r--s 00016000 08:01 10620579                   /home/bcostes/.m2/repository/net/sf/squirrel-sql/thirdparty-non-maven/java-cup/0.11a/java-cup-0.11a.jar
7fef5c90a000-7fef5c949000 r--s 005d2000 08:01 10619970                   /home/bcostes/.m2/repository/nz/ac/waikato/cms/weka/weka-dev/3.7.5/weka-dev-3.7.5.jar
7fef5c949000-7fef5c95d000 r--s 001bd000 08:01 10619161                   /home/bcostes/.m2/repository/javax/media/jai_core/1.1.3/jai_core-1.1.3.jar
7fef5c95d000-7fef5c96c000 r--s 00158000 08:01 10489104                   /home/bcostes/.m2/repository/org/hsqldb/hsqldb/2.3.0/hsqldb-2.3.0.jar
7fef5c96c000-7fef5c96d000 r--s 00238000 08:01 10493664                   /home/bcostes/.m2/repository/org/geotools/gt-epsg-hsql/17.2/gt-epsg-hsql-17.2.jar
7fef5c96d000-7fef5c976000 r--s 00075000 08:01 10493607                   /home/bcostes/.m2/repository/org/geotools/gt-metadata/17.2/gt-metadata-17.2.jar
7fef5c976000-7fef5c978000 r--s 0000b000 08:01 10624817                   /home/bcostes/.m2/repository/it/geosolutions/imageio-ext/imageio-ext-streams/1.1.17/imageio-ext-streams-1.1.17.jar
7fef5c978000-7fef5c97a000 r--s 00008000 08:01 10624884                   /home/bcostes/.m2/repository/it/geosolutions/imageio-ext/imageio-ext-arcgrid/1.1.17/imageio-ext-arcgrid-1.1.17.jar
7fef5c97a000-7fef5c97b000 r--s 00005000 08:01 10493662                   /home/bcostes/.m2/repository/org/geotools/gt-arcgrid/17.2/gt-arcgrid-17.2.jar
7fef5c97b000-7fef5c97c000 r--s 00007000 08:01 10493660                   /home/bcostes/.m2/repository/org/geotools/gt-geotiff/17.2/gt-geotiff-17.2.jar
7fef5c97c000-7fef5c97e000 r--s 00015000 08:01 10493694                   /home/bcostes/.m2/repository/org/geotools/gt-data/17.2/gt-data-17.2.jar
7fef5c97e000-7fef5c982000 r--s 00032000 08:01 10493692                   /home/bcostes/.m2/repository/org/geotools/gt-shapefile/17.2/gt-shapefile-17.2.jar
7fef5c982000-7fef5c984000 r--s 00023000 08:01 10488909                   /home/bcostes/.m2/repository/org/jdom/jdom/1.1.3/jdom-1.1.3.jar
7fef5c984000-7fef5c99f000 r--s 00193000 08:01 10493601                   /home/bcostes/.m2/repository/org/geotools/gt-main/17.2/gt-main-17.2.jar
7fef5c99f000-7fef5c9a5000 r--s 0002e000 08:01 10493599                   /home/bcostes/.m2/repository/org/geotools/gt-api/17.2/gt-api-17.2.jar
7fef5c9a5000-7fef5c9b6000 r--s 000b2000 08:01 10617967                   /home/bcostes/.m2/repository/com/vividsolutions/jts/1.13/jts-1.13.jar
7fef5c9b6000-7fef5c9be000 r--s 00028000 08:01 10620883                   /home/bcostes/.m2/repository/xml-apis/xml-apis/1.3.04/xml-apis-1.3.04.jar
7fef5c9be000-7fef5c9bf000 r--s 00007000 08:01 10618821                   /home/bcostes/.m2/repository/net/sf/geographiclib/GeographicLib-Java/1.44/GeographicLib-Java-1.44.jar
7fef5c9bf000-7fef5c9c0000 r--s 00002000 08:01 10619252                   /home/bcostes/.m2/repository/jgridshift/jgridshift/1.0/jgridshift-1.0.jar
7fef5c9c0000-7fef5c9c5000 r--s 0004f000 08:01 10617980                   /home/bcostes/.m2/repository/com/googlecode/efficient-java-matrix-library/core/0.26/core-0.26.jar
7fef5c9c5000-7fef5c9d5000 r--s 00116000 08:01 10493605                   /home/bcostes/.m2/repository/org/geotools/gt-referencing/17.2/gt-referencing-17.2.jar
7fef5c9d5000-7fef5c9d8000 r--s 00015000 08:01 10618733                   /home/bcostes/.m2/repository/commons-pool/commons-pool/1.5.4/commons-pool-1.5.4.jar
7fef5c9d8000-7fef5c9db000 r--s 00014000 08:01 10618741                   /home/bcostes/.m2/repository/net/java/dev/jsr-275/jsr-275/1.0-beta-2/jsr-275-1.0-beta-2.jar
7fef5c9db000-7fef5c9e9000 r--s 00048000 08:01 10493603                   /home/bcostes/.m2/repository/org/geotools/gt-opengis/17.2/gt-opengis-17.2.jar
7fef5c9e9000-7fef5c9ec000 r--s 00025000 08:01 10618701                   /home/bcostes/.m2/repository/commons-io/commons-io/2.1/commons-io-2.1.jar
7fef5c9ec000-7fef5c9ee000 r--s 00003000 08:01 10624877                   /home/bcostes/.m2/repository/it/geosolutions/jaiext/vectorbin/jt-vectorbin/1.0.15/jt-vectorbin-1.0.15.jar
7fef5c9ee000-7fef5c9ef000 r--s 00004000 08:01 10624875                   /home/bcostes/.m2/repository/it/geosolutions/jaiext/rlookup/jt-rlookup/1.0.15/jt-rlookup-1.0.15.jar
7fef5c9ef000-7fef5c9f0000 r--s 00004000 08:01 10624873                   /home/bcostes/.m2/repository/it/geosolutions/jaiext/classifier/jt-classifier/1.0.15/jt-classifier-1.0.15.jar
7fef5c9f0000-7fef5c9f1000 r--s 00008000 08:01 10624871                   /home/bcostes/.m2/repository/it/geosolutions/jaiext/piecewise/jt-piecewise/1.0.15/jt-piecewise-1.0.15.jar
7fef5c9f1000-7fef5c9f3000 r--s 00002000 08:01 10624869                   /home/bcostes/.m2/repository/it/geosolutions/jaiext/imagefunction/jt-imagefunction/1.0.15/jt-imagefunction-1.0.15.jar
7fef5c9f3000-7fef5c9f5000 r--s 00008000 08:01 10624867                   /home/bcostes/.m2/repository/it/geosolutions/jaiext/colorindexer/jt-colorindexer/1.0.15/jt-colorindexer-1.0.15.jar
7fef5c9f5000-7fef5c9f7000 r--s 00005000 08:01 10624865                   /home/bcostes/.m2/repository/it/geosolutions/jaiext/orderdither/jt-orderdither/1.0.15/jt-orderdither-1.0.15.jar
7fef5c9f7000-7fef5c9f8000 r--s 00004000 08:01 10624863                   /home/bcostes/.m2/repository/it/geosolutions/jaiext/errordiffusion/jt-errordiffusion/1.0.15/jt-errordiffusion-1.0.15.jar
7fef5c9f8000-7fef5c9f9000 r--s 0000f000 08:01 10624861                   /home/bcostes/.m2/repository/it/geosolutions/jaiext/colorconvert/jt-colorconvert/1.0.15/jt-colorconvert-1.0.15.jar
7fef5c9f9000-7fef5c9fa000 r--s 00001000 08:01 10624859                   /home/bcostes/.m2/repository/it/geosolutions/jaiext/format/jt-format/1.0.15/jt-format-1.0.15.jar
7fef5c9fa000-7fef5c9fb000 r--s 00003000 08:01 10624857                   /home/bcostes/.m2/repository/it/geosolutions/jaiext/binarize/jt-binarize/1.0.15/jt-binarize-1.0.15.jar
7fef5c9fb000-7fef5c9fd000 r--s 00007000 08:01 10624855                   /home/bcostes/.m2/repository/it/geosolutions/jaiext/zonal/jt-zonal/1.0.15/jt-zonal-1.0.15.jar
7fef5c9fd000-7fef5c9fe000 r--s 0000f000 08:01 10624853                   /home/bcostes/.m2/repository/it/geosolutions/jaiext/warp/jt-warp/1.0.15/jt-warp-1.0.15.jar
7fef5c9fe000-7fef5ca01000 r--s 0001e000 08:01 10624851                   /home/bcostes/.m2/repository/it/geosolutions/jaiext/utilities/jt-utilities/1.0.15/jt-utilities-1.0.15.jar
7fef5ca01000-7fef5ca02000 r--s 00002000 08:01 10624849                   /home/bcostes/.m2/repository/it/geosolutions/jaiext/translate/jt-translate/1.0.15/jt-translate-1.0.15.jar
7fef5ca02000-7fef5ca2d000 r--s 001f9000 08:01 10617919                   /home/bcostes/.m2/repository/com/google/guava/guava/17.0/guava-17.0.jar
7fef5ca2d000-7fef5ca2f000 r--s 00007000 08:01 10624847                   /home/bcostes/.m2/repository/it/geosolutions/jaiext/stats/jt-stats/1.0.15/jt-stats-1.0.15.jar
7fef5ca2f000-7fef5ca31000 r--s 00014000 08:01 10624845                   /home/bcostes/.m2/repository/it/geosolutions/jaiext/scale/jt-scale/1.0.15/jt-scale-1.0.15.jar
7fef5ca31000-7fef5ca32000 r--s 00004000 08:01 10624843                   /home/bcostes/.m2/repository/it/geosolutions/jaiext/rescale/jt-rescale/1.0.15/jt-rescale-1.0.15.jar
7fef5ca32000-7fef5ca33000 r--s 00001000 08:01 10624841                   /home/bcostes/.m2/repository/it/geosolutions/jaiext/nullop/jt-nullop/1.0.15/jt-nullop-1.0.15.jar
7fef5ca33000-7fef5ca34000 r--s 00007000 08:01 10624839                   /home/bcostes/.m2/repository/it/geosolutions/jaiext/mosaic/jt-mosaic/1.0.15/jt-mosaic-1.0.15.jar
7fef5ca34000-7fef5ca35000 r--s 00009000 08:01 10624837                   /home/bcostes/.m2/repository/it/geosolutions/jaiext/lookup/jt-lookup/1.0.15/jt-lookup-1.0.15.jar
7fef5ca35000-7fef5ca36000 r--s 00005000 08:01 10624835                   /home/bcostes/.m2/repository/it/geosolutions/jaiext/iterators/jt-iterators/1.0.15/jt-iterators-1.0.15.jar
7fef5ca36000-7fef5ca37000 r--s 00002000 08:01 10624833                   /home/bcostes/.m2/repository/it/geosolutions/jaiext/crop/jt-crop/1.0.15/jt-crop-1.0.15.jar
7fef5ca37000-7fef5ca38000 r--s 00004000 08:01 10624831                   /home/bcostes/.m2/repository/it/geosolutions/jaiext/buffer/jt-buffer/1.0.15/jt-buffer-1.0.15.jar
7fef5ca38000-7fef5ca39000 r--s 00003000 08:01 10624829                   /home/bcostes/.m2/repository/it/geosolutions/jaiext/border/jt-border/1.0.15/jt-border-1.0.15.jar
7fef5ca39000-7fef5ca3a000 r--s 00003000 08:01 10624827                   /home/bcostes/.m2/repository/it/geosolutions/jaiext/bandcombine/jt-bandcombine/1.0.15/jt-bandcombine-1.0.15.jar
7fef5ca3a000-7fef5ca3c000 r--s 00001000 08:01 10624825                   /home/bcostes/.m2/repository/it/geosolutions/jaiext/bandselect/jt-bandselect/1.0.15/jt-bandselect-1.0.15.jar
7fef5ca3c000-7fef5ca3e000 r--s 00007000 08:01 10624823                   /home/bcostes/.m2/repository/it/geosolutions/jaiext/bandmerge/jt-bandmerge/1.0.15/jt-bandmerge-1.0.15.jar
7fef5ca3e000-7fef5ca40000 r--s 0000b000 08:01 10624821                   /home/bcostes/.m2/repository/it/geosolutions/jaiext/algebra/jt-algebra/1.0.15/jt-algebra-1.0.15.jar
7fef5ca40000-7fef5ca41000 r--s 0001c000 08:01 10624819                   /home/bcostes/.m2/repository/it/geosolutions/jaiext/affine/jt-affine/1.0.15/jt-affine-1.0.15.jar
7fef5ca41000-7fef5ca45000 r--s 0002e000 08:01 10488962                   /home/bcostes/.m2/repository/org/jaitools/jt-utils/1.4.0/jt-utils-1.4.0.jar
7fef5ca45000-7fef5ca46000 r--s 00004000 08:01 10488924                   /home/bcostes/.m2/repository/org/jaitools/jt-zonalstats/1.4.0/jt-zonalstats-1.4.0.jar
7fef5ca46000-7fef5ca4a000 r--s 0003c000 08:01 10619186                   /home/bcostes/.m2/repository/javax/media/jai_codec/1.1.3/jai_codec-1.1.3.jar
7fef5ca4a000-7fef5ca53000 r--s 0004a000 08:01 10624811                   /home/bcostes/.m2/repository/it/geosolutions/imageio-ext/imageio-ext-tiff/1.1.17/imageio-ext-tiff-1.1.17.jar
7fef5ca53000-7fef5ca64000 r--s 00106000 08:01 10619179                   /home/bcostes/.m2/repository/javax/media/jai_imageio/1.1/jai_imageio-1.1.jar
7fef5ca64000-7fef5ca6c000 r--s 00089000 08:01 10493597                   /home/bcostes/.m2/repository/org/geotools/gt-coverage/17.2/gt-coverage-17.2.jar
7fef5ca6c000-7fef5ca71000 r--s 00017000 08:01 10488293                   /home/bcostes/.m2/repository/org/hibernate/javax/persistence/hibernate-jpa-2.1-api/1.0.0.Final/hibernate-jpa-2.1-api-1.0.0.Final.jar
7fef5ca71000-7fef5ca7a000 r--s 0006d000 08:01 10618505                   /home/bcostes/.m2/repository/log4j/log4j/1.2.16/log4j-1.2.16.jar
7fef5ca7a000-7fef5ca7b000 ---p 00000000 00:00 0 
7fef5ca7b000-7fef5cb7b000 rw-p 00000000 00:00 0 
7fef5cb7b000-7fef5cb7e000 ---p 00000000 00:00 0 
7fef5cb7e000-7fef5cc7c000 rw-p 00000000 00:00 0 
7fef5cc7c000-7fef5cc7f000 ---p 00000000 00:00 0 
7fef5cc7f000-7fef5cd7d000 rw-p 00000000 00:00 0 
7fef5cd7d000-7fef5cd80000 ---p 00000000 00:00 0 
7fef5cd80000-7fef5ce7e000 rw-p 00000000 00:00 0 
7fef5ce7e000-7fef5ce81000 ---p 00000000 00:00 0 
7fef5ce81000-7fef5cf7f000 rw-p 00000000 00:00 0 
7fef5cf7f000-7fef5cf82000 ---p 00000000 00:00 0 
7fef5cf82000-7fef5d080000 rw-p 00000000 00:00 0 
7fef5d080000-7fef5d35d000 r--p 00000000 08:01 11535545                   /usr/lib/locale/locale-archive
7fef5d35d000-7fef5d360000 ---p 00000000 00:00 0 
7fef5d360000-7fef5d45e000 rw-p 00000000 00:00 0 
7fef5d45e000-7fef5d461000 ---p 00000000 00:00 0 
7fef5d461000-7fef5d55f000 rw-p 00000000 00:00 0 
7fef5d55f000-7fef5d560000 ---p 00000000 00:00 0 
7fef5d560000-7fef5e621000 rw-p 00000000 00:00 0 
7fef5e621000-7fef5e7fb000 r--s 03d4d000 08:01 10228805                   /home/bcostes/Documents/IGN/HmmMatching/eclipse/jdk1.8.0_144/jre/lib/rt.jar
7fef5e7fb000-7fef633fb000 rw-p 00000000 00:00 0 
7fef633fb000-7fef633fc000 ---p 00000000 00:00 0 
7fef633fc000-7fef634fc000 rw-p 00000000 00:00 0 
7fef634fc000-7fef634fd000 ---p 00000000 00:00 0 
7fef634fd000-7fef635fd000 rw-p 00000000 00:00 0 
7fef635fd000-7fef635fe000 ---p 00000000 00:00 0 
7fef635fe000-7fef63726000 rw-p 00000000 00:00 0 
7fef63726000-7fef639a9000 ---p 00000000 00:00 0 
7fef639a9000-7fef639d1000 rw-p 00000000 00:00 0 
7fef639d1000-7fef63c53000 ---p 00000000 00:00 0 
7fef63c53000-7fef63d79000 rw-p 00000000 00:00 0 
7fef63d79000-7fef63da9000 ---p 00000000 00:00 0 
7fef63da9000-7fef63ddd000 rw-p 00000000 00:00 0 
7fef63ddd000-7fef6416a000 ---p 00000000 00:00 0 
7fef6416a000-7fef64e2a000 rwxp 00000000 00:00 0 
7fef64e2a000-7fef7316a000 ---p 00000000 00:00 0 
7fef7316a000-7fef73184000 r-xp 00000000 08:01 10228836                   /home/bcostes/Documents/IGN/HmmMatching/eclipse/jdk1.8.0_144/jre/lib/amd64/libzip.so
7fef73184000-7fef73384000 ---p 0001a000 08:01 10228836                   /home/bcostes/Documents/IGN/HmmMatching/eclipse/jdk1.8.0_144/jre/lib/amd64/libzip.so
7fef73384000-7fef73385000 rw-p 0001a000 08:01 10228836                   /home/bcostes/Documents/IGN/HmmMatching/eclipse/jdk1.8.0_144/jre/lib/amd64/libzip.so
7fef73385000-7fef73390000 r-xp 00000000 08:01 4725881                    /lib/x86_64-linux-gnu/libnss_files-2.23.so
7fef73390000-7fef7358f000 ---p 0000b000 08:01 4725881                    /lib/x86_64-linux-gnu/libnss_files-2.23.so
7fef7358f000-7fef73590000 r--p 0000a000 08:01 4725881                    /lib/x86_64-linux-gnu/libnss_files-2.23.so
7fef73590000-7fef73591000 rw-p 0000b000 08:01 4725881                    /lib/x86_64-linux-gnu/libnss_files-2.23.so
7fef73591000-7fef73597000 rw-p 00000000 00:00 0 
7fef73597000-7fef735a2000 r-xp 00000000 08:01 4725885                    /lib/x86_64-linux-gnu/libnss_nis-2.23.so
7fef735a2000-7fef737a1000 ---p 0000b000 08:01 4725885                    /lib/x86_64-linux-gnu/libnss_nis-2.23.so
7fef737a1000-7fef737a2000 r--p 0000a000 08:01 4725885                    /lib/x86_64-linux-gnu/libnss_nis-2.23.so
7fef737a2000-7fef737a3000 rw-p 0000b000 08:01 4725885                    /lib/x86_64-linux-gnu/libnss_nis-2.23.so
7fef737a3000-7fef737b9000 r-xp 00000000 08:01 4723433                    /lib/x86_64-linux-gnu/libnsl-2.23.so
7fef737b9000-7fef739b8000 ---p 00016000 08:01 4723433                    /lib/x86_64-linux-gnu/libnsl-2.23.so
7fef739b8000-7fef739b9000 r--p 00015000 08:01 4723433                    /lib/x86_64-linux-gnu/libnsl-2.23.so
7fef739b9000-7fef739ba000 rw-p 00016000 08:01 4723433                    /lib/x86_64-linux-gnu/libnsl-2.23.so
7fef739ba000-7fef739bc000 rw-p 00000000 00:00 0 
7fef739bc000-7fef739c4000 r-xp 00000000 08:01 4725876                    /lib/x86_64-linux-gnu/libnss_compat-2.23.so
7fef739c4000-7fef73bc3000 ---p 00008000 08:01 4725876                    /lib/x86_64-linux-gnu/libnss_compat-2.23.so
7fef73bc3000-7fef73bc4000 r--p 00007000 08:01 4725876                    /lib/x86_64-linux-gnu/libnss_compat-2.23.so
7fef73bc4000-7fef73bc5000 rw-p 00008000 08:01 4725876                    /lib/x86_64-linux-gnu/libnss_compat-2.23.so
7fef73bc5000-7fef73bf0000 r-xp 00000000 08:01 10228863                   /home/bcostes/Documents/IGN/HmmMatching/eclipse/jdk1.8.0_144/jre/lib/amd64/libjava.so
7fef73bf0000-7fef73def000 ---p 0002b000 08:01 10228863                   /home/bcostes/Documents/IGN/HmmMatching/eclipse/jdk1.8.0_144/jre/lib/amd64/libjava.so
7fef73def000-7fef73df1000 rw-p 0002a000 08:01 10228863                   /home/bcostes/Documents/IGN/HmmMatching/eclipse/jdk1.8.0_144/jre/lib/amd64/libjava.so
7fef73df1000-7fef73dfe000 r-xp 00000000 08:01 10228814                   /home/bcostes/Documents/IGN/HmmMatching/eclipse/jdk1.8.0_144/jre/lib/amd64/libverify.so
7fef73dfe000-7fef73ffe000 ---p 0000d000 08:01 10228814                   /home/bcostes/Documents/IGN/HmmMatching/eclipse/jdk1.8.0_144/jre/lib/amd64/libverify.so
7fef73ffe000-7fef74000000 rw-p 0000d000 08:01 10228814                   /home/bcostes/Documents/IGN/HmmMatching/eclipse/jdk1.8.0_144/jre/lib/amd64/libverify.so
7fef74000000-7fef75038000 rw-p 00000000 00:00 0 
7fef75038000-7fef78000000 ---p 00000000 00:00 0 
7fef78000000-7fef78002000 r--s 00005000 08:01 10624815                   /home/bcostes/.m2/repository/it/geosolutions/imageio-ext/imageio-ext-geocore/1.1.17/imageio-ext-geocore-1.1.17.jar
7fef78002000-7fef78006000 r--s 00021000 08:01 6820284                    /home/bcostes/workspace_hmmmatching/HMMSpatialNetworkMatcher/HMMSpatialNetworkMatcher/lib/SCPSolver.jar
7fef78006000-7fef7800b000 r--s 00084000 08:01 10228912                   /home/bcostes/Documents/IGN/HmmMatching/eclipse/jdk1.8.0_144/jre/lib/jfr.jar
7fef7800b000-7fef780a2000 rw-p 00000000 00:00 0 
7fef780a2000-7fef780a3000 ---p 00000000 00:00 0 
7fef780a3000-7fef781a3000 rw-p 00000000 00:00 0 
7fef781a3000-7fef781aa000 r-xp 00000000 08:01 4725886                    /lib/x86_64-linux-gnu/librt-2.23.so
7fef781aa000-7fef783a9000 ---p 00007000 08:01 4725886                    /lib/x86_64-linux-gnu/librt-2.23.so
7fef783a9000-7fef783aa000 r--p 00006000 08:01 4725886                    /lib/x86_64-linux-gnu/librt-2.23.so
7fef783aa000-7fef783ab000 rw-p 00007000 08:01 4725886                    /lib/x86_64-linux-gnu/librt-2.23.so
7fef783ab000-7fef784b3000 r-xp 00000000 08:01 4723429                    /lib/x86_64-linux-gnu/libm-2.23.so
7fef784b3000-7fef786b2000 ---p 00108000 08:01 4723429                    /lib/x86_64-linux-gnu/libm-2.23.so
7fef786b2000-7fef786b3000 r--p 00107000 08:01 4723429                    /lib/x86_64-linux-gnu/libm-2.23.so
7fef786b3000-7fef786b4000 rw-p 00108000 08:01 4723429                    /lib/x86_64-linux-gnu/libm-2.23.so
7fef786b4000-7fef79387000 r-xp 00000000 08:01 10228867                   /home/bcostes/Documents/IGN/HmmMatching/eclipse/jdk1.8.0_144/jre/lib/amd64/server/libjvm.so
7fef79387000-7fef79586000 ---p 00cd3000 08:01 10228867                   /home/bcostes/Documents/IGN/HmmMatching/eclipse/jdk1.8.0_144/jre/lib/amd64/server/libjvm.so
7fef79586000-7fef79660000 rw-p 00cd2000 08:01 10228867                   /home/bcostes/Documents/IGN/HmmMatching/eclipse/jdk1.8.0_144/jre/lib/amd64/server/libjvm.so
7fef79660000-7fef796ab000 rw-p 00000000 00:00 0 
7fef796ab000-7fef7986b000 r-xp 00000000 08:01 4725868                    /lib/x86_64-linux-gnu/libc-2.23.so
7fef7986b000-7fef79a6b000 ---p 001c0000 08:01 4725868                    /lib/x86_64-linux-gnu/libc-2.23.so
7fef79a6b000-7fef79a6f000 r--p 001c0000 08:01 4725868                    /lib/x86_64-linux-gnu/libc-2.23.so
7fef79a6f000-7fef79a71000 rw-p 001c4000 08:01 4725868                    /lib/x86_64-linux-gnu/libc-2.23.so
7fef79a71000-7fef79a75000 rw-p 00000000 00:00 0 
7fef79a75000-7fef79a78000 r-xp 00000000 08:01 4725870                    /lib/x86_64-linux-gnu/libdl-2.23.so
7fef79a78000-7fef79c77000 ---p 00003000 08:01 4725870                    /lib/x86_64-linux-gnu/libdl-2.23.so
7fef79c77000-7fef79c78000 r--p 00002000 08:01 4725870                    /lib/x86_64-linux-gnu/libdl-2.23.so
7fef79c78000-7fef79c79000 rw-p 00003000 08:01 4725870                    /lib/x86_64-linux-gnu/libdl-2.23.so
7fef79c79000-7fef79c8e000 r-xp 00000000 08:01 10227842                   /home/bcostes/Documents/IGN/HmmMatching/eclipse/jdk1.8.0_144/lib/amd64/jli/libjli.so
7fef79c8e000-7fef79e8e000 ---p 00015000 08:01 10227842                   /home/bcostes/Documents/IGN/HmmMatching/eclipse/jdk1.8.0_144/lib/amd64/jli/libjli.so
7fef79e8e000-7fef79e8f000 rw-p 00015000 08:01 10227842                   /home/bcostes/Documents/IGN/HmmMatching/eclipse/jdk1.8.0_144/lib/amd64/jli/libjli.so
7fef79e8f000-7fef79ea7000 r-xp 00000000 08:01 4725867                    /lib/x86_64-linux-gnu/libpthread-2.23.so
7fef79ea7000-7fef7a0a6000 ---p 00018000 08:01 4725867                    /lib/x86_64-linux-gnu/libpthread-2.23.so
7fef7a0a6000-7fef7a0a7000 r--p 00017000 08:01 4725867                    /lib/x86_64-linux-gnu/libpthread-2.23.so
7fef7a0a7000-7fef7a0a8000 rw-p 00018000 08:01 4725867                    /lib/x86_64-linux-gnu/libpthread-2.23.so
7fef7a0a8000-7fef7a0ac000 rw-p 00000000 00:00 0 
7fef7a0ac000-7fef7a0d2000 r-xp 00000000 08:01 4725866                    /lib/x86_64-linux-gnu/ld-2.23.so
7fef7a0d2000-7fef7a0d3000 r--s 00009000 08:01 10624813                   /home/bcostes/.m2/repository/it/geosolutions/imageio-ext/imageio-ext-utilities/1.1.17/imageio-ext-utilities-1.1.17.jar
7fef7a0d3000-7fef7a0d4000 r--s 00002000 08:01 10618306                   /home/bcostes/.m2/repository/com/graphhopper/external/hmm-lib/1.0.0/hmm-lib-1.0.0.jar
7fef7a0d4000-7fef7a0d5000 r--s 00151000 08:01 6820282                    /home/bcostes/workspace_hmmmatching/HMMSpatialNetworkMatcher/HMMSpatialNetworkMatcher/lib/LPSOLVESolverPack.jar
7fef7a0d5000-7fef7a0da000 r--s 002f9000 08:01 10228758                   /home/bcostes/Documents/IGN/HmmMatching/eclipse/jdk1.8.0_144/jre/lib/charsets.jar
7fef7a0da000-7fef7a1a6000 rw-p 00000000 00:00 0 
7fef7a1a6000-7fef7a1a9000 ---p 00000000 00:00 0 
7fef7a1a9000-7fef7a2ac000 rw-p 00000000 00:00 0 
7fef7a2ac000-7fef7a2af000 r--s 0001a000 08:01 10229067                   /home/bcostes/Documents/IGN/HmmMatching/eclipse/jdk1.8.0_144/jre/lib/jce.jar
7fef7a2af000-7fef7a2b4000 r--s 0009a000 08:01 10228757                   /home/bcostes/Documents/IGN/HmmMatching/eclipse/jdk1.8.0_144/jre/lib/jsse.jar
7fef7a2b4000-7fef7a2c7000 r--s 00345000 08:01 10229037                   /home/bcostes/Documents/IGN/HmmMatching/eclipse/jdk1.8.0_144/jre/lib/resources.jar
7fef7a2c7000-7fef7a2cf000 rw-s 00000000 08:01 395949                     /tmp/hsperfdata_bcostes/8246
7fef7a2cf000-7fef7a2d0000 rw-p 00000000 00:00 0 
7fef7a2d0000-7fef7a2d1000 r--p 00000000 00:00 0 
7fef7a2d1000-7fef7a2d2000 r--p 00025000 08:01 4725866                    /lib/x86_64-linux-gnu/ld-2.23.so
7fef7a2d2000-7fef7a2d3000 rw-p 00026000 08:01 4725866                    /lib/x86_64-linux-gnu/ld-2.23.so
7fef7a2d3000-7fef7a2d4000 rw-p 00000000 00:00 0 
7ffd1f94c000-7ffd1f971000 rw-p 00000000 00:00 0                          [stack]
7ffd1f979000-7ffd1f97c000 r--p 00000000 00:00 0                          [vvar]
7ffd1f97c000-7ffd1f97e000 r-xp 00000000 00:00 0                          [vdso]
ffffffffff600000-ffffffffff601000 r-xp 00000000 00:00 0                  [vsyscall]

VM Arguments:
jvm_args: -Djavax.net.ssl.trustStore=/home/bcostes/Documents/IGN/HmmMatching/eclipse/trust.jks -Djavax.net.ssl.keyStorePassword=leschiensaboient -Xmx2048M -Dfile.encoding=UTF-8 
java_command: fr.ign.cogit.HMMSpatialNetworkMatcher.matching.TempTest
java_class_path (initial): /home/bcostes/Documents/IGN/HmmMatching/eclipse/jdk1.8.0_144/jre/lib/resources.jar:/home/bcostes/Documents/IGN/HmmMatching/eclipse/jdk1.8.0_144/jre/lib/rt.jar:/home/bcostes/Documents/IGN/HmmMatching/eclipse/jdk1.8.0_144/jre/lib/jsse.jar:/home/bcostes/Documents/IGN/HmmMatching/eclipse/jdk1.8.0_144/jre/lib/jce.jar:/home/bcostes/Documents/IGN/HmmMatching/eclipse/jdk1.8.0_144/jre/lib/charsets.jar:/home/bcostes/Documents/IGN/HmmMatching/eclipse/jdk1.8.0_144/jre/lib/jfr.jar:/home/bcostes/Documents/IGN/HmmMatching/eclipse/jdk1.8.0_144/jre/lib/ext/jfxrt.jar:/home/bcostes/Documents/IGN/HmmMatching/eclipse/jdk1.8.0_144/jre/lib/ext/jaccess.jar:/home/bcostes/Documents/IGN/HmmMatching/eclipse/jdk1.8.0_144/jre/lib/ext/dnsns.jar:/home/bcostes/Documents/IGN/HmmMatching/eclipse/jdk1.8.0_144/jre/lib/ext/sunjce_provider.jar:/home/bcostes/Documents/IGN/HmmMatching/eclipse/jdk1.8.0_144/jre/lib/ext/nashorn.jar:/home/bcostes/Documents/IGN/HmmMatching/eclipse/jdk1.8.0_144/jre/lib/ext/sunec.jar:/home/bcostes/Documents/IGN/HmmMatching/eclipse/jdk1.8.0_144/jre/lib/ext/cldrdata.jar:/home/bcostes/Documents/IGN/HmmMatching/eclipse/jdk1.8.0_144/jre/lib/ext/sunpkcs11.jar:/home/bcostes/Documents/IGN/HmmMatching/eclipse/jdk1.8.0_144/jre/lib/ext/zipfs.jar:/home/bcostes/Documents/IGN/HmmMatching/eclipse/jdk1.8.0_144/jre/lib/ext/localedata.jar:/home/bcostes/workspace_hmmmatching/HMMSpatialNetworkMatcher/HMMSpatialNetworkMatcher/target/classes:/home/bcostes/workspace_hmmmatching/HMMSpatialNetworkMatcher/HMMSpatialNetworkMatcher/lib/LPSOLVESolverPack.jar:/home/bcostes/workspace_hmmmatching/HMMSpatialNetworkMatcher/HMMSpatialNetworkMatcher/lib/SCPSolver.jar:/home/bcostes/.m2/repository/com/graphhopper/external/hmm-lib/1.0.0/hmm-lib-1.0.0.jar:/home/bcostes/workspace_hmmmatching/geoxygene/geoxygene-feature/target/classes:/home/bcostes/.m2/repository/log4j/log4j/1.2.16/log4j-1.2.16.jar:/home/bcostes/.m2/repository/org/hibernate/javax/persistence/hibernate-jpa-2.1-api/1.0.0.Final/
Launcher Type: SUN_STANDARD

Environment Variables:
PATH=/home/bcostes/bin:/home/bcostes/.local/bin:/usr/local/sbin:/usr/local/bin:/usr/sbin:/usr/bin:/sbin:/bin:/usr/games:/usr/local/games:/snap/bin
SHELL=/bin/bash
DISPLAY=:0

Signal Handlers:
SIGSEGV: [libjvm.so+0xacba10], sa_mask[0]=11111111011111111101111111111110, sa_flags=SA_RESTART|SA_SIGINFO
SIGBUS: [libjvm.so+0xacba10], sa_mask[0]=11111111011111111101111111111110, sa_flags=SA_RESTART|SA_SIGINFO
SIGFPE: [libjvm.so+0x924ba0], sa_mask[0]=11111111011111111101111111111110, sa_flags=SA_RESTART|SA_SIGINFO
SIGPIPE: [libjvm.so+0x924ba0], sa_mask[0]=11111111011111111101111111111110, sa_flags=SA_RESTART|SA_SIGINFO
SIGXFSZ: [libjvm.so+0x924ba0], sa_mask[0]=11111111011111111101111111111110, sa_flags=SA_RESTART|SA_SIGINFO
SIGILL: [libjvm.so+0x924ba0], sa_mask[0]=11111111011111111101111111111110, sa_flags=SA_RESTART|SA_SIGINFO
SIGUSR1: SIG_DFL, sa_mask[0]=00000000000000000000000000000000, sa_flags=none
SIGUSR2: [libjvm.so+0x9263e0], sa_mask[0]=00100000000000000000000000000000, sa_flags=SA_RESTART|SA_SIGINFO
SIGHUP: [libjvm.so+0x9277e0], sa_mask[0]=11111111011111111101111111111110, sa_flags=SA_RESTART|SA_SIGINFO
SIGINT: [libjvm.so+0x9277e0], sa_mask[0]=11111111011111111101111111111110, sa_flags=SA_RESTART|SA_SIGINFO
SIGTERM: [libjvm.so+0x9277e0], sa_mask[0]=11111111011111111101111111111110, sa_flags=SA_RESTART|SA_SIGINFO
SIGQUIT: [libjvm.so+0x9277e0], sa_mask[0]=11111111011111111101111111111110, sa_flags=SA_RESTART|SA_SIGINFO


---------------  S Y S T E M  ---------------

OS:DISTRIB_ID=Ubuntu
DISTRIB_RELEASE=16.04
DISTRIB_CODENAME=xenial
DISTRIB_DESCRIPTION="Ubuntu 16.04.4 LTS"

uname:Linux 4.4.0-119-generic #143-Ubuntu SMP Mon Apr 2 16:08:24 UTC 2018 x86_64
libc:glibc 2.23 NPTL 2.23 
rlimit: STACK 8192k, CORE 0k, NPROC 30485, NOFILE 1048576, AS infinity
load average:2,40 1,67 1,33

/proc/meminfo:
MemTotal:        7845404 kB
MemFree:         1263068 kB
MemAvailable:    2831292 kB
Buffers:          144612 kB
Cached:          1939608 kB
SwapCached:            0 kB
Active:          5048116 kB
Inactive:        1252716 kB
Active(anon):    4226708 kB
Inactive(anon):   327788 kB
Active(file):     821408 kB
Inactive(file):   924928 kB
Unevictable:          80 kB
Mlocked:              80 kB
SwapTotal:       8052732 kB
SwapFree:        8052732 kB
Dirty:               284 kB
Writeback:             0 kB
AnonPages:       4216692 kB
Mapped:           577100 kB
Shmem:            337716 kB
Slab:             135024 kB
SReclaimable:      90604 kB
SUnreclaim:        44420 kB
KernelStack:       12896 kB
PageTables:        51664 kB
NFS_Unstable:          0 kB
Bounce:                0 kB
WritebackTmp:          0 kB
CommitLimit:    11975432 kB
Committed_AS:   10804180 kB
VmallocTotal:   34359738367 kB
VmallocUsed:           0 kB
VmallocChunk:          0 kB
HardwareCorrupted:     0 kB
AnonHugePages:         0 kB
CmaTotal:              0 kB
CmaFree:               0 kB
HugePages_Total:       0
HugePages_Free:        0
HugePages_Rsvd:        0
HugePages_Surp:        0
Hugepagesize:       2048 kB
DirectMap4k:      131244 kB
DirectMap2M:     3729408 kB
DirectMap1G:     5242880 kB


CPU:total 4 (initial active 4) (4 cores per cpu, 1 threads per core) family 6 model 94 stepping 3, cmov, cx8, fxsr, mmx, sse, sse2, sse3, ssse3, sse4.1, sse4.2, popcnt, avx, avx2, aes, clmul, erms, rtm, 3dnowpref, lzcnt, tsc, tscinvbit, bmi1, bmi2, adx

/proc/cpuinfo:
processor	: 0
vendor_id	: GenuineIntel
cpu family	: 6
model		: 94
model name	: Intel(R) Core(TM) i5-6440HQ CPU @ 2.60GHz
stepping	: 3
microcode	: 0xc2
cpu MHz		: 2781.187
cache size	: 6144 KB
physical id	: 0
siblings	: 4
core id		: 0
cpu cores	: 4
apicid		: 0
initial apicid	: 0
fpu		: yes
fpu_exception	: yes
cpuid level	: 22
wp		: yes
flags		: fpu vme de pse tsc msr pae mce cx8 apic sep mtrr pge mca cmov pat pse36 clflush dts acpi mmx fxsr sse sse2 ss ht tm pbe syscall nx pdpe1gb rdtscp lm constant_tsc art arch_perfmon pebs bts rep_good nopl xtopology nonstop_tsc aperfmperf eagerfpu pni pclmulqdq dtes64 monitor ds_cpl vmx smx est tm2 ssse3 sdbg fma cx16 xtpr pdcm pcid sse4_1 sse4_2 x2apic movbe popcnt tsc_deadline_timer aes xsave avx f16c rdrand lahf_lm abm 3dnowprefetch epb invpcid_single intel_pt rsb_ctxsw spec_ctrl retpoline kaiser tpr_shadow vnmi flexpriority ept vpid fsgsbase tsc_adjust bmi1 hle avx2 smep bmi2 erms invpcid rtm mpx rdseed adx smap clflushopt xsaveopt xsavec xgetbv1 dtherm ida arat pln pts hwp hwp_notify hwp_act_window hwp_epp
bugs		: cpu_meltdown spectre_v1 spectre_v2
bogomips	: 5184.12
clflush size	: 64
cache_alignment	: 64
address sizes	: 39 bits physical, 48 bits virtual
power management:

processor	: 1
vendor_id	: GenuineIntel
cpu family	: 6
model		: 94
model name	: Intel(R) Core(TM) i5-6440HQ CPU @ 2.60GHz
stepping	: 3
microcode	: 0xc2
cpu MHz		: 2869.140
cache size	: 6144 KB
physical id	: 0
siblings	: 4
core id		: 1
cpu cores	: 4
apicid		: 2
initial apicid	: 2
fpu		: yes
fpu_exception	: yes
cpuid level	: 22
wp		: yes
flags		: fpu vme de pse tsc msr pae mce cx8 apic sep mtrr pge mca cmov pat pse36 clflush dts acpi mmx fxsr sse sse2 ss ht tm pbe syscall nx pdpe1gb rdtscp lm constant_tsc art arch_perfmon pebs bts rep_good nopl xtopology nonstop_tsc aperfmperf eagerfpu pni pclmulqdq dtes64 monitor ds_cpl vmx smx est tm2 ssse3 sdbg fma cx16 xtpr pdcm pcid sse4_1 sse4_2 x2apic movbe popcnt tsc_deadline_timer aes xsave avx f16c rdrand lahf_lm abm 3dnowprefetch epb invpcid_single intel_pt rsb_ctxsw spec_ctrl retpoline kaiser tpr_shadow vnmi flexpriority ept vpid fsgsbase tsc_adjust bmi1 hle avx2 smep bmi2 erms invpcid rtm mpx rdseed adx smap clflushopt xsaveopt xsavec xgetbv1 dtherm ida arat pln pts hwp hwp_notify hwp_act_window hwp_epp
bugs		: cpu_meltdown spectre_v1 spectre_v2
bogomips	: 5184.12
clflush size	: 64
cache_alignment	: 64
address sizes	: 39 bits physical, 48 bits virtual
power management:

processor	: 2
vendor_id	: GenuineIntel
cpu family	: 6
model		: 94
model name	: Intel(R) Core(TM) i5-6440HQ CPU @ 2.60GHz
stepping	: 3
microcode	: 0xc2
cpu MHz		: 2773.671
cache size	: 6144 KB
physical id	: 0
siblings	: 4
core id		: 2
cpu cores	: 4
apicid		: 4
initial apicid	: 4
fpu		: yes
fpu_exception	: yes
cpuid level	: 22
wp		: yes
flags		: fpu vme de pse tsc msr pae mce cx8 apic sep mtrr pge mca cmov pat pse36 clflush dts acpi mmx fxsr sse sse2 ss ht tm pbe syscall nx pdpe1gb rdtscp lm constant_tsc art arch_perfmon pebs bts rep_good nopl xtopology nonstop_tsc aperfmperf eagerfpu pni pclmulqdq dtes64 monitor ds_cpl vmx smx est tm2 ssse3 sdbg fma cx16 xtpr pdcm pcid sse4_1 sse4_2 x2apic movbe popcnt tsc_deadline_timer aes xsave avx f16c rdrand lahf_lm abm 3dnowprefetch epb invpcid_single intel_pt rsb_ctxsw spec_ctrl retpoline kaiser tpr_shadow vnmi flexpriority ept vpid fsgsbase tsc_adjust bmi1 hle avx2 smep bmi2 erms invpcid rtm mpx rdseed adx smap clflushopt xsaveopt xsavec xgetbv1 dtherm ida arat pln pts hwp hwp_notify hwp_act_window hwp_epp
bugs		: cpu_meltdown spectre_v1 spectre_v2
bogomips	: 5184.12
clflush size	: 64
cache_alignment	: 64
address sizes	: 39 bits physical, 48 bits virtual
power management:

processor	: 3
vendor_id	: GenuineIntel
cpu family	: 6
model		: 94
model name	: Intel(R) Core(TM) i5-6440HQ CPU @ 2.60GHz
stepping	: 3
microcode	: 0xc2
cpu MHz		: 2801.601
cache size	: 6144 KB
physical id	: 0
siblings	: 4
core id		: 3
cpu cores	: 4
apicid		: 6
initial apicid	: 6
fpu		: yes
fpu_exception	: yes
cpuid level	: 22
wp		: yes
flags		: fpu vme de pse tsc msr pae mce cx8 apic sep mtrr pge mca cmov pat pse36 clflush dts acpi mmx fxsr sse sse2 ss ht tm pbe syscall nx pdpe1gb rdtscp lm constant_tsc art arch_perfmon pebs bts rep_good nopl xtopology nonstop_tsc aperfmperf eagerfpu pni pclmulqdq dtes64 monitor ds_cpl vmx smx est tm2 ssse3 sdbg fma cx16 xtpr pdcm pcid sse4_1 sse4_2 x2apic movbe popcnt tsc_deadline_timer aes xsave avx f16c rdrand lahf_lm abm 3dnowprefetch epb invpcid_single intel_pt rsb_ctxsw spec_ctrl retpoline kaiser tpr_shadow vnmi flexpriority ept vpid fsgsbase tsc_adjust bmi1 hle avx2 smep bmi2 erms invpcid rtm mpx rdseed adx smap clflushopt xsaveopt xsavec xgetbv1 dtherm ida arat pln pts hwp hwp_notify hwp_act_window hwp_epp
bugs		: cpu_meltdown spectre_v1 spectre_v2
bogomips	: 5184.12
clflush size	: 64
cache_alignment	: 64
address sizes	: 39 bits physical, 48 bits virtual
power management:



Memory: 4k page, physical 7845404k(1263068k free), swap 8052732k(8052732k free)

vm_info: Java HotSpot(TM) 64-Bit Server VM (25.144-b01) for linux-amd64 JRE (1.8.0_144-b01), built on Jul 21 2017 21:57:33 by "java_re" with gcc 4.3.0 20080428 (Red Hat 4.3.0-8)

time: Thu Apr 12 10:50:57 2018
elapsed time: 82 seconds (0d 0h 1m 22s)

