#
# A fatal error has been detected by the Java Runtime Environment:
#
#  SIGSEGV (0xb) at pc=0x0000000000020a36, pid=8718, tid=0x00007f16eac5c700
#
# JRE version: Java(TM) SE Runtime Environment (8.0_144-b01) (build 1.8.0_144-b01)
# Java VM: Java HotSpot(TM) 64-Bit Server VM (25.144-b01 mixed mode linux-amd64 compressed oops)
# Problematic frame:
# C  0x0000000000020a36
#
# Failed to write core dump. Core dumps have been disabled. To enable core dumping, try "ulimit -c unlimited" before starting Java again
#
# If you would like to submit a bug report, please visit:
#   http://bugreport.java.com/bugreport/crash.jsp
# The crash happened outside the Java Virtual Machine in native code.
# See problematic frame for where to report the bug.
#

---------------  T H R E A D  ---------------

Current thread (0x00007f16e4012800):  JavaThread "main" [_thread_in_native, id=8725, stack(0x00007f16eab5c000,0x00007f16eac5d000)]

siginfo: si_signo: 11 (SIGSEGV), si_code: 1 (SEGV_MAPERR), si_addr: 0x0000000000020a36

Registers:
RAX=0x0000000000000000, RBX=0x00007f16ca24cc58, RCX=0x000000000000001c, RDX=0x000000000000001c
RSP=0x00007f16eac5b418, RBP=0x00007f16eac5b470, RSI=0x000000000000001c, RDI=0x0000000000000000
R8 =0x00000000edaaa202, R9 =0x000000000000003f, R10=0x00007f16d4beaa08, R11=0x00007f16e9a31fa0
R12=0x0000000000000000, R13=0x00007f16ca24cc50, R14=0x00007f16eac5b4f8, R15=0x00007f16e4012800
RIP=0x0000000000020a36, EFLAGS=0x0000000000010202, CSGSFS=0x0000000000000033, ERR=0x0000000000000014
  TRAPNO=0x000000000000000e

Top of Stack: (sp=0x00007f16eac5b418)
0x00007f16eac5b418:   00007f16c9f4eeda 00007f16eac5b488
0x00007f16eac5b428:   000000000000001c 00007f16eac5b4e0
0x00007f16eac5b438:   00007f16e40129f8 00007f16eac5b4b0
0x00007f16eac5b448:   00007f16eac5b448 0000000000000000
0x00007f16eac5b458:   0000000000000000 00007f16ca244570
0x00007f16eac5b468:   00007f16ca24cc58 00007f16eac5b4d0
0x00007f16eac5b478:   00007f16d4beaa34 00007f16eac5b498
0x00007f16eac5b488:   00007f16eac5b4e0 00007f16eac5b490
0x00007f16eac5b498:   0000000000000000 00007f16eac5b4f8
0x00007f16eac5b4a8:   00007f16ca256178 0000000000000000
0x00007f16eac5b4b8:   00007f16ca24cc58 0000000000000000
0x00007f16eac5b4c8:   00007f16eac5b4f0 00007f16eac5b548
0x00007f16eac5b4d8:   00007f16d4bdb040 000000076c0f64f8
0x00007f16eac5b4e8:   00007f16d4be453b 000000000000001c
0x00007f16eac5b4f8:   0000000000000000 000000076af120e8
0x00007f16eac5b508:   00007f16eac5b508 00007f16ca23f321
0x00007f16eac5b518:   00007f16eac5b580 00007f16ca23fd20
0x00007f16eac5b528:   0000000000000000 00007f16ca23f5f8
0x00007f16eac5b538:   00007f16eac5b4f0 00007f16eac5b578
0x00007f16eac5b548:   00007f16eac5b5c8 00007f16d4bdb114
0x00007f16eac5b558:   0000000000000000 0000000000000000
0x00007f16eac5b568:   0000000000000000 0000000000000000
0x00007f16eac5b578:   000000076d551330 000000076af120e8
0x00007f16eac5b588:   00007f16eac5b588 00007f16ca238dbf
0x00007f16eac5b598:   00007f16eac5b5f8 00007f16ca2399a0
0x00007f16eac5b5a8:   0000000000000000 00007f16ca238dd8
0x00007f16eac5b5b8:   00007f16eac5b578 00007f16eac5b5f0
0x00007f16eac5b5c8:   00007f16eac5b640 00007f16d4bdb040
0x00007f16eac5b5d8:   0000000000000000 0000000000000000
0x00007f16eac5b5e8:   000000076d551330 000000076af120e8
0x00007f16eac5b5f8:   000000076c3c1a08 00007f16eac5b600
0x00007f16eac5b608:   00007f16ca238e64 00007f16eac5b650 

Instructions: (pc=0x0000000000020a36)
0x0000000000020a16:   
[error occurred during error reporting (printing registers, top of stack, instructions near pc), id 0xb]

Register to memory mapping:

RAX=0x0000000000000000 is an unknown value
RBX={method} {0x00007f16ca24cc58} 'makeLp' '(II)Llpsolve/LpSolve;' in 'lpsolve/LpSolve'
RCX=0x000000000000001c is an unknown value
RDX=0x000000000000001c is an unknown value
RSP=0x00007f16eac5b418 is pointing into the stack for thread: 0x00007f16e4012800
RBP=0x00007f16eac5b470 is pointing into the stack for thread: 0x00007f16e4012800
RSI=0x000000000000001c is an unknown value
RDI=0x0000000000000000 is an unknown value
R8 =0x00000000edaaa202 is an unknown value
R9 =0x000000000000003f is an unknown value
R10=0x00007f16d4beaa08 is at code_begin+808 in an Interpreter codelet
method entry point (kind = native)  [0x00007f16d4bea6e0, 0x00007f16d4beafe0]  2304 bytes
R11=0x00007f16e9a31fa0: <offset 0x9c7fa0> in /home/bcostes/Documents/IGN/HmmMatching/eclipse/jdk1.8.0_144/jre/lib/amd64/server/libjvm.so at 0x00007f16e906a000
R12=0x0000000000000000 is an unknown value
R13=0x00007f16ca24cc50 is pointing into metadata
R14=0x00007f16eac5b4f8 is pointing into the stack for thread: 0x00007f16e4012800
R15=0x00007f16e4012800 is a thread


Stack: [0x00007f16eab5c000,0x00007f16eac5d000],  sp=0x00007f16eac5b418,  free space=1021k
Native frames: (J=compiled Java code, j=interpreted, Vv=VM code, C=native code)
C  0x0000000000020a36
j  lpsolve.LpSolve.makeLp(II)Llpsolve/LpSolve;+0
j  scpsolver.lpsolver.LPSOLVESolver.solve(Lscpsolver/problems/LinearProgram;)[D+33
j  scpsolver.problems.LPWizard.solve(Lscpsolver/lpsolver/LinearProgramSolver;)Lscpsolver/problems/LPSolution;+7
j  scpsolver.problems.LPWizard.solve()Lscpsolver/problems/LPSolution;+4
j  fr.ign.cogit.HMMSpatialNetworkMatcher.matching.postProcessStrategy.OptimizationPostStratregy.simplify(Ljava/util/Map;)Ljava/util/Map;+2179
j  fr.ign.cogit.HMMSpatialNetworkMatcher.matching.core.HMMMatchingProcess.match()V+258
j  fr.ign.cogit.HMMSpatialNetworkMatcher.matching.HMMMatchingLauncher.lauchMatchingProcess()V+138
j  fr.ign.cogit.HMMSpatialNetworkMatcher.matching.TempTest.main([Ljava/lang/String;)V+96
v  ~StubRoutines::call_stub
V  [libjvm.so+0x693e96]  JavaCalls::call_helper(JavaValue*, methodHandle*, JavaCallArguments*, Thread*)+0x1056
V  [libjvm.so+0x6d52b2]  jni_invoke_static(JNIEnv_*, JavaValue*, _jobject*, JNICallType, _jmethodID*, JNI_ArgumentPusher*, Thread*)+0x362
V  [libjvm.so+0x6f1b1a]  jni_CallStaticVoidMethod+0x17a
C  [libjli.so+0x7bdf]  JavaMain+0x81f
C  [libpthread.so.0+0x76ba]  start_thread+0xca

Java frames: (J=compiled Java code, j=interpreted, Vv=VM code)
j  lpsolve.LpSolve.makeLp(II)Llpsolve/LpSolve;+0
j  scpsolver.lpsolver.LPSOLVESolver.solve(Lscpsolver/problems/LinearProgram;)[D+33
j  scpsolver.problems.LPWizard.solve(Lscpsolver/lpsolver/LinearProgramSolver;)Lscpsolver/problems/LPSolution;+7
j  scpsolver.problems.LPWizard.solve()Lscpsolver/problems/LPSolution;+4
j  fr.ign.cogit.HMMSpatialNetworkMatcher.matching.postProcessStrategy.OptimizationPostStratregy.simplify(Ljava/util/Map;)Ljava/util/Map;+2179
j  fr.ign.cogit.HMMSpatialNetworkMatcher.matching.core.HMMMatchingProcess.match()V+258
j  fr.ign.cogit.HMMSpatialNetworkMatcher.matching.HMMMatchingLauncher.lauchMatchingProcess()V+138
j  fr.ign.cogit.HMMSpatialNetworkMatcher.matching.TempTest.main([Ljava/lang/String;)V+96
v  ~StubRoutines::call_stub

---------------  P R O C E S S  ---------------

Java Threads: ( => current thread )
  0x00007f16e40c9800 JavaThread "Service Thread" daemon [_thread_blocked, id=8738, stack(0x00007f16d0a66000,0x00007f16d0b67000)]
  0x00007f16e40c6800 JavaThread "C1 CompilerThread2" daemon [_thread_blocked, id=8737, stack(0x00007f16d0b67000,0x00007f16d0c68000)]
  0x00007f16e40c4800 JavaThread "C2 CompilerThread1" daemon [_thread_in_vm, id=8736, stack(0x00007f16d0c68000,0x00007f16d0d69000)]
  0x00007f16e40c1800 JavaThread "C2 CompilerThread0" daemon [_thread_in_native, id=8735, stack(0x00007f16d0d69000,0x00007f16d0e6a000)]
  0x00007f16e40c0000 JavaThread "Signal Dispatcher" daemon [_thread_blocked, id=8734, stack(0x00007f16d0e6a000,0x00007f16d0f6b000)]
  0x00007f16e408d000 JavaThread "Finalizer" daemon [_thread_blocked, id=8733, stack(0x00007f16d1248000,0x00007f16d1349000)]
  0x00007f16e4088000 JavaThread "Reference Handler" daemon [_thread_blocked, id=8732, stack(0x00007f16d1349000,0x00007f16d144a000)]
=>0x00007f16e4012800 JavaThread "main" [_thread_in_native, id=8725, stack(0x00007f16eab5c000,0x00007f16eac5d000)]

Other Threads:
  0x00007f16e4080800 VMThread [stack: 0x00007f16d144a000,0x00007f16d154b000] [id=8731]
  0x00007f16e40cc800 WatcherThread [stack: 0x00007f16d0965000,0x00007f16d0a66000] [id=8739]

VM state:not at safepoint (normal execution)

VM Mutex/Monitor currently owned by a thread: None

Heap:
 PSYoungGen      total 126976K, used 46654K [0x000000076ab00000, 0x00000007b6580000, 0x00000007c0000000)
  eden space 125440K, 35% used [0x000000076ab00000,0x000000076d717a10,0x0000000772580000)
  from space 1536K, 97% used [0x00000007b6280000,0x00000007b63f8030,0x00000007b6400000)
  to   space 1536K, 0% used [0x00000007b6400000,0x00000007b6400000,0x00000007b6580000)
 ParOldGen       total 81920K, used 40981K [0x00000006c0000000, 0x00000006c5000000, 0x000000076ab00000)
  object space 81920K, 50% used [0x00000006c0000000,0x00000006c2805690,0x00000006c5000000)
 Metaspace       used 14254K, capacity 14518K, committed 14848K, reserved 1062912K
  class space    used 1636K, capacity 1737K, committed 1792K, reserved 1048576K

Card table byte_map: [0x00007f16d4012000,0x00007f16d4813000] byte_map_base: 0x00007f16d0a12000

Marking Bits: (ParMarkBitMap*) 0x00007f16ea033dc0
 Begin Bits: [0x00007f16ac000000, 0x00007f16b0000000)
 End Bits:   [0x00007f16b0000000, 0x00007f16b4000000)

Polling page: 0x00007f16eac86000

CodeCache: size=245760Kb used=10621Kb max_used=12181Kb free=235138Kb
 bounds [0x00007f16d4bd3000, 0x00007f16d5883000, 0x00007f16e3bd3000]
 total_blobs=2863 nmethods=2455 adapters=321
 compilation: enabled

Compilation events (10 events):
Event: 76,940 Thread 0x00007f16e40c4800 nmethod 3566% 0x00007f16d4ffec90 code [0x00007f16d4fff060, 0x00007f16d5000870]
Event: 76,940 Thread 0x00007f16e40c4800 3515       4       java.util.regex.Pattern$CharProperty::match (56 bytes)
Event: 76,940 Thread 0x00007f16e40c6800 3568 % !   3       scpsolver.lpsolver.SolverFactory::loadLibrary @ 363 (865 bytes)
Event: 76,945 Thread 0x00007f16e40c4800 nmethod 3515 0x00007f16d51bf750 code [0x00007f16d51bf920, 0x00007f16d51bfed8]
Event: 76,945 Thread 0x00007f16e40c4800 3567       4       sun.nio.cs.UTF_8$Decoder::decode (779 bytes)
Event: 76,949 Thread 0x00007f16e40c6800 nmethod 3568% 0x00007f16d55c07d0 code [0x00007f16d55c1700, 0x00007f16d55cd0c8]
Event: 76,965 Thread 0x00007f16e40c4800 nmethod 3567 0x00007f16d51cbfd0 code [0x00007f16d51cc320, 0x00007f16d51cd890]
Event: 76,965 Thread 0x00007f16e40c4800 3518       4       java.lang.Character::codePointAt (51 bytes)
Event: 76,966 Thread 0x00007f16e40c4800 nmethod 3518 0x00007f16d54efad0 code [0x00007f16d54efc20, 0x00007f16d54efd58]
Event: 76,966 Thread 0x00007f16e40c4800 3520       4       java.util.regex.Pattern$Dot::isSatisfiedBy (34 bytes)

GC Heap History (10 events):
Event: 74,931 GC heap before
{Heap before GC invocations=89 (full 0):
 PSYoungGen      total 153600K, used 153184K [0x000000076ab00000, 0x00000007b6780000, 0x00000007c0000000)
  eden space 153088K, 100% used [0x000000076ab00000,0x0000000774080000,0x0000000774080000)
  from space 512K, 18% used [0x00000007b6700000,0x00000007b6718000,0x00000007b6780000)
  to   space 1536K, 0% used [0x00000007b6480000,0x00000007b6480000,0x00000007b6600000)
 ParOldGen       total 81920K, used 39255K [0x00000006c0000000, 0x00000006c5000000, 0x000000076ab00000)
  object space 81920K, 47% used [0x00000006c0000000,0x00000006c2655dc8,0x00000006c5000000)
 Metaspace       used 13965K, capacity 14192K, committed 14336K, reserved 1062912K
  class space    used 1605K, capacity 1672K, committed 1792K, reserved 1048576K
Event: 74,932 GC heap after
Heap after GC invocations=89 (full 0):
 PSYoungGen      total 148480K, used 1024K [0x000000076ab00000, 0x00000007b6780000, 0x00000007c0000000)
  eden space 146944K, 0% used [0x000000076ab00000,0x000000076ab00000,0x0000000773a80000)
  from space 1536K, 66% used [0x00000007b6480000,0x00000007b6580010,0x00000007b6600000)
  to   space 1536K, 0% used [0x00000007b6600000,0x00000007b6600000,0x00000007b6780000)
 ParOldGen       total 81920K, used 39279K [0x00000006c0000000, 0x00000006c5000000, 0x000000076ab00000)
  object space 81920K, 47% used [0x00000006c0000000,0x00000006c265bdc8,0x00000006c5000000)
 Metaspace       used 13965K, capacity 14192K, committed 14336K, reserved 1062912K
  class space    used 1605K, capacity 1672K, committed 1792K, reserved 1048576K
}
Event: 75,336 GC heap before
{Heap before GC invocations=90 (full 0):
 PSYoungGen      total 148480K, used 147968K [0x000000076ab00000, 0x00000007b6780000, 0x00000007c0000000)
  eden space 146944K, 100% used [0x000000076ab00000,0x0000000773a80000,0x0000000773a80000)
  from space 1536K, 66% used [0x00000007b6480000,0x00000007b6580010,0x00000007b6600000)
  to   space 1536K, 0% used [0x00000007b6600000,0x00000007b6600000,0x00000007b6780000)
 ParOldGen       total 81920K, used 39279K [0x00000006c0000000, 0x00000006c5000000, 0x000000076ab00000)
  object space 81920K, 47% used [0x00000006c0000000,0x00000006c265bdc8,0x00000006c5000000)
 Metaspace       used 13965K, capacity 14192K, committed 14336K, reserved 1062912K
  class space    used 1605K, capacity 1672K, committed 1792K, reserved 1048576K
Event: 75,338 GC heap after
Heap after GC invocations=90 (full 0):
 PSYoungGen      total 141824K, used 96K [0x000000076ab00000, 0x00000007b6680000, 0x00000007c0000000)
  eden space 141312K, 0% used [0x000000076ab00000,0x000000076ab00000,0x0000000773500000)
  from space 512K, 18% used [0x00000007b6600000,0x00000007b6618000,0x00000007b6680000)
  to   space 1536K, 0% used [0x00000007b6380000,0x00000007b6380000,0x00000007b6500000)
 ParOldGen       total 81920K, used 39295K [0x00000006c0000000, 0x00000006c5000000, 0x000000076ab00000)
  object space 81920K, 47% used [0x00000006c0000000,0x00000006c265fdc8,0x00000006c5000000)
 Metaspace       used 13965K, capacity 14192K, committed 14336K, reserved 1062912K
  class space    used 1605K, capacity 1672K, committed 1792K, reserved 1048576K
}
Event: 75,683 GC heap before
{Heap before GC invocations=91 (full 0):
 PSYoungGen      total 141824K, used 141408K [0x000000076ab00000, 0x00000007b6680000, 0x00000007c0000000)
  eden space 141312K, 100% used [0x000000076ab00000,0x0000000773500000,0x0000000773500000)
  from space 512K, 18% used [0x00000007b6600000,0x00000007b6618000,0x00000007b6680000)
  to   space 1536K, 0% used [0x00000007b6380000,0x00000007b6380000,0x00000007b6500000)
 ParOldGen       total 81920K, used 39295K [0x00000006c0000000, 0x00000006c5000000, 0x000000076ab00000)
  object space 81920K, 47% used [0x00000006c0000000,0x00000006c265fdc8,0x00000006c5000000)
 Metaspace       used 13965K, capacity 14192K, committed 14336K, reserved 1062912K
  class space    used 1605K, capacity 1672K, committed 1792K, reserved 1048576K
Event: 75,685 GC heap after
Heap after GC invocations=91 (full 0):
 PSYoungGen      total 137216K, used 64K [0x000000076ab00000, 0x00000007b6680000, 0x00000007c0000000)
  eden space 135680K, 0% used [0x000000076ab00000,0x000000076ab00000,0x0000000772f80000)
  from space 1536K, 4% used [0x00000007b6380000,0x00000007b6390000,0x00000007b6500000)
  to   space 1536K, 0% used [0x00000007b6500000,0x00000007b6500000,0x00000007b6680000)
 ParOldGen       total 81920K, used 39311K [0x00000006c0000000, 0x00000006c5000000, 0x000000076ab00000)
  object space 81920K, 47% used [0x00000006c0000000,0x00000006c2663dc8,0x00000006c5000000)
 Metaspace       used 13965K, capacity 14192K, committed 14336K, reserved 1062912K
  class space    used 1605K, capacity 1672K, committed 1792K, reserved 1048576K
}
Event: 76,018 GC heap before
{Heap before GC invocations=92 (full 0):
 PSYoungGen      total 137216K, used 135744K [0x000000076ab00000, 0x00000007b6680000, 0x00000007c0000000)
  eden space 135680K, 100% used [0x000000076ab00000,0x0000000772f80000,0x0000000772f80000)
  from space 1536K, 4% used [0x00000007b6380000,0x00000007b6390000,0x00000007b6500000)
  to   space 1536K, 0% used [0x00000007b6500000,0x00000007b6500000,0x00000007b6680000)
 ParOldGen       total 81920K, used 39311K [0x00000006c0000000, 0x00000006c5000000, 0x000000076ab00000)
  object space 81920K, 47% used [0x00000006c0000000,0x00000006c2663dc8,0x00000006c5000000)
 Metaspace       used 13965K, capacity 14192K, committed 14336K, reserved 1062912K
  class space    used 1605K, capacity 1672K, committed 1792K, reserved 1048576K
Event: 76,019 GC heap after
Heap after GC invocations=92 (full 0):
 PSYoungGen      total 131072K, used 96K [0x000000076ab00000, 0x00000007b6580000, 0x00000007c0000000)
  eden space 130560K, 0% used [0x000000076ab00000,0x000000076ab00000,0x0000000772a80000)
  from space 512K, 18% used [0x00000007b6500000,0x00000007b6518000,0x00000007b6580000)
  to   space 1536K, 0% used [0x00000007b6280000,0x00000007b6280000,0x00000007b6400000)
 ParOldGen       total 81920K, used 39335K [0x00000006c0000000, 0x00000006c5000000, 0x000000076ab00000)
  object space 81920K, 48% used [0x00000006c0000000,0x00000006c2669dc8,0x00000006c5000000)
 Metaspace       used 13965K, capacity 14192K, committed 14336K, reserved 1062912K
  class space    used 1605K, capacity 1672K, committed 1792K, reserved 1048576K
}
Event: 76,761 GC heap before
{Heap before GC invocations=93 (full 0):
 PSYoungGen      total 131072K, used 130656K [0x000000076ab00000, 0x00000007b6580000, 0x00000007c0000000)
  eden space 130560K, 100% used [0x000000076ab00000,0x0000000772a80000,0x0000000772a80000)
  from space 512K, 18% used [0x00000007b6500000,0x00000007b6518000,0x00000007b6580000)
  to   space 1536K, 0% used [0x00000007b6280000,0x00000007b6280000,0x00000007b6400000)
 ParOldGen       total 81920K, used 39335K [0x00000006c0000000, 0x00000006c5000000, 0x000000076ab00000)
  object space 81920K, 48% used [0x00000006c0000000,0x00000006c2669dc8,0x00000006c5000000)
 Metaspace       used 14055K, capacity 14326K, committed 14592K, reserved 1062912K
  class space    used 1617K, capacity 1673K, committed 1792K, reserved 1048576K
Event: 76,765 GC heap after
Heap after GC invocations=93 (full 0):
 PSYoungGen      total 126976K, used 1504K [0x000000076ab00000, 0x00000007b6580000, 0x00000007c0000000)
  eden space 125440K, 0% used [0x000000076ab00000,0x000000076ab00000,0x0000000772580000)
  from space 1536K, 97% used [0x00000007b6280000,0x00000007b63f8030,0x00000007b6400000)
  to   space 1536K, 0% used [0x00000007b6400000,0x00000007b6400000,0x00000007b6580000)
 ParOldGen       total 81920K, used 40981K [0x00000006c0000000, 0x00000006c5000000, 0x000000076ab00000)
  object space 81920K, 50% used [0x00000006c0000000,0x00000006c2805690,0x00000006c5000000)
 Metaspace       used 14055K, capacity 14326K, committed 14592K, reserved 1062912K
  class space    used 1617K, capacity 1673K, committed 1792K, reserved 1048576K
}

Deoptimization events (10 events):
Event: 76,877 Thread 0x00007f16e4012800 Uncommon trap: reason=unstable_if action=reinterpret pc=0x00007f16d4dfda60 method=sun.nio.cs.UTF_8$Decoder.decode([BII[C)I @ 30
Event: 76,885 Thread 0x00007f16e4012800 Uncommon trap: reason=predicate action=maybe_recompile pc=0x00007f16d4f0d19c method=java.util.Vector.indexOf(Ljava/lang/Object;I)I @ 44
Event: 76,886 Thread 0x00007f16e4012800 Uncommon trap: reason=bimorphic action=maybe_recompile pc=0x00007f16d555c814 method=java.util.HashMap.putVal(ILjava/lang/Object;Ljava/lang/Object;ZZ)Ljava/lang/Object; @ 203
Event: 76,886 Thread 0x00007f16e4012800 Uncommon trap: reason=unstable_if action=reinterpret pc=0x00007f16d533d994 method=java.util.AbstractCollection.addAll(Ljava/util/Collection;)Z @ 32
Event: 76,886 Thread 0x00007f16e4012800 Uncommon trap: reason=bimorphic action=maybe_recompile pc=0x00007f16d555c814 method=java.util.HashMap.putVal(ILjava/lang/Object;Ljava/lang/Object;ZZ)Ljava/lang/Object; @ 203
Event: 76,893 Thread 0x00007f16e4012800 Uncommon trap: reason=class_check action=maybe_recompile pc=0x00007f16d4f42e50 method=java.util.Collections$UnmodifiableCollection$1.<init>(Ljava/util/Collections$UnmodifiableCollection;)V @ 17
Event: 76,893 Thread 0x00007f16e4012800 Uncommon trap: reason=class_check action=maybe_recompile pc=0x00007f16d4f4f298 method=fr.ign.cogit.HMMSpatialNetworkMatcher.matching.utils.Combinations.getAllCombinations(Ljava/util/Collection;)Ljava/util/List; @ 9
Event: 76,894 Thread 0x00007f16e4012800 Uncommon trap: reason=class_check action=maybe_recompile pc=0x00007f16d4f4f298 method=fr.ign.cogit.HMMSpatialNetworkMatcher.matching.utils.Combinations.getAllCombinations(Ljava/util/Collection;)Ljava/util/List; @ 9
Event: 76,942 Thread 0x00007f16e4012800 Uncommon trap: reason=class_check action=maybe_recompile pc=0x00007f16d518c548 method=java.util.regex.Pattern$Slice.match(Ljava/util/regex/Matcher;ILjava/lang/CharSequence;)Z @ 75
Event: 76,942 Thread 0x00007f16e4012800 Uncommon trap: reason=class_check action=maybe_recompile pc=0x00007f16d518c548 method=java.util.regex.Pattern$Slice.match(Ljava/util/regex/Matcher;ILjava/lang/CharSequence;)Z @ 75

Internal exceptions (10 events):
Event: 76,877 Thread 0x00007f16e4012800 Exception <a 'java/io/FileNotFoundException'> (0x000000076c098f80) thrown at [/HUDSON3/workspace/8-2-build-linux-amd64/jdk8u144/9417/hotspot/src/share/vm/prims/jni.cpp, line 709]
Event: 76,877 Thread 0x00007f16e4012800 Exception <a 'java/io/FileNotFoundException'> (0x000000076c099b10) thrown at [/HUDSON3/workspace/8-2-build-linux-amd64/jdk8u144/9417/hotspot/src/share/vm/prims/jni.cpp, line 709]
Event: 76,877 Thread 0x00007f16e4012800 Exception <a 'java/io/FileNotFoundException'> (0x000000076c09a5a0) thrown at [/HUDSON3/workspace/8-2-build-linux-amd64/jdk8u144/9417/hotspot/src/share/vm/prims/jni.cpp, line 709]
Event: 76,877 Thread 0x00007f16e4012800 Exception <a 'java/io/FileNotFoundException'> (0x000000076c09af38) thrown at [/HUDSON3/workspace/8-2-build-linux-amd64/jdk8u144/9417/hotspot/src/share/vm/prims/jni.cpp, line 709]
Event: 76,877 Thread 0x00007f16e4012800 Exception <a 'java/io/FileNotFoundException'> (0x000000076c09b8d8) thrown at [/HUDSON3/workspace/8-2-build-linux-amd64/jdk8u144/9417/hotspot/src/share/vm/prims/jni.cpp, line 709]
Event: 76,943 Thread 0x00007f16e4012800 Exception <a 'java/io/FileNotFoundException'> (0x000000076d549d98) thrown at [/HUDSON3/workspace/8-2-build-linux-amd64/jdk8u144/9417/hotspot/src/share/vm/prims/jni.cpp, line 709]
Event: 76,943 Thread 0x00007f16e4012800 Exception <a 'java/io/FileNotFoundException'> (0x000000076d54a8c8) thrown at [/HUDSON3/workspace/8-2-build-linux-amd64/jdk8u144/9417/hotspot/src/share/vm/prims/jni.cpp, line 709]
Event: 76,943 Thread 0x00007f16e4012800 Exception <a 'java/io/FileNotFoundException'> (0x000000076d54b358) thrown at [/HUDSON3/workspace/8-2-build-linux-amd64/jdk8u144/9417/hotspot/src/share/vm/prims/jni.cpp, line 709]
Event: 76,943 Thread 0x00007f16e4012800 Exception <a 'java/io/FileNotFoundException'> (0x000000076d54bcf0) thrown at [/HUDSON3/workspace/8-2-build-linux-amd64/jdk8u144/9417/hotspot/src/share/vm/prims/jni.cpp, line 709]
Event: 76,943 Thread 0x00007f16e4012800 Exception <a 'java/io/FileNotFoundException'> (0x000000076d54c690) thrown at [/HUDSON3/workspace/8-2-build-linux-amd64/jdk8u144/9417/hotspot/src/share/vm/prims/jni.cpp, line 709]

Events (10 events):
Event: 76,942 Thread 0x00007f16e4012800 DEOPT PACKING pc=0x00007f16d4ff7fba sp=0x00007f16eac5b090
Event: 76,942 Thread 0x00007f16e4012800 DEOPT UNPACKING pc=0x00007f16d4c1a633 sp=0x00007f16eac5af30 mode 0
Event: 76,942 Thread 0x00007f16e4012800 DEOPT PACKING pc=0x00007f16d4ff7fba sp=0x00007f16eac5b090
Event: 76,942 Thread 0x00007f16e4012800 DEOPT UNPACKING pc=0x00007f16d4c1a633 sp=0x00007f16eac5af30 mode 0
Event: 76,942 Thread 0x00007f16e4012800 Uncommon trap: trap_request=0xffffffde fr.pc=0x00007f16d518c548
Event: 76,942 Thread 0x00007f16e4012800 DEOPT PACKING pc=0x00007f16d518c548 sp=0x00007f16eac5b360
Event: 76,942 Thread 0x00007f16e4012800 DEOPT UNPACKING pc=0x00007f16d4bd8229 sp=0x00007f16eac5b1b8 mode 2
Event: 76,942 Thread 0x00007f16e4012800 Uncommon trap: trap_request=0xffffffde fr.pc=0x00007f16d518c548
Event: 76,942 Thread 0x00007f16e4012800 DEOPT PACKING pc=0x00007f16d518c548 sp=0x00007f16eac5b360
Event: 76,942 Thread 0x00007f16e4012800 DEOPT UNPACKING pc=0x00007f16d4bd8229 sp=0x00007f16eac5b1b8 mode 2


Dynamic libraries:
00400000-00401000 r-xp 00000000 08:01 10228731                           /home/bcostes/Documents/IGN/HmmMatching/eclipse/jdk1.8.0_144/bin/java
00600000-00601000 rw-p 00000000 08:01 10228731                           /home/bcostes/Documents/IGN/HmmMatching/eclipse/jdk1.8.0_144/bin/java
00b98000-00bb9000 rw-p 00000000 00:00 0                                  [heap]
6c0000000-6c5000000 rw-p 00000000 00:00 0 
6c5000000-76ab00000 ---p 00000000 00:00 0 
76ab00000-7b6580000 rw-p 00000000 00:00 0 
7b6580000-7c0000000 ---p 00000000 00:00 0 
7c0000000-7c01c0000 rw-p 00000000 00:00 0 
7c01c0000-800000000 ---p 00000000 00:00 0 
7f168c000000-7f168c021000 rw-p 00000000 00:00 0 
7f168c021000-7f1690000000 ---p 00000000 00:00 0 
7f1690000000-7f1690021000 rw-p 00000000 00:00 0 
7f1690021000-7f1694000000 ---p 00000000 00:00 0 
7f1694000000-7f1695a61000 rw-p 00000000 00:00 0 
7f1695a61000-7f1698000000 ---p 00000000 00:00 0 
7f1698000000-7f1698b8e000 rw-p 00000000 00:00 0 
7f1698b8e000-7f169c000000 ---p 00000000 00:00 0 
7f169c000000-7f169c021000 rw-p 00000000 00:00 0 
7f169c021000-7f16a0000000 ---p 00000000 00:00 0 
7f16a0000000-7f16a15f5000 rw-p 00000000 00:00 0 
7f16a15f5000-7f16a4000000 ---p 00000000 00:00 0 
7f16a4000000-7f16a4021000 rw-p 00000000 00:00 0 
7f16a4021000-7f16a8000000 ---p 00000000 00:00 0 
7f16a8000000-7f16a8021000 rw-p 00000000 00:00 0 
7f16a8021000-7f16ac000000 ---p 00000000 00:00 0 
7f16ac000000-7f16b4000000 rw-p 00000000 00:00 0 
7f16b4000000-7f16b4021000 rw-p 00000000 00:00 0 
7f16b4021000-7f16b8000000 ---p 00000000 00:00 0 
7f16b8000000-7f16b8021000 rw-p 00000000 00:00 0 
7f16b8021000-7f16bc000000 ---p 00000000 00:00 0 
7f16bc000000-7f16bc021000 rw-p 00000000 00:00 0 
7f16bc021000-7f16c0000000 ---p 00000000 00:00 0 
7f16c0fff000-7f16c4000000 rw-p 00000000 00:00 0 
7f16c4000000-7f16c4021000 rw-p 00000000 00:00 0 
7f16c4021000-7f16c8000000 ---p 00000000 00:00 0 
7f16c9995000-7f16c99ab000 r-xp 00000000 08:01 4723114                    /lib/x86_64-linux-gnu/libgcc_s.so.1
7f16c99ab000-7f16c9baa000 ---p 00016000 08:01 4723114                    /lib/x86_64-linux-gnu/libgcc_s.so.1
7f16c9baa000-7f16c9bab000 rw-p 00015000 08:01 4723114                    /lib/x86_64-linux-gnu/libgcc_s.so.1
7f16c9bab000-7f16c9d1d000 r-xp 00000000 08:01 11534365                   /usr/lib/x86_64-linux-gnu/libstdc++.so.6.0.21
7f16c9d1d000-7f16c9f1d000 ---p 00172000 08:01 11534365                   /usr/lib/x86_64-linux-gnu/libstdc++.so.6.0.21
7f16c9f1d000-7f16c9f27000 r--p 00172000 08:01 11534365                   /usr/lib/x86_64-linux-gnu/libstdc++.so.6.0.21
7f16c9f27000-7f16c9f29000 rw-p 0017c000 08:01 11534365                   /usr/lib/x86_64-linux-gnu/libstdc++.so.6.0.21
7f16c9f29000-7f16c9f2d000 rw-p 00000000 00:00 0 
7f16c9f2d000-7f16c9fe2000 r-xp 00000000 08:01 6688183                    /home/bcostes/workspace_hmmmatching/HMMSpatialNetworkMatcher/HMMSpatialNetworkMatcher/liblpsolve55j_x64.so
7f16c9fe2000-7f16ca1e2000 ---p 000b5000 08:01 6688183                    /home/bcostes/workspace_hmmmatching/HMMSpatialNetworkMatcher/HMMSpatialNetworkMatcher/liblpsolve55j_x64.so
7f16ca1e2000-7f16ca1e4000 r--p 000b5000 08:01 6688183                    /home/bcostes/workspace_hmmmatching/HMMSpatialNetworkMatcher/HMMSpatialNetworkMatcher/liblpsolve55j_x64.so
7f16ca1e4000-7f16ca1e7000 rw-p 000b7000 08:01 6688183                    /home/bcostes/workspace_hmmmatching/HMMSpatialNetworkMatcher/HMMSpatialNetworkMatcher/liblpsolve55j_x64.so
7f16ca1e7000-7f16ca2a7000 rw-p 00000000 00:00 0 
7f16ca2a7000-7f16ca3e7000 ---p 00000000 00:00 0 
7f16ca3e7000-7f16ca5e7000 rw-p 00000000 00:00 0 
7f16ca5e7000-7f16ca5f8000 r-xp 00000000 08:01 10228838                   /home/bcostes/Documents/IGN/HmmMatching/eclipse/jdk1.8.0_144/jre/lib/amd64/libnio.so
7f16ca5f8000-7f16ca7f7000 ---p 00011000 08:01 10228838                   /home/bcostes/Documents/IGN/HmmMatching/eclipse/jdk1.8.0_144/jre/lib/amd64/libnio.so
7f16ca7f7000-7f16ca7f8000 rw-p 00010000 08:01 10228838                   /home/bcostes/Documents/IGN/HmmMatching/eclipse/jdk1.8.0_144/jre/lib/amd64/libnio.so
7f16ca7f8000-7f16ca80e000 r-xp 00000000 08:01 10228813                   /home/bcostes/Documents/IGN/HmmMatching/eclipse/jdk1.8.0_144/jre/lib/amd64/libnet.so
7f16ca80e000-7f16caa0e000 ---p 00016000 08:01 10228813                   /home/bcostes/Documents/IGN/HmmMatching/eclipse/jdk1.8.0_144/jre/lib/amd64/libnet.so
7f16caa0e000-7f16caa0f000 rw-p 00016000 08:01 10228813                   /home/bcostes/Documents/IGN/HmmMatching/eclipse/jdk1.8.0_144/jre/lib/amd64/libnet.so
7f16caa0f000-7f16cac0f000 rw-p 00000000 00:00 0 
7f16cac0f000-7f16cac14000 r-xp 00000000 08:01 11542345                   /usr/lib/x86_64-linux-gnu/libXdmcp.so.6.0.0
7f16cac14000-7f16cae13000 ---p 00005000 08:01 11542345                   /usr/lib/x86_64-linux-gnu/libXdmcp.so.6.0.0
7f16cae13000-7f16cae14000 r--p 00004000 08:01 11542345                   /usr/lib/x86_64-linux-gnu/libXdmcp.so.6.0.0
7f16cae14000-7f16cae15000 rw-p 00005000 08:01 11542345                   /usr/lib/x86_64-linux-gnu/libXdmcp.so.6.0.0
7f16cae15000-7f16cae17000 r-xp 00000000 08:01 11542334                   /usr/lib/x86_64-linux-gnu/libXau.so.6.0.0
7f16cae17000-7f16cb017000 ---p 00002000 08:01 11542334                   /usr/lib/x86_64-linux-gnu/libXau.so.6.0.0
7f16cb017000-7f16cb018000 r--p 00002000 08:01 11542334                   /usr/lib/x86_64-linux-gnu/libXau.so.6.0.0
7f16cb018000-7f16cb019000 rw-p 00003000 08:01 11542334                   /usr/lib/x86_64-linux-gnu/libXau.so.6.0.0
7f16cb019000-7f16cb03a000 r-xp 00000000 08:01 11543712                   /usr/lib/x86_64-linux-gnu/libxcb.so.1.1.0
7f16cb03a000-7f16cb239000 ---p 00021000 08:01 11543712                   /usr/lib/x86_64-linux-gnu/libxcb.so.1.1.0
7f16cb239000-7f16cb23a000 r--p 00020000 08:01 11543712                   /usr/lib/x86_64-linux-gnu/libxcb.so.1.1.0
7f16cb23a000-7f16cb23b000 rw-p 00021000 08:01 11543712                   /usr/lib/x86_64-linux-gnu/libxcb.so.1.1.0
7f16cb23b000-7f16cb24a000 r-xp 00000000 08:01 11542355                   /usr/lib/x86_64-linux-gnu/libXi.so.6.1.0
7f16cb24a000-7f16cb449000 ---p 0000f000 08:01 11542355                   /usr/lib/x86_64-linux-gnu/libXi.so.6.1.0
7f16cb449000-7f16cb44a000 r--p 0000e000 08:01 11542355                   /usr/lib/x86_64-linux-gnu/libXi.so.6.1.0
7f16cb44a000-7f16cb44b000 rw-p 0000f000 08:01 11542355                   /usr/lib/x86_64-linux-gnu/libXi.so.6.1.0
7f16cb44b000-7f16cb450000 r-xp 00000000 08:01 11542373                   /usr/lib/x86_64-linux-gnu/libXtst.so.6.1.0
7f16cb450000-7f16cb64f000 ---p 00005000 08:01 11542373                   /usr/lib/x86_64-linux-gnu/libXtst.so.6.1.0
7f16cb64f000-7f16cb650000 r--p 00004000 08:01 11542373                   /usr/lib/x86_64-linux-gnu/libXtst.so.6.1.0
7f16cb650000-7f16cb651000 rw-p 00005000 08:01 11542373                   /usr/lib/x86_64-linux-gnu/libXtst.so.6.1.0
7f16cb651000-7f16cb65a000 r-xp 00000000 08:01 11542367                   /usr/lib/x86_64-linux-gnu/libXrender.so.1.3.0
7f16cb65a000-7f16cb859000 ---p 00009000 08:01 11542367                   /usr/lib/x86_64-linux-gnu/libXrender.so.1.3.0
7f16cb859000-7f16cb85a000 r--p 00008000 08:01 11542367                   /usr/lib/x86_64-linux-gnu/libXrender.so.1.3.0
7f16cb85a000-7f16cb85b000 rw-p 00009000 08:01 11542367                   /usr/lib/x86_64-linux-gnu/libXrender.so.1.3.0
7f16cb85b000-7f16cb990000 r-xp 00000000 08:01 11542330                   /usr/lib/x86_64-linux-gnu/libX11.so.6.3.0
7f16cb990000-7f16cbb90000 ---p 00135000 08:01 11542330                   /usr/lib/x86_64-linux-gnu/libX11.so.6.3.0
7f16cbb90000-7f16cbb91000 r--p 00135000 08:01 11542330                   /usr/lib/x86_64-linux-gnu/libX11.so.6.3.0
7f16cbb91000-7f16cbb95000 rw-p 00136000 08:01 11542330                   /usr/lib/x86_64-linux-gnu/libX11.so.6.3.0
7f16cbb95000-7f16cbba6000 r-xp 00000000 08:01 11542347                   /usr/lib/x86_64-linux-gnu/libXext.so.6.4.0
7f16cbba6000-7f16cbda5000 ---p 00011000 08:01 11542347                   /usr/lib/x86_64-linux-gnu/libXext.so.6.4.0
7f16cbda5000-7f16cbda6000 r--p 00010000 08:01 11542347                   /usr/lib/x86_64-linux-gnu/libXext.so.6.4.0
7f16cbda6000-7f16cbda7000 rw-p 00011000 08:01 11542347                   /usr/lib/x86_64-linux-gnu/libXext.so.6.4.0
7f16cbda7000-7f16cbdfb000 r-xp 00000000 08:01 10228840                   /home/bcostes/Documents/IGN/HmmMatching/eclipse/jdk1.8.0_144/jre/lib/amd64/libawt_xawt.so
7f16cbdfb000-7f16cbffb000 ---p 00054000 08:01 10228840                   /home/bcostes/Documents/IGN/HmmMatching/eclipse/jdk1.8.0_144/jre/lib/amd64/libawt_xawt.so
7f16cbffb000-7f16cbfff000 rw-p 00054000 08:01 10228840                   /home/bcostes/Documents/IGN/HmmMatching/eclipse/jdk1.8.0_144/jre/lib/amd64/libawt_xawt.so
7f16cbfff000-7f16cc000000 rw-p 00000000 00:00 0 
7f16cc000000-7f16cc021000 rw-p 00000000 00:00 0 
7f16cc021000-7f16d0000000 ---p 00000000 00:00 0 
7f16d0102000-7f16d0103000 r--p 00000000 00:00 0 
7f16d0103000-7f16d0104000 r--s 00010000 08:01 10228897                   /home/bcostes/Documents/IGN/HmmMatching/eclipse/jdk1.8.0_144/jre/lib/ext/zipfs.jar
7f16d0104000-7f16d0108000 r--s 0003a000 08:01 10228888                   /home/bcostes/Documents/IGN/HmmMatching/eclipse/jdk1.8.0_144/jre/lib/ext/sunpkcs11.jar
7f16d0108000-7f16d010a000 r--s 00009000 08:01 10228890                   /home/bcostes/Documents/IGN/HmmMatching/eclipse/jdk1.8.0_144/jre/lib/ext/sunec.jar
7f16d010a000-7f16d0125000 r--s 001d3000 08:01 10228892                   /home/bcostes/Documents/IGN/HmmMatching/eclipse/jdk1.8.0_144/jre/lib/ext/nashorn.jar
7f16d0125000-7f16d012b000 r--s 0003f000 08:01 10228891                   /home/bcostes/Documents/IGN/HmmMatching/eclipse/jdk1.8.0_144/jre/lib/ext/sunjce_provider.jar
7f16d012b000-7f16d012d000 r--s 00001000 08:01 10228887                   /home/bcostes/Documents/IGN/HmmMatching/eclipse/jdk1.8.0_144/jre/lib/ext/dnsns.jar
7f16d012d000-7f16d012e000 r--s 0000a000 08:01 10228895                   /home/bcostes/Documents/IGN/HmmMatching/eclipse/jdk1.8.0_144/jre/lib/ext/jaccess.jar
7f16d012e000-7f16d01c3000 r--s 01110000 08:01 10228889                   /home/bcostes/Documents/IGN/HmmMatching/eclipse/jdk1.8.0_144/jre/lib/ext/jfxrt.jar
7f16d01c3000-7f16d01cd000 r--s 00116000 08:01 10228893                   /home/bcostes/Documents/IGN/HmmMatching/eclipse/jdk1.8.0_144/jre/lib/ext/localedata.jar
7f16d01cd000-7f16d01e9000 r--s 00393000 08:01 10228896                   /home/bcostes/Documents/IGN/HmmMatching/eclipse/jdk1.8.0_144/jre/lib/ext/cldrdata.jar
7f16d01e9000-7f16d01f0000 r--s 00000000 08:01 11812804                   /usr/lib/x86_64-linux-gnu/gconv/gconv-modules.cache
7f16d01f0000-7f16d0216000 r--p 00000000 08:01 13244171                   /usr/share/locale-langpack/fr/LC_MESSAGES/libc.mo
7f16d0216000-7f16d02b8000 r-xp 00000000 08:01 10228873                   /home/bcostes/Documents/IGN/HmmMatching/eclipse/jdk1.8.0_144/jre/lib/amd64/libawt.so
7f16d02b8000-7f16d04b8000 ---p 000a2000 08:01 10228873                   /home/bcostes/Documents/IGN/HmmMatching/eclipse/jdk1.8.0_144/jre/lib/amd64/libawt.so
7f16d04b8000-7f16d04c4000 rw-p 000a2000 08:01 10228873                   /home/bcostes/Documents/IGN/HmmMatching/eclipse/jdk1.8.0_144/jre/lib/amd64/libawt.so
7f16d04c4000-7f16d04e8000 rw-p 00000000 00:00 0 
7f16d04e8000-7f16d04eb000 r--s 00008000 08:01 10618954                   /home/bcostes/.m2/repository/net/sf/jung/jung-api/2.0.1/jung-api-2.0.1.jar
7f16d04eb000-7f16d04ed000 r--s 0000e000 08:01 10618945                   /home/bcostes/.m2/repository/net/sf/jung/jung-graph-impl/2.0.1/jung-graph-impl-2.0.1.jar
7f16d04ed000-7f16d0506000 r--s 00135000 08:01 10751970                   /home/bcostes/.m2/repository/xerces/xercesImpl/2.11.0/xercesImpl-2.11.0.jar
7f16d0506000-7f16d052d000 r--s 001f6000 08:01 10487300                   /home/bcostes/.m2/repository/org/apache/commons/commons-math3/3.6/commons-math3-3.6.jar
7f16d052d000-7f16d052e000 r--s 00003000 08:01 10487359                   /home/bcostes/.m2/repository/org/apache/geronimo/specs/geronimo-jta_1.1_spec/1.1.1/geronimo-jta_1.1_spec-1.1.1.jar
7f16d052e000-7f16d0538000 r--s 000ae000 08:01 10489017                   /home/bcostes/.m2/repository/org/javassist/javassist/3.20.0-GA/javassist-3.20.0-GA.jar
7f16d0538000-7f16d053b000 r--s 00010000 08:01 10488339                   /home/bcostes/.m2/repository/org/hibernate/common/hibernate-commons-annotations/5.0.1.Final/hibernate-commons-annotations-5.0.1.Final.jar
7f16d053b000-7f16d0540000 r--s 00048000 08:01 10619851                   /home/bcostes/.m2/repository/dom4j/dom4j/1.6.1/dom4j-1.6.1.jar
7f16d0540000-7f16d0542000 r--s 0000f000 08:01 10488984                   /home/bcostes/.m2/repository/org/jboss/logging/jboss-logging/3.3.0.Final/jboss-logging-3.3.0.Final.jar
7f16d0542000-7f16d054e000 r--s 00082000 08:01 10488316                   /home/bcostes/.m2/repository/org/hibernate/hibernate-entitymanager/5.1.0.Final/hibernate-entitymanager-5.1.0.Final.jar
7f16d054e000-7f16d055e000 r--s 0011d000 08:01 10620832                   /home/bcostes/.m2/repository/org/eclipse/emf/ecore/2.6.1/ecore-2.6.1.jar
7f16d055e000-7f16d0562000 r--s 00030000 08:01 10616902                   /home/bcostes/.m2/repository/org/eclipse/emf/common/2.6.0/common-2.6.0.jar
7f16d0562000-7f16d0566000 r--s 00035000 08:01 10493690                   /home/bcostes/.m2/repository/org/geotools/ogc/net.opengis.fes/17.2/net.opengis.fes-17.2.jar
7f16d0566000-7f16d0567000 r--s 0000c000 08:01 10493688                   /home/bcostes/.m2/repository/org/geotools/ogc/org.w3.xlink/17.2/org.w3.xlink-17.2.jar
7f16d0567000-7f16d056d000 r--s 00063000 08:01 10493686                   /home/bcostes/.m2/repository/org/geotools/ogc/net.opengis.wfs/17.2/net.opengis.wfs-17.2.jar
7f16d056d000-7f16d056f000 r--s 00013000 08:01 10487427                   /home/bcostes/.m2/repository/org/apache/xml/xml-commons-resolver/1.2/xml-commons-resolver-1.2.jar
7f16d056f000-7f16d0577000 r--s 0007a000 08:01 10493684                   /home/bcostes/.m2/repository/org/geotools/ogc/net.opengis.ows/17.2/net.opengis.ows-17.2.jar
7f16d0577000-7f16d057a000 r--s 0001b000 08:01 10493682                   /home/bcostes/.m2/repository/org/geotools/xsd/gt-xsd-ows/17.2/gt-xsd-ows-17.2.jar
7f16d057a000-7f16d057d000 r--s 0000f000 08:01 10493680                   /home/bcostes/.m2/repository/org/geotools/xsd/gt-xsd-fes/17.2/gt-xsd-fes-17.2.jar
7f16d057d000-7f16d0596000 r--s 00163000 08:01 10493678                   /home/bcostes/.m2/repository/org/geotools/xsd/gt-xsd-gml3/17.2/gt-xsd-gml3-17.2.jar
7f16d0596000-7f16d0599000 r--s 0001a000 08:01 10493676                   /home/bcostes/.m2/repository/org/geotools/xsd/gt-xsd-gml2/17.2/gt-xsd-gml2-17.2.jar
7f16d0599000-7f16d05a0000 r--s 000ec000 08:01 10620839                   /home/bcostes/.m2/repository/org/eclipse/xsd/xsd/2.6.0/xsd-2.6.0.jar
7f16d05a0000-7f16d05a6000 r--s 00044000 08:01 10747949                   /home/bcostes/.m2/repository/commons-jxpath/commons-jxpath/1.3/commons-jxpath-1.3.jar
7f16d05a6000-7f16d05aa000 r--s 00018000 08:01 10747932                   /home/bcostes/.m2/repository/picocontainer/picocontainer/1.2/picocontainer-1.2.jar
7f16d05aa000-7f16d05af000 r--s 00025000 08:01 10493674                   /home/bcostes/.m2/repository/org/geotools/gt-graph/17.2/gt-graph-17.2.jar
7f16d05af000-7f16d05b5000 r--s 00047000 08:01 10493672                   /home/bcostes/.m2/repository/org/geotools/xsd/gt-xsd-core/17.2/gt-xsd-core-17.2.jar
7f16d05b5000-7f16d05b9000 r--s 00017000 08:01 10493670                   /home/bcostes/.m2/repository/org/geotools/xsd/gt-xsd-filter/17.2/gt-xsd-filter-17.2.jar
7f16d05b9000-7f16d05bd000 r--s 00021000 08:01 10493668                   /home/bcostes/.m2/repository/org/geotools/xsd/gt-xsd-wfs/17.2/gt-xsd-wfs-17.2.jar
7f16d05bd000-7f16d05c7000 r--s 00096000 08:01 10493666                   /home/bcostes/.m2/repository/org/geotools/gt-xml/17.2/gt-xml-17.2.jar
7f16d05c7000-7f16d05d1000 r--s 0006e000 08:01 10749265                   /home/bcostes/.m2/repository/jfree/jcommon/1.0.16/jcommon-1.0.16.jar
7f16d05d1000-7f16d05e2000 r--s 0014c000 08:01 10620109                   /home/bcostes/.m2/repository/jfree/jfreechart/1.0.13/jfreechart-1.0.13.jar
7f16d05e2000-7f16d05ee000 r--s 00076000 08:01 10619107                   /home/bcostes/.m2/repository/net/sourceforge/collections/collections-generic/4.01/collections-generic-4.01.jar
7f16d05ee000-7f16d05f4000 r--s 00081000 08:01 10619859                   /home/bcostes/.m2/repository/postgresql/postgresql/9.1-901-1.jdbc4/postgresql-9.1-901-1.jdbc4.jar
7f16d05f4000-7f16d05fa000 r--s 00033000 08:01 10617890                   /home/bcostes/.m2/repository/com/google/code/gson/gson/2.6.2/gson-2.6.2.jar
7f16d05fa000-7f16d05ff000 r--s 00040000 08:01 10486316                   /home/bcostes/.m2/repository/org/twitter4j/twitter4j-core/4.0.2/twitter4j-core-4.0.2.jar
7f16d05ff000-7f16d0607000 r--s 00048000 08:01 10493631                   /home/bcostes/.m2/repository/org/apache/httpcomponents/httpcore/4.4.6/httpcore-4.4.6.jar
7f16d0607000-7f16d0614000 r--s 000aa000 08:01 10493629                   /home/bcostes/.m2/repository/org/apache/httpcomponents/httpclient/4.5.3/httpclient-4.5.3.jar
7f16d0614000-7f16d0618000 r--s 00013000 08:01 10485877                   /home/bcostes/.m2/repository/org/scribe/scribe/1.3.5/scribe-1.3.5.jar
7f16d0618000-7f16d061e000 r--s 00042000 08:01 10624881                   /home/bcostes/.m2/repository/com/flickr4java/flickr4java/2.17/flickr4java-2.17.jar
7f16d061e000-7f16d062b000 r--s 00083000 08:01 10619996                   /home/bcostes/.m2/repository/commons-collections/commons-collections/3.2.2/commons-collections-3.2.2.jar
7f16d062b000-7f16d062e000 r--s 00025000 08:01 10619953                   /home/bcostes/.m2/repository/commons-dbcp/commons-dbcp/1.4/commons-dbcp-1.4.jar
7f16d062e000-7f16d0631000 r--s 00034000 08:01 10493658                   /home/bcostes/.m2/repository/org/geotools/gt-jdbc/17.2/gt-jdbc-17.2.jar
7f16d0631000-7f16d0633000 r--s 0000b000 08:01 10493656                   /home/bcostes/.m2/repository/org/geotools/jdbc/gt-jdbc-postgis/17.2/gt-jdbc-postgis-17.2.jar
7f16d0633000-7f16d0636000 r--s 0002e000 08:01 10493654                   /home/bcostes/.m2/repository/org/geotools/gt-cql/17.2/gt-cql-17.2.jar
7f16d0636000-7f16d0638000 r--s 00007000 08:01 10488141                   /home/bcostes/.m2/repository/org/slf4j/slf4j-api/1.7.13/slf4j-api-1.7.13.jar
7f16d0638000-7f16d0643000 r--s 00065000 08:01 10619917                   /home/bcostes/.m2/repository/ch/qos/logback/logback-core/1.1.3/logback-core-1.1.3.jar
7f16d0643000-7f16d0649000 r--s 0003f000 08:01 10619900                   /home/bcostes/.m2/repository/ch/qos/logback/logback-classic/1.1.3/logback-classic-1.1.3.jar
7f16d0649000-7f16d064b000 r--s 0000c000 08:01 10618996                   /home/bcostes/.m2/repository/net/postgis/postgis-jdbc/2.2.0/postgis-jdbc-2.2.0.jar
7f16d064b000-7f16d0654000 r--s 00071000 08:01 10489060                   /home/bcostes/.m2/repository/org/apfloat/apfloat/1.8.2/apfloat-1.8.2.jar
7f16d0654000-7f16d065b000 r--s 00065000 08:01 10489047                   /home/bcostes/.m2/repository/org/geolatte/geolatte-geom/1.0.1/geolatte-geom-1.0.1.jar
7f16d065b000-7f16d065c000 r--s 00002000 08:01 10488179                   /home/bcostes/.m2/repository/org/slf4j/slf4j-simple/1.7.7/slf4j-simple-1.7.7.jar
7f16d065c000-7f16d066d000 r--s 00155000 08:01 10618767                   /home/bcostes/.m2/repository/net/java/dev/jna/jna-platform/4.1.0/jna-platform-4.1.0.jar
7f16d066d000-7f16d0671000 r--s 000dc000 08:01 10618755                   /home/bcostes/.m2/repository/net/java/dev/jna/jna/4.1.0/jna-4.1.0.jar
7f16d0671000-7f16d0673000 r--s 0000d000 08:01 10618077                   /home/bcostes/.m2/repository/com/github/dblock/waffle/waffle-jna/1.7/waffle-jna-1.7.jar
7f16d0673000-7f16d067b000 r--s 00097000 08:01 10489030                   /home/bcostes/.m2/repository/org/postgresql/postgresql/9.4-1200-jdbc41/postgresql-9.4-1200-jdbc41.jar
7f16d067b000-7f16d067f000 r--s 00018000 08:01 10488350                   /home/bcostes/.m2/repository/org/hibernate/hibernate-spatial/5.1.0.Final/hibernate-spatial-5.1.0.Final.jar
7f16d067f000-7f16d0681000 r--s 0000e000 08:01 10618057                   /home/bcostes/.m2/repository/com/fasterxml/classmate/1.3.0/classmate-1.3.0.jar
7f16d0681000-7f16d0684000 r--s 0002b000 08:01 10489005                   /home/bcostes/.m2/repository/org/jboss/jandex/2.0.0.Final/jandex-2.0.0.Final.jar
7f16d0684000-7f16d0689000 r--s 00068000 08:01 10620119                   /home/bcostes/.m2/repository/antlr/antlr/2.7.7/antlr-2.7.7.jar
7f16d0689000-7f16d06f4000 r--s 00500000 08:01 10488327                   /home/bcostes/.m2/repository/org/hibernate/hibernate-core/5.1.0.Final/hibernate-core-5.1.0.Final.jar
7f16d06f4000-7f16d06f7000 r--s 00006000 08:01 10487227                   /home/bcostes/.m2/repository/org/apache/avalon/framework/avalon-framework-api/4.3.1/avalon-framework-api-4.3.1.jar
7f16d06f7000-7f16d06f9000 r--s 0000f000 08:01 10489487                   /home/bcostes/.m2/repository/org/apache/xmlgraphics/batik-extension/1.7/batik-extension-1.7.jar
7f16d06f9000-7f16d0706000 r--s 00086000 08:01 10489461                   /home/bcostes/.m2/repository/org/apache/xmlgraphics/batik-svg-dom/1.7/batik-svg-dom-1.7.jar
7f16d0706000-7f16d0710000 r--s 00075000 08:01 10487125                   /home/bcostes/.m2/repository/org/apache/xmlgraphics/xmlgraphics-commons/1.3.1/xmlgraphics-commons-1.3.1.jar
7f16d0710000-7f16d0732000 r--s 00206000 08:01 10487113                   /home/bcostes/.m2/repository/org/apache/xmlgraphics/fop/0.95/fop-0.95.jar
7f16d0732000-7f16d0736000 r--s 0002b000 08:01 10493627                   /home/bcostes/.m2/repository/org/apache/xmlgraphics/batik-gvt/1.9/batik-gvt-1.9.jar
7f16d0736000-7f16d0738000 r--s 00005000 08:01 10493625                   /home/bcostes/.m2/repository/org/apache/xmlgraphics/batik-script/1.9/batik-script-1.9.jar
7f16d0738000-7f16d0744000 r--s 0009e000 08:01 10493623                   /home/bcostes/.m2/repository/org/apache/xmlgraphics/batik-bridge/1.9/batik-bridge-1.9.jar
7f16d0744000-7f16d0746000 r--s 00011000 08:01 10493621                   /home/bcostes/.m2/repository/org/apache/xmlgraphics/batik-parser/1.9/batik-parser-1.9.jar
7f16d0746000-7f16d0751000 r--s 0006a000 08:01 10493619                   /home/bcostes/.m2/repository/org/apache/xmlgraphics/batik-anim/1.9/batik-anim-1.9.jar
7f16d0751000-7f16d0754000 r--s 0001d000 08:01 10493589                   /home/bcostes/.m2/repository/org/apache/xmlgraphics/batik-transcoder/1.9/batik-transcoder-1.9.jar
7f16d0754000-7f16d075b000 r--s 00060000 08:01 10493617                   /home/bcostes/.m2/repository/org/apache/xmlgraphics/batik-awt-util/1.9/batik-awt-util-1.9.jar
7f16d075b000-7f16d0760000 r--s 00032000 08:01 10493587                   /home/bcostes/.m2/repository/org/apache/xmlgraphics/batik-svggen/1.9/batik-svggen-1.9.jar
7f16d0760000-7f16d0761000 r--s 00002000 08:01 10493585                   /home/bcostes/.m2/repository/org/apache/xmlgraphics/batik-i18n/1.9/batik-i18n-1.9.jar
7f16d0761000-7f16d0763000 r--s 00001000 08:01 10493583                   /home/bcostes/.m2/repository/org/apache/xmlgraphics/batik-constants/1.9/batik-constants-1.9.jar
7f16d0763000-7f16d0768000 r--s 00010000 08:01 10618653                   /home/bcostes/.m2/repository/xml-apis/xml-apis-ext/1.3.04/xml-apis-ext-1.3.04.jar
7f16d0768000-7f16d076c000 r--s 00040000 08:01 14044216                   /home/bcostes/.m2/repository/xalan/serializer/2.7.2/serializer-2.7.2.jar
7f16d076c000-7f16d0791000 r--s 002de000 08:01 10624879                   /home/bcostes/.m2/repository/xalan/xalan/2.7.2/xalan-2.7.2.jar
7f16d0791000-7f16d0793000 r--s 00007000 08:01 10493615                   /home/bcostes/.m2/repository/org/apache/xmlgraphics/batik-xml/1.9/batik-xml-1.9.jar
7f16d0793000-7f16d0796000 r--s 0001c000 08:01 10493613                   /home/bcostes/.m2/repository/org/apache/xmlgraphics/batik-util/1.9/batik-util-1.9.jar
7f16d0796000-7f16d0798000 r--s 00002000 08:01 10493611                   /home/bcostes/.m2/repository/org/apache/xmlgraphics/batik-ext/1.9/batik-ext-1.9.jar
7f16d0798000-7f16d07a0000 r--s 00048000 08:01 10493609                   /home/bcostes/.m2/repository/org/apache/xmlgraphics/batik-css/1.9/batik-css-1.9.jar
7f16d07a0000-7f16d07a4000 r--s 00029000 08:01 10493581                   /home/bcostes/.m2/repository/org/apache/xmlgraphics/batik-dom/1.9/batik-dom-1.9.jar
7f16d07a4000-7f16d07a6000 r--s 00009000 08:01 10618577                   /home/bcostes/.m2/repository/gov/nist/math/jama/gov.nist.math.jama/1.1.1/gov.nist.math.jama-1.1.1.jar
7f16d07a6000-7f16d07aa000 r--s 00027000 08:01 10618570                   /home/bcostes/.m2/repository/jmathplot/jmathplot/1.0/jmathplot-1.0.jar
7f16d07aa000-7f16d07ad000 r--s 00010000 08:01 10619017                   /home/bcostes/.m2/repository/net/sourceforge/jeval/jeval/0.9.4/jeval-0.9.4.jar
7f16d07ad000-7f16d07b4000 r--s 00057000 08:01 10618160                   /home/bcostes/.m2/repository/com/jhlabs/filters/2.0.235-1/filters-2.0.235-1.jar
7f16d07b4000-7f16d07b6000 r--s 00045000 08:01 10620060                   /home/bcostes/.m2/repository/java3d/vecmath/1.3.1/vecmath-1.3.1.jar
7f16d07b6000-7f16d07ba000 r--s 00027000 08:01 10616876                   /home/bcostes/.m2/repository/org/lwjgl/lwjgl/lwjgl_util/2.9.0/lwjgl_util-2.9.0.jar
7f16d07ba000-7f16d07bb000 r--s 00002000 08:01 10618800                   /home/bcostes/.m2/repository/net/java/jinput/jinput-platform/2.0.5/jinput-platform-2.0.5-natives-osx.jar
7f16d07bb000-7f16d07bc000 r--s 00025000 08:01 10620608                   /home/bcostes/.m2/repository/net/java/jinput/jinput-platform/2.0.5/jinput-platform-2.0.5-natives-windows.jar
7f16d07bc000-7f16d07bd000 r--s 00002000 08:01 10618797                   /home/bcostes/.m2/repository/net/java/jinput/jinput-platform/2.0.5/jinput-platform-2.0.5-natives-linux.jar
7f16d07bd000-7f16d07be000 r--s 00001000 08:01 10618813                   /home/bcostes/.m2/repository/net/java/jutils/jutils/1.0.0/jutils-1.0.0.jar
7f16d07be000-7f16d07c2000 r--s 0002f000 08:01 10620599                   /home/bcostes/.m2/repository/net/java/jinput/jinput/2.0.5/jinput-2.0.5.jar
7f16d07c2000-7f16d07c3000 r--s 0007e000 08:01 10616848                   /home/bcostes/.m2/repository/org/lwjgl/lwjgl/lwjgl-platform/2.9.0/lwjgl-platform-2.9.0-natives-osx.jar
7f16d07c3000-7f16d07c4000 r--s 0008a000 08:01 10616852                   /home/bcostes/.m2/repository/org/lwjgl/lwjgl/lwjgl-platform/2.9.0/lwjgl-platform-2.9.0-natives-linux.jar
7f16d07c4000-7f16d07c5000 r--s 00094000 08:01 10616845                   /home/bcostes/.m2/repository/org/lwjgl/lwjgl/lwjgl-platform/2.9.0/lwjgl-platform-2.9.0-natives-windows.jar
7f16d07c5000-7f16d07d2000 r--s 000e6000 08:01 10489141                   /home/bcostes/.m2/repository/org/lwjgl/lwjgl/lwjgl/2.9.0/lwjgl-2.9.0.jar
7f16d07d2000-7f16d07d7000 r--s 00041000 08:01 10620039                   /home/bcostes/.m2/repository/commons-lang/commons-lang/2.6/commons-lang-2.6.jar
7f16d07d7000-7f16d07dd000 r--s 00033000 08:01 10620353                   /home/bcostes/.m2/repository/commons-codec/commons-codec/1.6/commons-codec-1.6.jar
7f16d07dd000-7f16d07e0000 r--s 00023000 08:01 10620476                   /home/bcostes/.m2/repository/jdom/jdom/1.0/jdom-1.0.jar
7f16d07e0000-7f16d07e2000 r--s 00004000 08:01 10489131                   /home/bcostes/.m2/repository/org/geonames/geonames/1.0/geonames-1.0.jar
7f16d07e2000-7f16d07e4000 r--s 00008000 08:01 10618543                   /home/bcostes/.m2/repository/commons-logging/commons-logging/1.0.4/commons-logging-1.0.4.jar
7f16d07e4000-7f16d07ea000 r--s 00045000 08:01 10619983                   /home/bcostes/.m2/repository/commons-httpclient/commons-httpclient/3.1/commons-httpclient-3.1.jar
7f16d07ea000-7f16d07eb000 r--s 00005000 08:01 10489751                   /home/bcostes/.m2/repository/org/pentaho/pentaho-commons/pentaho-package-manager/0.9.9/pentaho-package-manager-0.9.9.jar
7f16d07eb000-7f16d07ed000 r--s 00016000 08:01 10620579                   /home/bcostes/.m2/repository/net/sf/squirrel-sql/thirdparty-non-maven/java-cup/0.11a/java-cup-0.11a.jar
7f16d07ed000-7f16d082c000 r--s 005d2000 08:01 10619970                   /home/bcostes/.m2/repository/nz/ac/waikato/cms/weka/weka-dev/3.7.5/weka-dev-3.7.5.jar
7f16d082c000-7f16d0840000 r--s 001bd000 08:01 10619161                   /home/bcostes/.m2/repository/javax/media/jai_core/1.1.3/jai_core-1.1.3.jar
7f16d0840000-7f16d084f000 r--s 00158000 08:01 10489104                   /home/bcostes/.m2/repository/org/hsqldb/hsqldb/2.3.0/hsqldb-2.3.0.jar
7f16d084f000-7f16d0850000 r--s 00238000 08:01 10493664                   /home/bcostes/.m2/repository/org/geotools/gt-epsg-hsql/17.2/gt-epsg-hsql-17.2.jar
7f16d0850000-7f16d0859000 r--s 00075000 08:01 10493607                   /home/bcostes/.m2/repository/org/geotools/gt-metadata/17.2/gt-metadata-17.2.jar
7f16d0859000-7f16d085b000 r--s 0000b000 08:01 10624817                   /home/bcostes/.m2/repository/it/geosolutions/imageio-ext/imageio-ext-streams/1.1.17/imageio-ext-streams-1.1.17.jar
7f16d085b000-7f16d085d000 r--s 00008000 08:01 10624884                   /home/bcostes/.m2/repository/it/geosolutions/imageio-ext/imageio-ext-arcgrid/1.1.17/imageio-ext-arcgrid-1.1.17.jar
7f16d085d000-7f16d085e000 r--s 00005000 08:01 10493662                   /home/bcostes/.m2/repository/org/geotools/gt-arcgrid/17.2/gt-arcgrid-17.2.jar
7f16d085e000-7f16d085f000 r--s 00007000 08:01 10493660                   /home/bcostes/.m2/repository/org/geotools/gt-geotiff/17.2/gt-geotiff-17.2.jar
7f16d085f000-7f16d0861000 r--s 00015000 08:01 10493694                   /home/bcostes/.m2/repository/org/geotools/gt-data/17.2/gt-data-17.2.jar
7f16d0861000-7f16d0865000 r--s 00032000 08:01 10493692                   /home/bcostes/.m2/repository/org/geotools/gt-shapefile/17.2/gt-shapefile-17.2.jar
7f16d0865000-7f16d0867000 r--s 00023000 08:01 10488909                   /home/bcostes/.m2/repository/org/jdom/jdom/1.1.3/jdom-1.1.3.jar
7f16d0867000-7f16d0882000 r--s 00193000 08:01 10493601                   /home/bcostes/.m2/repository/org/geotools/gt-main/17.2/gt-main-17.2.jar
7f16d0882000-7f16d0888000 r--s 0002e000 08:01 10493599                   /home/bcostes/.m2/repository/org/geotools/gt-api/17.2/gt-api-17.2.jar
7f16d0888000-7f16d0899000 r--s 000b2000 08:01 10617967                   /home/bcostes/.m2/repository/com/vividsolutions/jts/1.13/jts-1.13.jar
7f16d0899000-7f16d08a1000 r--s 00028000 08:01 10620883                   /home/bcostes/.m2/repository/xml-apis/xml-apis/1.3.04/xml-apis-1.3.04.jar
7f16d08a1000-7f16d08a2000 r--s 00007000 08:01 10618821                   /home/bcostes/.m2/repository/net/sf/geographiclib/GeographicLib-Java/1.44/GeographicLib-Java-1.44.jar
7f16d08a2000-7f16d08a3000 r--s 00002000 08:01 10619252                   /home/bcostes/.m2/repository/jgridshift/jgridshift/1.0/jgridshift-1.0.jar
7f16d08a3000-7f16d08a8000 r--s 0004f000 08:01 10617980                   /home/bcostes/.m2/repository/com/googlecode/efficient-java-matrix-library/core/0.26/core-0.26.jar
7f16d08a8000-7f16d08b8000 r--s 00116000 08:01 10493605                   /home/bcostes/.m2/repository/org/geotools/gt-referencing/17.2/gt-referencing-17.2.jar
7f16d08b8000-7f16d08bb000 r--s 00015000 08:01 10618733                   /home/bcostes/.m2/repository/commons-pool/commons-pool/1.5.4/commons-pool-1.5.4.jar
7f16d08bb000-7f16d08be000 r--s 00014000 08:01 10618741                   /home/bcostes/.m2/repository/net/java/dev/jsr-275/jsr-275/1.0-beta-2/jsr-275-1.0-beta-2.jar
7f16d08be000-7f16d08cc000 r--s 00048000 08:01 10493603                   /home/bcostes/.m2/repository/org/geotools/gt-opengis/17.2/gt-opengis-17.2.jar
7f16d08cc000-7f16d08cf000 r--s 00025000 08:01 10618701                   /home/bcostes/.m2/repository/commons-io/commons-io/2.1/commons-io-2.1.jar
7f16d08cf000-7f16d08d1000 r--s 00003000 08:01 10624877                   /home/bcostes/.m2/repository/it/geosolutions/jaiext/vectorbin/jt-vectorbin/1.0.15/jt-vectorbin-1.0.15.jar
7f16d08d1000-7f16d08d2000 r--s 00004000 08:01 10624875                   /home/bcostes/.m2/repository/it/geosolutions/jaiext/rlookup/jt-rlookup/1.0.15/jt-rlookup-1.0.15.jar
7f16d08d2000-7f16d08d3000 r--s 00004000 08:01 10624873                   /home/bcostes/.m2/repository/it/geosolutions/jaiext/classifier/jt-classifier/1.0.15/jt-classifier-1.0.15.jar
7f16d08d3000-7f16d08d4000 r--s 00008000 08:01 10624871                   /home/bcostes/.m2/repository/it/geosolutions/jaiext/piecewise/jt-piecewise/1.0.15/jt-piecewise-1.0.15.jar
7f16d08d4000-7f16d08d6000 r--s 00002000 08:01 10624869                   /home/bcostes/.m2/repository/it/geosolutions/jaiext/imagefunction/jt-imagefunction/1.0.15/jt-imagefunction-1.0.15.jar
7f16d08d6000-7f16d08d8000 r--s 00008000 08:01 10624867                   /home/bcostes/.m2/repository/it/geosolutions/jaiext/colorindexer/jt-colorindexer/1.0.15/jt-colorindexer-1.0.15.jar
7f16d08d8000-7f16d08da000 r--s 00005000 08:01 10624865                   /home/bcostes/.m2/repository/it/geosolutions/jaiext/orderdither/jt-orderdither/1.0.15/jt-orderdither-1.0.15.jar
7f16d08da000-7f16d08db000 r--s 00004000 08:01 10624863                   /home/bcostes/.m2/repository/it/geosolutions/jaiext/errordiffusion/jt-errordiffusion/1.0.15/jt-errordiffusion-1.0.15.jar
7f16d08db000-7f16d08dc000 r--s 0000f000 08:01 10624861                   /home/bcostes/.m2/repository/it/geosolutions/jaiext/colorconvert/jt-colorconvert/1.0.15/jt-colorconvert-1.0.15.jar
7f16d08dc000-7f16d08dd000 r--s 00001000 08:01 10624859                   /home/bcostes/.m2/repository/it/geosolutions/jaiext/format/jt-format/1.0.15/jt-format-1.0.15.jar
7f16d08dd000-7f16d08de000 r--s 00003000 08:01 10624857                   /home/bcostes/.m2/repository/it/geosolutions/jaiext/binarize/jt-binarize/1.0.15/jt-binarize-1.0.15.jar
7f16d08de000-7f16d08e0000 r--s 00007000 08:01 10624855                   /home/bcostes/.m2/repository/it/geosolutions/jaiext/zonal/jt-zonal/1.0.15/jt-zonal-1.0.15.jar
7f16d08e0000-7f16d08e1000 r--s 0000f000 08:01 10624853                   /home/bcostes/.m2/repository/it/geosolutions/jaiext/warp/jt-warp/1.0.15/jt-warp-1.0.15.jar
7f16d08e1000-7f16d08e4000 r--s 0001e000 08:01 10624851                   /home/bcostes/.m2/repository/it/geosolutions/jaiext/utilities/jt-utilities/1.0.15/jt-utilities-1.0.15.jar
7f16d08e4000-7f16d08e5000 r--s 00002000 08:01 10624849                   /home/bcostes/.m2/repository/it/geosolutions/jaiext/translate/jt-translate/1.0.15/jt-translate-1.0.15.jar
7f16d08e5000-7f16d0910000 r--s 001f9000 08:01 10617919                   /home/bcostes/.m2/repository/com/google/guava/guava/17.0/guava-17.0.jar
7f16d0910000-7f16d0912000 r--s 00007000 08:01 10624847                   /home/bcostes/.m2/repository/it/geosolutions/jaiext/stats/jt-stats/1.0.15/jt-stats-1.0.15.jar
7f16d0912000-7f16d0914000 r--s 00014000 08:01 10624845                   /home/bcostes/.m2/repository/it/geosolutions/jaiext/scale/jt-scale/1.0.15/jt-scale-1.0.15.jar
7f16d0914000-7f16d0915000 r--s 00004000 08:01 10624843                   /home/bcostes/.m2/repository/it/geosolutions/jaiext/rescale/jt-rescale/1.0.15/jt-rescale-1.0.15.jar
7f16d0915000-7f16d0916000 r--s 00001000 08:01 10624841                   /home/bcostes/.m2/repository/it/geosolutions/jaiext/nullop/jt-nullop/1.0.15/jt-nullop-1.0.15.jar
7f16d0916000-7f16d0917000 r--s 00007000 08:01 10624839                   /home/bcostes/.m2/repository/it/geosolutions/jaiext/mosaic/jt-mosaic/1.0.15/jt-mosaic-1.0.15.jar
7f16d0917000-7f16d0918000 r--s 00009000 08:01 10624837                   /home/bcostes/.m2/repository/it/geosolutions/jaiext/lookup/jt-lookup/1.0.15/jt-lookup-1.0.15.jar
7f16d0918000-7f16d0919000 r--s 00005000 08:01 10624835                   /home/bcostes/.m2/repository/it/geosolutions/jaiext/iterators/jt-iterators/1.0.15/jt-iterators-1.0.15.jar
7f16d0919000-7f16d091a000 r--s 00002000 08:01 10624833                   /home/bcostes/.m2/repository/it/geosolutions/jaiext/crop/jt-crop/1.0.15/jt-crop-1.0.15.jar
7f16d091a000-7f16d091b000 r--s 00004000 08:01 10624831                   /home/bcostes/.m2/repository/it/geosolutions/jaiext/buffer/jt-buffer/1.0.15/jt-buffer-1.0.15.jar
7f16d091b000-7f16d091c000 r--s 00003000 08:01 10624829                   /home/bcostes/.m2/repository/it/geosolutions/jaiext/border/jt-border/1.0.15/jt-border-1.0.15.jar
7f16d091c000-7f16d091d000 r--s 00003000 08:01 10624827                   /home/bcostes/.m2/repository/it/geosolutions/jaiext/bandcombine/jt-bandcombine/1.0.15/jt-bandcombine-1.0.15.jar
7f16d091d000-7f16d091f000 r--s 00001000 08:01 10624825                   /home/bcostes/.m2/repository/it/geosolutions/jaiext/bandselect/jt-bandselect/1.0.15/jt-bandselect-1.0.15.jar
7f16d091f000-7f16d0921000 r--s 00007000 08:01 10624823                   /home/bcostes/.m2/repository/it/geosolutions/jaiext/bandmerge/jt-bandmerge/1.0.15/jt-bandmerge-1.0.15.jar
7f16d0921000-7f16d0923000 r--s 0000b000 08:01 10624821                   /home/bcostes/.m2/repository/it/geosolutions/jaiext/algebra/jt-algebra/1.0.15/jt-algebra-1.0.15.jar
7f16d0923000-7f16d0924000 r--s 0001c000 08:01 10624819                   /home/bcostes/.m2/repository/it/geosolutions/jaiext/affine/jt-affine/1.0.15/jt-affine-1.0.15.jar
7f16d0924000-7f16d0928000 r--s 0002e000 08:01 10488962                   /home/bcostes/.m2/repository/org/jaitools/jt-utils/1.4.0/jt-utils-1.4.0.jar
7f16d0928000-7f16d0929000 r--s 00004000 08:01 10488924                   /home/bcostes/.m2/repository/org/jaitools/jt-zonalstats/1.4.0/jt-zonalstats-1.4.0.jar
7f16d0929000-7f16d092d000 r--s 0003c000 08:01 10619186                   /home/bcostes/.m2/repository/javax/media/jai_codec/1.1.3/jai_codec-1.1.3.jar
7f16d092d000-7f16d092f000 r--s 00005000 08:01 10624815                   /home/bcostes/.m2/repository/it/geosolutions/imageio-ext/imageio-ext-geocore/1.1.17/imageio-ext-geocore-1.1.17.jar
7f16d092f000-7f16d0930000 r--s 00009000 08:01 10624813                   /home/bcostes/.m2/repository/it/geosolutions/imageio-ext/imageio-ext-utilities/1.1.17/imageio-ext-utilities-1.1.17.jar
7f16d0930000-7f16d0939000 r--s 0004a000 08:01 10624811                   /home/bcostes/.m2/repository/it/geosolutions/imageio-ext/imageio-ext-tiff/1.1.17/imageio-ext-tiff-1.1.17.jar
7f16d0939000-7f16d094a000 r--s 00106000 08:01 10619179                   /home/bcostes/.m2/repository/javax/media/jai_imageio/1.1/jai_imageio-1.1.jar
7f16d094a000-7f16d0952000 r--s 00089000 08:01 10493597                   /home/bcostes/.m2/repository/org/geotools/gt-coverage/17.2/gt-coverage-17.2.jar
7f16d0952000-7f16d0957000 r--s 00017000 08:01 10488293                   /home/bcostes/.m2/repository/org/hibernate/javax/persistence/hibernate-jpa-2.1-api/1.0.0.Final/hibernate-jpa-2.1-api-1.0.0.Final.jar
7f16d0957000-7f16d0960000 r--s 0006d000 08:01 10618505                   /home/bcostes/.m2/repository/log4j/log4j/1.2.16/log4j-1.2.16.jar
7f16d0960000-7f16d0961000 r--s 00002000 08:01 10618306                   /home/bcostes/.m2/repository/com/graphhopper/external/hmm-lib/1.0.0/hmm-lib-1.0.0.jar
7f16d0961000-7f16d0965000 r--s 00021000 08:01 6820284                    /home/bcostes/workspace_hmmmatching/HMMSpatialNetworkMatcher/HMMSpatialNetworkMatcher/lib/SCPSolver.jar
7f16d0965000-7f16d0966000 ---p 00000000 00:00 0 
7f16d0966000-7f16d0a66000 rw-p 00000000 00:00 0 
7f16d0a66000-7f16d0a69000 ---p 00000000 00:00 0 
7f16d0a69000-7f16d0b67000 rw-p 00000000 00:00 0 
7f16d0b67000-7f16d0b6a000 ---p 00000000 00:00 0 
7f16d0b6a000-7f16d0c68000 rw-p 00000000 00:00 0 
7f16d0c68000-7f16d0c6b000 ---p 00000000 00:00 0 
7f16d0c6b000-7f16d0d69000 rw-p 00000000 00:00 0 
7f16d0d69000-7f16d0d6c000 ---p 00000000 00:00 0 
7f16d0d6c000-7f16d0e6a000 rw-p 00000000 00:00 0 
7f16d0e6a000-7f16d0e6d000 ---p 00000000 00:00 0 
7f16d0e6d000-7f16d0f6b000 rw-p 00000000 00:00 0 
7f16d0f6b000-7f16d1248000 r--p 00000000 08:01 11535545                   /usr/lib/locale/locale-archive
7f16d1248000-7f16d124b000 ---p 00000000 00:00 0 
7f16d124b000-7f16d1349000 rw-p 00000000 00:00 0 
7f16d1349000-7f16d134c000 ---p 00000000 00:00 0 
7f16d134c000-7f16d144a000 rw-p 00000000 00:00 0 
7f16d144a000-7f16d144b000 ---p 00000000 00:00 0 
7f16d144b000-7f16d24de000 rw-p 00000000 00:00 0 
7f16d24de000-7f16d26b8000 r--s 03d4d000 08:01 10228805                   /home/bcostes/Documents/IGN/HmmMatching/eclipse/jdk1.8.0_144/jre/lib/rt.jar
7f16d26b8000-7f16d36b8000 rw-p 00000000 00:00 0 
7f16d36b8000-7f16d36b9000 ---p 00000000 00:00 0 
7f16d36b9000-7f16d37b9000 rw-p 00000000 00:00 0 
7f16d37b9000-7f16d37ba000 ---p 00000000 00:00 0 
7f16d37ba000-7f16d38ba000 rw-p 00000000 00:00 0 
7f16d38ba000-7f16d38bb000 ---p 00000000 00:00 0 
7f16d38bb000-7f16d39bb000 rw-p 00000000 00:00 0 
7f16d39bb000-7f16d39bc000 ---p 00000000 00:00 0 
7f16d39bc000-7f16d3ae4000 rw-p 00000000 00:00 0 
7f16d3ae4000-7f16d4012000 ---p 00000000 00:00 0 
7f16d4012000-7f16d403a000 rw-p 00000000 00:00 0 
7f16d403a000-7f16d4567000 ---p 00000000 00:00 0 
7f16d4567000-7f16d47c5000 rw-p 00000000 00:00 0 
7f16d47c5000-7f16d4812000 ---p 00000000 00:00 0 
7f16d4812000-7f16d4846000 rw-p 00000000 00:00 0 
7f16d4846000-7f16d4bd3000 ---p 00000000 00:00 0 
7f16d4bd3000-7f16d5883000 rwxp 00000000 00:00 0 
7f16d5883000-7f16e3bd3000 ---p 00000000 00:00 0 
7f16e3bd3000-7f16e3bed000 r-xp 00000000 08:01 10228836                   /home/bcostes/Documents/IGN/HmmMatching/eclipse/jdk1.8.0_144/jre/lib/amd64/libzip.so
7f16e3bed000-7f16e3ded000 ---p 0001a000 08:01 10228836                   /home/bcostes/Documents/IGN/HmmMatching/eclipse/jdk1.8.0_144/jre/lib/amd64/libzip.so
7f16e3ded000-7f16e3dee000 rw-p 0001a000 08:01 10228836                   /home/bcostes/Documents/IGN/HmmMatching/eclipse/jdk1.8.0_144/jre/lib/amd64/libzip.so
7f16e3dee000-7f16e3df9000 r-xp 00000000 08:01 4725881                    /lib/x86_64-linux-gnu/libnss_files-2.23.so
7f16e3df9000-7f16e3ff8000 ---p 0000b000 08:01 4725881                    /lib/x86_64-linux-gnu/libnss_files-2.23.so
7f16e3ff8000-7f16e3ff9000 r--p 0000a000 08:01 4725881                    /lib/x86_64-linux-gnu/libnss_files-2.23.so
7f16e3ff9000-7f16e3ffa000 rw-p 0000b000 08:01 4725881                    /lib/x86_64-linux-gnu/libnss_files-2.23.so
7f16e3ffa000-7f16e4000000 rw-p 00000000 00:00 0 
7f16e4000000-7f16e4fa0000 rw-p 00000000 00:00 0 
7f16e4fa0000-7f16e8000000 ---p 00000000 00:00 0 
7f16e8000000-7f16e8005000 r--s 00084000 08:01 10228912                   /home/bcostes/Documents/IGN/HmmMatching/eclipse/jdk1.8.0_144/jre/lib/jfr.jar
7f16e8005000-7f16e800a000 r--s 002f9000 08:01 10228758                   /home/bcostes/Documents/IGN/HmmMatching/eclipse/jdk1.8.0_144/jre/lib/charsets.jar
7f16e800a000-7f16e80f0000 rw-p 00000000 00:00 0 
7f16e80f0000-7f16e80fb000 r-xp 00000000 08:01 4725885                    /lib/x86_64-linux-gnu/libnss_nis-2.23.so
7f16e80fb000-7f16e82fa000 ---p 0000b000 08:01 4725885                    /lib/x86_64-linux-gnu/libnss_nis-2.23.so
7f16e82fa000-7f16e82fb000 r--p 0000a000 08:01 4725885                    /lib/x86_64-linux-gnu/libnss_nis-2.23.so
7f16e82fb000-7f16e82fc000 rw-p 0000b000 08:01 4725885                    /lib/x86_64-linux-gnu/libnss_nis-2.23.so
7f16e82fc000-7f16e8312000 r-xp 00000000 08:01 4723433                    /lib/x86_64-linux-gnu/libnsl-2.23.so
7f16e8312000-7f16e8511000 ---p 00016000 08:01 4723433                    /lib/x86_64-linux-gnu/libnsl-2.23.so
7f16e8511000-7f16e8512000 r--p 00015000 08:01 4723433                    /lib/x86_64-linux-gnu/libnsl-2.23.so
7f16e8512000-7f16e8513000 rw-p 00016000 08:01 4723433                    /lib/x86_64-linux-gnu/libnsl-2.23.so
7f16e8513000-7f16e8515000 rw-p 00000000 00:00 0 
7f16e8515000-7f16e851d000 r-xp 00000000 08:01 4725876                    /lib/x86_64-linux-gnu/libnss_compat-2.23.so
7f16e851d000-7f16e871c000 ---p 00008000 08:01 4725876                    /lib/x86_64-linux-gnu/libnss_compat-2.23.so
7f16e871c000-7f16e871d000 r--p 00007000 08:01 4725876                    /lib/x86_64-linux-gnu/libnss_compat-2.23.so
7f16e871d000-7f16e871e000 rw-p 00008000 08:01 4725876                    /lib/x86_64-linux-gnu/libnss_compat-2.23.so
7f16e871e000-7f16e8749000 r-xp 00000000 08:01 10228863                   /home/bcostes/Documents/IGN/HmmMatching/eclipse/jdk1.8.0_144/jre/lib/amd64/libjava.so
7f16e8749000-7f16e8948000 ---p 0002b000 08:01 10228863                   /home/bcostes/Documents/IGN/HmmMatching/eclipse/jdk1.8.0_144/jre/lib/amd64/libjava.so
7f16e8948000-7f16e894a000 rw-p 0002a000 08:01 10228863                   /home/bcostes/Documents/IGN/HmmMatching/eclipse/jdk1.8.0_144/jre/lib/amd64/libjava.so
7f16e894a000-7f16e8957000 r-xp 00000000 08:01 10228814                   /home/bcostes/Documents/IGN/HmmMatching/eclipse/jdk1.8.0_144/jre/lib/amd64/libverify.so
7f16e8957000-7f16e8b57000 ---p 0000d000 08:01 10228814                   /home/bcostes/Documents/IGN/HmmMatching/eclipse/jdk1.8.0_144/jre/lib/amd64/libverify.so
7f16e8b57000-7f16e8b59000 rw-p 0000d000 08:01 10228814                   /home/bcostes/Documents/IGN/HmmMatching/eclipse/jdk1.8.0_144/jre/lib/amd64/libverify.so
7f16e8b59000-7f16e8b60000 r-xp 00000000 08:01 4725886                    /lib/x86_64-linux-gnu/librt-2.23.so
7f16e8b60000-7f16e8d5f000 ---p 00007000 08:01 4725886                    /lib/x86_64-linux-gnu/librt-2.23.so
7f16e8d5f000-7f16e8d60000 r--p 00006000 08:01 4725886                    /lib/x86_64-linux-gnu/librt-2.23.so
7f16e8d60000-7f16e8d61000 rw-p 00007000 08:01 4725886                    /lib/x86_64-linux-gnu/librt-2.23.so
7f16e8d61000-7f16e8e69000 r-xp 00000000 08:01 4723429                    /lib/x86_64-linux-gnu/libm-2.23.so
7f16e8e69000-7f16e9068000 ---p 00108000 08:01 4723429                    /lib/x86_64-linux-gnu/libm-2.23.so
7f16e9068000-7f16e9069000 r--p 00107000 08:01 4723429                    /lib/x86_64-linux-gnu/libm-2.23.so
7f16e9069000-7f16e906a000 rw-p 00108000 08:01 4723429                    /lib/x86_64-linux-gnu/libm-2.23.so
7f16e906a000-7f16e9d3d000 r-xp 00000000 08:01 10228867                   /home/bcostes/Documents/IGN/HmmMatching/eclipse/jdk1.8.0_144/jre/lib/amd64/server/libjvm.so
7f16e9d3d000-7f16e9f3c000 ---p 00cd3000 08:01 10228867                   /home/bcostes/Documents/IGN/HmmMatching/eclipse/jdk1.8.0_144/jre/lib/amd64/server/libjvm.so
7f16e9f3c000-7f16ea016000 rw-p 00cd2000 08:01 10228867                   /home/bcostes/Documents/IGN/HmmMatching/eclipse/jdk1.8.0_144/jre/lib/amd64/server/libjvm.so
7f16ea016000-7f16ea061000 rw-p 00000000 00:00 0 
7f16ea061000-7f16ea221000 r-xp 00000000 08:01 4725868                    /lib/x86_64-linux-gnu/libc-2.23.so
7f16ea221000-7f16ea421000 ---p 001c0000 08:01 4725868                    /lib/x86_64-linux-gnu/libc-2.23.so
7f16ea421000-7f16ea425000 r--p 001c0000 08:01 4725868                    /lib/x86_64-linux-gnu/libc-2.23.so
7f16ea425000-7f16ea427000 rw-p 001c4000 08:01 4725868                    /lib/x86_64-linux-gnu/libc-2.23.so
7f16ea427000-7f16ea42b000 rw-p 00000000 00:00 0 
7f16ea42b000-7f16ea42e000 r-xp 00000000 08:01 4725870                    /lib/x86_64-linux-gnu/libdl-2.23.so
7f16ea42e000-7f16ea62d000 ---p 00003000 08:01 4725870                    /lib/x86_64-linux-gnu/libdl-2.23.so
7f16ea62d000-7f16ea62e000 r--p 00002000 08:01 4725870                    /lib/x86_64-linux-gnu/libdl-2.23.so
7f16ea62e000-7f16ea62f000 rw-p 00003000 08:01 4725870                    /lib/x86_64-linux-gnu/libdl-2.23.so
7f16ea62f000-7f16ea644000 r-xp 00000000 08:01 10227842                   /home/bcostes/Documents/IGN/HmmMatching/eclipse/jdk1.8.0_144/lib/amd64/jli/libjli.so
7f16ea644000-7f16ea844000 ---p 00015000 08:01 10227842                   /home/bcostes/Documents/IGN/HmmMatching/eclipse/jdk1.8.0_144/lib/amd64/jli/libjli.so
7f16ea844000-7f16ea845000 rw-p 00015000 08:01 10227842                   /home/bcostes/Documents/IGN/HmmMatching/eclipse/jdk1.8.0_144/lib/amd64/jli/libjli.so
7f16ea845000-7f16ea85d000 r-xp 00000000 08:01 4725867                    /lib/x86_64-linux-gnu/libpthread-2.23.so
7f16ea85d000-7f16eaa5c000 ---p 00018000 08:01 4725867                    /lib/x86_64-linux-gnu/libpthread-2.23.so
7f16eaa5c000-7f16eaa5d000 r--p 00017000 08:01 4725867                    /lib/x86_64-linux-gnu/libpthread-2.23.so
7f16eaa5d000-7f16eaa5e000 rw-p 00018000 08:01 4725867                    /lib/x86_64-linux-gnu/libpthread-2.23.so
7f16eaa5e000-7f16eaa62000 rw-p 00000000 00:00 0 
7f16eaa62000-7f16eaa88000 r-xp 00000000 08:01 4725866                    /lib/x86_64-linux-gnu/ld-2.23.so
7f16eaa88000-7f16eaa89000 r--s 00151000 08:01 6820282                    /home/bcostes/workspace_hmmmatching/HMMSpatialNetworkMatcher/HMMSpatialNetworkMatcher/lib/LPSOLVESolverPack.jar
7f16eaa89000-7f16eab5c000 rw-p 00000000 00:00 0 
7f16eab5c000-7f16eab5f000 ---p 00000000 00:00 0 
7f16eab5f000-7f16eac62000 rw-p 00000000 00:00 0 
7f16eac62000-7f16eac65000 r--s 0001a000 08:01 10229067                   /home/bcostes/Documents/IGN/HmmMatching/eclipse/jdk1.8.0_144/jre/lib/jce.jar
7f16eac65000-7f16eac6a000 r--s 0009a000 08:01 10228757                   /home/bcostes/Documents/IGN/HmmMatching/eclipse/jdk1.8.0_144/jre/lib/jsse.jar
7f16eac6a000-7f16eac7d000 r--s 00345000 08:01 10229037                   /home/bcostes/Documents/IGN/HmmMatching/eclipse/jdk1.8.0_144/jre/lib/resources.jar
7f16eac7d000-7f16eac85000 rw-s 00000000 08:01 395949                     /tmp/hsperfdata_bcostes/8718
7f16eac85000-7f16eac86000 rw-p 00000000 00:00 0 
7f16eac86000-7f16eac87000 r--p 00000000 00:00 0 
7f16eac87000-7f16eac88000 r--p 00025000 08:01 4725866                    /lib/x86_64-linux-gnu/ld-2.23.so
7f16eac88000-7f16eac89000 rw-p 00026000 08:01 4725866                    /lib/x86_64-linux-gnu/ld-2.23.so
7f16eac89000-7f16eac8a000 rw-p 00000000 00:00 0 
7ffc16415000-7ffc1643a000 rw-p 00000000 00:00 0                          [stack]
7ffc164b4000-7ffc164b7000 r--p 00000000 00:00 0                          [vvar]
7ffc164b7000-7ffc164b9000 r-xp 00000000 00:00 0                          [vdso]
ffffffffff600000-ffffffffff601000 r-xp 00000000 00:00 0                  [vsyscall]

VM Arguments:
jvm_args: -Djavax.net.ssl.trustStore=/home/bcostes/Documents/IGN/HmmMatching/eclipse/trust.jks -Djavax.net.ssl.keyStorePassword=leschiensaboient -Xmx4096M -Dfile.encoding=UTF-8 
java_command: fr.ign.cogit.HMMSpatialNetworkMatcher.matching.TempTest
java_class_path (initial): /home/bcostes/Documents/IGN/HmmMatching/eclipse/jdk1.8.0_144/jre/lib/resources.jar:/home/bcostes/Documents/IGN/HmmMatching/eclipse/jdk1.8.0_144/jre/lib/rt.jar:/home/bcostes/Documents/IGN/HmmMatching/eclipse/jdk1.8.0_144/jre/lib/jsse.jar:/home/bcostes/Documents/IGN/HmmMatching/eclipse/jdk1.8.0_144/jre/lib/jce.jar:/home/bcostes/Documents/IGN/HmmMatching/eclipse/jdk1.8.0_144/jre/lib/charsets.jar:/home/bcostes/Documents/IGN/HmmMatching/eclipse/jdk1.8.0_144/jre/lib/jfr.jar:/home/bcostes/Documents/IGN/HmmMatching/eclipse/jdk1.8.0_144/jre/lib/ext/jfxrt.jar:/home/bcostes/Documents/IGN/HmmMatching/eclipse/jdk1.8.0_144/jre/lib/ext/jaccess.jar:/home/bcostes/Documents/IGN/HmmMatching/eclipse/jdk1.8.0_144/jre/lib/ext/dnsns.jar:/home/bcostes/Documents/IGN/HmmMatching/eclipse/jdk1.8.0_144/jre/lib/ext/sunjce_provider.jar:/home/bcostes/Documents/IGN/HmmMatching/eclipse/jdk1.8.0_144/jre/lib/ext/nashorn.jar:/home/bcostes/Documents/IGN/HmmMatching/eclipse/jdk1.8.0_144/jre/lib/ext/sunec.jar:/home/bcostes/Documents/IGN/HmmMatching/eclipse/jdk1.8.0_144/jre/lib/ext/cldrdata.jar:/home/bcostes/Documents/IGN/HmmMatching/eclipse/jdk1.8.0_144/jre/lib/ext/sunpkcs11.jar:/home/bcostes/Documents/IGN/HmmMatching/eclipse/jdk1.8.0_144/jre/lib/ext/zipfs.jar:/home/bcostes/Documents/IGN/HmmMatching/eclipse/jdk1.8.0_144/jre/lib/ext/localedata.jar:/home/bcostes/workspace_hmmmatching/HMMSpatialNetworkMatcher/HMMSpatialNetworkMatcher/target/classes:/home/bcostes/workspace_hmmmatching/HMMSpatialNetworkMatcher/HMMSpatialNetworkMatcher/lib/LPSOLVESolverPack.jar:/home/bcostes/workspace_hmmmatching/HMMSpatialNetworkMatcher/HMMSpatialNetworkMatcher/lib/SCPSolver.jar:/home/bcostes/.m2/repository/com/graphhopper/external/hmm-lib/1.0.0/hmm-lib-1.0.0.jar:/home/bcostes/workspace_hmmmatching/geoxygene/geoxygene-feature/target/classes:/home/bcostes/.m2/repository/log4j/log4j/1.2.16/log4j-1.2.16.jar:/home/bcostes/.m2/repository/org/hibernate/javax/persistence/hibernate-jpa-2.1-api/1.0.0.Final/
Launcher Type: SUN_STANDARD

Environment Variables:
PATH=/home/bcostes/bin:/home/bcostes/.local/bin:/usr/local/sbin:/usr/local/bin:/usr/sbin:/usr/bin:/sbin:/bin:/usr/games:/usr/local/games:/snap/bin
SHELL=/bin/bash
DISPLAY=:0

Signal Handlers:
SIGSEGV: [libjvm.so+0xacba10], sa_mask[0]=11111111011111111101111111111110, sa_flags=SA_RESTART|SA_SIGINFO
SIGBUS: [libjvm.so+0xacba10], sa_mask[0]=11111111011111111101111111111110, sa_flags=SA_RESTART|SA_SIGINFO
SIGFPE: [libjvm.so+0x924ba0], sa_mask[0]=11111111011111111101111111111110, sa_flags=SA_RESTART|SA_SIGINFO
SIGPIPE: [libjvm.so+0x924ba0], sa_mask[0]=11111111011111111101111111111110, sa_flags=SA_RESTART|SA_SIGINFO
SIGXFSZ: [libjvm.so+0x924ba0], sa_mask[0]=11111111011111111101111111111110, sa_flags=SA_RESTART|SA_SIGINFO
SIGILL: [libjvm.so+0x924ba0], sa_mask[0]=11111111011111111101111111111110, sa_flags=SA_RESTART|SA_SIGINFO
SIGUSR1: SIG_DFL, sa_mask[0]=00000000000000000000000000000000, sa_flags=none
SIGUSR2: [libjvm.so+0x9263e0], sa_mask[0]=00100000000000000000000000000000, sa_flags=SA_RESTART|SA_SIGINFO
SIGHUP: [libjvm.so+0x9277e0], sa_mask[0]=11111111011111111101111111111110, sa_flags=SA_RESTART|SA_SIGINFO
SIGINT: [libjvm.so+0x9277e0], sa_mask[0]=11111111011111111101111111111110, sa_flags=SA_RESTART|SA_SIGINFO
SIGTERM: [libjvm.so+0x9277e0], sa_mask[0]=11111111011111111101111111111110, sa_flags=SA_RESTART|SA_SIGINFO
SIGQUIT: [libjvm.so+0x9277e0], sa_mask[0]=11111111011111111101111111111110, sa_flags=SA_RESTART|SA_SIGINFO


---------------  S Y S T E M  ---------------

OS:DISTRIB_ID=Ubuntu
DISTRIB_RELEASE=16.04
DISTRIB_CODENAME=xenial
DISTRIB_DESCRIPTION="Ubuntu 16.04.4 LTS"

uname:Linux 4.4.0-119-generic #143-Ubuntu SMP Mon Apr 2 16:08:24 UTC 2018 x86_64
libc:glibc 2.23 NPTL 2.23 
rlimit: STACK 8192k, CORE 0k, NPROC 30485, NOFILE 1048576, AS infinity
load average:2,21 1,90 1,58

/proc/meminfo:
MemTotal:        7845404 kB
MemFree:          299480 kB
MemAvailable:    2087220 kB
Buffers:          162708 kB
Cached:          2150256 kB
SwapCached:            0 kB
Active:          5847256 kB
Inactive:        1400948 kB
Active(anon):    4945800 kB
Inactive(anon):   344188 kB
Active(file):     901456 kB
Inactive(file):  1056760 kB
Unevictable:          80 kB
Mlocked:              80 kB
SwapTotal:       8052732 kB
SwapFree:        8052732 kB
Dirty:               748 kB
Writeback:             0 kB
AnonPages:       4935668 kB
Mapped:           582872 kB
Shmem:            354604 kB
Slab:             150700 kB
SReclaimable:     105880 kB
SUnreclaim:        44820 kB
KernelStack:       12752 kB
PageTables:        52936 kB
NFS_Unstable:          0 kB
Bounce:                0 kB
WritebackTmp:          0 kB
CommitLimit:    11975432 kB
Committed_AS:   11566760 kB
VmallocTotal:   34359738367 kB
VmallocUsed:           0 kB
VmallocChunk:          0 kB
HardwareCorrupted:     0 kB
AnonHugePages:         0 kB
CmaTotal:              0 kB
CmaFree:               0 kB
HugePages_Total:       0
HugePages_Free:        0
HugePages_Rsvd:        0
HugePages_Surp:        0
Hugepagesize:       2048 kB
DirectMap4k:      131244 kB
DirectMap2M:     3729408 kB
DirectMap1G:     5242880 kB


CPU:total 4 (initial active 4) (4 cores per cpu, 1 threads per core) family 6 model 94 stepping 3, cmov, cx8, fxsr, mmx, sse, sse2, sse3, ssse3, sse4.1, sse4.2, popcnt, avx, avx2, aes, clmul, erms, rtm, 3dnowpref, lzcnt, tsc, tscinvbit, bmi1, bmi2, adx

/proc/cpuinfo:
processor	: 0
vendor_id	: GenuineIntel
cpu family	: 6
model		: 94
model name	: Intel(R) Core(TM) i5-6440HQ CPU @ 2.60GHz
stepping	: 3
microcode	: 0xc2
cpu MHz		: 2752.242
cache size	: 6144 KB
physical id	: 0
siblings	: 4
core id		: 0
cpu cores	: 4
apicid		: 0
initial apicid	: 0
fpu		: yes
fpu_exception	: yes
cpuid level	: 22
wp		: yes
flags		: fpu vme de pse tsc msr pae mce cx8 apic sep mtrr pge mca cmov pat pse36 clflush dts acpi mmx fxsr sse sse2 ss ht tm pbe syscall nx pdpe1gb rdtscp lm constant_tsc art arch_perfmon pebs bts rep_good nopl xtopology nonstop_tsc aperfmperf eagerfpu pni pclmulqdq dtes64 monitor ds_cpl vmx smx est tm2 ssse3 sdbg fma cx16 xtpr pdcm pcid sse4_1 sse4_2 x2apic movbe popcnt tsc_deadline_timer aes xsave avx f16c rdrand lahf_lm abm 3dnowprefetch epb invpcid_single intel_pt rsb_ctxsw spec_ctrl retpoline kaiser tpr_shadow vnmi flexpriority ept vpid fsgsbase tsc_adjust bmi1 hle avx2 smep bmi2 erms invpcid rtm mpx rdseed adx smap clflushopt xsaveopt xsavec xgetbv1 dtherm ida arat pln pts hwp hwp_notify hwp_act_window hwp_epp
bugs		: cpu_meltdown spectre_v1 spectre_v2
bogomips	: 5184.12
clflush size	: 64
cache_alignment	: 64
address sizes	: 39 bits physical, 48 bits virtual
power management:

processor	: 1
vendor_id	: GenuineIntel
cpu family	: 6
model		: 94
model name	: Intel(R) Core(TM) i5-6440HQ CPU @ 2.60GHz
stepping	: 3
microcode	: 0xc2
cpu MHz		: 2795.914
cache size	: 6144 KB
physical id	: 0
siblings	: 4
core id		: 1
cpu cores	: 4
apicid		: 2
initial apicid	: 2
fpu		: yes
fpu_exception	: yes
cpuid level	: 22
wp		: yes
flags		: fpu vme de pse tsc msr pae mce cx8 apic sep mtrr pge mca cmov pat pse36 clflush dts acpi mmx fxsr sse sse2 ss ht tm pbe syscall nx pdpe1gb rdtscp lm constant_tsc art arch_perfmon pebs bts rep_good nopl xtopology nonstop_tsc aperfmperf eagerfpu pni pclmulqdq dtes64 monitor ds_cpl vmx smx est tm2 ssse3 sdbg fma cx16 xtpr pdcm pcid sse4_1 sse4_2 x2apic movbe popcnt tsc_deadline_timer aes xsave avx f16c rdrand lahf_lm abm 3dnowprefetch epb invpcid_single intel_pt rsb_ctxsw spec_ctrl retpoline kaiser tpr_shadow vnmi flexpriority ept vpid fsgsbase tsc_adjust bmi1 hle avx2 smep bmi2 erms invpcid rtm mpx rdseed adx smap clflushopt xsaveopt xsavec xgetbv1 dtherm ida arat pln pts hwp hwp_notify hwp_act_window hwp_epp
bugs		: cpu_meltdown spectre_v1 spectre_v2
bogomips	: 5184.12
clflush size	: 64
cache_alignment	: 64
address sizes	: 39 bits physical, 48 bits virtual
power management:

processor	: 2
vendor_id	: GenuineIntel
cpu family	: 6
model		: 94
model name	: Intel(R) Core(TM) i5-6440HQ CPU @ 2.60GHz
stepping	: 3
microcode	: 0xc2
cpu MHz		: 2798.250
cache size	: 6144 KB
physical id	: 0
siblings	: 4
core id		: 2
cpu cores	: 4
apicid		: 4
initial apicid	: 4
fpu		: yes
fpu_exception	: yes
cpuid level	: 22
wp		: yes
flags		: fpu vme de pse tsc msr pae mce cx8 apic sep mtrr pge mca cmov pat pse36 clflush dts acpi mmx fxsr sse sse2 ss ht tm pbe syscall nx pdpe1gb rdtscp lm constant_tsc art arch_perfmon pebs bts rep_good nopl xtopology nonstop_tsc aperfmperf eagerfpu pni pclmulqdq dtes64 monitor ds_cpl vmx smx est tm2 ssse3 sdbg fma cx16 xtpr pdcm pcid sse4_1 sse4_2 x2apic movbe popcnt tsc_deadline_timer aes xsave avx f16c rdrand lahf_lm abm 3dnowprefetch epb invpcid_single intel_pt rsb_ctxsw spec_ctrl retpoline kaiser tpr_shadow vnmi flexpriority ept vpid fsgsbase tsc_adjust bmi1 hle avx2 smep bmi2 erms invpcid rtm mpx rdseed adx smap clflushopt xsaveopt xsavec xgetbv1 dtherm ida arat pln pts hwp hwp_notify hwp_act_window hwp_epp
bugs		: cpu_meltdown spectre_v1 spectre_v2
bogomips	: 5184.12
clflush size	: 64
cache_alignment	: 64
address sizes	: 39 bits physical, 48 bits virtual
power management:

processor	: 3
vendor_id	: GenuineIntel
cpu family	: 6
model		: 94
model name	: Intel(R) Core(TM) i5-6440HQ CPU @ 2.60GHz
stepping	: 3
microcode	: 0xc2
cpu MHz		: 2774.179
cache size	: 6144 KB
physical id	: 0
siblings	: 4
core id		: 3
cpu cores	: 4
apicid		: 6
initial apicid	: 6
fpu		: yes
fpu_exception	: yes
cpuid level	: 22
wp		: yes
flags		: fpu vme de pse tsc msr pae mce cx8 apic sep mtrr pge mca cmov pat pse36 clflush dts acpi mmx fxsr sse sse2 ss ht tm pbe syscall nx pdpe1gb rdtscp lm constant_tsc art arch_perfmon pebs bts rep_good nopl xtopology nonstop_tsc aperfmperf eagerfpu pni pclmulqdq dtes64 monitor ds_cpl vmx smx est tm2 ssse3 sdbg fma cx16 xtpr pdcm pcid sse4_1 sse4_2 x2apic movbe popcnt tsc_deadline_timer aes xsave avx f16c rdrand lahf_lm abm 3dnowprefetch epb invpcid_single intel_pt rsb_ctxsw spec_ctrl retpoline kaiser tpr_shadow vnmi flexpriority ept vpid fsgsbase tsc_adjust bmi1 hle avx2 smep bmi2 erms invpcid rtm mpx rdseed adx smap clflushopt xsaveopt xsavec xgetbv1 dtherm ida arat pln pts hwp hwp_notify hwp_act_window hwp_epp
bugs		: cpu_meltdown spectre_v1 spectre_v2
bogomips	: 5184.12
clflush size	: 64
cache_alignment	: 64
address sizes	: 39 bits physical, 48 bits virtual
power management:



Memory: 4k page, physical 7845404k(299480k free), swap 8052732k(8052732k free)

vm_info: Java HotSpot(TM) 64-Bit Server VM (25.144-b01) for linux-amd64 JRE (1.8.0_144-b01), built on Jul 21 2017 21:57:33 by "java_re" with gcc 4.3.0 20080428 (Red Hat 4.3.0-8)

time: Thu Apr 12 11:03:43 2018
elapsed time: 76 seconds (0d 0h 1m 16s)

